14:01:32 PEMcoupling.py (<module>) INFO: Importing PEM coupling packages.
14:01:35 getparams.py (get_arg_params) INFO: Parsing arguments.
14:01:35 getparams.py (get_config_params) INFO: Opening config file.
14:01:35 getparams.py (get_config_params) INFO: Checking if missing/empty config file.
14:01:35 getparams.py (get_config_params) INFO: Parsing numerical and boolean config options.
14:01:35 PEMcoupling.py (<module>) INFO: Separating config dictionary by section.
14:01:35 PEMcoupling.py (<module>) INFO: Handling conflicts between config options and command line options.
14:01:35 PEMcoupling.py (<module>) INFO: Reading in channel list given in config file.
14:01:35 getparams.py (get_channel_names) INFO: Opening channel list file.
14:01:35 getparams.py (get_channel_list) INFO: Performing channel search.
14:01:35 PEMcoupling.py (<module>) INFO: Creating injection table.
14:01:35 getparams.py (get_times) INFO: Getting DTT files from command line input.
14:01:35 getparams.py (get_times) INFO: List of DTT files created.
14:01:35 getparams.py (get_times_DTT) INFO: Reading DTT files for times.
14:01:39 getparams.py (get_times_DTT) INFO: Finished reading DTTs.
14:01:39 PEMcoupling.py (<module>) INFO: Reporting injection results.
14:01:39 PEMcoupling.py (<module>) INFO: Calculating FFT parameters.
14:01:39 getparams.py (get_FFT_params) INFO: Duration given; determining overlap time and bandwidth.
14:01:39 getparams.py (get_FFT_params) INFO: FFT parameters acquired.
14:01:39 PEMcoupling.py (<module>) INFO: Converting smoothing parameters to frequency bins based on bandwidth.
14:01:39 PEMcoupling.py (<module>) INFO: Beginning to loop over injections.
14:01:39 PEMcoupling.py (<module>) INFO: Searching for fundamental frequency if applicable.
14:01:39 PEMcoupling.py (<module>) INFO: Being picky about channels.
14:01:41 loaddata.py (get_time_series) INFO: Channel successfully extracted: H1:PEM-CS_ACC_BSC1_ITMY_X_DQ at time 1185727588 to 1185727638.0.
14:01:42 loaddata.py (get_time_series) INFO: Channel successfully extracted: H1:PEM-CS_ACC_BSC1_ITMY_X_DQ at time 1185732574 to 1185732624.0.
14:01:42 preprocess.py (reject_saturated) INFO: Channel rejected due to saturation: H1:PEM-CS_ACC_BSC1_ITMY_X_DQ
14:01:42 PEMcoupling.py (<module>) INFO: Searching for fundamental frequency if applicable.
14:01:42 PEMcoupling.py (<module>) INFO: Being picky about channels.
14:01:42 loaddata.py (get_time_series) INFO: Channel successfully extracted: H1:PEM-CS_ACC_BSC1_ITMY_X_DQ at time 1185727588 to 1185727638.0.
14:01:46 loaddata.py (get_time_series) INFO: Channel successfully extracted: H1:PEM-CS_ACC_BSC1_ITMY_X_DQ at time 1185737302 to 1185737352.0.
14:01:46 preprocess.py (convert_to_ASD) INFO: Channel converted to ASD: H1:PEM-CS_ACC_BSC1_ITMY_X with FFT time 9.0 and overlap time 4.5
14:01:46 preprocess.py (convert_to_ASD) INFO: Channel converted to ASD: H1:PEM-CS_ACC_BSC1_ITMY_X with FFT time 9.0 and overlap time 4.5
14:01:46 preprocess.py (get_calibration_factors) INFO: Parsing calibration data for channel H1:PEM-CS_ACC_BSC1_ITMY_X.
14:01:46 preprocess.py (get_calibration_factors) INFO: Calibration factor acquired for channel H1:PEM-CS_ACC_BSC1_ITMY_X.
14:01:46 preprocess.py (calibrate_sensors) INFO: Channel calibrated: H1:PEM-CS_ACC_BSC1_ITMY_X.
14:01:46 preprocess.py (get_calibration_factors) INFO: Parsing calibration data for channel H1:PEM-CS_ACC_BSC1_ITMY_X.
14:01:46 preprocess.py (get_calibration_factors) INFO: Calibration factor acquired for channel H1:PEM-CS_ACC_BSC1_ITMY_X.
14:01:46 preprocess.py (calibrate_sensors) INFO: Channel calibrated: H1:PEM-CS_ACC_BSC1_ITMY_X.
14:01:53 PEMcoupling.py (<module>) INFO: Cropping ASDs to match frequencies: H1:PEM-CS_ACC_BSC1_ITMY_X.
14:01:53 PEMcoupling.py (<module>) INFO: Acquiring smoothing parameters for channel H1:PEM-CS_ACC_BSC1_ITMY_X.
14:01:55 PEMcoupling.py (<module>) INFO: Coupling function complete: H1:PEM-CS_ACC_BSC1_ITMY_X.
14:02:02 PEMcoupling.py (<module>) INFO: Coupling functions saved for injection 007CSacousticFarOutputOptics700to1200.
14:02:02 PEMcoupling.py (<module>) INFO: Searching for fundamental frequency if applicable.
14:02:02 PEMcoupling.py (<module>) INFO: Being picky about channels.
14:02:02 loaddata.py (get_time_series) INFO: Channel successfully extracted: H1:PEM-CS_ACC_BSC1_ITMY_X_DQ at time 1185727588 to 1185727638.0.
14:02:15 loaddata.py (get_time_series) INFO: Channel successfully extracted: H1:PEM-CS_ACC_BSC1_ITMY_X_DQ at time 1185737487 to 1185737537.0.
14:02:15 preprocess.py (convert_to_ASD) INFO: Channel converted to ASD: H1:PEM-CS_ACC_BSC1_ITMY_X with FFT time 9.0 and overlap time 4.5
14:02:15 preprocess.py (convert_to_ASD) INFO: Channel converted to ASD: H1:PEM-CS_ACC_BSC1_ITMY_X with FFT time 9.0 and overlap time 4.5
14:02:15 preprocess.py (get_calibration_factors) INFO: Parsing calibration data for channel H1:PEM-CS_ACC_BSC1_ITMY_X.
14:02:15 preprocess.py (get_calibration_factors) INFO: Calibration factor acquired for channel H1:PEM-CS_ACC_BSC1_ITMY_X.
14:02:15 preprocess.py (calibrate_sensors) INFO: Channel calibrated: H1:PEM-CS_ACC_BSC1_ITMY_X.
14:02:15 preprocess.py (get_calibration_factors) INFO: Parsing calibration data for channel H1:PEM-CS_ACC_BSC1_ITMY_X.
14:02:15 preprocess.py (get_calibration_factors) INFO: Calibration factor acquired for channel H1:PEM-CS_ACC_BSC1_ITMY_X.
14:02:15 preprocess.py (calibrate_sensors) INFO: Channel calibrated: H1:PEM-CS_ACC_BSC1_ITMY_X.
14:02:20 PEMcoupling.py (<module>) INFO: Cropping ASDs to match frequencies: H1:PEM-CS_ACC_BSC1_ITMY_X.
14:02:20 PEMcoupling.py (<module>) INFO: Acquiring smoothing parameters for channel H1:PEM-CS_ACC_BSC1_ITMY_X.
14:02:22 PEMcoupling.py (<module>) INFO: Coupling function complete: H1:PEM-CS_ACC_BSC1_ITMY_X.
14:02:29 PEMcoupling.py (<module>) INFO: Coupling functions saved for injection 008CSacousticFarOutputOptics700to1200louder.
14:02:29 PEMcoupling.py (<module>) INFO: Searching for fundamental frequency if applicable.
14:02:29 PEMcoupling.py (<module>) INFO: Being picky about channels.
14:02:29 loaddata.py (get_time_series) INFO: Channel successfully extracted: H1:PEM-CS_ACC_BSC1_ITMY_X_DQ at time 1185727588 to 1185727638.0.
14:02:54 loaddata.py (get_time_series) INFO: Channel successfully extracted: H1:PEM-CS_ACC_BSC1_ITMY_X_DQ at time 1185738546 to 1185738596.0.
14:02:54 preprocess.py (convert_to_ASD) INFO: Channel converted to ASD: H1:PEM-CS_ACC_BSC1_ITMY_X with FFT time 9.0 and overlap time 4.5
14:02:54 preprocess.py (convert_to_ASD) INFO: Channel converted to ASD: H1:PEM-CS_ACC_BSC1_ITMY_X with FFT time 9.0 and overlap time 4.5
14:02:54 preprocess.py (get_calibration_factors) INFO: Parsing calibration data for channel H1:PEM-CS_ACC_BSC1_ITMY_X.
14:02:54 preprocess.py (get_calibration_factors) INFO: Calibration factor acquired for channel H1:PEM-CS_ACC_BSC1_ITMY_X.
14:02:54 preprocess.py (calibrate_sensors) INFO: Channel calibrated: H1:PEM-CS_ACC_BSC1_ITMY_X.
14:02:54 preprocess.py (get_calibration_factors) INFO: Parsing calibration data for channel H1:PEM-CS_ACC_BSC1_ITMY_X.
14:02:54 preprocess.py (get_calibration_factors) INFO: Calibration factor acquired for channel H1:PEM-CS_ACC_BSC1_ITMY_X.
14:02:54 preprocess.py (calibrate_sensors) INFO: Channel calibrated: H1:PEM-CS_ACC_BSC1_ITMY_X.
14:02:58 PEMcoupling.py (<module>) INFO: Cropping ASDs to match frequencies: H1:PEM-CS_ACC_BSC1_ITMY_X.
14:02:58 PEMcoupling.py (<module>) INFO: Acquiring smoothing parameters for channel H1:PEM-CS_ACC_BSC1_ITMY_X.
14:02:59 PEMcoupling.py (<module>) INFO: Coupling function complete: H1:PEM-CS_ACC_BSC1_ITMY_X.
14:03:06 PEMcoupling.py (<module>) INFO: Coupling functions saved for injection 009CSacousticFarOutputOptics20to130.
14:03:06 PEMcoupling.py (<module>) INFO: Searching for fundamental frequency if applicable.
14:03:06 PEMcoupling.py (<module>) INFO: Being picky about channels.
14:03:06 loaddata.py (get_time_series) INFO: Channel successfully extracted: H1:PEM-CS_ACC_BSC1_ITMY_X_DQ at time 1185727588 to 1185727638.0.
14:03:29 loaddata.py (get_time_series) INFO: Channel successfully extracted: H1:PEM-CS_ACC_BSC1_ITMY_X_DQ at time 1185739050 to 1185739100.0.
14:03:29 preprocess.py (convert_to_ASD) INFO: Channel converted to ASD: H1:PEM-CS_ACC_BSC1_ITMY_X with FFT time 9.0 and overlap time 4.5
14:03:29 preprocess.py (convert_to_ASD) INFO: Channel converted to ASD: H1:PEM-CS_ACC_BSC1_ITMY_X with FFT time 9.0 and overlap time 4.5
14:03:29 preprocess.py (get_calibration_factors) INFO: Parsing calibration data for channel H1:PEM-CS_ACC_BSC1_ITMY_X.
14:03:29 preprocess.py (get_calibration_factors) INFO: Calibration factor acquired for channel H1:PEM-CS_ACC_BSC1_ITMY_X.
14:03:29 preprocess.py (calibrate_sensors) INFO: Channel calibrated: H1:PEM-CS_ACC_BSC1_ITMY_X.
14:03:29 preprocess.py (get_calibration_factors) INFO: Parsing calibration data for channel H1:PEM-CS_ACC_BSC1_ITMY_X.
14:03:29 preprocess.py (get_calibration_factors) INFO: Calibration factor acquired for channel H1:PEM-CS_ACC_BSC1_ITMY_X.
14:03:29 preprocess.py (calibrate_sensors) INFO: Channel calibrated: H1:PEM-CS_ACC_BSC1_ITMY_X.
14:03:33 PEMcoupling.py (<module>) INFO: Cropping ASDs to match frequencies: H1:PEM-CS_ACC_BSC1_ITMY_X.
14:03:33 PEMcoupling.py (<module>) INFO: Acquiring smoothing parameters for channel H1:PEM-CS_ACC_BSC1_ITMY_X.
14:03:34 PEMcoupling.py (<module>) INFO: Coupling function complete: H1:PEM-CS_ACC_BSC1_ITMY_X.
14:03:41 PEMcoupling.py (<module>) INFO: Coupling functions saved for injection 010CSacousticHAM5OutputOptics20to130.
14:03:41 PEMcoupling.py (<module>) INFO: Searching for fundamental frequency if applicable.
14:03:41 PEMcoupling.py (<module>) INFO: Being picky about channels.
14:03:41 loaddata.py (get_time_series) INFO: Channel successfully extracted: H1:PEM-CS_ACC_BSC1_ITMY_X_DQ at time 1185727588 to 1185727638.0.
14:03:44 loaddata.py (get_time_series) INFO: Channel successfully extracted: H1:PEM-CS_ACC_BSC1_ITMY_X_DQ at time 1185739382 to 1185739432.0.
14:03:44 preprocess.py (convert_to_ASD) INFO: Channel converted to ASD: H1:PEM-CS_ACC_BSC1_ITMY_X with FFT time 9.0 and overlap time 4.5
14:03:44 preprocess.py (convert_to_ASD) INFO: Channel converted to ASD: H1:PEM-CS_ACC_BSC1_ITMY_X with FFT time 9.0 and overlap time 4.5
14:03:44 preprocess.py (get_calibration_factors) INFO: Parsing calibration data for channel H1:PEM-CS_ACC_BSC1_ITMY_X.
14:03:44 preprocess.py (get_calibration_factors) INFO: Calibration factor acquired for channel H1:PEM-CS_ACC_BSC1_ITMY_X.
14:03:44 preprocess.py (calibrate_sensors) INFO: Channel calibrated: H1:PEM-CS_ACC_BSC1_ITMY_X.
14:03:44 preprocess.py (get_calibration_factors) INFO: Parsing calibration data for channel H1:PEM-CS_ACC_BSC1_ITMY_X.
14:03:44 preprocess.py (get_calibration_factors) INFO: Calibration factor acquired for channel H1:PEM-CS_ACC_BSC1_ITMY_X.
14:03:44 preprocess.py (calibrate_sensors) INFO: Channel calibrated: H1:PEM-CS_ACC_BSC1_ITMY_X.
14:03:48 PEMcoupling.py (<module>) INFO: Cropping ASDs to match frequencies: H1:PEM-CS_ACC_BSC1_ITMY_X.
14:03:48 PEMcoupling.py (<module>) INFO: Acquiring smoothing parameters for channel H1:PEM-CS_ACC_BSC1_ITMY_X.
14:03:49 PEMcoupling.py (<module>) INFO: Coupling function complete: H1:PEM-CS_ACC_BSC1_ITMY_X.
14:03:56 PEMcoupling.py (<module>) INFO: Coupling functions saved for injection 011CSacousticHAM5OutputOptics700to1200.
14:03:56 PEMcoupling.py (<module>) INFO: Searching for fundamental frequency if applicable.
14:03:56 PEMcoupling.py (<module>) INFO: Being picky about channels.
14:03:56 loaddata.py (get_time_series) INFO: Channel successfully extracted: H1:PEM-CS_ACC_BSC1_ITMY_X_DQ at time 1185727588 to 1185727638.0.
14:04:03 loaddata.py (get_time_series) INFO: Channel successfully extracted: H1:PEM-CS_ACC_BSC1_ITMY_X_DQ at time 1185740558 to 1185740608.0.
14:04:03 preprocess.py (reject_saturated) INFO: Channel rejected due to saturation: H1:PEM-CS_ACC_BSC1_ITMY_X_DQ
14:04:03 PEMcoupling.py (<module>) INFO: Searching for fundamental frequency if applicable.
14:04:03 PEMcoupling.py (<module>) INFO: Being picky about channels.
14:04:03 PEMcoupling.py (<module>) WARNING: All given channels were excluded for this injection type. Moving on to the next injection.
14:04:03 PEMcoupling.py (<module>) INFO: Searching for fundamental frequency if applicable.
14:04:03 PEMcoupling.py (<module>) INFO: Being picky about channels.
14:04:09 loaddata.py (get_time_series) INFO: Channel successfully extracted: H1:PEM-CS_ACC_BSC1_ITMY_X_DQ at time 1186330073 to 1186330123.0.
14:04:13 loaddata.py (get_time_series) INFO: Channel successfully extracted: H1:PEM-CS_ACC_BSC1_ITMY_X_DQ at time 1186332515 to 1186332565.0.
14:04:13 preprocess.py (convert_to_ASD) INFO: Channel converted to ASD: H1:PEM-CS_ACC_BSC1_ITMY_X with FFT time 9.0 and overlap time 4.5
14:04:13 preprocess.py (convert_to_ASD) INFO: Channel converted to ASD: H1:PEM-CS_ACC_BSC1_ITMY_X with FFT time 9.0 and overlap time 4.5
14:04:13 preprocess.py (get_calibration_factors) INFO: Parsing calibration data for channel H1:PEM-CS_ACC_BSC1_ITMY_X.
14:04:13 preprocess.py (get_calibration_factors) INFO: Calibration factor acquired for channel H1:PEM-CS_ACC_BSC1_ITMY_X.
14:04:13 preprocess.py (calibrate_sensors) INFO: Channel calibrated: H1:PEM-CS_ACC_BSC1_ITMY_X.
14:04:13 preprocess.py (get_calibration_factors) INFO: Parsing calibration data for channel H1:PEM-CS_ACC_BSC1_ITMY_X.
14:04:13 preprocess.py (get_calibration_factors) INFO: Calibration factor acquired for channel H1:PEM-CS_ACC_BSC1_ITMY_X.
14:04:13 preprocess.py (calibrate_sensors) INFO: Channel calibrated: H1:PEM-CS_ACC_BSC1_ITMY_X.
14:04:26 PEMcoupling.py (<module>) INFO: Cropping ASDs to match frequencies: H1:PEM-CS_ACC_BSC1_ITMY_X.
14:04:26 PEMcoupling.py (<module>) INFO: Acquiring smoothing parameters for channel H1:PEM-CS_ACC_BSC1_ITMY_X.
14:04:27 PEMcoupling.py (<module>) INFO: Coupling function complete: H1:PEM-CS_ACC_BSC1_ITMY_X.
14:04:34 PEMcoupling.py (<module>) INFO: Coupling functions saved for injection 059CSbigshakeInputArmLow10to25.
14:04:34 PEMcoupling.py (<module>) INFO: Searching for fundamental frequency if applicable.
14:04:34 PEMcoupling.py (<module>) INFO: Being picky about channels.
14:04:35 loaddata.py (get_time_series) INFO: Channel successfully extracted: H1:PEM-CS_ACC_BSC1_ITMY_X_DQ at time 1186330073 to 1186330123.0.
14:04:38 loaddata.py (get_time_series) INFO: Channel successfully extracted: H1:PEM-CS_ACC_BSC1_ITMY_X_DQ at time 1186331668 to 1186331718.0.
14:04:38 preprocess.py (convert_to_ASD) INFO: Channel converted to ASD: H1:PEM-CS_ACC_BSC1_ITMY_X with FFT time 9.0 and overlap time 4.5
14:04:38 preprocess.py (convert_to_ASD) INFO: Channel converted to ASD: H1:PEM-CS_ACC_BSC1_ITMY_X with FFT time 9.0 and overlap time 4.5
14:04:38 preprocess.py (get_calibration_factors) INFO: Parsing calibration data for channel H1:PEM-CS_ACC_BSC1_ITMY_X.
14:04:38 preprocess.py (get_calibration_factors) INFO: Calibration factor acquired for channel H1:PEM-CS_ACC_BSC1_ITMY_X.
14:04:38 preprocess.py (calibrate_sensors) INFO: Channel calibrated: H1:PEM-CS_ACC_BSC1_ITMY_X.
14:04:38 preprocess.py (get_calibration_factors) INFO: Parsing calibration data for channel H1:PEM-CS_ACC_BSC1_ITMY_X.
14:04:38 preprocess.py (get_calibration_factors) INFO: Calibration factor acquired for channel H1:PEM-CS_ACC_BSC1_ITMY_X.
14:04:38 preprocess.py (calibrate_sensors) INFO: Channel calibrated: H1:PEM-CS_ACC_BSC1_ITMY_X.
14:04:43 PEMcoupling.py (<module>) INFO: Cropping ASDs to match frequencies: H1:PEM-CS_ACC_BSC1_ITMY_X.
14:04:43 PEMcoupling.py (<module>) INFO: Acquiring smoothing parameters for channel H1:PEM-CS_ACC_BSC1_ITMY_X.
14:04:45 PEMcoupling.py (<module>) INFO: Coupling function complete: H1:PEM-CS_ACC_BSC1_ITMY_X.
14:04:52 PEMcoupling.py (<module>) INFO: Coupling functions saved for injection 059CSbigshakeInputArmLow.
14:04:52 PEMcoupling.py (<module>) INFO: Searching for fundamental frequency if applicable.
14:04:52 PEMcoupling.py (<module>) INFO: Being picky about channels.
14:04:57 loaddata.py (get_time_series) INFO: Channel successfully extracted: H1:PEM-CS_ACC_BSC1_ITMY_X_DQ at time 1186341943 to 1186341993.0.
14:05:02 loaddata.py (get_time_series) INFO: Channel successfully extracted: H1:PEM-CS_ACC_BSC1_ITMY_X_DQ at time 1186342438 to 1186342488.0.
14:05:02 preprocess.py (reject_saturated) INFO: Channel rejected due to saturation: H1:PEM-CS_ACC_BSC1_ITMY_X_DQ
14:05:02 PEMcoupling.py (<module>) INFO: Searching for fundamental frequency if applicable.
14:05:02 PEMcoupling.py (<module>) INFO: Being picky about channels.
14:05:02 loaddata.py (get_time_series) INFO: Channel successfully extracted: H1:PEM-CS_ACC_BSC1_ITMY_X_DQ at time 1186341943 to 1186341993.0.
14:05:07 loaddata.py (get_time_series) INFO: Channel successfully extracted: H1:PEM-CS_ACC_BSC1_ITMY_X_DQ at time 1186343577 to 1186343627.0.
14:05:07 preprocess.py (convert_to_ASD) INFO: Channel converted to ASD: H1:PEM-CS_ACC_BSC1_ITMY_X with FFT time 9.0 and overlap time 4.5
14:05:07 preprocess.py (convert_to_ASD) INFO: Channel converted to ASD: H1:PEM-CS_ACC_BSC1_ITMY_X with FFT time 9.0 and overlap time 4.5
14:05:07 preprocess.py (get_calibration_factors) INFO: Parsing calibration data for channel H1:PEM-CS_ACC_BSC1_ITMY_X.
14:05:07 preprocess.py (get_calibration_factors) INFO: Calibration factor acquired for channel H1:PEM-CS_ACC_BSC1_ITMY_X.
14:05:07 preprocess.py (calibrate_sensors) INFO: Channel calibrated: H1:PEM-CS_ACC_BSC1_ITMY_X.
14:05:07 preprocess.py (get_calibration_factors) INFO: Parsing calibration data for channel H1:PEM-CS_ACC_BSC1_ITMY_X.
14:05:07 preprocess.py (get_calibration_factors) INFO: Calibration factor acquired for channel H1:PEM-CS_ACC_BSC1_ITMY_X.
14:05:07 preprocess.py (calibrate_sensors) INFO: Channel calibrated: H1:PEM-CS_ACC_BSC1_ITMY_X.
14:05:14 PEMcoupling.py (<module>) INFO: Cropping ASDs to match frequencies: H1:PEM-CS_ACC_BSC1_ITMY_X.
14:05:14 PEMcoupling.py (<module>) INFO: Acquiring smoothing parameters for channel H1:PEM-CS_ACC_BSC1_ITMY_X.
14:05:16 PEMcoupling.py (<module>) INFO: Coupling function complete: H1:PEM-CS_ACC_BSC1_ITMY_X.
14:05:23 PEMcoupling.py (<module>) INFO: Coupling functions saved for injection 071CSacousticFarOutputOptics30to2k.
14:05:23 PEMcoupling.py (<module>) INFO: Searching for fundamental frequency if applicable.
14:05:23 PEMcoupling.py (<module>) INFO: Being picky about channels.
14:05:23 loaddata.py (get_time_series) INFO: Channel successfully extracted: H1:PEM-CS_ACC_BSC1_ITMY_X_DQ at time 1186341943 to 1186341993.0.
14:05:26 loaddata.py (get_time_series) INFO: Channel successfully extracted: H1:PEM-CS_ACC_BSC1_ITMY_X_DQ at time 1186344201 to 1186344251.0.
14:05:26 preprocess.py (convert_to_ASD) INFO: Channel converted to ASD: H1:PEM-CS_ACC_BSC1_ITMY_X with FFT time 9.0 and overlap time 4.5
14:05:26 preprocess.py (convert_to_ASD) INFO: Channel converted to ASD: H1:PEM-CS_ACC_BSC1_ITMY_X with FFT time 9.0 and overlap time 4.5
14:05:26 preprocess.py (get_calibration_factors) INFO: Parsing calibration data for channel H1:PEM-CS_ACC_BSC1_ITMY_X.
14:05:26 preprocess.py (get_calibration_factors) INFO: Calibration factor acquired for channel H1:PEM-CS_ACC_BSC1_ITMY_X.
14:05:26 preprocess.py (calibrate_sensors) INFO: Channel calibrated: H1:PEM-CS_ACC_BSC1_ITMY_X.
14:05:26 preprocess.py (get_calibration_factors) INFO: Parsing calibration data for channel H1:PEM-CS_ACC_BSC1_ITMY_X.
14:05:26 preprocess.py (get_calibration_factors) INFO: Calibration factor acquired for channel H1:PEM-CS_ACC_BSC1_ITMY_X.
14:05:26 preprocess.py (calibrate_sensors) INFO: Channel calibrated: H1:PEM-CS_ACC_BSC1_ITMY_X.
14:05:40 PEMcoupling.py (<module>) INFO: Cropping ASDs to match frequencies: H1:PEM-CS_ACC_BSC1_ITMY_X.
14:05:40 PEMcoupling.py (<module>) INFO: Acquiring smoothing parameters for channel H1:PEM-CS_ACC_BSC1_ITMY_X.
14:05:42 PEMcoupling.py (<module>) INFO: Coupling function complete: H1:PEM-CS_ACC_BSC1_ITMY_X.
14:05:48 PEMcoupling.py (<module>) INFO: Coupling functions saved for injection 072CSacousticXman30to2k.
14:05:48 PEMcoupling.py (<module>) INFO: Searching for fundamental frequency if applicable.
14:05:48 PEMcoupling.py (<module>) INFO: Being picky about channels.
14:06:37 loaddata.py (get_time_series) INFO: Channel successfully extracted: H1:PEM-CS_ACC_BSC1_ITMY_X_DQ at time 1186424630 to 1186424680.0.
14:06:40 loaddata.py (get_time_series) INFO: Channel successfully extracted: H1:PEM-CS_ACC_BSC1_ITMY_X_DQ at time 1186427504 to 1186427554.0.
14:06:40 preprocess.py (convert_to_ASD) INFO: Channel converted to ASD: H1:PEM-CS_ACC_BSC1_ITMY_X with FFT time 9.0 and overlap time 4.5
14:06:40 preprocess.py (convert_to_ASD) INFO: Channel converted to ASD: H1:PEM-CS_ACC_BSC1_ITMY_X with FFT time 9.0 and overlap time 4.5
14:06:40 preprocess.py (get_calibration_factors) INFO: Parsing calibration data for channel H1:PEM-CS_ACC_BSC1_ITMY_X.
14:06:40 preprocess.py (get_calibration_factors) INFO: Calibration factor acquired for channel H1:PEM-CS_ACC_BSC1_ITMY_X.
14:06:40 preprocess.py (calibrate_sensors) INFO: Channel calibrated: H1:PEM-CS_ACC_BSC1_ITMY_X.
14:06:40 preprocess.py (get_calibration_factors) INFO: Parsing calibration data for channel H1:PEM-CS_ACC_BSC1_ITMY_X.
14:06:40 preprocess.py (get_calibration_factors) INFO: Calibration factor acquired for channel H1:PEM-CS_ACC_BSC1_ITMY_X.
14:06:40 preprocess.py (calibrate_sensors) INFO: Channel calibrated: H1:PEM-CS_ACC_BSC1_ITMY_X.
14:06:45 PEMcoupling.py (<module>) INFO: Cropping ASDs to match frequencies: H1:PEM-CS_ACC_BSC1_ITMY_X.
14:06:45 PEMcoupling.py (<module>) INFO: Acquiring smoothing parameters for channel H1:PEM-CS_ACC_BSC1_ITMY_X.
14:06:46 PEMcoupling.py (<module>) INFO: Coupling function complete: H1:PEM-CS_ACC_BSC1_ITMY_X.
14:06:53 PEMcoupling.py (<module>) INFO: Coupling functions saved for injection 079CSbigshake5to40BoltedToOutput.
14:06:53 PEMcoupling.py (<module>) INFO: Searching for fundamental frequency if applicable.
14:06:53 PEMcoupling.py (<module>) INFO: Being picky about channels.
14:06:59 loaddata.py (get_time_series) INFO: Channel successfully extracted: H1:PEM-CS_ACC_BSC1_ITMY_X_DQ at time 1186519124 to 1186519174.0.
14:07:01 loaddata.py (get_time_series) INFO: Channel successfully extracted: H1:PEM-CS_ACC_BSC1_ITMY_X_DQ at time 1186520842 to 1186520892.0.
14:07:01 preprocess.py (convert_to_ASD) INFO: Channel converted to ASD: H1:PEM-CS_ACC_BSC1_ITMY_X with FFT time 9.0 and overlap time 4.5
14:07:01 preprocess.py (convert_to_ASD) INFO: Channel converted to ASD: H1:PEM-CS_ACC_BSC1_ITMY_X with FFT time 9.0 and overlap time 4.5
14:07:01 preprocess.py (get_calibration_factors) INFO: Parsing calibration data for channel H1:PEM-CS_ACC_BSC1_ITMY_X.
14:07:01 preprocess.py (get_calibration_factors) INFO: Calibration factor acquired for channel H1:PEM-CS_ACC_BSC1_ITMY_X.
14:07:01 preprocess.py (calibrate_sensors) INFO: Channel calibrated: H1:PEM-CS_ACC_BSC1_ITMY_X.
14:07:01 preprocess.py (get_calibration_factors) INFO: Parsing calibration data for channel H1:PEM-CS_ACC_BSC1_ITMY_X.
14:07:01 preprocess.py (get_calibration_factors) INFO: Calibration factor acquired for channel H1:PEM-CS_ACC_BSC1_ITMY_X.
14:07:01 preprocess.py (calibrate_sensors) INFO: Channel calibrated: H1:PEM-CS_ACC_BSC1_ITMY_X.
14:07:32 PEMcoupling.py (<module>) INFO: Cropping ASDs to match frequencies: H1:PEM-CS_ACC_BSC1_ITMY_X.
14:07:32 PEMcoupling.py (<module>) INFO: Acquiring smoothing parameters for channel H1:PEM-CS_ACC_BSC1_ITMY_X.
14:07:33 PEMcoupling.py (<module>) INFO: Coupling function complete: H1:PEM-CS_ACC_BSC1_ITMY_X.
14:07:40 PEMcoupling.py (<module>) INFO: Coupling functions saved for injection 094CSacousticYman30to1800lowredo.
14:07:40 PEMcoupling.py (<module>) INFO: Searching for fundamental frequency if applicable.
14:07:40 PEMcoupling.py (<module>) INFO: Being picky about channels.
14:07:42 loaddata.py (get_time_series) INFO: Channel successfully extracted: H1:PEM-CS_ACC_BSC1_ITMY_X_DQ at time 1186519372 to 1186519422.0.
14:08:08 loaddata.py (get_time_series) INFO: Channel successfully extracted: H1:PEM-CS_ACC_BSC1_ITMY_X_DQ at time 1186521320 to 1186521370.0.
14:08:08 preprocess.py (convert_to_ASD) INFO: Channel converted to ASD: H1:PEM-CS_ACC_BSC1_ITMY_X with FFT time 9.0 and overlap time 4.5
14:08:08 preprocess.py (convert_to_ASD) INFO: Channel converted to ASD: H1:PEM-CS_ACC_BSC1_ITMY_X with FFT time 9.0 and overlap time 4.5
14:08:08 preprocess.py (get_calibration_factors) INFO: Parsing calibration data for channel H1:PEM-CS_ACC_BSC1_ITMY_X.
14:08:08 preprocess.py (get_calibration_factors) INFO: Calibration factor acquired for channel H1:PEM-CS_ACC_BSC1_ITMY_X.
14:08:08 preprocess.py (calibrate_sensors) INFO: Channel calibrated: H1:PEM-CS_ACC_BSC1_ITMY_X.
14:08:08 preprocess.py (get_calibration_factors) INFO: Parsing calibration data for channel H1:PEM-CS_ACC_BSC1_ITMY_X.
14:08:08 preprocess.py (get_calibration_factors) INFO: Calibration factor acquired for channel H1:PEM-CS_ACC_BSC1_ITMY_X.
14:08:08 preprocess.py (calibrate_sensors) INFO: Channel calibrated: H1:PEM-CS_ACC_BSC1_ITMY_X.
14:09:01 PEMcoupling.py (<module>) INFO: Cropping ASDs to match frequencies: H1:PEM-CS_ACC_BSC1_ITMY_X.
14:09:01 PEMcoupling.py (<module>) INFO: Acquiring smoothing parameters for channel H1:PEM-CS_ACC_BSC1_ITMY_X.
14:09:03 PEMcoupling.py (<module>) INFO: Coupling function complete: H1:PEM-CS_ACC_BSC1_ITMY_X.
14:09:09 PEMcoupling.py (<module>) INFO: Coupling functions saved for injection 095CSshakerEMPSLtable80to1000.
14:09:09 loaddata.py (get_gwinc) INFO: Importing GWINC data.
14:09:09 loaddata.py (get_gwinc) INFO: Successfully imported GWINC data.
