12:08:53 PEMcoupling.py (<module>) INFO: Importing PEM coupling packages.
12:08:55 getparams.py (get_arg_params) INFO: Parsing arguments.
12:08:55 getparams.py (get_config_params) INFO: Opening config file.
12:08:55 getparams.py (get_config_params) INFO: Checking if missing/empty config file.
12:08:55 getparams.py (get_config_params) INFO: Parsing numerical and boolean config options.
12:08:55 PEMcoupling.py (<module>) INFO: Separating config dictionary by section.
12:08:55 PEMcoupling.py (<module>) INFO: Handling conflicts between config options and command line options.
12:08:55 PEMcoupling.py (<module>) INFO: Reading in channel list given in config file.
12:08:55 getparams.py (get_channel_names) INFO: Opening channel list file.
12:08:55 PEMcoupling.py (<module>) INFO: Creating injection table.
12:08:55 getparams.py (get_times) INFO: Getting DTT files from command line input.
12:08:55 getparams.py (get_times) INFO: List of DTT files created.
12:08:55 getparams.py (get_times_DTT) INFO: Reading DTT files for times.
12:08:57 getparams.py (get_times_DTT) INFO: Finished reading DTTs.
12:08:57 PEMcoupling.py (<module>) INFO: Reporting injection results.
12:08:57 PEMcoupling.py (<module>) INFO: Calculating FFT parameters.
12:08:57 getparams.py (get_FFT_params) INFO: Duration given; determining overlap time and bandwidth.
12:08:57 getparams.py (get_FFT_params) INFO: FFT parameters acquired.
12:08:57 PEMcoupling.py (<module>) INFO: Converting smoothing parameters to frequency bins based on bandwidth.
12:08:57 PEMcoupling.py (<module>) INFO: Beginning to loop over injections.
12:08:57 PEMcoupling.py (<module>) INFO: Searching for fundamental frequency if applicable.
12:08:57 getparams.py (freq_search) INFO: Fundamental frequency found: 7 Hz.
12:08:57 PEMcoupling.py (<module>) INFO: Being picky about channels.
