14:50:21 PEMcoupling.py (<module>) INFO: Importing PEM coupling packages.
14:50:23 getparams.py (get_arg_params) INFO: Parsing arguments.
14:50:23 getparams.py (get_config_params) INFO: Opening config file.
14:50:23 getparams.py (get_config_params) INFO: Checking if missing/empty config file.
14:50:23 getparams.py (get_config_params) INFO: Parsing numerical and boolean config options.
14:50:23 PEMcoupling.py (<module>) INFO: Separating config dictionary by section.
14:50:23 PEMcoupling.py (<module>) INFO: Handling conflicts between config options and command line options.
14:50:23 PEMcoupling.py (<module>) INFO: Reading in channel list given in config file.
14:50:23 getparams.py (get_channel_names) INFO: Opening channel list file.
14:50:23 getparams.py (get_channel_list) INFO: Performing channel search.
14:50:23 PEMcoupling.py (<module>) INFO: Creating injection table.
14:50:23 getparams.py (get_times) INFO: Getting DTT files from command line input.
14:50:23 getparams.py (get_times) INFO: List of DTT files created.
14:50:23 getparams.py (get_times_DTT) INFO: Reading DTT files for times.
14:50:28 getparams.py (get_times_DTT) INFO: Finished reading DTTs.
14:50:28 PEMcoupling.py (<module>) INFO: Reporting injection results.
14:50:28 PEMcoupling.py (<module>) INFO: Calculating FFT parameters.
14:50:28 getparams.py (get_FFT_params) INFO: Duration given; determining overlap time and bandwidth.
14:50:28 getparams.py (get_FFT_params) INFO: FFT parameters acquired.
14:50:28 PEMcoupling.py (<module>) INFO: Converting smoothing parameters to frequency bins based on bandwidth.
14:50:28 PEMcoupling.py (<module>) INFO: Beginning to loop over injections.
14:50:28 PEMcoupling.py (<module>) INFO: Searching for fundamental frequency if applicable.
14:50:28 PEMcoupling.py (<module>) INFO: Being picky about channels.
14:50:29 loaddata.py (get_time_series) INFO: Channel successfully extracted: H1:PEM-CS_ACC_BEAMTUBE_MCTUBE_Y_DQ at time 1185727588 to 1185727638.0.
14:50:30 loaddata.py (get_time_series) INFO: Channel successfully extracted: H1:PEM-CS_ACC_BEAMTUBE_MCTUBE_Y_DQ at time 1185732574 to 1185732624.0.
14:50:30 preprocess.py (reject_saturated) INFO: Channel rejected due to saturation: H1:PEM-CS_ACC_BEAMTUBE_MCTUBE_Y_DQ
14:50:30 PEMcoupling.py (<module>) INFO: Searching for fundamental frequency if applicable.
14:50:30 PEMcoupling.py (<module>) INFO: Being picky about channels.
14:50:30 loaddata.py (get_time_series) INFO: Channel successfully extracted: H1:PEM-CS_ACC_BEAMTUBE_MCTUBE_Y_DQ at time 1185727588 to 1185727638.0.
14:50:31 loaddata.py (get_time_series) INFO: Channel successfully extracted: H1:PEM-CS_ACC_BEAMTUBE_MCTUBE_Y_DQ at time 1185737302 to 1185737352.0.
14:50:31 preprocess.py (convert_to_ASD) INFO: Channel converted to ASD: H1:PEM-CS_ACC_BEAMTUBE_MCTUBE_Y with FFT time 9.0 and overlap time 4.5
14:50:31 preprocess.py (convert_to_ASD) INFO: Channel converted to ASD: H1:PEM-CS_ACC_BEAMTUBE_MCTUBE_Y with FFT time 9.0 and overlap time 4.5
14:50:31 preprocess.py (get_calibration_factors) INFO: Parsing calibration data for channel H1:PEM-CS_ACC_BEAMTUBE_MCTUBE_Y.
14:50:31 preprocess.py (get_calibration_factors) INFO: Calibration factor acquired for channel H1:PEM-CS_ACC_BEAMTUBE_MCTUBE_Y.
14:50:31 preprocess.py (calibrate_sensors) INFO: Channel calibrated: H1:PEM-CS_ACC_BEAMTUBE_MCTUBE_Y.
14:50:31 preprocess.py (get_calibration_factors) INFO: Parsing calibration data for channel H1:PEM-CS_ACC_BEAMTUBE_MCTUBE_Y.
14:50:31 preprocess.py (get_calibration_factors) INFO: Calibration factor acquired for channel H1:PEM-CS_ACC_BEAMTUBE_MCTUBE_Y.
14:50:31 preprocess.py (calibrate_sensors) INFO: Channel calibrated: H1:PEM-CS_ACC_BEAMTUBE_MCTUBE_Y.
14:50:32 PEMcoupling.py (<module>) INFO: Cropping ASDs to match frequencies: H1:PEM-CS_ACC_BEAMTUBE_MCTUBE_Y.
14:50:32 PEMcoupling.py (<module>) INFO: Acquiring smoothing parameters for channel H1:PEM-CS_ACC_BEAMTUBE_MCTUBE_Y.
14:50:37 PEMcoupling.py (<module>) INFO: Coupling function complete: H1:PEM-CS_ACC_BEAMTUBE_MCTUBE_Y.
14:50:44 PEMcoupling.py (<module>) INFO: Coupling functions saved for injection 007CSacousticFarOutputOptics700to1200.
14:50:44 PEMcoupling.py (<module>) INFO: Searching for fundamental frequency if applicable.
14:50:44 PEMcoupling.py (<module>) INFO: Being picky about channels.
14:50:45 loaddata.py (get_time_series) INFO: Channel successfully extracted: H1:PEM-CS_ACC_BEAMTUBE_MCTUBE_Y_DQ at time 1185727588 to 1185727638.0.
14:50:45 loaddata.py (get_time_series) INFO: Channel successfully extracted: H1:PEM-CS_ACC_BEAMTUBE_MCTUBE_Y_DQ at time 1185737487 to 1185737537.0.
14:50:46 preprocess.py (convert_to_ASD) INFO: Channel converted to ASD: H1:PEM-CS_ACC_BEAMTUBE_MCTUBE_Y with FFT time 9.0 and overlap time 4.5
14:50:46 preprocess.py (convert_to_ASD) INFO: Channel converted to ASD: H1:PEM-CS_ACC_BEAMTUBE_MCTUBE_Y with FFT time 9.0 and overlap time 4.5
14:50:46 preprocess.py (get_calibration_factors) INFO: Parsing calibration data for channel H1:PEM-CS_ACC_BEAMTUBE_MCTUBE_Y.
14:50:46 preprocess.py (get_calibration_factors) INFO: Calibration factor acquired for channel H1:PEM-CS_ACC_BEAMTUBE_MCTUBE_Y.
14:50:46 preprocess.py (calibrate_sensors) INFO: Channel calibrated: H1:PEM-CS_ACC_BEAMTUBE_MCTUBE_Y.
14:50:46 preprocess.py (get_calibration_factors) INFO: Parsing calibration data for channel H1:PEM-CS_ACC_BEAMTUBE_MCTUBE_Y.
14:50:46 preprocess.py (get_calibration_factors) INFO: Calibration factor acquired for channel H1:PEM-CS_ACC_BEAMTUBE_MCTUBE_Y.
14:50:46 preprocess.py (calibrate_sensors) INFO: Channel calibrated: H1:PEM-CS_ACC_BEAMTUBE_MCTUBE_Y.
14:50:47 PEMcoupling.py (<module>) INFO: Cropping ASDs to match frequencies: H1:PEM-CS_ACC_BEAMTUBE_MCTUBE_Y.
14:50:47 PEMcoupling.py (<module>) INFO: Acquiring smoothing parameters for channel H1:PEM-CS_ACC_BEAMTUBE_MCTUBE_Y.
14:50:52 PEMcoupling.py (<module>) INFO: Coupling function complete: H1:PEM-CS_ACC_BEAMTUBE_MCTUBE_Y.
