17:31:45 PEMcoupling.py (<module>) INFO: Importing PEM coupling packages.
17:31:47 getparams.py (get_arg_params) INFO: Parsing arguments.
17:31:47 getparams.py (get_config_params) INFO: Opening config file.
17:31:47 getparams.py (get_config_params) INFO: Checking if missing/empty config file.
17:31:47 getparams.py (get_config_params) INFO: Parsing numerical and boolean config options.
17:31:47 PEMcoupling.py (<module>) INFO: Separating config dictionary by section.
17:31:47 PEMcoupling.py (<module>) INFO: Handling conflicts between config options and command line options.
17:31:47 PEMcoupling.py (<module>) INFO: Reading in channel list given in config file.
17:31:47 getparams.py (get_channel_names) INFO: Opening channel list file.
17:31:47 PEMcoupling.py (<module>) INFO: Creating injection table.
17:31:47 getparams.py (get_times_config) INFO: Reading injection times config file.
17:31:47 PEMcoupling.py (<module>) INFO: Reporting injection results.
17:31:47 PEMcoupling.py (<module>) INFO: Calculating FFT parameters.
17:31:47 getparams.py (get_FFT_params) INFO: Duration given; determining overlap time and bandwidth.
17:31:47 getparams.py (get_FFT_params) INFO: FFT parameters acquired.
17:31:47 PEMcoupling.py (<module>) INFO: Converting smoothing parameters to frequency bins based on bandwidth.
17:31:47 PEMcoupling.py (<module>) INFO: Beginning to loop over injections.
17:31:47 PEMcoupling.py (<module>) INFO: Subidrectory /home/philippe.nguyen/public_html/test/LLO/EX/EXvib/040-EXneardoor_Acou30to2k created.
17:31:47 PEMcoupling.py (<module>) INFO: Searching for fundamental frequency if applicable.
17:31:47 PEMcoupling.py (<module>) INFO: Being picky about channels.
17:31:51 loaddata.py (get_time_series) INFO: Channel successfully extracted: L1:PEM-EX_ACC_BSC4_ETMX_X_DQ at time 1185901209 to 1185901259.0.
17:32:12 loaddata.py (get_time_series) INFO: Channel successfully extracted: L1:PEM-EX_ACC_BSC4_ETMX_Y_DQ at time 1185901209 to 1185901259.0.
17:32:14 loaddata.py (get_time_series) INFO: Channel successfully extracted: L1:PEM-EX_ACC_BSC4_ETMX_Z_DQ at time 1185901209 to 1185901259.0.
17:32:16 loaddata.py (get_time_series) INFO: Channel successfully extracted: L1:PEM-EX_ACC_EBAY_FLOOR_Z_DQ at time 1185901209 to 1185901259.0.
17:32:17 loaddata.py (get_time_series) INFO: Channel successfully extracted: L1:PEM-EX_ACC_ISCTEX_TRANS_Y_DQ at time 1185901209 to 1185901259.0.
17:32:19 loaddata.py (get_time_series) INFO: Channel successfully extracted: L1:PEM-EX_ACC_OPLEV_ETMX_Y_DQ at time 1185901209 to 1185901259.0.
17:32:20 loaddata.py (get_time_series) INFO: Channel successfully extracted: L1:PEM-EX_ACC_VEA_FLOOR_Z_DQ at time 1185901209 to 1185901259.0.
17:32:34 loaddata.py (get_time_series) INFO: Channel successfully extracted: L1:PEM-EX_MIC_EBAY_RACKS_DQ at time 1185901209 to 1185901259.0.
17:32:35 loaddata.py (get_time_series) INFO: Channel successfully extracted: L1:PEM-EX_MIC_VEA_PLUSX_DQ at time 1185901209 to 1185901259.0.
17:32:37 loaddata.py (get_time_series) INFO: Channel successfully extracted: L1:PEM-EX_ACC_BSC4_ETMX_X_DQ at time 1185905791 to 1185905841.0.
17:32:39 loaddata.py (get_time_series) INFO: Channel successfully extracted: L1:PEM-EX_ACC_BSC4_ETMX_Y_DQ at time 1185905791 to 1185905841.0.
17:32:41 loaddata.py (get_time_series) INFO: Channel successfully extracted: L1:PEM-EX_ACC_BSC4_ETMX_Z_DQ at time 1185905791 to 1185905841.0.
17:32:43 loaddata.py (get_time_series) INFO: Channel successfully extracted: L1:PEM-EX_ACC_EBAY_FLOOR_Z_DQ at time 1185905791 to 1185905841.0.
17:32:44 loaddata.py (get_time_series) INFO: Channel successfully extracted: L1:PEM-EX_ACC_ISCTEX_TRANS_Y_DQ at time 1185905791 to 1185905841.0.
17:32:45 loaddata.py (get_time_series) INFO: Channel successfully extracted: L1:PEM-EX_ACC_OPLEV_ETMX_Y_DQ at time 1185905791 to 1185905841.0.
17:32:47 loaddata.py (get_time_series) INFO: Channel successfully extracted: L1:PEM-EX_ACC_VEA_FLOOR_Z_DQ at time 1185905791 to 1185905841.0.
17:32:49 loaddata.py (get_time_series) INFO: Channel successfully extracted: L1:PEM-EX_MIC_EBAY_RACKS_DQ at time 1185905791 to 1185905841.0.
17:32:50 loaddata.py (get_time_series) INFO: Channel successfully extracted: L1:PEM-EX_MIC_VEA_PLUSX_DQ at time 1185905791 to 1185905841.0.
17:32:50 preprocess.py (reject_saturated) INFO: Channel rejected due to saturation: L1:PEM-EX_ACC_BSC4_ETMX_X_DQ
17:32:50 preprocess.py (reject_saturated) INFO: Channel rejected due to saturation: L1:PEM-EX_ACC_BSC4_ETMX_Y_DQ
17:32:50 preprocess.py (reject_saturated) INFO: Channel rejected due to saturation: L1:PEM-EX_ACC_BSC4_ETMX_Z_DQ
17:32:50 preprocess.py (convert_to_ASD) INFO: Channel converted to ASD: L1:PEM-EX_ACC_EBAY_FLOOR_Z with FFT time 9.0 and overlap time 4.5
17:32:50 preprocess.py (convert_to_ASD) INFO: Channel converted to ASD: L1:PEM-EX_ACC_ISCTEX_TRANS_Y with FFT time 9.0 and overlap time 4.5
17:32:50 preprocess.py (convert_to_ASD) INFO: Channel converted to ASD: L1:PEM-EX_ACC_OPLEV_ETMX_Y with FFT time 9.0 and overlap time 4.5
17:32:50 preprocess.py (convert_to_ASD) INFO: Channel converted to ASD: L1:PEM-EX_ACC_VEA_FLOOR_Z with FFT time 9.0 and overlap time 4.5
17:32:50 preprocess.py (convert_to_ASD) INFO: Channel converted to ASD: L1:PEM-EX_MIC_EBAY_RACKS with FFT time 9.0 and overlap time 4.5
17:32:50 preprocess.py (convert_to_ASD) INFO: Channel converted to ASD: L1:PEM-EX_MIC_VEA_PLUSX with FFT time 9.0 and overlap time 4.5
17:32:50 preprocess.py (convert_to_ASD) INFO: Channel converted to ASD: L1:PEM-EX_ACC_EBAY_FLOOR_Z with FFT time 9.0 and overlap time 4.5
17:32:50 preprocess.py (convert_to_ASD) INFO: Channel converted to ASD: L1:PEM-EX_ACC_ISCTEX_TRANS_Y with FFT time 9.0 and overlap time 4.5
17:32:50 preprocess.py (convert_to_ASD) INFO: Channel converted to ASD: L1:PEM-EX_ACC_OPLEV_ETMX_Y with FFT time 9.0 and overlap time 4.5
17:32:50 preprocess.py (convert_to_ASD) INFO: Channel converted to ASD: L1:PEM-EX_ACC_VEA_FLOOR_Z with FFT time 9.0 and overlap time 4.5
17:32:50 preprocess.py (convert_to_ASD) INFO: Channel converted to ASD: L1:PEM-EX_MIC_EBAY_RACKS with FFT time 9.0 and overlap time 4.5
17:32:50 preprocess.py (convert_to_ASD) INFO: Channel converted to ASD: L1:PEM-EX_MIC_VEA_PLUSX with FFT time 9.0 and overlap time 4.5
17:32:50 preprocess.py (get_calibration_factors) INFO: Parsing calibration data for channel L1:PEM-EX_ACC_EBAY_FLOOR_Z.
17:32:50 preprocess.py (get_calibration_factors) INFO: Calibration factor acquired for channel L1:PEM-EX_ACC_EBAY_FLOOR_Z.
17:32:50 preprocess.py (get_calibration_factors) INFO: Parsing calibration data for channel L1:PEM-EX_ACC_ISCTEX_TRANS_Y.
17:32:50 preprocess.py (get_calibration_factors) INFO: Calibration factor acquired for channel L1:PEM-EX_ACC_ISCTEX_TRANS_Y.
17:32:50 preprocess.py (get_calibration_factors) INFO: Parsing calibration data for channel L1:PEM-EX_ACC_OPLEV_ETMX_Y.
17:32:50 preprocess.py (get_calibration_factors) INFO: Calibration factor acquired for channel L1:PEM-EX_ACC_OPLEV_ETMX_Y.
17:32:50 preprocess.py (get_calibration_factors) INFO: Parsing calibration data for channel L1:PEM-EX_ACC_VEA_FLOOR_Z.
17:32:50 preprocess.py (get_calibration_factors) INFO: Calibration factor acquired for channel L1:PEM-EX_ACC_VEA_FLOOR_Z.
17:32:50 preprocess.py (get_calibration_factors) INFO: Parsing calibration data for channel L1:PEM-EX_MIC_EBAY_RACKS.
17:32:50 preprocess.py (get_calibration_factors) INFO: Calibration factor acquired for channel L1:PEM-EX_MIC_EBAY_RACKS.
17:32:50 preprocess.py (get_calibration_factors) INFO: Parsing calibration data for channel L1:PEM-EX_MIC_VEA_PLUSX.
17:32:50 preprocess.py (get_calibration_factors) INFO: Calibration factor acquired for channel L1:PEM-EX_MIC_VEA_PLUSX.
17:32:50 preprocess.py (calibrate_sensors) INFO: Channel calibrated: L1:PEM-EX_ACC_EBAY_FLOOR_Z.
17:32:50 preprocess.py (calibrate_sensors) INFO: Channel calibrated: L1:PEM-EX_ACC_ISCTEX_TRANS_Y.
17:32:50 preprocess.py (calibrate_sensors) INFO: Channel calibrated: L1:PEM-EX_ACC_OPLEV_ETMX_Y.
17:32:50 preprocess.py (calibrate_sensors) INFO: Channel calibrated: L1:PEM-EX_ACC_VEA_FLOOR_Z.
17:32:50 preprocess.py (calibrate_sensors) INFO: Channel calibrated: L1:PEM-EX_MIC_EBAY_RACKS.
17:32:50 preprocess.py (calibrate_sensors) INFO: Channel calibrated: L1:PEM-EX_MIC_VEA_PLUSX.
17:32:50 preprocess.py (get_calibration_factors) INFO: Parsing calibration data for channel L1:PEM-EX_ACC_EBAY_FLOOR_Z.
17:32:50 preprocess.py (get_calibration_factors) INFO: Calibration factor acquired for channel L1:PEM-EX_ACC_EBAY_FLOOR_Z.
17:32:50 preprocess.py (get_calibration_factors) INFO: Parsing calibration data for channel L1:PEM-EX_ACC_ISCTEX_TRANS_Y.
17:32:50 preprocess.py (get_calibration_factors) INFO: Calibration factor acquired for channel L1:PEM-EX_ACC_ISCTEX_TRANS_Y.
17:32:50 preprocess.py (get_calibration_factors) INFO: Parsing calibration data for channel L1:PEM-EX_ACC_OPLEV_ETMX_Y.
17:32:50 preprocess.py (get_calibration_factors) INFO: Calibration factor acquired for channel L1:PEM-EX_ACC_OPLEV_ETMX_Y.
17:32:50 preprocess.py (get_calibration_factors) INFO: Parsing calibration data for channel L1:PEM-EX_ACC_VEA_FLOOR_Z.
17:32:50 preprocess.py (get_calibration_factors) INFO: Calibration factor acquired for channel L1:PEM-EX_ACC_VEA_FLOOR_Z.
17:32:50 preprocess.py (get_calibration_factors) INFO: Parsing calibration data for channel L1:PEM-EX_MIC_EBAY_RACKS.
17:32:50 preprocess.py (get_calibration_factors) INFO: Calibration factor acquired for channel L1:PEM-EX_MIC_EBAY_RACKS.
17:32:50 preprocess.py (get_calibration_factors) INFO: Parsing calibration data for channel L1:PEM-EX_MIC_VEA_PLUSX.
17:32:50 preprocess.py (get_calibration_factors) INFO: Calibration factor acquired for channel L1:PEM-EX_MIC_VEA_PLUSX.
17:32:50 preprocess.py (calibrate_sensors) INFO: Channel calibrated: L1:PEM-EX_ACC_EBAY_FLOOR_Z.
17:32:50 preprocess.py (calibrate_sensors) INFO: Channel calibrated: L1:PEM-EX_ACC_ISCTEX_TRANS_Y.
17:32:50 preprocess.py (calibrate_sensors) INFO: Channel calibrated: L1:PEM-EX_ACC_OPLEV_ETMX_Y.
17:32:50 preprocess.py (calibrate_sensors) INFO: Channel calibrated: L1:PEM-EX_ACC_VEA_FLOOR_Z.
17:32:50 preprocess.py (calibrate_sensors) INFO: Channel calibrated: L1:PEM-EX_MIC_EBAY_RACKS.
17:32:50 preprocess.py (calibrate_sensors) INFO: Channel calibrated: L1:PEM-EX_MIC_VEA_PLUSX.
17:33:04 PEMcoupling.py (<module>) INFO: Cropping ASDs to match frequencies: L1:PEM-EX_ACC_EBAY_FLOOR_Z.
17:33:04 PEMcoupling.py (<module>) INFO: Cropping ASDs to match frequencies: L1:PEM-EX_ACC_ISCTEX_TRANS_Y.
17:33:04 PEMcoupling.py (<module>) INFO: Cropping ASDs to match frequencies: L1:PEM-EX_ACC_OPLEV_ETMX_Y.
17:33:04 PEMcoupling.py (<module>) INFO: Cropping ASDs to match frequencies: L1:PEM-EX_ACC_VEA_FLOOR_Z.
17:33:04 PEMcoupling.py (<module>) INFO: Cropping ASDs to match frequencies: L1:PEM-EX_MIC_EBAY_RACKS.
17:33:04 PEMcoupling.py (<module>) INFO: Cropping ASDs to match frequencies: L1:PEM-EX_MIC_VEA_PLUSX.
17:33:04 PEMcoupling.py (<module>) INFO: Acquiring smoothing parameters for channel L1:PEM-EX_ACC_EBAY_FLOOR_Z.
17:33:04 PEMcoupling.py (<module>) INFO: Acquiring smoothing parameters for channel L1:PEM-EX_ACC_ISCTEX_TRANS_Y.
17:33:04 PEMcoupling.py (<module>) INFO: Acquiring smoothing parameters for channel L1:PEM-EX_ACC_OPLEV_ETMX_Y.
17:33:04 PEMcoupling.py (<module>) INFO: Acquiring smoothing parameters for channel L1:PEM-EX_ACC_VEA_FLOOR_Z.
17:33:04 PEMcoupling.py (<module>) INFO: Acquiring smoothing parameters for channel L1:PEM-EX_MIC_EBAY_RACKS.
17:33:04 PEMcoupling.py (<module>) INFO: Acquiring smoothing parameters for channel L1:PEM-EX_MIC_VEA_PLUSX.
17:33:05 PEMcoupling.py (<module>) INFO: Coupling function complete: L1:PEM-EX_ACC_EBAY_FLOOR_Z.
17:33:07 PEMcoupling.py (<module>) INFO: Coupling function complete: L1:PEM-EX_ACC_ISCTEX_TRANS_Y.
17:33:09 PEMcoupling.py (<module>) INFO: Coupling function complete: L1:PEM-EX_ACC_OPLEV_ETMX_Y.
17:33:11 PEMcoupling.py (<module>) INFO: Coupling function complete: L1:PEM-EX_ACC_VEA_FLOOR_Z.
17:33:15 PEMcoupling.py (<module>) INFO: Coupling function complete: L1:PEM-EX_MIC_EBAY_RACKS.
17:33:22 PEMcoupling.py (<module>) INFO: Coupling function complete: L1:PEM-EX_MIC_VEA_PLUSX.
17:33:58 PEMcoupling.py (<module>) INFO: Coupling functions saved for injection 040-EXneardoor_Acou30to2k.
17:33:58 PEMcoupling.py (<module>) INFO: Subidrectory /home/philippe.nguyen/public_html/test/LLO/EX/EXvib/041-EXneardoor_Acou30to2k_x2 created.
17:33:58 PEMcoupling.py (<module>) INFO: Searching for fundamental frequency if applicable.
17:33:58 PEMcoupling.py (<module>) INFO: Being picky about channels.
17:33:59 loaddata.py (get_time_series) INFO: Channel successfully extracted: L1:PEM-EX_ACC_BSC4_ETMX_X_DQ at time 1185901209 to 1185901259.0.
17:33:59 loaddata.py (get_time_series) INFO: Channel successfully extracted: L1:PEM-EX_ACC_BSC4_ETMX_Y_DQ at time 1185901209 to 1185901259.0.
17:34:00 loaddata.py (get_time_series) INFO: Channel successfully extracted: L1:PEM-EX_ACC_BSC4_ETMX_Z_DQ at time 1185901209 to 1185901259.0.
17:34:01 loaddata.py (get_time_series) INFO: Channel successfully extracted: L1:PEM-EX_ACC_EBAY_FLOOR_Z_DQ at time 1185901209 to 1185901259.0.
17:34:01 loaddata.py (get_time_series) INFO: Channel successfully extracted: L1:PEM-EX_ACC_ISCTEX_TRANS_Y_DQ at time 1185901209 to 1185901259.0.
17:34:02 loaddata.py (get_time_series) INFO: Channel successfully extracted: L1:PEM-EX_ACC_OPLEV_ETMX_Y_DQ at time 1185901209 to 1185901259.0.
17:34:02 loaddata.py (get_time_series) INFO: Channel successfully extracted: L1:PEM-EX_ACC_VEA_FLOOR_Z_DQ at time 1185901209 to 1185901259.0.
17:34:03 loaddata.py (get_time_series) INFO: Channel successfully extracted: L1:PEM-EX_MIC_EBAY_RACKS_DQ at time 1185901209 to 1185901259.0.
17:34:03 loaddata.py (get_time_series) INFO: Channel successfully extracted: L1:PEM-EX_MIC_VEA_PLUSX_DQ at time 1185901209 to 1185901259.0.
17:34:05 loaddata.py (get_time_series) INFO: Channel successfully extracted: L1:PEM-EX_ACC_BSC4_ETMX_X_DQ at time 1185905951 to 1185906001.0.
17:34:08 loaddata.py (get_time_series) INFO: Channel successfully extracted: L1:PEM-EX_ACC_BSC4_ETMX_Y_DQ at time 1185905951 to 1185906001.0.
17:34:09 loaddata.py (get_time_series) INFO: Channel successfully extracted: L1:PEM-EX_ACC_BSC4_ETMX_Z_DQ at time 1185905951 to 1185906001.0.
17:34:11 loaddata.py (get_time_series) INFO: Channel successfully extracted: L1:PEM-EX_ACC_EBAY_FLOOR_Z_DQ at time 1185905951 to 1185906001.0.
17:34:12 loaddata.py (get_time_series) INFO: Channel successfully extracted: L1:PEM-EX_ACC_ISCTEX_TRANS_Y_DQ at time 1185905951 to 1185906001.0.
17:34:13 loaddata.py (get_time_series) INFO: Channel successfully extracted: L1:PEM-EX_ACC_OPLEV_ETMX_Y_DQ at time 1185905951 to 1185906001.0.
17:34:14 loaddata.py (get_time_series) INFO: Channel successfully extracted: L1:PEM-EX_ACC_VEA_FLOOR_Z_DQ at time 1185905951 to 1185906001.0.
17:34:16 loaddata.py (get_time_series) INFO: Channel successfully extracted: L1:PEM-EX_MIC_EBAY_RACKS_DQ at time 1185905951 to 1185906001.0.
17:34:18 loaddata.py (get_time_series) INFO: Channel successfully extracted: L1:PEM-EX_MIC_VEA_PLUSX_DQ at time 1185905951 to 1185906001.0.
17:34:18 preprocess.py (reject_saturated) INFO: Channel rejected due to saturation: L1:PEM-EX_ACC_BSC4_ETMX_X_DQ
17:34:18 preprocess.py (reject_saturated) INFO: Channel rejected due to saturation: L1:PEM-EX_ACC_BSC4_ETMX_Y_DQ
17:34:18 preprocess.py (reject_saturated) INFO: Channel rejected due to saturation: L1:PEM-EX_ACC_BSC4_ETMX_Z_DQ
17:34:18 preprocess.py (reject_saturated) INFO: Channel rejected due to saturation: L1:PEM-EX_ACC_OPLEV_ETMX_Y_DQ
17:34:18 preprocess.py (convert_to_ASD) INFO: Channel converted to ASD: L1:PEM-EX_ACC_EBAY_FLOOR_Z with FFT time 9.0 and overlap time 4.5
17:34:18 preprocess.py (convert_to_ASD) INFO: Channel converted to ASD: L1:PEM-EX_ACC_ISCTEX_TRANS_Y with FFT time 9.0 and overlap time 4.5
17:34:18 preprocess.py (convert_to_ASD) INFO: Channel converted to ASD: L1:PEM-EX_ACC_VEA_FLOOR_Z with FFT time 9.0 and overlap time 4.5
17:34:18 preprocess.py (convert_to_ASD) INFO: Channel converted to ASD: L1:PEM-EX_MIC_EBAY_RACKS with FFT time 9.0 and overlap time 4.5
17:34:18 preprocess.py (convert_to_ASD) INFO: Channel converted to ASD: L1:PEM-EX_MIC_VEA_PLUSX with FFT time 9.0 and overlap time 4.5
17:34:18 preprocess.py (convert_to_ASD) INFO: Channel converted to ASD: L1:PEM-EX_ACC_EBAY_FLOOR_Z with FFT time 9.0 and overlap time 4.5
17:34:18 preprocess.py (convert_to_ASD) INFO: Channel converted to ASD: L1:PEM-EX_ACC_ISCTEX_TRANS_Y with FFT time 9.0 and overlap time 4.5
17:34:18 preprocess.py (convert_to_ASD) INFO: Channel converted to ASD: L1:PEM-EX_ACC_VEA_FLOOR_Z with FFT time 9.0 and overlap time 4.5
17:34:18 preprocess.py (convert_to_ASD) INFO: Channel converted to ASD: L1:PEM-EX_MIC_EBAY_RACKS with FFT time 9.0 and overlap time 4.5
17:34:18 preprocess.py (convert_to_ASD) INFO: Channel converted to ASD: L1:PEM-EX_MIC_VEA_PLUSX with FFT time 9.0 and overlap time 4.5
17:34:18 preprocess.py (get_calibration_factors) INFO: Parsing calibration data for channel L1:PEM-EX_ACC_EBAY_FLOOR_Z.
17:34:18 preprocess.py (get_calibration_factors) INFO: Calibration factor acquired for channel L1:PEM-EX_ACC_EBAY_FLOOR_Z.
17:34:18 preprocess.py (get_calibration_factors) INFO: Parsing calibration data for channel L1:PEM-EX_ACC_ISCTEX_TRANS_Y.
17:34:18 preprocess.py (get_calibration_factors) INFO: Calibration factor acquired for channel L1:PEM-EX_ACC_ISCTEX_TRANS_Y.
17:34:18 preprocess.py (get_calibration_factors) INFO: Parsing calibration data for channel L1:PEM-EX_ACC_VEA_FLOOR_Z.
17:34:18 preprocess.py (get_calibration_factors) INFO: Calibration factor acquired for channel L1:PEM-EX_ACC_VEA_FLOOR_Z.
17:34:18 preprocess.py (get_calibration_factors) INFO: Parsing calibration data for channel L1:PEM-EX_MIC_EBAY_RACKS.
17:34:18 preprocess.py (get_calibration_factors) INFO: Calibration factor acquired for channel L1:PEM-EX_MIC_EBAY_RACKS.
17:34:18 preprocess.py (get_calibration_factors) INFO: Parsing calibration data for channel L1:PEM-EX_MIC_VEA_PLUSX.
17:34:18 preprocess.py (get_calibration_factors) INFO: Calibration factor acquired for channel L1:PEM-EX_MIC_VEA_PLUSX.
17:34:18 preprocess.py (calibrate_sensors) INFO: Channel calibrated: L1:PEM-EX_ACC_EBAY_FLOOR_Z.
17:34:18 preprocess.py (calibrate_sensors) INFO: Channel calibrated: L1:PEM-EX_ACC_ISCTEX_TRANS_Y.
17:34:18 preprocess.py (calibrate_sensors) INFO: Channel calibrated: L1:PEM-EX_ACC_VEA_FLOOR_Z.
17:34:18 preprocess.py (calibrate_sensors) INFO: Channel calibrated: L1:PEM-EX_MIC_EBAY_RACKS.
17:34:18 preprocess.py (calibrate_sensors) INFO: Channel calibrated: L1:PEM-EX_MIC_VEA_PLUSX.
17:34:18 preprocess.py (get_calibration_factors) INFO: Parsing calibration data for channel L1:PEM-EX_ACC_EBAY_FLOOR_Z.
17:34:18 preprocess.py (get_calibration_factors) INFO: Calibration factor acquired for channel L1:PEM-EX_ACC_EBAY_FLOOR_Z.
17:34:18 preprocess.py (get_calibration_factors) INFO: Parsing calibration data for channel L1:PEM-EX_ACC_ISCTEX_TRANS_Y.
17:34:18 preprocess.py (get_calibration_factors) INFO: Calibration factor acquired for channel L1:PEM-EX_ACC_ISCTEX_TRANS_Y.
17:34:18 preprocess.py (get_calibration_factors) INFO: Parsing calibration data for channel L1:PEM-EX_ACC_VEA_FLOOR_Z.
17:34:18 preprocess.py (get_calibration_factors) INFO: Calibration factor acquired for channel L1:PEM-EX_ACC_VEA_FLOOR_Z.
17:34:18 preprocess.py (get_calibration_factors) INFO: Parsing calibration data for channel L1:PEM-EX_MIC_EBAY_RACKS.
17:34:18 preprocess.py (get_calibration_factors) INFO: Calibration factor acquired for channel L1:PEM-EX_MIC_EBAY_RACKS.
17:34:18 preprocess.py (get_calibration_factors) INFO: Parsing calibration data for channel L1:PEM-EX_MIC_VEA_PLUSX.
17:34:18 preprocess.py (get_calibration_factors) INFO: Calibration factor acquired for channel L1:PEM-EX_MIC_VEA_PLUSX.
17:34:18 preprocess.py (calibrate_sensors) INFO: Channel calibrated: L1:PEM-EX_ACC_EBAY_FLOOR_Z.
17:34:18 preprocess.py (calibrate_sensors) INFO: Channel calibrated: L1:PEM-EX_ACC_ISCTEX_TRANS_Y.
17:34:18 preprocess.py (calibrate_sensors) INFO: Channel calibrated: L1:PEM-EX_ACC_VEA_FLOOR_Z.
17:34:18 preprocess.py (calibrate_sensors) INFO: Channel calibrated: L1:PEM-EX_MIC_EBAY_RACKS.
17:34:18 preprocess.py (calibrate_sensors) INFO: Channel calibrated: L1:PEM-EX_MIC_VEA_PLUSX.
17:34:22 PEMcoupling.py (<module>) INFO: Cropping ASDs to match frequencies: L1:PEM-EX_ACC_EBAY_FLOOR_Z.
17:34:22 PEMcoupling.py (<module>) INFO: Cropping ASDs to match frequencies: L1:PEM-EX_ACC_ISCTEX_TRANS_Y.
17:34:22 PEMcoupling.py (<module>) INFO: Cropping ASDs to match frequencies: L1:PEM-EX_ACC_VEA_FLOOR_Z.
17:34:22 PEMcoupling.py (<module>) INFO: Cropping ASDs to match frequencies: L1:PEM-EX_MIC_EBAY_RACKS.
17:34:22 PEMcoupling.py (<module>) INFO: Cropping ASDs to match frequencies: L1:PEM-EX_MIC_VEA_PLUSX.
17:34:22 PEMcoupling.py (<module>) INFO: Acquiring smoothing parameters for channel L1:PEM-EX_ACC_EBAY_FLOOR_Z.
17:34:22 PEMcoupling.py (<module>) INFO: Acquiring smoothing parameters for channel L1:PEM-EX_ACC_ISCTEX_TRANS_Y.
17:34:22 PEMcoupling.py (<module>) INFO: Acquiring smoothing parameters for channel L1:PEM-EX_ACC_VEA_FLOOR_Z.
17:34:22 PEMcoupling.py (<module>) INFO: Acquiring smoothing parameters for channel L1:PEM-EX_MIC_EBAY_RACKS.
17:34:22 PEMcoupling.py (<module>) INFO: Acquiring smoothing parameters for channel L1:PEM-EX_MIC_VEA_PLUSX.
17:34:23 PEMcoupling.py (<module>) INFO: Coupling function complete: L1:PEM-EX_ACC_EBAY_FLOOR_Z.
17:34:25 PEMcoupling.py (<module>) INFO: Coupling function complete: L1:PEM-EX_ACC_ISCTEX_TRANS_Y.
17:34:27 PEMcoupling.py (<module>) INFO: Coupling function complete: L1:PEM-EX_ACC_VEA_FLOOR_Z.
17:34:30 PEMcoupling.py (<module>) INFO: Coupling function complete: L1:PEM-EX_MIC_EBAY_RACKS.
17:34:38 PEMcoupling.py (<module>) INFO: Coupling function complete: L1:PEM-EX_MIC_VEA_PLUSX.
17:35:08 PEMcoupling.py (<module>) INFO: Coupling functions saved for injection 041-EXneardoor_Acou30to2k_x2.
17:35:08 PEMcoupling.py (<module>) INFO: Subidrectory /home/philippe.nguyen/public_html/test/LLO/EX/EXvib/047-EXmechdoor_Acou30to2k created.
17:35:08 PEMcoupling.py (<module>) INFO: Searching for fundamental frequency if applicable.
17:35:08 PEMcoupling.py (<module>) INFO: Being picky about channels.
17:35:08 loaddata.py (get_time_series) INFO: Channel successfully extracted: L1:PEM-EX_ACC_BSC4_ETMX_X_DQ at time 1185901209 to 1185901259.0.
17:35:09 loaddata.py (get_time_series) INFO: Channel successfully extracted: L1:PEM-EX_ACC_BSC4_ETMX_Y_DQ at time 1185901209 to 1185901259.0.
17:35:10 loaddata.py (get_time_series) INFO: Channel successfully extracted: L1:PEM-EX_ACC_BSC4_ETMX_Z_DQ at time 1185901209 to 1185901259.0.
17:35:10 loaddata.py (get_time_series) INFO: Channel successfully extracted: L1:PEM-EX_ACC_EBAY_FLOOR_Z_DQ at time 1185901209 to 1185901259.0.
17:35:11 loaddata.py (get_time_series) INFO: Channel successfully extracted: L1:PEM-EX_ACC_ISCTEX_TRANS_Y_DQ at time 1185901209 to 1185901259.0.
17:35:11 loaddata.py (get_time_series) INFO: Channel successfully extracted: L1:PEM-EX_ACC_OPLEV_ETMX_Y_DQ at time 1185901209 to 1185901259.0.
17:35:12 loaddata.py (get_time_series) INFO: Channel successfully extracted: L1:PEM-EX_ACC_VEA_FLOOR_Z_DQ at time 1185901209 to 1185901259.0.
17:35:12 loaddata.py (get_time_series) INFO: Channel successfully extracted: L1:PEM-EX_MIC_EBAY_RACKS_DQ at time 1185901209 to 1185901259.0.
17:35:13 loaddata.py (get_time_series) INFO: Channel successfully extracted: L1:PEM-EX_MIC_VEA_PLUSX_DQ at time 1185901209 to 1185901259.0.
17:35:15 loaddata.py (get_time_series) INFO: Channel successfully extracted: L1:PEM-EX_ACC_BSC4_ETMX_X_DQ at time 1185912483 to 1185912533.0.
17:35:17 loaddata.py (get_time_series) INFO: Channel successfully extracted: L1:PEM-EX_ACC_BSC4_ETMX_Y_DQ at time 1185912483 to 1185912533.0.
17:35:19 loaddata.py (get_time_series) INFO: Channel successfully extracted: L1:PEM-EX_ACC_BSC4_ETMX_Z_DQ at time 1185912483 to 1185912533.0.
17:35:20 loaddata.py (get_time_series) INFO: Channel successfully extracted: L1:PEM-EX_ACC_EBAY_FLOOR_Z_DQ at time 1185912483 to 1185912533.0.
17:35:21 loaddata.py (get_time_series) INFO: Channel successfully extracted: L1:PEM-EX_ACC_ISCTEX_TRANS_Y_DQ at time 1185912483 to 1185912533.0.
17:35:22 loaddata.py (get_time_series) INFO: Channel successfully extracted: L1:PEM-EX_ACC_OPLEV_ETMX_Y_DQ at time 1185912483 to 1185912533.0.
17:35:24 loaddata.py (get_time_series) INFO: Channel successfully extracted: L1:PEM-EX_ACC_VEA_FLOOR_Z_DQ at time 1185912483 to 1185912533.0.
17:35:26 loaddata.py (get_time_series) INFO: Channel successfully extracted: L1:PEM-EX_MIC_EBAY_RACKS_DQ at time 1185912483 to 1185912533.0.
17:35:28 loaddata.py (get_time_series) INFO: Channel successfully extracted: L1:PEM-EX_MIC_VEA_PLUSX_DQ at time 1185912483 to 1185912533.0.
17:35:28 preprocess.py (reject_saturated) INFO: Channel rejected due to saturation: L1:PEM-EX_ACC_BSC4_ETMX_Z_DQ
17:35:28 preprocess.py (reject_saturated) INFO: Channel rejected due to saturation: L1:PEM-EX_ACC_OPLEV_ETMX_Y_DQ
17:35:28 preprocess.py (convert_to_ASD) INFO: Channel converted to ASD: L1:PEM-EX_ACC_BSC4_ETMX_X with FFT time 9.0 and overlap time 4.5
17:35:28 preprocess.py (convert_to_ASD) INFO: Channel converted to ASD: L1:PEM-EX_ACC_BSC4_ETMX_Y with FFT time 9.0 and overlap time 4.5
17:35:28 preprocess.py (convert_to_ASD) INFO: Channel converted to ASD: L1:PEM-EX_ACC_EBAY_FLOOR_Z with FFT time 9.0 and overlap time 4.5
17:35:28 preprocess.py (convert_to_ASD) INFO: Channel converted to ASD: L1:PEM-EX_ACC_ISCTEX_TRANS_Y with FFT time 9.0 and overlap time 4.5
17:35:28 preprocess.py (convert_to_ASD) INFO: Channel converted to ASD: L1:PEM-EX_ACC_VEA_FLOOR_Z with FFT time 9.0 and overlap time 4.5
17:35:28 preprocess.py (convert_to_ASD) INFO: Channel converted to ASD: L1:PEM-EX_MIC_EBAY_RACKS with FFT time 9.0 and overlap time 4.5
17:35:28 preprocess.py (convert_to_ASD) INFO: Channel converted to ASD: L1:PEM-EX_MIC_VEA_PLUSX with FFT time 9.0 and overlap time 4.5
17:35:28 preprocess.py (convert_to_ASD) INFO: Channel converted to ASD: L1:PEM-EX_ACC_BSC4_ETMX_X with FFT time 9.0 and overlap time 4.5
17:35:28 preprocess.py (convert_to_ASD) INFO: Channel converted to ASD: L1:PEM-EX_ACC_BSC4_ETMX_Y with FFT time 9.0 and overlap time 4.5
17:35:29 preprocess.py (convert_to_ASD) INFO: Channel converted to ASD: L1:PEM-EX_ACC_EBAY_FLOOR_Z with FFT time 9.0 and overlap time 4.5
17:35:29 preprocess.py (convert_to_ASD) INFO: Channel converted to ASD: L1:PEM-EX_ACC_ISCTEX_TRANS_Y with FFT time 9.0 and overlap time 4.5
17:35:29 preprocess.py (convert_to_ASD) INFO: Channel converted to ASD: L1:PEM-EX_ACC_VEA_FLOOR_Z with FFT time 9.0 and overlap time 4.5
17:35:29 preprocess.py (convert_to_ASD) INFO: Channel converted to ASD: L1:PEM-EX_MIC_EBAY_RACKS with FFT time 9.0 and overlap time 4.5
17:35:29 preprocess.py (convert_to_ASD) INFO: Channel converted to ASD: L1:PEM-EX_MIC_VEA_PLUSX with FFT time 9.0 and overlap time 4.5
17:35:29 preprocess.py (get_calibration_factors) INFO: Parsing calibration data for channel L1:PEM-EX_ACC_BSC4_ETMX_X.
17:35:29 preprocess.py (get_calibration_factors) INFO: Calibration factor acquired for channel L1:PEM-EX_ACC_BSC4_ETMX_X.
17:35:29 preprocess.py (get_calibration_factors) INFO: Parsing calibration data for channel L1:PEM-EX_ACC_BSC4_ETMX_Y.
17:35:29 preprocess.py (get_calibration_factors) INFO: Calibration factor acquired for channel L1:PEM-EX_ACC_BSC4_ETMX_Y.
17:35:29 preprocess.py (get_calibration_factors) INFO: Parsing calibration data for channel L1:PEM-EX_ACC_EBAY_FLOOR_Z.
17:35:29 preprocess.py (get_calibration_factors) INFO: Calibration factor acquired for channel L1:PEM-EX_ACC_EBAY_FLOOR_Z.
17:35:29 preprocess.py (get_calibration_factors) INFO: Parsing calibration data for channel L1:PEM-EX_ACC_ISCTEX_TRANS_Y.
17:35:29 preprocess.py (get_calibration_factors) INFO: Calibration factor acquired for channel L1:PEM-EX_ACC_ISCTEX_TRANS_Y.
17:35:29 preprocess.py (get_calibration_factors) INFO: Parsing calibration data for channel L1:PEM-EX_ACC_VEA_FLOOR_Z.
17:35:29 preprocess.py (get_calibration_factors) INFO: Calibration factor acquired for channel L1:PEM-EX_ACC_VEA_FLOOR_Z.
17:35:29 preprocess.py (get_calibration_factors) INFO: Parsing calibration data for channel L1:PEM-EX_MIC_EBAY_RACKS.
17:35:29 preprocess.py (get_calibration_factors) INFO: Calibration factor acquired for channel L1:PEM-EX_MIC_EBAY_RACKS.
17:35:29 preprocess.py (get_calibration_factors) INFO: Parsing calibration data for channel L1:PEM-EX_MIC_VEA_PLUSX.
17:35:29 preprocess.py (get_calibration_factors) INFO: Calibration factor acquired for channel L1:PEM-EX_MIC_VEA_PLUSX.
17:35:29 preprocess.py (calibrate_sensors) INFO: Channel calibrated: L1:PEM-EX_ACC_BSC4_ETMX_X.
17:35:29 preprocess.py (calibrate_sensors) INFO: Channel calibrated: L1:PEM-EX_ACC_BSC4_ETMX_Y.
17:35:29 preprocess.py (calibrate_sensors) INFO: Channel calibrated: L1:PEM-EX_ACC_EBAY_FLOOR_Z.
17:35:29 preprocess.py (calibrate_sensors) INFO: Channel calibrated: L1:PEM-EX_ACC_ISCTEX_TRANS_Y.
17:35:29 preprocess.py (calibrate_sensors) INFO: Channel calibrated: L1:PEM-EX_ACC_VEA_FLOOR_Z.
17:35:29 preprocess.py (calibrate_sensors) INFO: Channel calibrated: L1:PEM-EX_MIC_EBAY_RACKS.
17:35:29 preprocess.py (calibrate_sensors) INFO: Channel calibrated: L1:PEM-EX_MIC_VEA_PLUSX.
17:35:29 preprocess.py (get_calibration_factors) INFO: Parsing calibration data for channel L1:PEM-EX_ACC_BSC4_ETMX_X.
17:35:29 preprocess.py (get_calibration_factors) INFO: Calibration factor acquired for channel L1:PEM-EX_ACC_BSC4_ETMX_X.
17:35:29 preprocess.py (get_calibration_factors) INFO: Parsing calibration data for channel L1:PEM-EX_ACC_BSC4_ETMX_Y.
17:35:29 preprocess.py (get_calibration_factors) INFO: Calibration factor acquired for channel L1:PEM-EX_ACC_BSC4_ETMX_Y.
17:35:29 preprocess.py (get_calibration_factors) INFO: Parsing calibration data for channel L1:PEM-EX_ACC_EBAY_FLOOR_Z.
17:35:29 preprocess.py (get_calibration_factors) INFO: Calibration factor acquired for channel L1:PEM-EX_ACC_EBAY_FLOOR_Z.
17:35:29 preprocess.py (get_calibration_factors) INFO: Parsing calibration data for channel L1:PEM-EX_ACC_ISCTEX_TRANS_Y.
17:35:29 preprocess.py (get_calibration_factors) INFO: Calibration factor acquired for channel L1:PEM-EX_ACC_ISCTEX_TRANS_Y.
17:35:29 preprocess.py (get_calibration_factors) INFO: Parsing calibration data for channel L1:PEM-EX_ACC_VEA_FLOOR_Z.
17:35:29 preprocess.py (get_calibration_factors) INFO: Calibration factor acquired for channel L1:PEM-EX_ACC_VEA_FLOOR_Z.
17:35:29 preprocess.py (get_calibration_factors) INFO: Parsing calibration data for channel L1:PEM-EX_MIC_EBAY_RACKS.
17:35:29 preprocess.py (get_calibration_factors) INFO: Calibration factor acquired for channel L1:PEM-EX_MIC_EBAY_RACKS.
17:35:29 preprocess.py (get_calibration_factors) INFO: Parsing calibration data for channel L1:PEM-EX_MIC_VEA_PLUSX.
17:35:29 preprocess.py (get_calibration_factors) INFO: Calibration factor acquired for channel L1:PEM-EX_MIC_VEA_PLUSX.
17:35:29 preprocess.py (calibrate_sensors) INFO: Channel calibrated: L1:PEM-EX_ACC_BSC4_ETMX_X.
17:35:29 preprocess.py (calibrate_sensors) INFO: Channel calibrated: L1:PEM-EX_ACC_BSC4_ETMX_Y.
17:35:29 preprocess.py (calibrate_sensors) INFO: Channel calibrated: L1:PEM-EX_ACC_EBAY_FLOOR_Z.
17:35:29 preprocess.py (calibrate_sensors) INFO: Channel calibrated: L1:PEM-EX_ACC_ISCTEX_TRANS_Y.
17:35:29 preprocess.py (calibrate_sensors) INFO: Channel calibrated: L1:PEM-EX_ACC_VEA_FLOOR_Z.
17:35:29 preprocess.py (calibrate_sensors) INFO: Channel calibrated: L1:PEM-EX_MIC_EBAY_RACKS.
17:35:29 preprocess.py (calibrate_sensors) INFO: Channel calibrated: L1:PEM-EX_MIC_VEA_PLUSX.
17:35:32 PEMcoupling.py (<module>) INFO: Cropping ASDs to match frequencies: L1:PEM-EX_ACC_BSC4_ETMX_X.
17:35:32 PEMcoupling.py (<module>) INFO: Cropping ASDs to match frequencies: L1:PEM-EX_ACC_BSC4_ETMX_Y.
17:35:32 PEMcoupling.py (<module>) INFO: Cropping ASDs to match frequencies: L1:PEM-EX_ACC_EBAY_FLOOR_Z.
17:35:32 PEMcoupling.py (<module>) INFO: Cropping ASDs to match frequencies: L1:PEM-EX_ACC_ISCTEX_TRANS_Y.
17:35:32 PEMcoupling.py (<module>) INFO: Cropping ASDs to match frequencies: L1:PEM-EX_ACC_VEA_FLOOR_Z.
17:35:32 PEMcoupling.py (<module>) INFO: Cropping ASDs to match frequencies: L1:PEM-EX_MIC_EBAY_RACKS.
17:35:32 PEMcoupling.py (<module>) INFO: Cropping ASDs to match frequencies: L1:PEM-EX_MIC_VEA_PLUSX.
17:35:32 PEMcoupling.py (<module>) INFO: Acquiring smoothing parameters for channel L1:PEM-EX_ACC_BSC4_ETMX_X.
17:35:32 PEMcoupling.py (<module>) INFO: Acquiring smoothing parameters for channel L1:PEM-EX_ACC_BSC4_ETMX_Y.
17:35:32 PEMcoupling.py (<module>) INFO: Acquiring smoothing parameters for channel L1:PEM-EX_ACC_EBAY_FLOOR_Z.
17:35:32 PEMcoupling.py (<module>) INFO: Acquiring smoothing parameters for channel L1:PEM-EX_ACC_ISCTEX_TRANS_Y.
17:35:32 PEMcoupling.py (<module>) INFO: Acquiring smoothing parameters for channel L1:PEM-EX_ACC_VEA_FLOOR_Z.
17:35:32 PEMcoupling.py (<module>) INFO: Acquiring smoothing parameters for channel L1:PEM-EX_MIC_EBAY_RACKS.
17:35:32 PEMcoupling.py (<module>) INFO: Acquiring smoothing parameters for channel L1:PEM-EX_MIC_VEA_PLUSX.
17:35:34 PEMcoupling.py (<module>) INFO: Coupling function complete: L1:PEM-EX_ACC_BSC4_ETMX_X.
17:35:41 PEMcoupling.py (<module>) INFO: Coupling function complete: L1:PEM-EX_ACC_BSC4_ETMX_Y.
17:35:43 PEMcoupling.py (<module>) INFO: Coupling function complete: L1:PEM-EX_ACC_EBAY_FLOOR_Z.
17:35:45 PEMcoupling.py (<module>) INFO: Coupling function complete: L1:PEM-EX_ACC_ISCTEX_TRANS_Y.
17:35:46 PEMcoupling.py (<module>) INFO: Coupling function complete: L1:PEM-EX_ACC_VEA_FLOOR_Z.
17:35:50 PEMcoupling.py (<module>) INFO: Coupling function complete: L1:PEM-EX_MIC_EBAY_RACKS.
17:35:57 PEMcoupling.py (<module>) INFO: Coupling function complete: L1:PEM-EX_MIC_VEA_PLUSX.
17:36:40 PEMcoupling.py (<module>) INFO: Coupling functions saved for injection 047-EXmechdoor_Acou30to2k.
17:36:40 PEMcoupling.py (<module>) INFO: Subidrectory /home/philippe.nguyen/public_html/test/LLO/EX/EXvib/048-EXmechdoor_Acou30to2k_x2 created.
17:36:40 PEMcoupling.py (<module>) INFO: Searching for fundamental frequency if applicable.
17:36:40 PEMcoupling.py (<module>) INFO: Being picky about channels.
17:36:41 loaddata.py (get_time_series) INFO: Channel successfully extracted: L1:PEM-EX_ACC_BSC4_ETMX_X_DQ at time 1185901209 to 1185901259.0.
17:36:41 loaddata.py (get_time_series) INFO: Channel successfully extracted: L1:PEM-EX_ACC_BSC4_ETMX_Y_DQ at time 1185901209 to 1185901259.0.
17:36:42 loaddata.py (get_time_series) INFO: Channel successfully extracted: L1:PEM-EX_ACC_BSC4_ETMX_Z_DQ at time 1185901209 to 1185901259.0.
17:36:42 loaddata.py (get_time_series) INFO: Channel successfully extracted: L1:PEM-EX_ACC_EBAY_FLOOR_Z_DQ at time 1185901209 to 1185901259.0.
17:36:43 loaddata.py (get_time_series) INFO: Channel successfully extracted: L1:PEM-EX_ACC_ISCTEX_TRANS_Y_DQ at time 1185901209 to 1185901259.0.
17:36:44 loaddata.py (get_time_series) INFO: Channel successfully extracted: L1:PEM-EX_ACC_OPLEV_ETMX_Y_DQ at time 1185901209 to 1185901259.0.
17:36:44 loaddata.py (get_time_series) INFO: Channel successfully extracted: L1:PEM-EX_ACC_VEA_FLOOR_Z_DQ at time 1185901209 to 1185901259.0.
17:36:45 loaddata.py (get_time_series) INFO: Channel successfully extracted: L1:PEM-EX_MIC_EBAY_RACKS_DQ at time 1185901209 to 1185901259.0.
17:36:45 loaddata.py (get_time_series) INFO: Channel successfully extracted: L1:PEM-EX_MIC_VEA_PLUSX_DQ at time 1185901209 to 1185901259.0.
17:36:48 loaddata.py (get_time_series) INFO: Channel successfully extracted: L1:PEM-EX_ACC_BSC4_ETMX_X_DQ at time 1185912619 to 1185912669.0.
17:36:50 loaddata.py (get_time_series) INFO: Channel successfully extracted: L1:PEM-EX_ACC_BSC4_ETMX_Y_DQ at time 1185912619 to 1185912669.0.
17:36:52 loaddata.py (get_time_series) INFO: Channel successfully extracted: L1:PEM-EX_ACC_BSC4_ETMX_Z_DQ at time 1185912619 to 1185912669.0.
17:36:53 loaddata.py (get_time_series) INFO: Channel successfully extracted: L1:PEM-EX_ACC_EBAY_FLOOR_Z_DQ at time 1185912619 to 1185912669.0.
17:36:54 loaddata.py (get_time_series) INFO: Channel successfully extracted: L1:PEM-EX_ACC_ISCTEX_TRANS_Y_DQ at time 1185912619 to 1185912669.0.
17:36:56 loaddata.py (get_time_series) INFO: Channel successfully extracted: L1:PEM-EX_ACC_OPLEV_ETMX_Y_DQ at time 1185912619 to 1185912669.0.
17:36:57 loaddata.py (get_time_series) INFO: Channel successfully extracted: L1:PEM-EX_ACC_VEA_FLOOR_Z_DQ at time 1185912619 to 1185912669.0.
17:36:58 loaddata.py (get_time_series) INFO: Channel successfully extracted: L1:PEM-EX_MIC_EBAY_RACKS_DQ at time 1185912619 to 1185912669.0.
17:37:00 loaddata.py (get_time_series) INFO: Channel successfully extracted: L1:PEM-EX_MIC_VEA_PLUSX_DQ at time 1185912619 to 1185912669.0.
17:37:00 preprocess.py (reject_saturated) INFO: Channel rejected due to saturation: L1:PEM-EX_ACC_BSC4_ETMX_X_DQ
17:37:00 preprocess.py (reject_saturated) INFO: Channel rejected due to saturation: L1:PEM-EX_ACC_BSC4_ETMX_Y_DQ
17:37:00 preprocess.py (reject_saturated) INFO: Channel rejected due to saturation: L1:PEM-EX_ACC_BSC4_ETMX_Z_DQ
17:37:00 preprocess.py (reject_saturated) INFO: Channel rejected due to saturation: L1:PEM-EX_ACC_OPLEV_ETMX_Y_DQ
17:37:00 preprocess.py (convert_to_ASD) INFO: Channel converted to ASD: L1:PEM-EX_ACC_EBAY_FLOOR_Z with FFT time 9.0 and overlap time 4.5
17:37:00 preprocess.py (convert_to_ASD) INFO: Channel converted to ASD: L1:PEM-EX_ACC_ISCTEX_TRANS_Y with FFT time 9.0 and overlap time 4.5
17:37:00 preprocess.py (convert_to_ASD) INFO: Channel converted to ASD: L1:PEM-EX_ACC_VEA_FLOOR_Z with FFT time 9.0 and overlap time 4.5
17:37:00 preprocess.py (convert_to_ASD) INFO: Channel converted to ASD: L1:PEM-EX_MIC_EBAY_RACKS with FFT time 9.0 and overlap time 4.5
17:37:01 preprocess.py (convert_to_ASD) INFO: Channel converted to ASD: L1:PEM-EX_MIC_VEA_PLUSX with FFT time 9.0 and overlap time 4.5
17:37:01 preprocess.py (convert_to_ASD) INFO: Channel converted to ASD: L1:PEM-EX_ACC_EBAY_FLOOR_Z with FFT time 9.0 and overlap time 4.5
17:37:01 preprocess.py (convert_to_ASD) INFO: Channel converted to ASD: L1:PEM-EX_ACC_ISCTEX_TRANS_Y with FFT time 9.0 and overlap time 4.5
17:37:01 preprocess.py (convert_to_ASD) INFO: Channel converted to ASD: L1:PEM-EX_ACC_VEA_FLOOR_Z with FFT time 9.0 and overlap time 4.5
17:37:01 preprocess.py (convert_to_ASD) INFO: Channel converted to ASD: L1:PEM-EX_MIC_EBAY_RACKS with FFT time 9.0 and overlap time 4.5
17:37:01 preprocess.py (convert_to_ASD) INFO: Channel converted to ASD: L1:PEM-EX_MIC_VEA_PLUSX with FFT time 9.0 and overlap time 4.5
17:37:01 preprocess.py (get_calibration_factors) INFO: Parsing calibration data for channel L1:PEM-EX_ACC_EBAY_FLOOR_Z.
17:37:01 preprocess.py (get_calibration_factors) INFO: Calibration factor acquired for channel L1:PEM-EX_ACC_EBAY_FLOOR_Z.
17:37:01 preprocess.py (get_calibration_factors) INFO: Parsing calibration data for channel L1:PEM-EX_ACC_ISCTEX_TRANS_Y.
17:37:01 preprocess.py (get_calibration_factors) INFO: Calibration factor acquired for channel L1:PEM-EX_ACC_ISCTEX_TRANS_Y.
17:37:01 preprocess.py (get_calibration_factors) INFO: Parsing calibration data for channel L1:PEM-EX_ACC_VEA_FLOOR_Z.
17:37:01 preprocess.py (get_calibration_factors) INFO: Calibration factor acquired for channel L1:PEM-EX_ACC_VEA_FLOOR_Z.
17:37:01 preprocess.py (get_calibration_factors) INFO: Parsing calibration data for channel L1:PEM-EX_MIC_EBAY_RACKS.
17:37:01 preprocess.py (get_calibration_factors) INFO: Calibration factor acquired for channel L1:PEM-EX_MIC_EBAY_RACKS.
17:37:01 preprocess.py (get_calibration_factors) INFO: Parsing calibration data for channel L1:PEM-EX_MIC_VEA_PLUSX.
17:37:01 preprocess.py (get_calibration_factors) INFO: Calibration factor acquired for channel L1:PEM-EX_MIC_VEA_PLUSX.
17:37:01 preprocess.py (calibrate_sensors) INFO: Channel calibrated: L1:PEM-EX_ACC_EBAY_FLOOR_Z.
17:37:01 preprocess.py (calibrate_sensors) INFO: Channel calibrated: L1:PEM-EX_ACC_ISCTEX_TRANS_Y.
17:37:01 preprocess.py (calibrate_sensors) INFO: Channel calibrated: L1:PEM-EX_ACC_VEA_FLOOR_Z.
17:37:01 preprocess.py (calibrate_sensors) INFO: Channel calibrated: L1:PEM-EX_MIC_EBAY_RACKS.
17:37:01 preprocess.py (calibrate_sensors) INFO: Channel calibrated: L1:PEM-EX_MIC_VEA_PLUSX.
17:37:01 preprocess.py (get_calibration_factors) INFO: Parsing calibration data for channel L1:PEM-EX_ACC_EBAY_FLOOR_Z.
17:37:01 preprocess.py (get_calibration_factors) INFO: Calibration factor acquired for channel L1:PEM-EX_ACC_EBAY_FLOOR_Z.
17:37:01 preprocess.py (get_calibration_factors) INFO: Parsing calibration data for channel L1:PEM-EX_ACC_ISCTEX_TRANS_Y.
17:37:01 preprocess.py (get_calibration_factors) INFO: Calibration factor acquired for channel L1:PEM-EX_ACC_ISCTEX_TRANS_Y.
17:37:01 preprocess.py (get_calibration_factors) INFO: Parsing calibration data for channel L1:PEM-EX_ACC_VEA_FLOOR_Z.
17:37:01 preprocess.py (get_calibration_factors) INFO: Calibration factor acquired for channel L1:PEM-EX_ACC_VEA_FLOOR_Z.
17:37:01 preprocess.py (get_calibration_factors) INFO: Parsing calibration data for channel L1:PEM-EX_MIC_EBAY_RACKS.
17:37:01 preprocess.py (get_calibration_factors) INFO: Calibration factor acquired for channel L1:PEM-EX_MIC_EBAY_RACKS.
17:37:01 preprocess.py (get_calibration_factors) INFO: Parsing calibration data for channel L1:PEM-EX_MIC_VEA_PLUSX.
17:37:01 preprocess.py (get_calibration_factors) INFO: Calibration factor acquired for channel L1:PEM-EX_MIC_VEA_PLUSX.
17:37:01 preprocess.py (calibrate_sensors) INFO: Channel calibrated: L1:PEM-EX_ACC_EBAY_FLOOR_Z.
17:37:01 preprocess.py (calibrate_sensors) INFO: Channel calibrated: L1:PEM-EX_ACC_ISCTEX_TRANS_Y.
17:37:01 preprocess.py (calibrate_sensors) INFO: Channel calibrated: L1:PEM-EX_ACC_VEA_FLOOR_Z.
17:37:01 preprocess.py (calibrate_sensors) INFO: Channel calibrated: L1:PEM-EX_MIC_EBAY_RACKS.
17:37:01 preprocess.py (calibrate_sensors) INFO: Channel calibrated: L1:PEM-EX_MIC_VEA_PLUSX.
17:37:04 PEMcoupling.py (<module>) INFO: Cropping ASDs to match frequencies: L1:PEM-EX_ACC_EBAY_FLOOR_Z.
17:37:04 PEMcoupling.py (<module>) INFO: Cropping ASDs to match frequencies: L1:PEM-EX_ACC_ISCTEX_TRANS_Y.
17:37:04 PEMcoupling.py (<module>) INFO: Cropping ASDs to match frequencies: L1:PEM-EX_ACC_VEA_FLOOR_Z.
17:37:04 PEMcoupling.py (<module>) INFO: Cropping ASDs to match frequencies: L1:PEM-EX_MIC_EBAY_RACKS.
17:37:04 PEMcoupling.py (<module>) INFO: Cropping ASDs to match frequencies: L1:PEM-EX_MIC_VEA_PLUSX.
17:37:04 PEMcoupling.py (<module>) INFO: Acquiring smoothing parameters for channel L1:PEM-EX_ACC_EBAY_FLOOR_Z.
17:37:04 PEMcoupling.py (<module>) INFO: Acquiring smoothing parameters for channel L1:PEM-EX_ACC_ISCTEX_TRANS_Y.
17:37:04 PEMcoupling.py (<module>) INFO: Acquiring smoothing parameters for channel L1:PEM-EX_ACC_VEA_FLOOR_Z.
17:37:04 PEMcoupling.py (<module>) INFO: Acquiring smoothing parameters for channel L1:PEM-EX_MIC_EBAY_RACKS.
17:37:04 PEMcoupling.py (<module>) INFO: Acquiring smoothing parameters for channel L1:PEM-EX_MIC_VEA_PLUSX.
17:37:05 PEMcoupling.py (<module>) INFO: Coupling function complete: L1:PEM-EX_ACC_EBAY_FLOOR_Z.
17:37:07 PEMcoupling.py (<module>) INFO: Coupling function complete: L1:PEM-EX_ACC_ISCTEX_TRANS_Y.
17:37:09 PEMcoupling.py (<module>) INFO: Coupling function complete: L1:PEM-EX_ACC_VEA_FLOOR_Z.
17:37:13 PEMcoupling.py (<module>) INFO: Coupling function complete: L1:PEM-EX_MIC_EBAY_RACKS.
17:37:20 PEMcoupling.py (<module>) INFO: Coupling function complete: L1:PEM-EX_MIC_VEA_PLUSX.
17:37:50 PEMcoupling.py (<module>) INFO: Coupling functions saved for injection 048-EXmechdoor_Acou30to2k_x2.
17:37:50 PEMcoupling.py (<module>) INFO: Subidrectory /home/philippe.nguyen/public_html/test/LLO/EX/EXvib/049-EXmechdoor_Acou100to700 created.
17:37:50 PEMcoupling.py (<module>) INFO: Searching for fundamental frequency if applicable.
17:37:50 PEMcoupling.py (<module>) INFO: Being picky about channels.
17:37:51 loaddata.py (get_time_series) INFO: Channel successfully extracted: L1:PEM-EX_ACC_BSC4_ETMX_X_DQ at time 1185901209 to 1185901259.0.
17:37:51 loaddata.py (get_time_series) INFO: Channel successfully extracted: L1:PEM-EX_ACC_BSC4_ETMX_Y_DQ at time 1185901209 to 1185901259.0.
17:37:52 loaddata.py (get_time_series) INFO: Channel successfully extracted: L1:PEM-EX_ACC_BSC4_ETMX_Z_DQ at time 1185901209 to 1185901259.0.
17:37:53 loaddata.py (get_time_series) INFO: Channel successfully extracted: L1:PEM-EX_ACC_EBAY_FLOOR_Z_DQ at time 1185901209 to 1185901259.0.
17:37:53 loaddata.py (get_time_series) INFO: Channel successfully extracted: L1:PEM-EX_ACC_ISCTEX_TRANS_Y_DQ at time 1185901209 to 1185901259.0.
17:37:54 loaddata.py (get_time_series) INFO: Channel successfully extracted: L1:PEM-EX_ACC_OPLEV_ETMX_Y_DQ at time 1185901209 to 1185901259.0.
17:37:54 loaddata.py (get_time_series) INFO: Channel successfully extracted: L1:PEM-EX_ACC_VEA_FLOOR_Z_DQ at time 1185901209 to 1185901259.0.
17:37:55 loaddata.py (get_time_series) INFO: Channel successfully extracted: L1:PEM-EX_MIC_EBAY_RACKS_DQ at time 1185901209 to 1185901259.0.
17:37:55 loaddata.py (get_time_series) INFO: Channel successfully extracted: L1:PEM-EX_MIC_VEA_PLUSX_DQ at time 1185901209 to 1185901259.0.
17:37:57 loaddata.py (get_time_series) INFO: Channel successfully extracted: L1:PEM-EX_ACC_BSC4_ETMX_X_DQ at time 1185912832 to 1185912882.0.
17:37:58 loaddata.py (get_time_series) INFO: Channel successfully extracted: L1:PEM-EX_ACC_BSC4_ETMX_Y_DQ at time 1185912832 to 1185912882.0.
17:37:59 loaddata.py (get_time_series) INFO: Channel successfully extracted: L1:PEM-EX_ACC_BSC4_ETMX_Z_DQ at time 1185912832 to 1185912882.0.
17:38:00 loaddata.py (get_time_series) INFO: Channel successfully extracted: L1:PEM-EX_ACC_EBAY_FLOOR_Z_DQ at time 1185912832 to 1185912882.0.
17:38:01 loaddata.py (get_time_series) INFO: Channel successfully extracted: L1:PEM-EX_ACC_ISCTEX_TRANS_Y_DQ at time 1185912832 to 1185912882.0.
17:38:02 loaddata.py (get_time_series) INFO: Channel successfully extracted: L1:PEM-EX_ACC_OPLEV_ETMX_Y_DQ at time 1185912832 to 1185912882.0.
17:38:03 loaddata.py (get_time_series) INFO: Channel successfully extracted: L1:PEM-EX_ACC_VEA_FLOOR_Z_DQ at time 1185912832 to 1185912882.0.
17:38:04 loaddata.py (get_time_series) INFO: Channel successfully extracted: L1:PEM-EX_MIC_EBAY_RACKS_DQ at time 1185912832 to 1185912882.0.
17:38:06 loaddata.py (get_time_series) INFO: Channel successfully extracted: L1:PEM-EX_MIC_VEA_PLUSX_DQ at time 1185912832 to 1185912882.0.
17:38:06 preprocess.py (reject_saturated) INFO: Channel rejected due to saturation: L1:PEM-EX_ACC_BSC4_ETMX_X_DQ
17:38:06 preprocess.py (reject_saturated) INFO: Channel rejected due to saturation: L1:PEM-EX_ACC_BSC4_ETMX_Y_DQ
17:38:06 preprocess.py (reject_saturated) INFO: Channel rejected due to saturation: L1:PEM-EX_ACC_BSC4_ETMX_Z_DQ
17:38:06 preprocess.py (reject_saturated) INFO: Channel rejected due to saturation: L1:PEM-EX_ACC_EBAY_FLOOR_Z_DQ
17:38:06 preprocess.py (reject_saturated) INFO: Channel rejected due to saturation: L1:PEM-EX_ACC_ISCTEX_TRANS_Y_DQ
17:38:06 preprocess.py (reject_saturated) INFO: Channel rejected due to saturation: L1:PEM-EX_ACC_OPLEV_ETMX_Y_DQ
17:38:06 preprocess.py (reject_saturated) INFO: Channel rejected due to saturation: L1:PEM-EX_ACC_VEA_FLOOR_Z_DQ
17:38:06 preprocess.py (convert_to_ASD) INFO: Channel converted to ASD: L1:PEM-EX_MIC_EBAY_RACKS with FFT time 9.0 and overlap time 4.5
17:38:06 preprocess.py (convert_to_ASD) INFO: Channel converted to ASD: L1:PEM-EX_MIC_VEA_PLUSX with FFT time 9.0 and overlap time 4.5
17:38:06 preprocess.py (convert_to_ASD) INFO: Channel converted to ASD: L1:PEM-EX_MIC_EBAY_RACKS with FFT time 9.0 and overlap time 4.5
17:38:06 preprocess.py (convert_to_ASD) INFO: Channel converted to ASD: L1:PEM-EX_MIC_VEA_PLUSX with FFT time 9.0 and overlap time 4.5
17:38:06 preprocess.py (get_calibration_factors) INFO: Parsing calibration data for channel L1:PEM-EX_MIC_EBAY_RACKS.
17:38:06 preprocess.py (get_calibration_factors) INFO: Calibration factor acquired for channel L1:PEM-EX_MIC_EBAY_RACKS.
17:38:06 preprocess.py (get_calibration_factors) INFO: Parsing calibration data for channel L1:PEM-EX_MIC_VEA_PLUSX.
17:38:06 preprocess.py (get_calibration_factors) INFO: Calibration factor acquired for channel L1:PEM-EX_MIC_VEA_PLUSX.
17:38:06 preprocess.py (calibrate_sensors) INFO: Channel calibrated: L1:PEM-EX_MIC_EBAY_RACKS.
17:38:06 preprocess.py (calibrate_sensors) INFO: Channel calibrated: L1:PEM-EX_MIC_VEA_PLUSX.
17:38:06 preprocess.py (get_calibration_factors) INFO: Parsing calibration data for channel L1:PEM-EX_MIC_EBAY_RACKS.
17:38:06 preprocess.py (get_calibration_factors) INFO: Calibration factor acquired for channel L1:PEM-EX_MIC_EBAY_RACKS.
17:38:06 preprocess.py (get_calibration_factors) INFO: Parsing calibration data for channel L1:PEM-EX_MIC_VEA_PLUSX.
17:38:06 preprocess.py (get_calibration_factors) INFO: Calibration factor acquired for channel L1:PEM-EX_MIC_VEA_PLUSX.
17:38:06 preprocess.py (calibrate_sensors) INFO: Channel calibrated: L1:PEM-EX_MIC_EBAY_RACKS.
17:38:06 preprocess.py (calibrate_sensors) INFO: Channel calibrated: L1:PEM-EX_MIC_VEA_PLUSX.
17:38:08 PEMcoupling.py (<module>) INFO: Cropping ASDs to match frequencies: L1:PEM-EX_MIC_EBAY_RACKS.
17:38:08 PEMcoupling.py (<module>) INFO: Cropping ASDs to match frequencies: L1:PEM-EX_MIC_VEA_PLUSX.
17:38:08 PEMcoupling.py (<module>) INFO: Acquiring smoothing parameters for channel L1:PEM-EX_MIC_EBAY_RACKS.
17:38:08 PEMcoupling.py (<module>) INFO: Acquiring smoothing parameters for channel L1:PEM-EX_MIC_VEA_PLUSX.
17:38:12 PEMcoupling.py (<module>) INFO: Coupling function complete: L1:PEM-EX_MIC_EBAY_RACKS.
17:38:17 PEMcoupling.py (<module>) INFO: Coupling function complete: L1:PEM-EX_MIC_VEA_PLUSX.
17:38:29 PEMcoupling.py (<module>) INFO: Coupling functions saved for injection 049-EXmechdoor_Acou100to700.
17:38:29 PEMcoupling.py (<module>) INFO: Subidrectory /home/philippe.nguyen/public_html/test/LLO/EX/EXvib/052-EXebay_Acou30to2k created.
17:38:29 PEMcoupling.py (<module>) INFO: Searching for fundamental frequency if applicable.
17:38:29 PEMcoupling.py (<module>) INFO: Being picky about channels.
17:38:29 loaddata.py (get_time_series) INFO: Channel successfully extracted: L1:PEM-EX_ACC_EBAY_FLOOR_Z_DQ at time 1185901209 to 1185901259.0.
17:38:30 loaddata.py (get_time_series) INFO: Channel successfully extracted: L1:PEM-EX_MIC_EBAY_RACKS_DQ at time 1185901209 to 1185901259.0.
17:38:34 loaddata.py (get_time_series) INFO: Channel successfully extracted: L1:PEM-EX_ACC_EBAY_FLOOR_Z_DQ at time 1185914646 to 1185914696.0.
17:38:37 loaddata.py (get_time_series) INFO: Channel successfully extracted: L1:PEM-EX_MIC_EBAY_RACKS_DQ at time 1185914646 to 1185914696.0.
17:38:37 preprocess.py (convert_to_ASD) INFO: Channel converted to ASD: L1:PEM-EX_ACC_EBAY_FLOOR_Z with FFT time 9.0 and overlap time 4.5
17:38:37 preprocess.py (convert_to_ASD) INFO: Channel converted to ASD: L1:PEM-EX_MIC_EBAY_RACKS with FFT time 9.0 and overlap time 4.5
17:38:37 preprocess.py (convert_to_ASD) INFO: Channel converted to ASD: L1:PEM-EX_ACC_EBAY_FLOOR_Z with FFT time 9.0 and overlap time 4.5
17:38:37 preprocess.py (convert_to_ASD) INFO: Channel converted to ASD: L1:PEM-EX_MIC_EBAY_RACKS with FFT time 9.0 and overlap time 4.5
17:38:37 preprocess.py (get_calibration_factors) INFO: Parsing calibration data for channel L1:PEM-EX_ACC_EBAY_FLOOR_Z.
17:38:37 preprocess.py (get_calibration_factors) INFO: Calibration factor acquired for channel L1:PEM-EX_ACC_EBAY_FLOOR_Z.
17:38:37 preprocess.py (get_calibration_factors) INFO: Parsing calibration data for channel L1:PEM-EX_MIC_EBAY_RACKS.
17:38:37 preprocess.py (get_calibration_factors) INFO: Calibration factor acquired for channel L1:PEM-EX_MIC_EBAY_RACKS.
17:38:37 preprocess.py (calibrate_sensors) INFO: Channel calibrated: L1:PEM-EX_ACC_EBAY_FLOOR_Z.
17:38:37 preprocess.py (calibrate_sensors) INFO: Channel calibrated: L1:PEM-EX_MIC_EBAY_RACKS.
17:38:37 preprocess.py (get_calibration_factors) INFO: Parsing calibration data for channel L1:PEM-EX_ACC_EBAY_FLOOR_Z.
17:38:37 preprocess.py (get_calibration_factors) INFO: Calibration factor acquired for channel L1:PEM-EX_ACC_EBAY_FLOOR_Z.
17:38:37 preprocess.py (get_calibration_factors) INFO: Parsing calibration data for channel L1:PEM-EX_MIC_EBAY_RACKS.
17:38:37 preprocess.py (get_calibration_factors) INFO: Calibration factor acquired for channel L1:PEM-EX_MIC_EBAY_RACKS.
17:38:37 preprocess.py (calibrate_sensors) INFO: Channel calibrated: L1:PEM-EX_ACC_EBAY_FLOOR_Z.
17:38:37 preprocess.py (calibrate_sensors) INFO: Channel calibrated: L1:PEM-EX_MIC_EBAY_RACKS.
17:38:42 PEMcoupling.py (<module>) INFO: Cropping ASDs to match frequencies: L1:PEM-EX_ACC_EBAY_FLOOR_Z.
17:38:42 PEMcoupling.py (<module>) INFO: Cropping ASDs to match frequencies: L1:PEM-EX_MIC_EBAY_RACKS.
17:38:42 PEMcoupling.py (<module>) INFO: Acquiring smoothing parameters for channel L1:PEM-EX_ACC_EBAY_FLOOR_Z.
17:38:42 PEMcoupling.py (<module>) INFO: Acquiring smoothing parameters for channel L1:PEM-EX_MIC_EBAY_RACKS.
17:38:44 PEMcoupling.py (<module>) INFO: Coupling function complete: L1:PEM-EX_ACC_EBAY_FLOOR_Z.
17:38:49 PEMcoupling.py (<module>) INFO: Coupling function complete: L1:PEM-EX_MIC_EBAY_RACKS.
17:39:01 PEMcoupling.py (<module>) INFO: Coupling functions saved for injection 052-EXebay_Acou30to2k.
17:39:01 PEMcoupling.py (<module>) INFO: Subidrectory /home/philippe.nguyen/public_html/test/LLO/EX/EXvib/053-EXebay_Acou100to2k created.
17:39:01 PEMcoupling.py (<module>) INFO: Searching for fundamental frequency if applicable.
17:39:01 PEMcoupling.py (<module>) INFO: Being picky about channels.
17:39:02 loaddata.py (get_time_series) INFO: Channel successfully extracted: L1:PEM-EX_ACC_EBAY_FLOOR_Z_DQ at time 1185901209 to 1185901259.0.
17:39:02 loaddata.py (get_time_series) INFO: Channel successfully extracted: L1:PEM-EX_MIC_EBAY_RACKS_DQ at time 1185901209 to 1185901259.0.
17:39:04 loaddata.py (get_time_series) INFO: Channel successfully extracted: L1:PEM-EX_ACC_EBAY_FLOOR_Z_DQ at time 1185914817 to 1185914867.0.
17:39:05 loaddata.py (get_time_series) INFO: Channel successfully extracted: L1:PEM-EX_MIC_EBAY_RACKS_DQ at time 1185914817 to 1185914867.0.
17:39:05 preprocess.py (convert_to_ASD) INFO: Channel converted to ASD: L1:PEM-EX_ACC_EBAY_FLOOR_Z with FFT time 9.0 and overlap time 4.5
17:39:05 preprocess.py (convert_to_ASD) INFO: Channel converted to ASD: L1:PEM-EX_MIC_EBAY_RACKS with FFT time 9.0 and overlap time 4.5
17:39:05 preprocess.py (convert_to_ASD) INFO: Channel converted to ASD: L1:PEM-EX_ACC_EBAY_FLOOR_Z with FFT time 9.0 and overlap time 4.5
17:39:05 preprocess.py (convert_to_ASD) INFO: Channel converted to ASD: L1:PEM-EX_MIC_EBAY_RACKS with FFT time 9.0 and overlap time 4.5
17:39:05 preprocess.py (get_calibration_factors) INFO: Parsing calibration data for channel L1:PEM-EX_ACC_EBAY_FLOOR_Z.
17:39:05 preprocess.py (get_calibration_factors) INFO: Calibration factor acquired for channel L1:PEM-EX_ACC_EBAY_FLOOR_Z.
17:39:05 preprocess.py (get_calibration_factors) INFO: Parsing calibration data for channel L1:PEM-EX_MIC_EBAY_RACKS.
17:39:05 preprocess.py (get_calibration_factors) INFO: Calibration factor acquired for channel L1:PEM-EX_MIC_EBAY_RACKS.
17:39:05 preprocess.py (calibrate_sensors) INFO: Channel calibrated: L1:PEM-EX_ACC_EBAY_FLOOR_Z.
17:39:05 preprocess.py (calibrate_sensors) INFO: Channel calibrated: L1:PEM-EX_MIC_EBAY_RACKS.
17:39:05 preprocess.py (get_calibration_factors) INFO: Parsing calibration data for channel L1:PEM-EX_ACC_EBAY_FLOOR_Z.
17:39:05 preprocess.py (get_calibration_factors) INFO: Calibration factor acquired for channel L1:PEM-EX_ACC_EBAY_FLOOR_Z.
17:39:05 preprocess.py (get_calibration_factors) INFO: Parsing calibration data for channel L1:PEM-EX_MIC_EBAY_RACKS.
17:39:05 preprocess.py (get_calibration_factors) INFO: Calibration factor acquired for channel L1:PEM-EX_MIC_EBAY_RACKS.
17:39:05 preprocess.py (calibrate_sensors) INFO: Channel calibrated: L1:PEM-EX_ACC_EBAY_FLOOR_Z.
17:39:05 preprocess.py (calibrate_sensors) INFO: Channel calibrated: L1:PEM-EX_MIC_EBAY_RACKS.
17:39:08 PEMcoupling.py (<module>) INFO: Cropping ASDs to match frequencies: L1:PEM-EX_ACC_EBAY_FLOOR_Z.
17:39:08 PEMcoupling.py (<module>) INFO: Cropping ASDs to match frequencies: L1:PEM-EX_MIC_EBAY_RACKS.
17:39:08 PEMcoupling.py (<module>) INFO: Acquiring smoothing parameters for channel L1:PEM-EX_ACC_EBAY_FLOOR_Z.
17:39:08 PEMcoupling.py (<module>) INFO: Acquiring smoothing parameters for channel L1:PEM-EX_MIC_EBAY_RACKS.
17:39:10 PEMcoupling.py (<module>) INFO: Coupling function complete: L1:PEM-EX_ACC_EBAY_FLOOR_Z.
17:39:17 PEMcoupling.py (<module>) INFO: Coupling function complete: L1:PEM-EX_MIC_EBAY_RACKS.
17:39:29 PEMcoupling.py (<module>) INFO: Coupling functions saved for injection 053-EXebay_Acou100to2k.
17:39:29 loaddata.py (get_gwinc) INFO: Importing GWINC data.
17:39:29 loaddata.py (get_gwinc) INFO: Successfully imported GWINC data.
