12:30:37 PEMcoupling.py (<module>) INFO: Importing PEM coupling packages.
12:30:48 getparams.py (get_arg_params) INFO: Parsing arguments.
12:30:48 getparams.py (get_config_params) INFO: Opening config file.
12:30:48 getparams.py (get_config_params) INFO: Checking if missing/empty config file.
12:30:48 getparams.py (get_config_params) INFO: Parsing numerical and boolean config options.
12:30:48 PEMcoupling.py (<module>) INFO: Separating config dictionary by section.
12:30:48 PEMcoupling.py (<module>) INFO: Handling conflicts between config options and command line options.
12:30:48 PEMcoupling.py (<module>) INFO: Reading in channel list given in config file.
12:30:48 getparams.py (get_channel_names) INFO: Opening channel list file.
12:30:48 getparams.py (get_channel_list) INFO: Performing channel search.
12:30:48 PEMcoupling.py (<module>) INFO: Creating injection table.
12:30:48 getparams.py (get_times) INFO: Getting DTT files from command line input.
12:30:48 getparams.py (get_times) INFO: List of DTT files created.
12:30:48 getparams.py (get_times_DTT) INFO: Reading DTT files for times.
12:30:55 getparams.py (get_times_DTT) INFO: Finished reading DTTs.
12:30:55 PEMcoupling.py (<module>) INFO: Reporting injection results.
12:30:55 PEMcoupling.py (<module>) INFO: Calculating FFT parameters.
12:30:55 getparams.py (get_FFT_params) INFO: Duration given; determining overlap time and bandwidth.
12:30:55 getparams.py (get_FFT_params) INFO: FFT parameters acquired.
12:30:55 PEMcoupling.py (<module>) INFO: Converting smoothing parameters to frequency bins based on bandwidth.
12:30:55 PEMcoupling.py (<module>) INFO: Beginning to loop over injections.
12:30:55 PEMcoupling.py (<module>) INFO: Subidrectory /home/philippe.nguyen/public_html/test/LHO/CS/CSvib/006CSacousticFarOutputOptics30to1k created.
12:30:55 PEMcoupling.py (<module>) INFO: Searching for fundamental frequency if applicable.
12:30:55 PEMcoupling.py (<module>) INFO: Being picky about channels.
12:31:02 loaddata.py (get_time_series) INFO: Channel successfully extracted: H1:PEM-CS_ACC_BSC1_ITMY_X_DQ at time 1185727588 to 1185727638.0.
12:31:08 loaddata.py (get_time_series) INFO: Channel successfully extracted: H1:PEM-CS_ACC_BSC1_ITMY_X_DQ at time 1185732574 to 1185732624.0.
12:31:08 preprocess.py (reject_saturated) INFO: Channel rejected due to saturation: H1:PEM-CS_ACC_BSC1_ITMY_X_DQ
12:31:08 PEMcoupling.py (<module>) INFO: Searching for fundamental frequency if applicable.
12:31:08 PEMcoupling.py (<module>) INFO: Being picky about channels.
12:31:08 loaddata.py (get_time_series) INFO: Channel successfully extracted: H1:PEM-CS_ACC_BSC1_ITMY_X_DQ at time 1185727588 to 1185727638.0.
12:31:10 loaddata.py (get_time_series) INFO: Channel successfully extracted: H1:PEM-CS_ACC_BSC1_ITMY_X_DQ at time 1185737302 to 1185737352.0.
12:31:10 preprocess.py (convert_to_ASD) INFO: Channel converted to ASD: H1:PEM-CS_ACC_BSC1_ITMY_X with FFT time 9.0 and overlap time 4.5
12:31:10 preprocess.py (convert_to_ASD) INFO: Channel converted to ASD: H1:PEM-CS_ACC_BSC1_ITMY_X with FFT time 9.0 and overlap time 4.5
