00:01:25 PEMcoupling.py (<module>) INFO: Importing PEM coupling packages.
00:01:28 getparams.py (get_arg_params) INFO: Parsing arguments.
00:01:28 getparams.py (get_config_params) INFO: Opening config file.
00:01:28 getparams.py (get_config_params) INFO: Checking if missing/empty config file.
00:01:28 getparams.py (get_config_params) INFO: Parsing numerical and boolean config options.
00:01:28 PEMcoupling.py (<module>) INFO: Separating config dictionary by section.
00:01:28 PEMcoupling.py (<module>) INFO: Handling conflicts between config options and command line options.
00:01:28 PEMcoupling.py (<module>) INFO: Reading in channel list given in config file.
00:01:28 getparams.py (get_channel_names) INFO: Opening channel list file.
00:01:28 getparams.py (get_channel_list) INFO: Performing channel search.
00:01:28 PEMcoupling.py (<module>) INFO: Creating injection table.
00:01:28 getparams.py (get_times) INFO: Getting DTT files from command line input.
00:01:28 getparams.py (get_times) INFO: List of DTT files created.
00:01:28 getparams.py (get_times_DTT) INFO: Reading DTT files for times.
00:01:31 getparams.py (get_times_DTT) INFO: Finished reading DTTs.
00:01:31 PEMcoupling.py (<module>) INFO: Reporting injection results.
00:01:31 PEMcoupling.py (<module>) INFO: Calculating FFT parameters.
00:01:31 getparams.py (get_FFT_params) INFO: Duration given; determining overlap time and bandwidth.
00:01:31 getparams.py (get_FFT_params) INFO: FFT parameters acquired.
00:01:31 PEMcoupling.py (<module>) INFO: Converting smoothing parameters to frequency bins based on bandwidth.
00:01:31 PEMcoupling.py (<module>) INFO: Beginning to loop over injections.
00:01:31 PEMcoupling.py (<module>) INFO: Searching for fundamental frequency if applicable.
00:01:31 getparams.py (freq_search) INFO: Fundamental frequency found: 7 Hz.
00:01:31 PEMcoupling.py (<module>) INFO: Being picky about channels.
00:01:32 loaddata.py (get_time_series) INFO: Channel successfully extracted: H1:PEM-CS_MAG_LVEA_OUTPUTOPTICS_X_DQ at time 1185815495 to 1185815635.0.
00:01:33 loaddata.py (get_time_series) INFO: Channel successfully extracted: H1:PEM-CS_MAG_LVEA_OUTPUTOPTICS_Y_DQ at time 1185815495 to 1185815635.0.
00:01:33 loaddata.py (get_time_series) INFO: Channel successfully extracted: H1:PEM-CS_MAG_LVEA_OUTPUTOPTICS_Z_DQ at time 1185815495 to 1185815635.0.
00:01:34 loaddata.py (get_time_series) INFO: Channel successfully extracted: H1:PEM-CS_MAG_LVEA_OUTPUTOPTICS_X_DQ at time 1185816671 to 1185816811.0.
00:01:34 loaddata.py (get_time_series) INFO: Channel successfully extracted: H1:PEM-CS_MAG_LVEA_OUTPUTOPTICS_Y_DQ at time 1185816671 to 1185816811.0.
00:01:35 loaddata.py (get_time_series) INFO: Channel successfully extracted: H1:PEM-CS_MAG_LVEA_OUTPUTOPTICS_Z_DQ at time 1185816671 to 1185816811.0.
00:01:35 preprocess.py (convert_to_ASD) INFO: Channel converted to ASD: H1:PEM-CS_MAG_LVEA_OUTPUTOPTICS_X with FFT time 25.0 and overlap time 12.5
00:01:35 preprocess.py (convert_to_ASD) INFO: Channel converted to ASD: H1:PEM-CS_MAG_LVEA_OUTPUTOPTICS_Y with FFT time 25.0 and overlap time 12.5
00:01:35 preprocess.py (convert_to_ASD) INFO: Channel converted to ASD: H1:PEM-CS_MAG_LVEA_OUTPUTOPTICS_Z with FFT time 25.0 and overlap time 12.5
00:01:35 preprocess.py (convert_to_ASD) INFO: Channel converted to ASD: H1:PEM-CS_MAG_LVEA_OUTPUTOPTICS_X with FFT time 25.0 and overlap time 12.5
00:01:36 preprocess.py (convert_to_ASD) INFO: Channel converted to ASD: H1:PEM-CS_MAG_LVEA_OUTPUTOPTICS_Y with FFT time 25.0 and overlap time 12.5
00:01:36 preprocess.py (convert_to_ASD) INFO: Channel converted to ASD: H1:PEM-CS_MAG_LVEA_OUTPUTOPTICS_Z with FFT time 25.0 and overlap time 12.5
00:01:36 preprocess.py (get_calibration_factors) INFO: Parsing calibration data for channel H1:PEM-CS_MAG_LVEA_OUTPUTOPTICS_X.
00:01:36 preprocess.py (get_calibration_factors) INFO: Calibration factor acquired for channel H1:PEM-CS_MAG_LVEA_OUTPUTOPTICS_X.
00:01:36 preprocess.py (get_calibration_factors) INFO: Parsing calibration data for channel H1:PEM-CS_MAG_LVEA_OUTPUTOPTICS_Y.
00:01:36 preprocess.py (get_calibration_factors) INFO: Calibration factor acquired for channel H1:PEM-CS_MAG_LVEA_OUTPUTOPTICS_Y.
00:01:36 preprocess.py (get_calibration_factors) INFO: Parsing calibration data for channel H1:PEM-CS_MAG_LVEA_OUTPUTOPTICS_Z.
00:01:36 preprocess.py (get_calibration_factors) INFO: Calibration factor acquired for channel H1:PEM-CS_MAG_LVEA_OUTPUTOPTICS_Z.
00:01:36 preprocess.py (calibrate_sensors) INFO: Channel calibrated: H1:PEM-CS_MAG_LVEA_OUTPUTOPTICS_X.
00:01:36 preprocess.py (calibrate_sensors) INFO: Channel calibrated: H1:PEM-CS_MAG_LVEA_OUTPUTOPTICS_Y.
00:01:36 preprocess.py (calibrate_sensors) INFO: Channel calibrated: H1:PEM-CS_MAG_LVEA_OUTPUTOPTICS_Z.
00:01:36 preprocess.py (get_calibration_factors) INFO: Parsing calibration data for channel H1:PEM-CS_MAG_LVEA_OUTPUTOPTICS_X.
00:01:36 preprocess.py (get_calibration_factors) INFO: Calibration factor acquired for channel H1:PEM-CS_MAG_LVEA_OUTPUTOPTICS_X.
00:01:36 preprocess.py (get_calibration_factors) INFO: Parsing calibration data for channel H1:PEM-CS_MAG_LVEA_OUTPUTOPTICS_Y.
00:01:36 preprocess.py (get_calibration_factors) INFO: Calibration factor acquired for channel H1:PEM-CS_MAG_LVEA_OUTPUTOPTICS_Y.
00:01:36 preprocess.py (get_calibration_factors) INFO: Parsing calibration data for channel H1:PEM-CS_MAG_LVEA_OUTPUTOPTICS_Z.
00:01:36 preprocess.py (get_calibration_factors) INFO: Calibration factor acquired for channel H1:PEM-CS_MAG_LVEA_OUTPUTOPTICS_Z.
00:01:36 preprocess.py (calibrate_sensors) INFO: Channel calibrated: H1:PEM-CS_MAG_LVEA_OUTPUTOPTICS_X.
00:01:36 preprocess.py (calibrate_sensors) INFO: Channel calibrated: H1:PEM-CS_MAG_LVEA_OUTPUTOPTICS_Y.
00:01:36 preprocess.py (calibrate_sensors) INFO: Channel calibrated: H1:PEM-CS_MAG_LVEA_OUTPUTOPTICS_Z.
00:01:36 preprocess.py (quad_sum_ASD) INFO: Generating quad sum ASD for H1:PEM-CS_MAG_LVEA_OUTPUTOPTICS_XYZ.
00:01:36 preprocess.py (quad_sum_ASD) INFO: Generating quad sum ASD for H1:PEM-CS_MAG_LVEA_OUTPUTOPTICS_XYZ.
00:01:38 PEMcoupling.py (<module>) INFO: Cropping ASDs to match frequencies: H1:PEM-CS_MAG_LVEA_OUTPUTOPTICS_X.
00:01:38 PEMcoupling.py (<module>) INFO: Cropping ASDs to match frequencies: H1:PEM-CS_MAG_LVEA_OUTPUTOPTICS_XYZ.
00:01:38 PEMcoupling.py (<module>) INFO: Cropping ASDs to match frequencies: H1:PEM-CS_MAG_LVEA_OUTPUTOPTICS_Y.
00:01:38 PEMcoupling.py (<module>) INFO: Cropping ASDs to match frequencies: H1:PEM-CS_MAG_LVEA_OUTPUTOPTICS_Z.
00:01:38 PEMcoupling.py (<module>) INFO: Acquiring smoothing parameters for channel H1:PEM-CS_MAG_LVEA_OUTPUTOPTICS_X.
00:01:38 PEMcoupling.py (<module>) INFO: Acquiring smoothing parameters for channel H1:PEM-CS_MAG_LVEA_OUTPUTOPTICS_XYZ.
00:01:38 PEMcoupling.py (<module>) INFO: Acquiring smoothing parameters for channel H1:PEM-CS_MAG_LVEA_OUTPUTOPTICS_Y.
00:01:38 PEMcoupling.py (<module>) INFO: Acquiring smoothing parameters for channel H1:PEM-CS_MAG_LVEA_OUTPUTOPTICS_Z.
00:01:40 PEMcoupling.py (<module>) INFO: Coupling function complete: H1:PEM-CS_MAG_LVEA_OUTPUTOPTICS_X.
00:01:41 PEMcoupling.py (<module>) INFO: Coupling function complete: H1:PEM-CS_MAG_LVEA_OUTPUTOPTICS_XYZ.
00:01:43 PEMcoupling.py (<module>) INFO: Coupling function complete: H1:PEM-CS_MAG_LVEA_OUTPUTOPTICS_Y.
00:01:45 PEMcoupling.py (<module>) INFO: Coupling function complete: H1:PEM-CS_MAG_LVEA_OUTPUTOPTICS_Z.
00:02:08 PEMcoupling.py (<module>) INFO: Coupling functions saved for injection 013CSmagYman7Hzramp.
00:02:08 PEMcoupling.py (<module>) INFO: Searching for fundamental frequency if applicable.
00:02:08 getparams.py (freq_search) INFO: Fundamental frequency found: 51 Hz.
00:02:08 PEMcoupling.py (<module>) INFO: Being picky about channels.
00:02:09 loaddata.py (get_time_series) INFO: Channel successfully extracted: H1:PEM-CS_MAG_LVEA_OUTPUTOPTICS_X_DQ at time 1185815495 to 1185815635.0.
00:02:09 loaddata.py (get_time_series) INFO: Channel successfully extracted: H1:PEM-CS_MAG_LVEA_OUTPUTOPTICS_Y_DQ at time 1185815495 to 1185815635.0.
00:02:10 loaddata.py (get_time_series) INFO: Channel successfully extracted: H1:PEM-CS_MAG_LVEA_OUTPUTOPTICS_Z_DQ at time 1185815495 to 1185815635.0.
00:02:10 loaddata.py (get_time_series) INFO: Channel successfully extracted: H1:PEM-CS_MAG_LVEA_OUTPUTOPTICS_X_DQ at time 1185820417 to 1185820557.0.
00:02:11 loaddata.py (get_time_series) INFO: Channel successfully extracted: H1:PEM-CS_MAG_LVEA_OUTPUTOPTICS_Y_DQ at time 1185820417 to 1185820557.0.
00:02:13 loaddata.py (get_time_series) INFO: Channel successfully extracted: H1:PEM-CS_MAG_LVEA_OUTPUTOPTICS_Z_DQ at time 1185820417 to 1185820557.0.
00:02:14 preprocess.py (convert_to_ASD) INFO: Channel converted to ASD: H1:PEM-CS_MAG_LVEA_OUTPUTOPTICS_X with FFT time 25.0 and overlap time 12.5
00:02:14 preprocess.py (convert_to_ASD) INFO: Channel converted to ASD: H1:PEM-CS_MAG_LVEA_OUTPUTOPTICS_Y with FFT time 25.0 and overlap time 12.5
00:02:14 preprocess.py (convert_to_ASD) INFO: Channel converted to ASD: H1:PEM-CS_MAG_LVEA_OUTPUTOPTICS_Z with FFT time 25.0 and overlap time 12.5
00:02:14 preprocess.py (convert_to_ASD) INFO: Channel converted to ASD: H1:PEM-CS_MAG_LVEA_OUTPUTOPTICS_X with FFT time 25.0 and overlap time 12.5
00:02:14 preprocess.py (convert_to_ASD) INFO: Channel converted to ASD: H1:PEM-CS_MAG_LVEA_OUTPUTOPTICS_Y with FFT time 25.0 and overlap time 12.5
00:02:14 preprocess.py (convert_to_ASD) INFO: Channel converted to ASD: H1:PEM-CS_MAG_LVEA_OUTPUTOPTICS_Z with FFT time 25.0 and overlap time 12.5
00:02:14 preprocess.py (get_calibration_factors) INFO: Parsing calibration data for channel H1:PEM-CS_MAG_LVEA_OUTPUTOPTICS_X.
00:02:14 preprocess.py (get_calibration_factors) INFO: Calibration factor acquired for channel H1:PEM-CS_MAG_LVEA_OUTPUTOPTICS_X.
00:02:14 preprocess.py (get_calibration_factors) INFO: Parsing calibration data for channel H1:PEM-CS_MAG_LVEA_OUTPUTOPTICS_Y.
00:02:14 preprocess.py (get_calibration_factors) INFO: Calibration factor acquired for channel H1:PEM-CS_MAG_LVEA_OUTPUTOPTICS_Y.
00:02:14 preprocess.py (get_calibration_factors) INFO: Parsing calibration data for channel H1:PEM-CS_MAG_LVEA_OUTPUTOPTICS_Z.
00:02:14 preprocess.py (get_calibration_factors) INFO: Calibration factor acquired for channel H1:PEM-CS_MAG_LVEA_OUTPUTOPTICS_Z.
00:02:14 preprocess.py (calibrate_sensors) INFO: Channel calibrated: H1:PEM-CS_MAG_LVEA_OUTPUTOPTICS_X.
00:02:14 preprocess.py (calibrate_sensors) INFO: Channel calibrated: H1:PEM-CS_MAG_LVEA_OUTPUTOPTICS_Y.
00:02:14 preprocess.py (calibrate_sensors) INFO: Channel calibrated: H1:PEM-CS_MAG_LVEA_OUTPUTOPTICS_Z.
00:02:14 preprocess.py (get_calibration_factors) INFO: Parsing calibration data for channel H1:PEM-CS_MAG_LVEA_OUTPUTOPTICS_X.
00:02:14 preprocess.py (get_calibration_factors) INFO: Calibration factor acquired for channel H1:PEM-CS_MAG_LVEA_OUTPUTOPTICS_X.
00:02:14 preprocess.py (get_calibration_factors) INFO: Parsing calibration data for channel H1:PEM-CS_MAG_LVEA_OUTPUTOPTICS_Y.
00:02:14 preprocess.py (get_calibration_factors) INFO: Calibration factor acquired for channel H1:PEM-CS_MAG_LVEA_OUTPUTOPTICS_Y.
00:02:14 preprocess.py (get_calibration_factors) INFO: Parsing calibration data for channel H1:PEM-CS_MAG_LVEA_OUTPUTOPTICS_Z.
00:02:14 preprocess.py (get_calibration_factors) INFO: Calibration factor acquired for channel H1:PEM-CS_MAG_LVEA_OUTPUTOPTICS_Z.
00:02:14 preprocess.py (calibrate_sensors) INFO: Channel calibrated: H1:PEM-CS_MAG_LVEA_OUTPUTOPTICS_X.
00:02:14 preprocess.py (calibrate_sensors) INFO: Channel calibrated: H1:PEM-CS_MAG_LVEA_OUTPUTOPTICS_Y.
00:02:14 preprocess.py (calibrate_sensors) INFO: Channel calibrated: H1:PEM-CS_MAG_LVEA_OUTPUTOPTICS_Z.
00:02:14 preprocess.py (quad_sum_ASD) INFO: Generating quad sum ASD for H1:PEM-CS_MAG_LVEA_OUTPUTOPTICS_XYZ.
00:02:14 preprocess.py (quad_sum_ASD) INFO: Generating quad sum ASD for H1:PEM-CS_MAG_LVEA_OUTPUTOPTICS_XYZ.
00:02:22 PEMcoupling.py (<module>) INFO: Cropping ASDs to match frequencies: H1:PEM-CS_MAG_LVEA_OUTPUTOPTICS_X.
00:02:22 PEMcoupling.py (<module>) INFO: Cropping ASDs to match frequencies: H1:PEM-CS_MAG_LVEA_OUTPUTOPTICS_XYZ.
00:02:22 PEMcoupling.py (<module>) INFO: Cropping ASDs to match frequencies: H1:PEM-CS_MAG_LVEA_OUTPUTOPTICS_Y.
00:02:22 PEMcoupling.py (<module>) INFO: Cropping ASDs to match frequencies: H1:PEM-CS_MAG_LVEA_OUTPUTOPTICS_Z.
00:02:22 PEMcoupling.py (<module>) INFO: Acquiring smoothing parameters for channel H1:PEM-CS_MAG_LVEA_OUTPUTOPTICS_X.
00:02:22 PEMcoupling.py (<module>) INFO: Acquiring smoothing parameters for channel H1:PEM-CS_MAG_LVEA_OUTPUTOPTICS_XYZ.
00:02:22 PEMcoupling.py (<module>) INFO: Acquiring smoothing parameters for channel H1:PEM-CS_MAG_LVEA_OUTPUTOPTICS_Y.
00:02:22 PEMcoupling.py (<module>) INFO: Acquiring smoothing parameters for channel H1:PEM-CS_MAG_LVEA_OUTPUTOPTICS_Z.
00:02:24 PEMcoupling.py (<module>) INFO: Coupling function complete: H1:PEM-CS_MAG_LVEA_OUTPUTOPTICS_X.
00:02:26 PEMcoupling.py (<module>) INFO: Coupling function complete: H1:PEM-CS_MAG_LVEA_OUTPUTOPTICS_XYZ.
00:02:28 PEMcoupling.py (<module>) INFO: Coupling function complete: H1:PEM-CS_MAG_LVEA_OUTPUTOPTICS_Y.
00:02:30 PEMcoupling.py (<module>) INFO: Coupling function complete: H1:PEM-CS_MAG_LVEA_OUTPUTOPTICS_Z.
00:02:50 PEMcoupling.py (<module>) INFO: Coupling functions saved for injection 017CSmagPSL51Hzramp.
00:02:50 PEMcoupling.py (<module>) INFO: Searching for fundamental frequency if applicable.
00:02:50 getparams.py (freq_search) INFO: Fundamental frequency found: 7 Hz.
00:02:50 PEMcoupling.py (<module>) INFO: Being picky about channels.
00:02:51 loaddata.py (get_time_series) INFO: Channel successfully extracted: H1:PEM-CS_MAG_LVEA_OUTPUTOPTICS_X_DQ at time 1185815495 to 1185815635.0.
00:02:51 loaddata.py (get_time_series) INFO: Channel successfully extracted: H1:PEM-CS_MAG_LVEA_OUTPUTOPTICS_Y_DQ at time 1185815495 to 1185815635.0.
00:02:52 loaddata.py (get_time_series) INFO: Channel successfully extracted: H1:PEM-CS_MAG_LVEA_OUTPUTOPTICS_Z_DQ at time 1185815495 to 1185815635.0.
00:03:01 loaddata.py (get_time_series) INFO: Channel successfully extracted: H1:PEM-CS_MAG_LVEA_OUTPUTOPTICS_X_DQ at time 1185820626 to 1185820766.0.
00:03:12 loaddata.py (get_time_series) INFO: Channel successfully extracted: H1:PEM-CS_MAG_LVEA_OUTPUTOPTICS_Y_DQ at time 1185820626 to 1185820766.0.
00:03:20 loaddata.py (get_time_series) INFO: Channel successfully extracted: H1:PEM-CS_MAG_LVEA_OUTPUTOPTICS_Z_DQ at time 1185820626 to 1185820766.0.
00:03:20 preprocess.py (convert_to_ASD) INFO: Channel converted to ASD: H1:PEM-CS_MAG_LVEA_OUTPUTOPTICS_X with FFT time 25.0 and overlap time 12.5
00:03:20 preprocess.py (convert_to_ASD) INFO: Channel converted to ASD: H1:PEM-CS_MAG_LVEA_OUTPUTOPTICS_Y with FFT time 25.0 and overlap time 12.5
00:03:20 preprocess.py (convert_to_ASD) INFO: Channel converted to ASD: H1:PEM-CS_MAG_LVEA_OUTPUTOPTICS_Z with FFT time 25.0 and overlap time 12.5
00:03:20 preprocess.py (convert_to_ASD) INFO: Channel converted to ASD: H1:PEM-CS_MAG_LVEA_OUTPUTOPTICS_X with FFT time 25.0 and overlap time 12.5
00:03:20 preprocess.py (convert_to_ASD) INFO: Channel converted to ASD: H1:PEM-CS_MAG_LVEA_OUTPUTOPTICS_Y with FFT time 25.0 and overlap time 12.5
00:03:21 preprocess.py (convert_to_ASD) INFO: Channel converted to ASD: H1:PEM-CS_MAG_LVEA_OUTPUTOPTICS_Z with FFT time 25.0 and overlap time 12.5
00:03:21 preprocess.py (get_calibration_factors) INFO: Parsing calibration data for channel H1:PEM-CS_MAG_LVEA_OUTPUTOPTICS_X.
00:03:21 preprocess.py (get_calibration_factors) INFO: Calibration factor acquired for channel H1:PEM-CS_MAG_LVEA_OUTPUTOPTICS_X.
00:03:21 preprocess.py (get_calibration_factors) INFO: Parsing calibration data for channel H1:PEM-CS_MAG_LVEA_OUTPUTOPTICS_Y.
00:03:21 preprocess.py (get_calibration_factors) INFO: Calibration factor acquired for channel H1:PEM-CS_MAG_LVEA_OUTPUTOPTICS_Y.
00:03:21 preprocess.py (get_calibration_factors) INFO: Parsing calibration data for channel H1:PEM-CS_MAG_LVEA_OUTPUTOPTICS_Z.
00:03:21 preprocess.py (get_calibration_factors) INFO: Calibration factor acquired for channel H1:PEM-CS_MAG_LVEA_OUTPUTOPTICS_Z.
00:03:21 preprocess.py (calibrate_sensors) INFO: Channel calibrated: H1:PEM-CS_MAG_LVEA_OUTPUTOPTICS_X.
00:03:21 preprocess.py (calibrate_sensors) INFO: Channel calibrated: H1:PEM-CS_MAG_LVEA_OUTPUTOPTICS_Y.
00:03:21 preprocess.py (calibrate_sensors) INFO: Channel calibrated: H1:PEM-CS_MAG_LVEA_OUTPUTOPTICS_Z.
00:03:21 preprocess.py (get_calibration_factors) INFO: Parsing calibration data for channel H1:PEM-CS_MAG_LVEA_OUTPUTOPTICS_X.
00:03:21 preprocess.py (get_calibration_factors) INFO: Calibration factor acquired for channel H1:PEM-CS_MAG_LVEA_OUTPUTOPTICS_X.
00:03:21 preprocess.py (get_calibration_factors) INFO: Parsing calibration data for channel H1:PEM-CS_MAG_LVEA_OUTPUTOPTICS_Y.
00:03:21 preprocess.py (get_calibration_factors) INFO: Calibration factor acquired for channel H1:PEM-CS_MAG_LVEA_OUTPUTOPTICS_Y.
00:03:21 preprocess.py (get_calibration_factors) INFO: Parsing calibration data for channel H1:PEM-CS_MAG_LVEA_OUTPUTOPTICS_Z.
00:03:21 preprocess.py (get_calibration_factors) INFO: Calibration factor acquired for channel H1:PEM-CS_MAG_LVEA_OUTPUTOPTICS_Z.
00:03:21 preprocess.py (calibrate_sensors) INFO: Channel calibrated: H1:PEM-CS_MAG_LVEA_OUTPUTOPTICS_X.
00:03:21 preprocess.py (calibrate_sensors) INFO: Channel calibrated: H1:PEM-CS_MAG_LVEA_OUTPUTOPTICS_Y.
00:03:21 preprocess.py (calibrate_sensors) INFO: Channel calibrated: H1:PEM-CS_MAG_LVEA_OUTPUTOPTICS_Z.
00:03:21 preprocess.py (quad_sum_ASD) INFO: Generating quad sum ASD for H1:PEM-CS_MAG_LVEA_OUTPUTOPTICS_XYZ.
00:03:21 preprocess.py (quad_sum_ASD) INFO: Generating quad sum ASD for H1:PEM-CS_MAG_LVEA_OUTPUTOPTICS_XYZ.
00:04:00 PEMcoupling.py (<module>) INFO: Cropping ASDs to match frequencies: H1:PEM-CS_MAG_LVEA_OUTPUTOPTICS_X.
00:04:00 PEMcoupling.py (<module>) INFO: Cropping ASDs to match frequencies: H1:PEM-CS_MAG_LVEA_OUTPUTOPTICS_XYZ.
00:04:00 PEMcoupling.py (<module>) INFO: Cropping ASDs to match frequencies: H1:PEM-CS_MAG_LVEA_OUTPUTOPTICS_Y.
00:04:00 PEMcoupling.py (<module>) INFO: Cropping ASDs to match frequencies: H1:PEM-CS_MAG_LVEA_OUTPUTOPTICS_Z.
00:04:00 PEMcoupling.py (<module>) INFO: Acquiring smoothing parameters for channel H1:PEM-CS_MAG_LVEA_OUTPUTOPTICS_X.
00:04:00 PEMcoupling.py (<module>) INFO: Acquiring smoothing parameters for channel H1:PEM-CS_MAG_LVEA_OUTPUTOPTICS_XYZ.
00:04:00 PEMcoupling.py (<module>) INFO: Acquiring smoothing parameters for channel H1:PEM-CS_MAG_LVEA_OUTPUTOPTICS_Y.
00:04:00 PEMcoupling.py (<module>) INFO: Acquiring smoothing parameters for channel H1:PEM-CS_MAG_LVEA_OUTPUTOPTICS_Z.
00:04:02 PEMcoupling.py (<module>) INFO: Coupling function complete: H1:PEM-CS_MAG_LVEA_OUTPUTOPTICS_X.
00:04:04 PEMcoupling.py (<module>) INFO: Coupling function complete: H1:PEM-CS_MAG_LVEA_OUTPUTOPTICS_XYZ.
00:04:06 PEMcoupling.py (<module>) INFO: Coupling function complete: H1:PEM-CS_MAG_LVEA_OUTPUTOPTICS_Y.
00:04:08 PEMcoupling.py (<module>) INFO: Coupling function complete: H1:PEM-CS_MAG_LVEA_OUTPUTOPTICS_Z.
00:04:31 PEMcoupling.py (<module>) INFO: Coupling functions saved for injection 018CSmagPSL7Hzramp.
00:04:31 PEMcoupling.py (<module>) INFO: Searching for fundamental frequency if applicable.
00:04:31 getparams.py (freq_search) INFO: Fundamental frequency found: 7 Hz.
00:04:31 PEMcoupling.py (<module>) INFO: Being picky about channels.
00:04:31 loaddata.py (get_time_series) INFO: Channel successfully extracted: H1:PEM-CS_MAG_LVEA_OUTPUTOPTICS_X_DQ at time 1185815495 to 1185815635.0.
00:04:32 loaddata.py (get_time_series) INFO: Channel successfully extracted: H1:PEM-CS_MAG_LVEA_OUTPUTOPTICS_Y_DQ at time 1185815495 to 1185815635.0.
00:04:32 loaddata.py (get_time_series) INFO: Channel successfully extracted: H1:PEM-CS_MAG_LVEA_OUTPUTOPTICS_Z_DQ at time 1185815495 to 1185815635.0.
00:04:39 loaddata.py (get_time_series) INFO: Channel successfully extracted: H1:PEM-CS_MAG_LVEA_OUTPUTOPTICS_X_DQ at time 1185820819 to 1185820959.0.
00:04:47 loaddata.py (get_time_series) INFO: Channel successfully extracted: H1:PEM-CS_MAG_LVEA_OUTPUTOPTICS_Y_DQ at time 1185820819 to 1185820959.0.
00:04:51 loaddata.py (get_time_series) INFO: Channel successfully extracted: H1:PEM-CS_MAG_LVEA_OUTPUTOPTICS_Z_DQ at time 1185820819 to 1185820959.0.
00:04:51 preprocess.py (convert_to_ASD) INFO: Channel converted to ASD: H1:PEM-CS_MAG_LVEA_OUTPUTOPTICS_X with FFT time 25.0 and overlap time 12.5
00:04:51 preprocess.py (convert_to_ASD) INFO: Channel converted to ASD: H1:PEM-CS_MAG_LVEA_OUTPUTOPTICS_Y with FFT time 25.0 and overlap time 12.5
00:04:51 preprocess.py (convert_to_ASD) INFO: Channel converted to ASD: H1:PEM-CS_MAG_LVEA_OUTPUTOPTICS_Z with FFT time 25.0 and overlap time 12.5
00:04:51 preprocess.py (convert_to_ASD) INFO: Channel converted to ASD: H1:PEM-CS_MAG_LVEA_OUTPUTOPTICS_X with FFT time 25.0 and overlap time 12.5
00:04:52 preprocess.py (convert_to_ASD) INFO: Channel converted to ASD: H1:PEM-CS_MAG_LVEA_OUTPUTOPTICS_Y with FFT time 25.0 and overlap time 12.5
00:04:52 preprocess.py (convert_to_ASD) INFO: Channel converted to ASD: H1:PEM-CS_MAG_LVEA_OUTPUTOPTICS_Z with FFT time 25.0 and overlap time 12.5
00:04:52 preprocess.py (get_calibration_factors) INFO: Parsing calibration data for channel H1:PEM-CS_MAG_LVEA_OUTPUTOPTICS_X.
00:04:52 preprocess.py (get_calibration_factors) INFO: Calibration factor acquired for channel H1:PEM-CS_MAG_LVEA_OUTPUTOPTICS_X.
00:04:52 preprocess.py (get_calibration_factors) INFO: Parsing calibration data for channel H1:PEM-CS_MAG_LVEA_OUTPUTOPTICS_Y.
00:04:52 preprocess.py (get_calibration_factors) INFO: Calibration factor acquired for channel H1:PEM-CS_MAG_LVEA_OUTPUTOPTICS_Y.
00:04:52 preprocess.py (get_calibration_factors) INFO: Parsing calibration data for channel H1:PEM-CS_MAG_LVEA_OUTPUTOPTICS_Z.
00:04:52 preprocess.py (get_calibration_factors) INFO: Calibration factor acquired for channel H1:PEM-CS_MAG_LVEA_OUTPUTOPTICS_Z.
00:04:52 preprocess.py (calibrate_sensors) INFO: Channel calibrated: H1:PEM-CS_MAG_LVEA_OUTPUTOPTICS_X.
00:04:52 preprocess.py (calibrate_sensors) INFO: Channel calibrated: H1:PEM-CS_MAG_LVEA_OUTPUTOPTICS_Y.
00:04:52 preprocess.py (calibrate_sensors) INFO: Channel calibrated: H1:PEM-CS_MAG_LVEA_OUTPUTOPTICS_Z.
00:04:52 preprocess.py (get_calibration_factors) INFO: Parsing calibration data for channel H1:PEM-CS_MAG_LVEA_OUTPUTOPTICS_X.
00:04:52 preprocess.py (get_calibration_factors) INFO: Calibration factor acquired for channel H1:PEM-CS_MAG_LVEA_OUTPUTOPTICS_X.
00:04:52 preprocess.py (get_calibration_factors) INFO: Parsing calibration data for channel H1:PEM-CS_MAG_LVEA_OUTPUTOPTICS_Y.
00:04:52 preprocess.py (get_calibration_factors) INFO: Calibration factor acquired for channel H1:PEM-CS_MAG_LVEA_OUTPUTOPTICS_Y.
00:04:52 preprocess.py (get_calibration_factors) INFO: Parsing calibration data for channel H1:PEM-CS_MAG_LVEA_OUTPUTOPTICS_Z.
00:04:52 preprocess.py (get_calibration_factors) INFO: Calibration factor acquired for channel H1:PEM-CS_MAG_LVEA_OUTPUTOPTICS_Z.
00:04:52 preprocess.py (calibrate_sensors) INFO: Channel calibrated: H1:PEM-CS_MAG_LVEA_OUTPUTOPTICS_X.
00:04:52 preprocess.py (calibrate_sensors) INFO: Channel calibrated: H1:PEM-CS_MAG_LVEA_OUTPUTOPTICS_Y.
00:04:52 preprocess.py (calibrate_sensors) INFO: Channel calibrated: H1:PEM-CS_MAG_LVEA_OUTPUTOPTICS_Z.
00:04:52 preprocess.py (quad_sum_ASD) INFO: Generating quad sum ASD for H1:PEM-CS_MAG_LVEA_OUTPUTOPTICS_XYZ.
00:04:52 preprocess.py (quad_sum_ASD) INFO: Generating quad sum ASD for H1:PEM-CS_MAG_LVEA_OUTPUTOPTICS_XYZ.
00:05:00 PEMcoupling.py (<module>) INFO: Cropping ASDs to match frequencies: H1:PEM-CS_MAG_LVEA_OUTPUTOPTICS_X.
00:05:00 PEMcoupling.py (<module>) INFO: Cropping ASDs to match frequencies: H1:PEM-CS_MAG_LVEA_OUTPUTOPTICS_XYZ.
00:05:00 PEMcoupling.py (<module>) INFO: Cropping ASDs to match frequencies: H1:PEM-CS_MAG_LVEA_OUTPUTOPTICS_Y.
00:05:00 PEMcoupling.py (<module>) INFO: Cropping ASDs to match frequencies: H1:PEM-CS_MAG_LVEA_OUTPUTOPTICS_Z.
00:05:00 PEMcoupling.py (<module>) INFO: Acquiring smoothing parameters for channel H1:PEM-CS_MAG_LVEA_OUTPUTOPTICS_X.
00:05:00 PEMcoupling.py (<module>) INFO: Acquiring smoothing parameters for channel H1:PEM-CS_MAG_LVEA_OUTPUTOPTICS_XYZ.
00:05:00 PEMcoupling.py (<module>) INFO: Acquiring smoothing parameters for channel H1:PEM-CS_MAG_LVEA_OUTPUTOPTICS_Y.
00:05:00 PEMcoupling.py (<module>) INFO: Acquiring smoothing parameters for channel H1:PEM-CS_MAG_LVEA_OUTPUTOPTICS_Z.
00:05:02 PEMcoupling.py (<module>) INFO: Coupling function complete: H1:PEM-CS_MAG_LVEA_OUTPUTOPTICS_X.
00:05:04 PEMcoupling.py (<module>) INFO: Coupling function complete: H1:PEM-CS_MAG_LVEA_OUTPUTOPTICS_XYZ.
00:05:06 PEMcoupling.py (<module>) INFO: Coupling function complete: H1:PEM-CS_MAG_LVEA_OUTPUTOPTICS_Y.
00:05:07 PEMcoupling.py (<module>) INFO: Coupling function complete: H1:PEM-CS_MAG_LVEA_OUTPUTOPTICS_Z.
00:05:30 PEMcoupling.py (<module>) INFO: Coupling functions saved for injection 019CSmagPSL7HzrampClipped.
00:05:30 PEMcoupling.py (<module>) INFO: Searching for fundamental frequency if applicable.
00:05:30 getparams.py (freq_search) INFO: Fundamental frequency found: 7 Hz.
00:05:30 PEMcoupling.py (<module>) INFO: Being picky about channels.
00:05:31 loaddata.py (get_time_series) INFO: Channel successfully extracted: H1:PEM-CS_MAG_LVEA_OUTPUTOPTICS_X_DQ at time 1185815495 to 1185815635.0.
00:05:31 loaddata.py (get_time_series) INFO: Channel successfully extracted: H1:PEM-CS_MAG_LVEA_OUTPUTOPTICS_Y_DQ at time 1185815495 to 1185815635.0.
00:05:32 loaddata.py (get_time_series) INFO: Channel successfully extracted: H1:PEM-CS_MAG_LVEA_OUTPUTOPTICS_Z_DQ at time 1185815495 to 1185815635.0.
00:05:37 loaddata.py (get_time_series) INFO: Channel successfully extracted: H1:PEM-CS_MAG_LVEA_OUTPUTOPTICS_X_DQ at time 1185821351 to 1185821491.0.
00:05:40 loaddata.py (get_time_series) INFO: Channel successfully extracted: H1:PEM-CS_MAG_LVEA_OUTPUTOPTICS_Y_DQ at time 1185821351 to 1185821491.0.
00:05:43 loaddata.py (get_time_series) INFO: Channel successfully extracted: H1:PEM-CS_MAG_LVEA_OUTPUTOPTICS_Z_DQ at time 1185821351 to 1185821491.0.
00:05:43 preprocess.py (convert_to_ASD) INFO: Channel converted to ASD: H1:PEM-CS_MAG_LVEA_OUTPUTOPTICS_X with FFT time 25.0 and overlap time 12.5
00:05:43 preprocess.py (convert_to_ASD) INFO: Channel converted to ASD: H1:PEM-CS_MAG_LVEA_OUTPUTOPTICS_Y with FFT time 25.0 and overlap time 12.5
00:05:43 preprocess.py (convert_to_ASD) INFO: Channel converted to ASD: H1:PEM-CS_MAG_LVEA_OUTPUTOPTICS_Z with FFT time 25.0 and overlap time 12.5
00:05:43 preprocess.py (convert_to_ASD) INFO: Channel converted to ASD: H1:PEM-CS_MAG_LVEA_OUTPUTOPTICS_X with FFT time 25.0 and overlap time 12.5
00:05:44 preprocess.py (convert_to_ASD) INFO: Channel converted to ASD: H1:PEM-CS_MAG_LVEA_OUTPUTOPTICS_Y with FFT time 25.0 and overlap time 12.5
00:05:44 preprocess.py (convert_to_ASD) INFO: Channel converted to ASD: H1:PEM-CS_MAG_LVEA_OUTPUTOPTICS_Z with FFT time 25.0 and overlap time 12.5
00:05:44 preprocess.py (get_calibration_factors) INFO: Parsing calibration data for channel H1:PEM-CS_MAG_LVEA_OUTPUTOPTICS_X.
00:05:44 preprocess.py (get_calibration_factors) INFO: Calibration factor acquired for channel H1:PEM-CS_MAG_LVEA_OUTPUTOPTICS_X.
00:05:44 preprocess.py (get_calibration_factors) INFO: Parsing calibration data for channel H1:PEM-CS_MAG_LVEA_OUTPUTOPTICS_Y.
00:05:44 preprocess.py (get_calibration_factors) INFO: Calibration factor acquired for channel H1:PEM-CS_MAG_LVEA_OUTPUTOPTICS_Y.
00:05:44 preprocess.py (get_calibration_factors) INFO: Parsing calibration data for channel H1:PEM-CS_MAG_LVEA_OUTPUTOPTICS_Z.
00:05:44 preprocess.py (get_calibration_factors) INFO: Calibration factor acquired for channel H1:PEM-CS_MAG_LVEA_OUTPUTOPTICS_Z.
00:05:44 preprocess.py (calibrate_sensors) INFO: Channel calibrated: H1:PEM-CS_MAG_LVEA_OUTPUTOPTICS_X.
00:05:44 preprocess.py (calibrate_sensors) INFO: Channel calibrated: H1:PEM-CS_MAG_LVEA_OUTPUTOPTICS_Y.
00:05:44 preprocess.py (calibrate_sensors) INFO: Channel calibrated: H1:PEM-CS_MAG_LVEA_OUTPUTOPTICS_Z.
00:05:44 preprocess.py (get_calibration_factors) INFO: Parsing calibration data for channel H1:PEM-CS_MAG_LVEA_OUTPUTOPTICS_X.
00:05:44 preprocess.py (get_calibration_factors) INFO: Calibration factor acquired for channel H1:PEM-CS_MAG_LVEA_OUTPUTOPTICS_X.
00:05:44 preprocess.py (get_calibration_factors) INFO: Parsing calibration data for channel H1:PEM-CS_MAG_LVEA_OUTPUTOPTICS_Y.
00:05:44 preprocess.py (get_calibration_factors) INFO: Calibration factor acquired for channel H1:PEM-CS_MAG_LVEA_OUTPUTOPTICS_Y.
00:05:44 preprocess.py (get_calibration_factors) INFO: Parsing calibration data for channel H1:PEM-CS_MAG_LVEA_OUTPUTOPTICS_Z.
00:05:44 preprocess.py (get_calibration_factors) INFO: Calibration factor acquired for channel H1:PEM-CS_MAG_LVEA_OUTPUTOPTICS_Z.
00:05:44 preprocess.py (calibrate_sensors) INFO: Channel calibrated: H1:PEM-CS_MAG_LVEA_OUTPUTOPTICS_X.
00:05:44 preprocess.py (calibrate_sensors) INFO: Channel calibrated: H1:PEM-CS_MAG_LVEA_OUTPUTOPTICS_Y.
00:05:44 preprocess.py (calibrate_sensors) INFO: Channel calibrated: H1:PEM-CS_MAG_LVEA_OUTPUTOPTICS_Z.
00:05:44 preprocess.py (quad_sum_ASD) INFO: Generating quad sum ASD for H1:PEM-CS_MAG_LVEA_OUTPUTOPTICS_XYZ.
00:05:44 preprocess.py (quad_sum_ASD) INFO: Generating quad sum ASD for H1:PEM-CS_MAG_LVEA_OUTPUTOPTICS_XYZ.
00:05:58 PEMcoupling.py (<module>) INFO: Cropping ASDs to match frequencies: H1:PEM-CS_MAG_LVEA_OUTPUTOPTICS_X.
00:05:58 PEMcoupling.py (<module>) INFO: Cropping ASDs to match frequencies: H1:PEM-CS_MAG_LVEA_OUTPUTOPTICS_XYZ.
00:05:58 PEMcoupling.py (<module>) INFO: Cropping ASDs to match frequencies: H1:PEM-CS_MAG_LVEA_OUTPUTOPTICS_Y.
00:05:58 PEMcoupling.py (<module>) INFO: Cropping ASDs to match frequencies: H1:PEM-CS_MAG_LVEA_OUTPUTOPTICS_Z.
00:05:58 PEMcoupling.py (<module>) INFO: Acquiring smoothing parameters for channel H1:PEM-CS_MAG_LVEA_OUTPUTOPTICS_X.
00:05:58 PEMcoupling.py (<module>) INFO: Acquiring smoothing parameters for channel H1:PEM-CS_MAG_LVEA_OUTPUTOPTICS_XYZ.
00:05:58 PEMcoupling.py (<module>) INFO: Acquiring smoothing parameters for channel H1:PEM-CS_MAG_LVEA_OUTPUTOPTICS_Y.
00:05:58 PEMcoupling.py (<module>) INFO: Acquiring smoothing parameters for channel H1:PEM-CS_MAG_LVEA_OUTPUTOPTICS_Z.
00:06:00 PEMcoupling.py (<module>) INFO: Coupling function complete: H1:PEM-CS_MAG_LVEA_OUTPUTOPTICS_X.
00:06:02 PEMcoupling.py (<module>) INFO: Coupling function complete: H1:PEM-CS_MAG_LVEA_OUTPUTOPTICS_XYZ.
00:06:04 PEMcoupling.py (<module>) INFO: Coupling function complete: H1:PEM-CS_MAG_LVEA_OUTPUTOPTICS_Y.
00:06:06 PEMcoupling.py (<module>) INFO: Coupling function complete: H1:PEM-CS_MAG_LVEA_OUTPUTOPTICS_Z.
00:06:29 PEMcoupling.py (<module>) INFO: Coupling functions saved for injection 020CSmagOutput7Hzramp.
00:06:29 PEMcoupling.py (<module>) INFO: Searching for fundamental frequency if applicable.
00:06:29 getparams.py (freq_search) INFO: Fundamental frequency found: 51 Hz.
00:06:29 PEMcoupling.py (<module>) INFO: Being picky about channels.
00:06:30 loaddata.py (get_time_series) INFO: Channel successfully extracted: H1:PEM-CS_MAG_LVEA_OUTPUTOPTICS_X_DQ at time 1185815495 to 1185815635.0.
00:06:31 loaddata.py (get_time_series) INFO: Channel successfully extracted: H1:PEM-CS_MAG_LVEA_OUTPUTOPTICS_Y_DQ at time 1185815495 to 1185815635.0.
00:06:31 loaddata.py (get_time_series) INFO: Channel successfully extracted: H1:PEM-CS_MAG_LVEA_OUTPUTOPTICS_Z_DQ at time 1185815495 to 1185815635.0.
00:06:36 loaddata.py (get_time_series) INFO: Channel successfully extracted: H1:PEM-CS_MAG_LVEA_OUTPUTOPTICS_X_DQ at time 1185821622 to 1185821762.0.
00:06:40 loaddata.py (get_time_series) INFO: Channel successfully extracted: H1:PEM-CS_MAG_LVEA_OUTPUTOPTICS_Y_DQ at time 1185821622 to 1185821762.0.
00:06:43 loaddata.py (get_time_series) INFO: Channel successfully extracted: H1:PEM-CS_MAG_LVEA_OUTPUTOPTICS_Z_DQ at time 1185821622 to 1185821762.0.
00:06:43 preprocess.py (convert_to_ASD) INFO: Channel converted to ASD: H1:PEM-CS_MAG_LVEA_OUTPUTOPTICS_X with FFT time 25.0 and overlap time 12.5
00:06:43 preprocess.py (convert_to_ASD) INFO: Channel converted to ASD: H1:PEM-CS_MAG_LVEA_OUTPUTOPTICS_Y with FFT time 25.0 and overlap time 12.5
00:06:43 preprocess.py (convert_to_ASD) INFO: Channel converted to ASD: H1:PEM-CS_MAG_LVEA_OUTPUTOPTICS_Z with FFT time 25.0 and overlap time 12.5
00:06:43 preprocess.py (convert_to_ASD) INFO: Channel converted to ASD: H1:PEM-CS_MAG_LVEA_OUTPUTOPTICS_X with FFT time 25.0 and overlap time 12.5
00:06:43 preprocess.py (convert_to_ASD) INFO: Channel converted to ASD: H1:PEM-CS_MAG_LVEA_OUTPUTOPTICS_Y with FFT time 25.0 and overlap time 12.5
00:06:43 preprocess.py (convert_to_ASD) INFO: Channel converted to ASD: H1:PEM-CS_MAG_LVEA_OUTPUTOPTICS_Z with FFT time 25.0 and overlap time 12.5
00:06:43 preprocess.py (get_calibration_factors) INFO: Parsing calibration data for channel H1:PEM-CS_MAG_LVEA_OUTPUTOPTICS_X.
00:06:43 preprocess.py (get_calibration_factors) INFO: Calibration factor acquired for channel H1:PEM-CS_MAG_LVEA_OUTPUTOPTICS_X.
00:06:43 preprocess.py (get_calibration_factors) INFO: Parsing calibration data for channel H1:PEM-CS_MAG_LVEA_OUTPUTOPTICS_Y.
00:06:43 preprocess.py (get_calibration_factors) INFO: Calibration factor acquired for channel H1:PEM-CS_MAG_LVEA_OUTPUTOPTICS_Y.
00:06:43 preprocess.py (get_calibration_factors) INFO: Parsing calibration data for channel H1:PEM-CS_MAG_LVEA_OUTPUTOPTICS_Z.
00:06:43 preprocess.py (get_calibration_factors) INFO: Calibration factor acquired for channel H1:PEM-CS_MAG_LVEA_OUTPUTOPTICS_Z.
00:06:43 preprocess.py (calibrate_sensors) INFO: Channel calibrated: H1:PEM-CS_MAG_LVEA_OUTPUTOPTICS_X.
00:06:43 preprocess.py (calibrate_sensors) INFO: Channel calibrated: H1:PEM-CS_MAG_LVEA_OUTPUTOPTICS_Y.
00:06:43 preprocess.py (calibrate_sensors) INFO: Channel calibrated: H1:PEM-CS_MAG_LVEA_OUTPUTOPTICS_Z.
00:06:43 preprocess.py (get_calibration_factors) INFO: Parsing calibration data for channel H1:PEM-CS_MAG_LVEA_OUTPUTOPTICS_X.
00:06:43 preprocess.py (get_calibration_factors) INFO: Calibration factor acquired for channel H1:PEM-CS_MAG_LVEA_OUTPUTOPTICS_X.
00:06:43 preprocess.py (get_calibration_factors) INFO: Parsing calibration data for channel H1:PEM-CS_MAG_LVEA_OUTPUTOPTICS_Y.
00:06:43 preprocess.py (get_calibration_factors) INFO: Calibration factor acquired for channel H1:PEM-CS_MAG_LVEA_OUTPUTOPTICS_Y.
00:06:43 preprocess.py (get_calibration_factors) INFO: Parsing calibration data for channel H1:PEM-CS_MAG_LVEA_OUTPUTOPTICS_Z.
00:06:43 preprocess.py (get_calibration_factors) INFO: Calibration factor acquired for channel H1:PEM-CS_MAG_LVEA_OUTPUTOPTICS_Z.
00:06:43 preprocess.py (calibrate_sensors) INFO: Channel calibrated: H1:PEM-CS_MAG_LVEA_OUTPUTOPTICS_X.
00:06:43 preprocess.py (calibrate_sensors) INFO: Channel calibrated: H1:PEM-CS_MAG_LVEA_OUTPUTOPTICS_Y.
00:06:43 preprocess.py (calibrate_sensors) INFO: Channel calibrated: H1:PEM-CS_MAG_LVEA_OUTPUTOPTICS_Z.
00:06:43 preprocess.py (quad_sum_ASD) INFO: Generating quad sum ASD for H1:PEM-CS_MAG_LVEA_OUTPUTOPTICS_XYZ.
00:06:43 preprocess.py (quad_sum_ASD) INFO: Generating quad sum ASD for H1:PEM-CS_MAG_LVEA_OUTPUTOPTICS_XYZ.
00:06:56 PEMcoupling.py (<module>) INFO: Cropping ASDs to match frequencies: H1:PEM-CS_MAG_LVEA_OUTPUTOPTICS_X.
00:06:56 PEMcoupling.py (<module>) INFO: Cropping ASDs to match frequencies: H1:PEM-CS_MAG_LVEA_OUTPUTOPTICS_XYZ.
00:06:56 PEMcoupling.py (<module>) INFO: Cropping ASDs to match frequencies: H1:PEM-CS_MAG_LVEA_OUTPUTOPTICS_Y.
00:06:56 PEMcoupling.py (<module>) INFO: Cropping ASDs to match frequencies: H1:PEM-CS_MAG_LVEA_OUTPUTOPTICS_Z.
00:06:56 PEMcoupling.py (<module>) INFO: Acquiring smoothing parameters for channel H1:PEM-CS_MAG_LVEA_OUTPUTOPTICS_X.
00:06:56 PEMcoupling.py (<module>) INFO: Acquiring smoothing parameters for channel H1:PEM-CS_MAG_LVEA_OUTPUTOPTICS_XYZ.
00:06:56 PEMcoupling.py (<module>) INFO: Acquiring smoothing parameters for channel H1:PEM-CS_MAG_LVEA_OUTPUTOPTICS_Y.
00:06:56 PEMcoupling.py (<module>) INFO: Acquiring smoothing parameters for channel H1:PEM-CS_MAG_LVEA_OUTPUTOPTICS_Z.
00:06:58 PEMcoupling.py (<module>) INFO: Coupling function complete: H1:PEM-CS_MAG_LVEA_OUTPUTOPTICS_X.
00:07:00 PEMcoupling.py (<module>) INFO: Coupling function complete: H1:PEM-CS_MAG_LVEA_OUTPUTOPTICS_XYZ.
00:07:02 PEMcoupling.py (<module>) INFO: Coupling function complete: H1:PEM-CS_MAG_LVEA_OUTPUTOPTICS_Y.
00:07:04 PEMcoupling.py (<module>) INFO: Coupling function complete: H1:PEM-CS_MAG_LVEA_OUTPUTOPTICS_Z.
00:07:26 PEMcoupling.py (<module>) INFO: Coupling functions saved for injection 021CSmagOutput51Hzramp.
00:07:26 PEMcoupling.py (<module>) INFO: Searching for fundamental frequency if applicable.
00:07:26 getparams.py (freq_search) INFO: Fundamental frequency found: 51 Hz.
00:07:26 PEMcoupling.py (<module>) INFO: Being picky about channels.
00:07:26 loaddata.py (get_time_series) INFO: Channel successfully extracted: H1:PEM-CS_MAG_LVEA_OUTPUTOPTICS_X_DQ at time 1185815495 to 1185815635.0.
00:07:27 loaddata.py (get_time_series) INFO: Channel successfully extracted: H1:PEM-CS_MAG_LVEA_OUTPUTOPTICS_Y_DQ at time 1185815495 to 1185815635.0.
00:07:27 loaddata.py (get_time_series) INFO: Channel successfully extracted: H1:PEM-CS_MAG_LVEA_OUTPUTOPTICS_Z_DQ at time 1185815495 to 1185815635.0.
00:07:32 loaddata.py (get_time_series) INFO: Channel successfully extracted: H1:PEM-CS_MAG_LVEA_OUTPUTOPTICS_X_DQ at time 1185822363 to 1185822503.0.
00:07:36 loaddata.py (get_time_series) INFO: Channel successfully extracted: H1:PEM-CS_MAG_LVEA_OUTPUTOPTICS_Y_DQ at time 1185822363 to 1185822503.0.
00:07:38 loaddata.py (get_time_series) INFO: Channel successfully extracted: H1:PEM-CS_MAG_LVEA_OUTPUTOPTICS_Z_DQ at time 1185822363 to 1185822503.0.
00:07:38 preprocess.py (convert_to_ASD) INFO: Channel converted to ASD: H1:PEM-CS_MAG_LVEA_OUTPUTOPTICS_X with FFT time 25.0 and overlap time 12.5
00:07:38 preprocess.py (convert_to_ASD) INFO: Channel converted to ASD: H1:PEM-CS_MAG_LVEA_OUTPUTOPTICS_Y with FFT time 25.0 and overlap time 12.5
00:07:38 preprocess.py (convert_to_ASD) INFO: Channel converted to ASD: H1:PEM-CS_MAG_LVEA_OUTPUTOPTICS_Z with FFT time 25.0 and overlap time 12.5
00:07:38 preprocess.py (convert_to_ASD) INFO: Channel converted to ASD: H1:PEM-CS_MAG_LVEA_OUTPUTOPTICS_X with FFT time 25.0 and overlap time 12.5
00:07:39 preprocess.py (convert_to_ASD) INFO: Channel converted to ASD: H1:PEM-CS_MAG_LVEA_OUTPUTOPTICS_Y with FFT time 25.0 and overlap time 12.5
00:07:39 preprocess.py (convert_to_ASD) INFO: Channel converted to ASD: H1:PEM-CS_MAG_LVEA_OUTPUTOPTICS_Z with FFT time 25.0 and overlap time 12.5
00:07:39 preprocess.py (get_calibration_factors) INFO: Parsing calibration data for channel H1:PEM-CS_MAG_LVEA_OUTPUTOPTICS_X.
00:07:39 preprocess.py (get_calibration_factors) INFO: Calibration factor acquired for channel H1:PEM-CS_MAG_LVEA_OUTPUTOPTICS_X.
00:07:39 preprocess.py (get_calibration_factors) INFO: Parsing calibration data for channel H1:PEM-CS_MAG_LVEA_OUTPUTOPTICS_Y.
00:07:39 preprocess.py (get_calibration_factors) INFO: Calibration factor acquired for channel H1:PEM-CS_MAG_LVEA_OUTPUTOPTICS_Y.
00:07:39 preprocess.py (get_calibration_factors) INFO: Parsing calibration data for channel H1:PEM-CS_MAG_LVEA_OUTPUTOPTICS_Z.
00:07:39 preprocess.py (get_calibration_factors) INFO: Calibration factor acquired for channel H1:PEM-CS_MAG_LVEA_OUTPUTOPTICS_Z.
00:07:39 preprocess.py (calibrate_sensors) INFO: Channel calibrated: H1:PEM-CS_MAG_LVEA_OUTPUTOPTICS_X.
00:07:39 preprocess.py (calibrate_sensors) INFO: Channel calibrated: H1:PEM-CS_MAG_LVEA_OUTPUTOPTICS_Y.
00:07:39 preprocess.py (calibrate_sensors) INFO: Channel calibrated: H1:PEM-CS_MAG_LVEA_OUTPUTOPTICS_Z.
00:07:39 preprocess.py (get_calibration_factors) INFO: Parsing calibration data for channel H1:PEM-CS_MAG_LVEA_OUTPUTOPTICS_X.
00:07:39 preprocess.py (get_calibration_factors) INFO: Calibration factor acquired for channel H1:PEM-CS_MAG_LVEA_OUTPUTOPTICS_X.
00:07:39 preprocess.py (get_calibration_factors) INFO: Parsing calibration data for channel H1:PEM-CS_MAG_LVEA_OUTPUTOPTICS_Y.
00:07:39 preprocess.py (get_calibration_factors) INFO: Calibration factor acquired for channel H1:PEM-CS_MAG_LVEA_OUTPUTOPTICS_Y.
00:07:39 preprocess.py (get_calibration_factors) INFO: Parsing calibration data for channel H1:PEM-CS_MAG_LVEA_OUTPUTOPTICS_Z.
00:07:39 preprocess.py (get_calibration_factors) INFO: Calibration factor acquired for channel H1:PEM-CS_MAG_LVEA_OUTPUTOPTICS_Z.
00:07:39 preprocess.py (calibrate_sensors) INFO: Channel calibrated: H1:PEM-CS_MAG_LVEA_OUTPUTOPTICS_X.
00:07:39 preprocess.py (calibrate_sensors) INFO: Channel calibrated: H1:PEM-CS_MAG_LVEA_OUTPUTOPTICS_Y.
00:07:39 preprocess.py (calibrate_sensors) INFO: Channel calibrated: H1:PEM-CS_MAG_LVEA_OUTPUTOPTICS_Z.
00:07:39 preprocess.py (quad_sum_ASD) INFO: Generating quad sum ASD for H1:PEM-CS_MAG_LVEA_OUTPUTOPTICS_XYZ.
00:07:39 preprocess.py (quad_sum_ASD) INFO: Generating quad sum ASD for H1:PEM-CS_MAG_LVEA_OUTPUTOPTICS_XYZ.
00:07:43 PEMcoupling.py (<module>) INFO: Cropping ASDs to match frequencies: H1:PEM-CS_MAG_LVEA_OUTPUTOPTICS_X.
00:07:43 PEMcoupling.py (<module>) INFO: Cropping ASDs to match frequencies: H1:PEM-CS_MAG_LVEA_OUTPUTOPTICS_XYZ.
00:07:43 PEMcoupling.py (<module>) INFO: Cropping ASDs to match frequencies: H1:PEM-CS_MAG_LVEA_OUTPUTOPTICS_Y.
00:07:43 PEMcoupling.py (<module>) INFO: Cropping ASDs to match frequencies: H1:PEM-CS_MAG_LVEA_OUTPUTOPTICS_Z.
00:07:43 PEMcoupling.py (<module>) INFO: Acquiring smoothing parameters for channel H1:PEM-CS_MAG_LVEA_OUTPUTOPTICS_X.
00:07:43 PEMcoupling.py (<module>) INFO: Acquiring smoothing parameters for channel H1:PEM-CS_MAG_LVEA_OUTPUTOPTICS_XYZ.
00:07:43 PEMcoupling.py (<module>) INFO: Acquiring smoothing parameters for channel H1:PEM-CS_MAG_LVEA_OUTPUTOPTICS_Y.
00:07:43 PEMcoupling.py (<module>) INFO: Acquiring smoothing parameters for channel H1:PEM-CS_MAG_LVEA_OUTPUTOPTICS_Z.
00:07:45 PEMcoupling.py (<module>) INFO: Coupling function complete: H1:PEM-CS_MAG_LVEA_OUTPUTOPTICS_X.
00:07:47 PEMcoupling.py (<module>) INFO: Coupling function complete: H1:PEM-CS_MAG_LVEA_OUTPUTOPTICS_XYZ.
00:07:49 PEMcoupling.py (<module>) INFO: Coupling function complete: H1:PEM-CS_MAG_LVEA_OUTPUTOPTICS_Y.
00:07:51 PEMcoupling.py (<module>) INFO: Coupling function complete: H1:PEM-CS_MAG_LVEA_OUTPUTOPTICS_Z.
00:08:11 PEMcoupling.py (<module>) INFO: Coupling functions saved for injection 022CSmagXmant51Hzramp.
00:08:11 PEMcoupling.py (<module>) INFO: Searching for fundamental frequency if applicable.
00:08:11 getparams.py (freq_search) INFO: Fundamental frequency found: 7 Hz.
00:08:11 PEMcoupling.py (<module>) INFO: Being picky about channels.
00:08:12 loaddata.py (get_time_series) INFO: Channel successfully extracted: H1:PEM-CS_MAG_LVEA_OUTPUTOPTICS_X_DQ at time 1185815495 to 1185815635.0.
00:08:13 loaddata.py (get_time_series) INFO: Channel successfully extracted: H1:PEM-CS_MAG_LVEA_OUTPUTOPTICS_Y_DQ at time 1185815495 to 1185815635.0.
00:08:13 loaddata.py (get_time_series) INFO: Channel successfully extracted: H1:PEM-CS_MAG_LVEA_OUTPUTOPTICS_Z_DQ at time 1185815495 to 1185815635.0.
00:08:21 loaddata.py (get_time_series) INFO: Channel successfully extracted: H1:PEM-CS_MAG_LVEA_OUTPUTOPTICS_X_DQ at time 1185822732 to 1185822872.0.
00:08:24 loaddata.py (get_time_series) INFO: Channel successfully extracted: H1:PEM-CS_MAG_LVEA_OUTPUTOPTICS_Y_DQ at time 1185822732 to 1185822872.0.
00:08:31 loaddata.py (get_time_series) INFO: Channel successfully extracted: H1:PEM-CS_MAG_LVEA_OUTPUTOPTICS_Z_DQ at time 1185822732 to 1185822872.0.
00:08:32 preprocess.py (convert_to_ASD) INFO: Channel converted to ASD: H1:PEM-CS_MAG_LVEA_OUTPUTOPTICS_X with FFT time 25.0 and overlap time 12.5
00:08:32 preprocess.py (convert_to_ASD) INFO: Channel converted to ASD: H1:PEM-CS_MAG_LVEA_OUTPUTOPTICS_Y with FFT time 25.0 and overlap time 12.5
00:08:32 preprocess.py (convert_to_ASD) INFO: Channel converted to ASD: H1:PEM-CS_MAG_LVEA_OUTPUTOPTICS_Z with FFT time 25.0 and overlap time 12.5
00:08:32 preprocess.py (convert_to_ASD) INFO: Channel converted to ASD: H1:PEM-CS_MAG_LVEA_OUTPUTOPTICS_X with FFT time 25.0 and overlap time 12.5
00:08:32 preprocess.py (convert_to_ASD) INFO: Channel converted to ASD: H1:PEM-CS_MAG_LVEA_OUTPUTOPTICS_Y with FFT time 25.0 and overlap time 12.5
00:08:32 preprocess.py (convert_to_ASD) INFO: Channel converted to ASD: H1:PEM-CS_MAG_LVEA_OUTPUTOPTICS_Z with FFT time 25.0 and overlap time 12.5
00:08:32 preprocess.py (get_calibration_factors) INFO: Parsing calibration data for channel H1:PEM-CS_MAG_LVEA_OUTPUTOPTICS_X.
00:08:32 preprocess.py (get_calibration_factors) INFO: Calibration factor acquired for channel H1:PEM-CS_MAG_LVEA_OUTPUTOPTICS_X.
00:08:32 preprocess.py (get_calibration_factors) INFO: Parsing calibration data for channel H1:PEM-CS_MAG_LVEA_OUTPUTOPTICS_Y.
00:08:32 preprocess.py (get_calibration_factors) INFO: Calibration factor acquired for channel H1:PEM-CS_MAG_LVEA_OUTPUTOPTICS_Y.
00:08:32 preprocess.py (get_calibration_factors) INFO: Parsing calibration data for channel H1:PEM-CS_MAG_LVEA_OUTPUTOPTICS_Z.
00:08:32 preprocess.py (get_calibration_factors) INFO: Calibration factor acquired for channel H1:PEM-CS_MAG_LVEA_OUTPUTOPTICS_Z.
00:08:32 preprocess.py (calibrate_sensors) INFO: Channel calibrated: H1:PEM-CS_MAG_LVEA_OUTPUTOPTICS_X.
00:08:32 preprocess.py (calibrate_sensors) INFO: Channel calibrated: H1:PEM-CS_MAG_LVEA_OUTPUTOPTICS_Y.
00:08:32 preprocess.py (calibrate_sensors) INFO: Channel calibrated: H1:PEM-CS_MAG_LVEA_OUTPUTOPTICS_Z.
00:08:32 preprocess.py (get_calibration_factors) INFO: Parsing calibration data for channel H1:PEM-CS_MAG_LVEA_OUTPUTOPTICS_X.
00:08:32 preprocess.py (get_calibration_factors) INFO: Calibration factor acquired for channel H1:PEM-CS_MAG_LVEA_OUTPUTOPTICS_X.
00:08:32 preprocess.py (get_calibration_factors) INFO: Parsing calibration data for channel H1:PEM-CS_MAG_LVEA_OUTPUTOPTICS_Y.
00:08:32 preprocess.py (get_calibration_factors) INFO: Calibration factor acquired for channel H1:PEM-CS_MAG_LVEA_OUTPUTOPTICS_Y.
00:08:32 preprocess.py (get_calibration_factors) INFO: Parsing calibration data for channel H1:PEM-CS_MAG_LVEA_OUTPUTOPTICS_Z.
00:08:32 preprocess.py (get_calibration_factors) INFO: Calibration factor acquired for channel H1:PEM-CS_MAG_LVEA_OUTPUTOPTICS_Z.
00:08:32 preprocess.py (calibrate_sensors) INFO: Channel calibrated: H1:PEM-CS_MAG_LVEA_OUTPUTOPTICS_X.
00:08:32 preprocess.py (calibrate_sensors) INFO: Channel calibrated: H1:PEM-CS_MAG_LVEA_OUTPUTOPTICS_Y.
00:08:32 preprocess.py (calibrate_sensors) INFO: Channel calibrated: H1:PEM-CS_MAG_LVEA_OUTPUTOPTICS_Z.
00:08:32 preprocess.py (quad_sum_ASD) INFO: Generating quad sum ASD for H1:PEM-CS_MAG_LVEA_OUTPUTOPTICS_XYZ.
00:08:32 preprocess.py (quad_sum_ASD) INFO: Generating quad sum ASD for H1:PEM-CS_MAG_LVEA_OUTPUTOPTICS_XYZ.
00:08:41 PEMcoupling.py (<module>) INFO: Cropping ASDs to match frequencies: H1:PEM-CS_MAG_LVEA_OUTPUTOPTICS_X.
00:08:41 PEMcoupling.py (<module>) INFO: Cropping ASDs to match frequencies: H1:PEM-CS_MAG_LVEA_OUTPUTOPTICS_XYZ.
00:08:41 PEMcoupling.py (<module>) INFO: Cropping ASDs to match frequencies: H1:PEM-CS_MAG_LVEA_OUTPUTOPTICS_Y.
00:08:41 PEMcoupling.py (<module>) INFO: Cropping ASDs to match frequencies: H1:PEM-CS_MAG_LVEA_OUTPUTOPTICS_Z.
00:08:41 PEMcoupling.py (<module>) INFO: Acquiring smoothing parameters for channel H1:PEM-CS_MAG_LVEA_OUTPUTOPTICS_X.
00:08:41 PEMcoupling.py (<module>) INFO: Acquiring smoothing parameters for channel H1:PEM-CS_MAG_LVEA_OUTPUTOPTICS_XYZ.
00:08:41 PEMcoupling.py (<module>) INFO: Acquiring smoothing parameters for channel H1:PEM-CS_MAG_LVEA_OUTPUTOPTICS_Y.
00:08:41 PEMcoupling.py (<module>) INFO: Acquiring smoothing parameters for channel H1:PEM-CS_MAG_LVEA_OUTPUTOPTICS_Z.
00:08:43 PEMcoupling.py (<module>) INFO: Coupling function complete: H1:PEM-CS_MAG_LVEA_OUTPUTOPTICS_X.
00:08:45 PEMcoupling.py (<module>) INFO: Coupling function complete: H1:PEM-CS_MAG_LVEA_OUTPUTOPTICS_XYZ.
00:08:47 PEMcoupling.py (<module>) INFO: Coupling function complete: H1:PEM-CS_MAG_LVEA_OUTPUTOPTICS_Y.
00:08:49 PEMcoupling.py (<module>) INFO: Coupling function complete: H1:PEM-CS_MAG_LVEA_OUTPUTOPTICS_Z.
00:09:11 PEMcoupling.py (<module>) INFO: Coupling functions saved for injection 023CSmagXmant7Hzramp.
00:09:11 PEMcoupling.py (<module>) INFO: Searching for fundamental frequency if applicable.
00:09:11 getparams.py (freq_search) INFO: Fundamental frequency found: 7 Hz.
00:09:11 PEMcoupling.py (<module>) INFO: Being picky about channels.
00:09:11 loaddata.py (get_time_series) INFO: Channel successfully extracted: H1:PEM-CS_MAG_LVEA_OUTPUTOPTICS_X_DQ at time 1185815495 to 1185815635.0.
00:09:12 loaddata.py (get_time_series) INFO: Channel successfully extracted: H1:PEM-CS_MAG_LVEA_OUTPUTOPTICS_Y_DQ at time 1185815495 to 1185815635.0.
00:09:13 loaddata.py (get_time_series) INFO: Channel successfully extracted: H1:PEM-CS_MAG_LVEA_OUTPUTOPTICS_Z_DQ at time 1185815495 to 1185815635.0.
00:09:19 loaddata.py (get_time_series) INFO: Channel successfully extracted: H1:PEM-CS_MAG_LVEA_OUTPUTOPTICS_X_DQ at time 1185822929 to 1185823069.0.
00:09:26 loaddata.py (get_time_series) INFO: Channel successfully extracted: H1:PEM-CS_MAG_LVEA_OUTPUTOPTICS_Y_DQ at time 1185822929 to 1185823069.0.
00:09:30 loaddata.py (get_time_series) INFO: Channel successfully extracted: H1:PEM-CS_MAG_LVEA_OUTPUTOPTICS_Z_DQ at time 1185822929 to 1185823069.0.
00:09:30 preprocess.py (convert_to_ASD) INFO: Channel converted to ASD: H1:PEM-CS_MAG_LVEA_OUTPUTOPTICS_X with FFT time 25.0 and overlap time 12.5
00:09:30 preprocess.py (convert_to_ASD) INFO: Channel converted to ASD: H1:PEM-CS_MAG_LVEA_OUTPUTOPTICS_Y with FFT time 25.0 and overlap time 12.5
00:09:30 preprocess.py (convert_to_ASD) INFO: Channel converted to ASD: H1:PEM-CS_MAG_LVEA_OUTPUTOPTICS_Z with FFT time 25.0 and overlap time 12.5
00:09:30 preprocess.py (convert_to_ASD) INFO: Channel converted to ASD: H1:PEM-CS_MAG_LVEA_OUTPUTOPTICS_X with FFT time 25.0 and overlap time 12.5
00:09:31 preprocess.py (convert_to_ASD) INFO: Channel converted to ASD: H1:PEM-CS_MAG_LVEA_OUTPUTOPTICS_Y with FFT time 25.0 and overlap time 12.5
00:09:31 preprocess.py (convert_to_ASD) INFO: Channel converted to ASD: H1:PEM-CS_MAG_LVEA_OUTPUTOPTICS_Z with FFT time 25.0 and overlap time 12.5
00:09:31 preprocess.py (get_calibration_factors) INFO: Parsing calibration data for channel H1:PEM-CS_MAG_LVEA_OUTPUTOPTICS_X.
00:09:31 preprocess.py (get_calibration_factors) INFO: Calibration factor acquired for channel H1:PEM-CS_MAG_LVEA_OUTPUTOPTICS_X.
00:09:31 preprocess.py (get_calibration_factors) INFO: Parsing calibration data for channel H1:PEM-CS_MAG_LVEA_OUTPUTOPTICS_Y.
00:09:31 preprocess.py (get_calibration_factors) INFO: Calibration factor acquired for channel H1:PEM-CS_MAG_LVEA_OUTPUTOPTICS_Y.
00:09:31 preprocess.py (get_calibration_factors) INFO: Parsing calibration data for channel H1:PEM-CS_MAG_LVEA_OUTPUTOPTICS_Z.
00:09:31 preprocess.py (get_calibration_factors) INFO: Calibration factor acquired for channel H1:PEM-CS_MAG_LVEA_OUTPUTOPTICS_Z.
00:09:31 preprocess.py (calibrate_sensors) INFO: Channel calibrated: H1:PEM-CS_MAG_LVEA_OUTPUTOPTICS_X.
00:09:31 preprocess.py (calibrate_sensors) INFO: Channel calibrated: H1:PEM-CS_MAG_LVEA_OUTPUTOPTICS_Y.
00:09:31 preprocess.py (calibrate_sensors) INFO: Channel calibrated: H1:PEM-CS_MAG_LVEA_OUTPUTOPTICS_Z.
00:09:31 preprocess.py (get_calibration_factors) INFO: Parsing calibration data for channel H1:PEM-CS_MAG_LVEA_OUTPUTOPTICS_X.
00:09:31 preprocess.py (get_calibration_factors) INFO: Calibration factor acquired for channel H1:PEM-CS_MAG_LVEA_OUTPUTOPTICS_X.
00:09:31 preprocess.py (get_calibration_factors) INFO: Parsing calibration data for channel H1:PEM-CS_MAG_LVEA_OUTPUTOPTICS_Y.
00:09:31 preprocess.py (get_calibration_factors) INFO: Calibration factor acquired for channel H1:PEM-CS_MAG_LVEA_OUTPUTOPTICS_Y.
00:09:31 preprocess.py (get_calibration_factors) INFO: Parsing calibration data for channel H1:PEM-CS_MAG_LVEA_OUTPUTOPTICS_Z.
00:09:31 preprocess.py (get_calibration_factors) INFO: Calibration factor acquired for channel H1:PEM-CS_MAG_LVEA_OUTPUTOPTICS_Z.
00:09:31 preprocess.py (calibrate_sensors) INFO: Channel calibrated: H1:PEM-CS_MAG_LVEA_OUTPUTOPTICS_X.
00:09:31 preprocess.py (calibrate_sensors) INFO: Channel calibrated: H1:PEM-CS_MAG_LVEA_OUTPUTOPTICS_Y.
00:09:31 preprocess.py (calibrate_sensors) INFO: Channel calibrated: H1:PEM-CS_MAG_LVEA_OUTPUTOPTICS_Z.
00:09:31 preprocess.py (quad_sum_ASD) INFO: Generating quad sum ASD for H1:PEM-CS_MAG_LVEA_OUTPUTOPTICS_XYZ.
00:09:31 preprocess.py (quad_sum_ASD) INFO: Generating quad sum ASD for H1:PEM-CS_MAG_LVEA_OUTPUTOPTICS_XYZ.
00:09:35 PEMcoupling.py (<module>) INFO: Cropping ASDs to match frequencies: H1:PEM-CS_MAG_LVEA_OUTPUTOPTICS_X.
00:09:35 PEMcoupling.py (<module>) INFO: Cropping ASDs to match frequencies: H1:PEM-CS_MAG_LVEA_OUTPUTOPTICS_XYZ.
00:09:35 PEMcoupling.py (<module>) INFO: Cropping ASDs to match frequencies: H1:PEM-CS_MAG_LVEA_OUTPUTOPTICS_Y.
00:09:35 PEMcoupling.py (<module>) INFO: Cropping ASDs to match frequencies: H1:PEM-CS_MAG_LVEA_OUTPUTOPTICS_Z.
00:09:35 PEMcoupling.py (<module>) INFO: Acquiring smoothing parameters for channel H1:PEM-CS_MAG_LVEA_OUTPUTOPTICS_X.
00:09:35 PEMcoupling.py (<module>) INFO: Acquiring smoothing parameters for channel H1:PEM-CS_MAG_LVEA_OUTPUTOPTICS_XYZ.
00:09:35 PEMcoupling.py (<module>) INFO: Acquiring smoothing parameters for channel H1:PEM-CS_MAG_LVEA_OUTPUTOPTICS_Y.
00:09:35 PEMcoupling.py (<module>) INFO: Acquiring smoothing parameters for channel H1:PEM-CS_MAG_LVEA_OUTPUTOPTICS_Z.
00:09:37 PEMcoupling.py (<module>) INFO: Coupling function complete: H1:PEM-CS_MAG_LVEA_OUTPUTOPTICS_X.
00:09:39 PEMcoupling.py (<module>) INFO: Coupling function complete: H1:PEM-CS_MAG_LVEA_OUTPUTOPTICS_XYZ.
00:09:41 PEMcoupling.py (<module>) INFO: Coupling function complete: H1:PEM-CS_MAG_LVEA_OUTPUTOPTICS_Y.
00:09:43 PEMcoupling.py (<module>) INFO: Coupling function complete: H1:PEM-CS_MAG_LVEA_OUTPUTOPTICS_Z.
00:10:05 PEMcoupling.py (<module>) INFO: Coupling functions saved for injection 024CSmagXmant7HzrampSaturated.
00:10:05 PEMcoupling.py (<module>) INFO: Subidrectory /home/philippe.nguyen/public_html/test/LHO/CS/CSmag/025CSmagEbayFar51Hzramp created.
00:10:05 PEMcoupling.py (<module>) INFO: Searching for fundamental frequency if applicable.
00:10:05 getparams.py (freq_search) INFO: Fundamental frequency found: 51 Hz.
00:10:05 PEMcoupling.py (<module>) INFO: Being picky about channels.
00:10:06 loaddata.py (get_time_series) INFO: Channel successfully extracted: H1:PEM-CS_MAG_LVEA_OUTPUTOPTICS_X_DQ at time 1185815495 to 1185815635.0.
00:10:06 loaddata.py (get_time_series) INFO: Channel successfully extracted: H1:PEM-CS_MAG_LVEA_OUTPUTOPTICS_Y_DQ at time 1185815495 to 1185815635.0.
00:10:07 loaddata.py (get_time_series) INFO: Channel successfully extracted: H1:PEM-CS_MAG_LVEA_OUTPUTOPTICS_Z_DQ at time 1185815495 to 1185815635.0.
00:10:15 loaddata.py (get_time_series) INFO: Channel successfully extracted: H1:PEM-CS_MAG_LVEA_OUTPUTOPTICS_X_DQ at time 1185824214 to 1185824354.0.
00:10:19 loaddata.py (get_time_series) INFO: Channel successfully extracted: H1:PEM-CS_MAG_LVEA_OUTPUTOPTICS_Y_DQ at time 1185824214 to 1185824354.0.
00:10:23 loaddata.py (get_time_series) INFO: Channel successfully extracted: H1:PEM-CS_MAG_LVEA_OUTPUTOPTICS_Z_DQ at time 1185824214 to 1185824354.0.
00:10:23 preprocess.py (convert_to_ASD) INFO: Channel converted to ASD: H1:PEM-CS_MAG_LVEA_OUTPUTOPTICS_X with FFT time 25.0 and overlap time 12.5
00:10:23 preprocess.py (convert_to_ASD) INFO: Channel converted to ASD: H1:PEM-CS_MAG_LVEA_OUTPUTOPTICS_Y with FFT time 25.0 and overlap time 12.5
00:10:24 preprocess.py (convert_to_ASD) INFO: Channel converted to ASD: H1:PEM-CS_MAG_LVEA_OUTPUTOPTICS_Z with FFT time 25.0 and overlap time 12.5
00:10:24 preprocess.py (convert_to_ASD) INFO: Channel converted to ASD: H1:PEM-CS_MAG_LVEA_OUTPUTOPTICS_X with FFT time 25.0 and overlap time 12.5
00:10:24 preprocess.py (convert_to_ASD) INFO: Channel converted to ASD: H1:PEM-CS_MAG_LVEA_OUTPUTOPTICS_Y with FFT time 25.0 and overlap time 12.5
00:10:24 preprocess.py (convert_to_ASD) INFO: Channel converted to ASD: H1:PEM-CS_MAG_LVEA_OUTPUTOPTICS_Z with FFT time 25.0 and overlap time 12.5
00:10:24 preprocess.py (get_calibration_factors) INFO: Parsing calibration data for channel H1:PEM-CS_MAG_LVEA_OUTPUTOPTICS_X.
00:10:24 preprocess.py (get_calibration_factors) INFO: Calibration factor acquired for channel H1:PEM-CS_MAG_LVEA_OUTPUTOPTICS_X.
00:10:24 preprocess.py (get_calibration_factors) INFO: Parsing calibration data for channel H1:PEM-CS_MAG_LVEA_OUTPUTOPTICS_Y.
00:10:24 preprocess.py (get_calibration_factors) INFO: Calibration factor acquired for channel H1:PEM-CS_MAG_LVEA_OUTPUTOPTICS_Y.
00:10:24 preprocess.py (get_calibration_factors) INFO: Parsing calibration data for channel H1:PEM-CS_MAG_LVEA_OUTPUTOPTICS_Z.
00:10:24 preprocess.py (get_calibration_factors) INFO: Calibration factor acquired for channel H1:PEM-CS_MAG_LVEA_OUTPUTOPTICS_Z.
00:10:24 preprocess.py (calibrate_sensors) INFO: Channel calibrated: H1:PEM-CS_MAG_LVEA_OUTPUTOPTICS_X.
00:10:24 preprocess.py (calibrate_sensors) INFO: Channel calibrated: H1:PEM-CS_MAG_LVEA_OUTPUTOPTICS_Y.
00:10:24 preprocess.py (calibrate_sensors) INFO: Channel calibrated: H1:PEM-CS_MAG_LVEA_OUTPUTOPTICS_Z.
00:10:24 preprocess.py (get_calibration_factors) INFO: Parsing calibration data for channel H1:PEM-CS_MAG_LVEA_OUTPUTOPTICS_X.
00:10:24 preprocess.py (get_calibration_factors) INFO: Calibration factor acquired for channel H1:PEM-CS_MAG_LVEA_OUTPUTOPTICS_X.
00:10:24 preprocess.py (get_calibration_factors) INFO: Parsing calibration data for channel H1:PEM-CS_MAG_LVEA_OUTPUTOPTICS_Y.
00:10:24 preprocess.py (get_calibration_factors) INFO: Calibration factor acquired for channel H1:PEM-CS_MAG_LVEA_OUTPUTOPTICS_Y.
00:10:24 preprocess.py (get_calibration_factors) INFO: Parsing calibration data for channel H1:PEM-CS_MAG_LVEA_OUTPUTOPTICS_Z.
00:10:24 preprocess.py (get_calibration_factors) INFO: Calibration factor acquired for channel H1:PEM-CS_MAG_LVEA_OUTPUTOPTICS_Z.
00:10:24 preprocess.py (calibrate_sensors) INFO: Channel calibrated: H1:PEM-CS_MAG_LVEA_OUTPUTOPTICS_X.
00:10:24 preprocess.py (calibrate_sensors) INFO: Channel calibrated: H1:PEM-CS_MAG_LVEA_OUTPUTOPTICS_Y.
00:10:24 preprocess.py (calibrate_sensors) INFO: Channel calibrated: H1:PEM-CS_MAG_LVEA_OUTPUTOPTICS_Z.
00:10:24 preprocess.py (quad_sum_ASD) INFO: Generating quad sum ASD for H1:PEM-CS_MAG_LVEA_OUTPUTOPTICS_XYZ.
00:10:24 preprocess.py (quad_sum_ASD) INFO: Generating quad sum ASD for H1:PEM-CS_MAG_LVEA_OUTPUTOPTICS_XYZ.
00:10:40 PEMcoupling.py (<module>) INFO: Cropping ASDs to match frequencies: H1:PEM-CS_MAG_LVEA_OUTPUTOPTICS_X.
00:10:40 PEMcoupling.py (<module>) INFO: Cropping ASDs to match frequencies: H1:PEM-CS_MAG_LVEA_OUTPUTOPTICS_XYZ.
00:10:40 PEMcoupling.py (<module>) INFO: Cropping ASDs to match frequencies: H1:PEM-CS_MAG_LVEA_OUTPUTOPTICS_Y.
00:10:40 PEMcoupling.py (<module>) INFO: Cropping ASDs to match frequencies: H1:PEM-CS_MAG_LVEA_OUTPUTOPTICS_Z.
00:10:40 PEMcoupling.py (<module>) INFO: Acquiring smoothing parameters for channel H1:PEM-CS_MAG_LVEA_OUTPUTOPTICS_X.
00:10:40 PEMcoupling.py (<module>) INFO: Acquiring smoothing parameters for channel H1:PEM-CS_MAG_LVEA_OUTPUTOPTICS_XYZ.
00:10:40 PEMcoupling.py (<module>) INFO: Acquiring smoothing parameters for channel H1:PEM-CS_MAG_LVEA_OUTPUTOPTICS_Y.
00:10:40 PEMcoupling.py (<module>) INFO: Acquiring smoothing parameters for channel H1:PEM-CS_MAG_LVEA_OUTPUTOPTICS_Z.
00:10:42 PEMcoupling.py (<module>) INFO: Coupling function complete: H1:PEM-CS_MAG_LVEA_OUTPUTOPTICS_X.
00:10:43 PEMcoupling.py (<module>) INFO: Coupling function complete: H1:PEM-CS_MAG_LVEA_OUTPUTOPTICS_XYZ.
00:10:45 PEMcoupling.py (<module>) INFO: Coupling function complete: H1:PEM-CS_MAG_LVEA_OUTPUTOPTICS_Y.
00:10:47 PEMcoupling.py (<module>) INFO: Coupling function complete: H1:PEM-CS_MAG_LVEA_OUTPUTOPTICS_Z.
00:11:09 PEMcoupling.py (<module>) INFO: Coupling functions saved for injection 025CSmagEbayFar51Hzramp.
00:11:09 PEMcoupling.py (<module>) INFO: Subidrectory /home/philippe.nguyen/public_html/test/LHO/CS/CSmag/026CSmagEbayFar7Hzramp created.
00:11:09 PEMcoupling.py (<module>) INFO: Searching for fundamental frequency if applicable.
00:11:09 getparams.py (freq_search) INFO: Fundamental frequency found: 7 Hz.
00:11:09 PEMcoupling.py (<module>) INFO: Being picky about channels.
00:11:10 loaddata.py (get_time_series) INFO: Channel successfully extracted: H1:PEM-CS_MAG_LVEA_OUTPUTOPTICS_X_DQ at time 1185815495 to 1185815635.0.
00:11:10 loaddata.py (get_time_series) INFO: Channel successfully extracted: H1:PEM-CS_MAG_LVEA_OUTPUTOPTICS_Y_DQ at time 1185815495 to 1185815635.0.
00:11:11 loaddata.py (get_time_series) INFO: Channel successfully extracted: H1:PEM-CS_MAG_LVEA_OUTPUTOPTICS_Z_DQ at time 1185815495 to 1185815635.0.
00:11:19 loaddata.py (get_time_series) INFO: Channel successfully extracted: H1:PEM-CS_MAG_LVEA_OUTPUTOPTICS_X_DQ at time 1185823829 to 1185823969.0.
00:11:25 loaddata.py (get_time_series) INFO: Channel successfully extracted: H1:PEM-CS_MAG_LVEA_OUTPUTOPTICS_Y_DQ at time 1185823829 to 1185823969.0.
00:11:33 loaddata.py (get_time_series) INFO: Channel successfully extracted: H1:PEM-CS_MAG_LVEA_OUTPUTOPTICS_Z_DQ at time 1185823829 to 1185823969.0.
00:11:33 preprocess.py (convert_to_ASD) INFO: Channel converted to ASD: H1:PEM-CS_MAG_LVEA_OUTPUTOPTICS_X with FFT time 25.0 and overlap time 12.5
00:11:33 preprocess.py (convert_to_ASD) INFO: Channel converted to ASD: H1:PEM-CS_MAG_LVEA_OUTPUTOPTICS_Y with FFT time 25.0 and overlap time 12.5
00:11:33 preprocess.py (convert_to_ASD) INFO: Channel converted to ASD: H1:PEM-CS_MAG_LVEA_OUTPUTOPTICS_Z with FFT time 25.0 and overlap time 12.5
00:11:34 preprocess.py (convert_to_ASD) INFO: Channel converted to ASD: H1:PEM-CS_MAG_LVEA_OUTPUTOPTICS_X with FFT time 25.0 and overlap time 12.5
00:11:34 preprocess.py (convert_to_ASD) INFO: Channel converted to ASD: H1:PEM-CS_MAG_LVEA_OUTPUTOPTICS_Y with FFT time 25.0 and overlap time 12.5
00:11:34 preprocess.py (convert_to_ASD) INFO: Channel converted to ASD: H1:PEM-CS_MAG_LVEA_OUTPUTOPTICS_Z with FFT time 25.0 and overlap time 12.5
00:11:34 preprocess.py (get_calibration_factors) INFO: Parsing calibration data for channel H1:PEM-CS_MAG_LVEA_OUTPUTOPTICS_X.
00:11:34 preprocess.py (get_calibration_factors) INFO: Calibration factor acquired for channel H1:PEM-CS_MAG_LVEA_OUTPUTOPTICS_X.
00:11:34 preprocess.py (get_calibration_factors) INFO: Parsing calibration data for channel H1:PEM-CS_MAG_LVEA_OUTPUTOPTICS_Y.
00:11:34 preprocess.py (get_calibration_factors) INFO: Calibration factor acquired for channel H1:PEM-CS_MAG_LVEA_OUTPUTOPTICS_Y.
00:11:34 preprocess.py (get_calibration_factors) INFO: Parsing calibration data for channel H1:PEM-CS_MAG_LVEA_OUTPUTOPTICS_Z.
00:11:34 preprocess.py (get_calibration_factors) INFO: Calibration factor acquired for channel H1:PEM-CS_MAG_LVEA_OUTPUTOPTICS_Z.
00:11:34 preprocess.py (calibrate_sensors) INFO: Channel calibrated: H1:PEM-CS_MAG_LVEA_OUTPUTOPTICS_X.
00:11:34 preprocess.py (calibrate_sensors) INFO: Channel calibrated: H1:PEM-CS_MAG_LVEA_OUTPUTOPTICS_Y.
00:11:34 preprocess.py (calibrate_sensors) INFO: Channel calibrated: H1:PEM-CS_MAG_LVEA_OUTPUTOPTICS_Z.
00:11:34 preprocess.py (get_calibration_factors) INFO: Parsing calibration data for channel H1:PEM-CS_MAG_LVEA_OUTPUTOPTICS_X.
00:11:34 preprocess.py (get_calibration_factors) INFO: Calibration factor acquired for channel H1:PEM-CS_MAG_LVEA_OUTPUTOPTICS_X.
00:11:34 preprocess.py (get_calibration_factors) INFO: Parsing calibration data for channel H1:PEM-CS_MAG_LVEA_OUTPUTOPTICS_Y.
00:11:34 preprocess.py (get_calibration_factors) INFO: Calibration factor acquired for channel H1:PEM-CS_MAG_LVEA_OUTPUTOPTICS_Y.
00:11:34 preprocess.py (get_calibration_factors) INFO: Parsing calibration data for channel H1:PEM-CS_MAG_LVEA_OUTPUTOPTICS_Z.
00:11:34 preprocess.py (get_calibration_factors) INFO: Calibration factor acquired for channel H1:PEM-CS_MAG_LVEA_OUTPUTOPTICS_Z.
00:11:34 preprocess.py (calibrate_sensors) INFO: Channel calibrated: H1:PEM-CS_MAG_LVEA_OUTPUTOPTICS_X.
00:11:34 preprocess.py (calibrate_sensors) INFO: Channel calibrated: H1:PEM-CS_MAG_LVEA_OUTPUTOPTICS_Y.
00:11:34 preprocess.py (calibrate_sensors) INFO: Channel calibrated: H1:PEM-CS_MAG_LVEA_OUTPUTOPTICS_Z.
00:11:34 preprocess.py (quad_sum_ASD) INFO: Generating quad sum ASD for H1:PEM-CS_MAG_LVEA_OUTPUTOPTICS_XYZ.
00:11:34 preprocess.py (quad_sum_ASD) INFO: Generating quad sum ASD for H1:PEM-CS_MAG_LVEA_OUTPUTOPTICS_XYZ.
00:11:41 PEMcoupling.py (<module>) INFO: Cropping ASDs to match frequencies: H1:PEM-CS_MAG_LVEA_OUTPUTOPTICS_X.
00:11:41 PEMcoupling.py (<module>) INFO: Cropping ASDs to match frequencies: H1:PEM-CS_MAG_LVEA_OUTPUTOPTICS_XYZ.
00:11:41 PEMcoupling.py (<module>) INFO: Cropping ASDs to match frequencies: H1:PEM-CS_MAG_LVEA_OUTPUTOPTICS_Y.
00:11:41 PEMcoupling.py (<module>) INFO: Cropping ASDs to match frequencies: H1:PEM-CS_MAG_LVEA_OUTPUTOPTICS_Z.
00:11:41 PEMcoupling.py (<module>) INFO: Acquiring smoothing parameters for channel H1:PEM-CS_MAG_LVEA_OUTPUTOPTICS_X.
00:11:41 PEMcoupling.py (<module>) INFO: Acquiring smoothing parameters for channel H1:PEM-CS_MAG_LVEA_OUTPUTOPTICS_XYZ.
00:11:41 PEMcoupling.py (<module>) INFO: Acquiring smoothing parameters for channel H1:PEM-CS_MAG_LVEA_OUTPUTOPTICS_Y.
00:11:41 PEMcoupling.py (<module>) INFO: Acquiring smoothing parameters for channel H1:PEM-CS_MAG_LVEA_OUTPUTOPTICS_Z.
00:11:43 PEMcoupling.py (<module>) INFO: Coupling function complete: H1:PEM-CS_MAG_LVEA_OUTPUTOPTICS_X.
00:11:45 PEMcoupling.py (<module>) INFO: Coupling function complete: H1:PEM-CS_MAG_LVEA_OUTPUTOPTICS_XYZ.
00:11:47 PEMcoupling.py (<module>) INFO: Coupling function complete: H1:PEM-CS_MAG_LVEA_OUTPUTOPTICS_Y.
00:11:49 PEMcoupling.py (<module>) INFO: Coupling function complete: H1:PEM-CS_MAG_LVEA_OUTPUTOPTICS_Z.
00:12:11 PEMcoupling.py (<module>) INFO: Coupling functions saved for injection 026CSmagEbayFar7Hzramp.
00:12:11 PEMcoupling.py (<module>) INFO: Searching for fundamental frequency if applicable.
00:12:11 getparams.py (freq_search) INFO: Fundamental frequency found: 7 Hz.
00:12:11 PEMcoupling.py (<module>) INFO: Being picky about channels.
00:12:12 loaddata.py (get_time_series) INFO: Channel successfully extracted: H1:PEM-CS_MAG_LVEA_OUTPUTOPTICS_X_DQ at time 1185815495 to 1185815635.0.
00:12:12 loaddata.py (get_time_series) INFO: Channel successfully extracted: H1:PEM-CS_MAG_LVEA_OUTPUTOPTICS_Y_DQ at time 1185815495 to 1185815635.0.
00:12:13 loaddata.py (get_time_series) INFO: Channel successfully extracted: H1:PEM-CS_MAG_LVEA_OUTPUTOPTICS_Z_DQ at time 1185815495 to 1185815635.0.
00:12:19 loaddata.py (get_time_series) INFO: Channel successfully extracted: H1:PEM-CS_MAG_LVEA_OUTPUTOPTICS_X_DQ at time 1185824731 to 1185824871.0.
00:12:23 loaddata.py (get_time_series) INFO: Channel successfully extracted: H1:PEM-CS_MAG_LVEA_OUTPUTOPTICS_Y_DQ at time 1185824731 to 1185824871.0.
00:12:28 loaddata.py (get_time_series) INFO: Channel successfully extracted: H1:PEM-CS_MAG_LVEA_OUTPUTOPTICS_Z_DQ at time 1185824731 to 1185824871.0.
00:12:28 preprocess.py (convert_to_ASD) INFO: Channel converted to ASD: H1:PEM-CS_MAG_LVEA_OUTPUTOPTICS_X with FFT time 25.0 and overlap time 12.5
00:12:28 preprocess.py (convert_to_ASD) INFO: Channel converted to ASD: H1:PEM-CS_MAG_LVEA_OUTPUTOPTICS_Y with FFT time 25.0 and overlap time 12.5
00:12:28 preprocess.py (convert_to_ASD) INFO: Channel converted to ASD: H1:PEM-CS_MAG_LVEA_OUTPUTOPTICS_Z with FFT time 25.0 and overlap time 12.5
00:12:28 preprocess.py (convert_to_ASD) INFO: Channel converted to ASD: H1:PEM-CS_MAG_LVEA_OUTPUTOPTICS_X with FFT time 25.0 and overlap time 12.5
00:12:28 preprocess.py (convert_to_ASD) INFO: Channel converted to ASD: H1:PEM-CS_MAG_LVEA_OUTPUTOPTICS_Y with FFT time 25.0 and overlap time 12.5
00:12:28 preprocess.py (convert_to_ASD) INFO: Channel converted to ASD: H1:PEM-CS_MAG_LVEA_OUTPUTOPTICS_Z with FFT time 25.0 and overlap time 12.5
00:12:28 preprocess.py (get_calibration_factors) INFO: Parsing calibration data for channel H1:PEM-CS_MAG_LVEA_OUTPUTOPTICS_X.
00:12:28 preprocess.py (get_calibration_factors) INFO: Calibration factor acquired for channel H1:PEM-CS_MAG_LVEA_OUTPUTOPTICS_X.
00:12:28 preprocess.py (get_calibration_factors) INFO: Parsing calibration data for channel H1:PEM-CS_MAG_LVEA_OUTPUTOPTICS_Y.
00:12:28 preprocess.py (get_calibration_factors) INFO: Calibration factor acquired for channel H1:PEM-CS_MAG_LVEA_OUTPUTOPTICS_Y.
00:12:28 preprocess.py (get_calibration_factors) INFO: Parsing calibration data for channel H1:PEM-CS_MAG_LVEA_OUTPUTOPTICS_Z.
00:12:28 preprocess.py (get_calibration_factors) INFO: Calibration factor acquired for channel H1:PEM-CS_MAG_LVEA_OUTPUTOPTICS_Z.
00:12:28 preprocess.py (calibrate_sensors) INFO: Channel calibrated: H1:PEM-CS_MAG_LVEA_OUTPUTOPTICS_X.
00:12:28 preprocess.py (calibrate_sensors) INFO: Channel calibrated: H1:PEM-CS_MAG_LVEA_OUTPUTOPTICS_Y.
00:12:28 preprocess.py (calibrate_sensors) INFO: Channel calibrated: H1:PEM-CS_MAG_LVEA_OUTPUTOPTICS_Z.
00:12:28 preprocess.py (get_calibration_factors) INFO: Parsing calibration data for channel H1:PEM-CS_MAG_LVEA_OUTPUTOPTICS_X.
00:12:28 preprocess.py (get_calibration_factors) INFO: Calibration factor acquired for channel H1:PEM-CS_MAG_LVEA_OUTPUTOPTICS_X.
00:12:28 preprocess.py (get_calibration_factors) INFO: Parsing calibration data for channel H1:PEM-CS_MAG_LVEA_OUTPUTOPTICS_Y.
00:12:28 preprocess.py (get_calibration_factors) INFO: Calibration factor acquired for channel H1:PEM-CS_MAG_LVEA_OUTPUTOPTICS_Y.
00:12:28 preprocess.py (get_calibration_factors) INFO: Parsing calibration data for channel H1:PEM-CS_MAG_LVEA_OUTPUTOPTICS_Z.
00:12:28 preprocess.py (get_calibration_factors) INFO: Calibration factor acquired for channel H1:PEM-CS_MAG_LVEA_OUTPUTOPTICS_Z.
00:12:28 preprocess.py (calibrate_sensors) INFO: Channel calibrated: H1:PEM-CS_MAG_LVEA_OUTPUTOPTICS_X.
00:12:28 preprocess.py (calibrate_sensors) INFO: Channel calibrated: H1:PEM-CS_MAG_LVEA_OUTPUTOPTICS_Y.
00:12:28 preprocess.py (calibrate_sensors) INFO: Channel calibrated: H1:PEM-CS_MAG_LVEA_OUTPUTOPTICS_Z.
00:12:28 preprocess.py (quad_sum_ASD) INFO: Generating quad sum ASD for H1:PEM-CS_MAG_LVEA_OUTPUTOPTICS_XYZ.
00:12:28 preprocess.py (quad_sum_ASD) INFO: Generating quad sum ASD for H1:PEM-CS_MAG_LVEA_OUTPUTOPTICS_XYZ.
00:12:32 PEMcoupling.py (<module>) INFO: Cropping ASDs to match frequencies: H1:PEM-CS_MAG_LVEA_OUTPUTOPTICS_X.
00:12:32 PEMcoupling.py (<module>) INFO: Cropping ASDs to match frequencies: H1:PEM-CS_MAG_LVEA_OUTPUTOPTICS_XYZ.
00:12:32 PEMcoupling.py (<module>) INFO: Cropping ASDs to match frequencies: H1:PEM-CS_MAG_LVEA_OUTPUTOPTICS_Y.
00:12:32 PEMcoupling.py (<module>) INFO: Cropping ASDs to match frequencies: H1:PEM-CS_MAG_LVEA_OUTPUTOPTICS_Z.
00:12:32 PEMcoupling.py (<module>) INFO: Acquiring smoothing parameters for channel H1:PEM-CS_MAG_LVEA_OUTPUTOPTICS_X.
00:12:32 PEMcoupling.py (<module>) INFO: Acquiring smoothing parameters for channel H1:PEM-CS_MAG_LVEA_OUTPUTOPTICS_XYZ.
00:12:32 PEMcoupling.py (<module>) INFO: Acquiring smoothing parameters for channel H1:PEM-CS_MAG_LVEA_OUTPUTOPTICS_Y.
00:12:32 PEMcoupling.py (<module>) INFO: Acquiring smoothing parameters for channel H1:PEM-CS_MAG_LVEA_OUTPUTOPTICS_Z.
00:12:34 PEMcoupling.py (<module>) INFO: Coupling function complete: H1:PEM-CS_MAG_LVEA_OUTPUTOPTICS_X.
00:12:36 PEMcoupling.py (<module>) INFO: Coupling function complete: H1:PEM-CS_MAG_LVEA_OUTPUTOPTICS_XYZ.
00:12:38 PEMcoupling.py (<module>) INFO: Coupling function complete: H1:PEM-CS_MAG_LVEA_OUTPUTOPTICS_Y.
00:12:40 PEMcoupling.py (<module>) INFO: Coupling function complete: H1:PEM-CS_MAG_LVEA_OUTPUTOPTICS_Z.
00:13:02 PEMcoupling.py (<module>) INFO: Coupling functions saved for injection 027CSmagEbayFlatCoil7Hzramp.
00:13:02 PEMcoupling.py (<module>) INFO: Searching for fundamental frequency if applicable.
00:13:02 getparams.py (freq_search) INFO: Fundamental frequency found: 51 Hz.
00:13:02 PEMcoupling.py (<module>) INFO: Being picky about channels.
00:13:03 loaddata.py (get_time_series) INFO: Channel successfully extracted: H1:PEM-CS_MAG_LVEA_OUTPUTOPTICS_X_DQ at time 1185815495 to 1185815635.0.
00:13:04 loaddata.py (get_time_series) INFO: Channel successfully extracted: H1:PEM-CS_MAG_LVEA_OUTPUTOPTICS_Y_DQ at time 1185815495 to 1185815635.0.
00:13:04 loaddata.py (get_time_series) INFO: Channel successfully extracted: H1:PEM-CS_MAG_LVEA_OUTPUTOPTICS_Z_DQ at time 1185815495 to 1185815635.0.
00:13:10 loaddata.py (get_time_series) INFO: Channel successfully extracted: H1:PEM-CS_MAG_LVEA_OUTPUTOPTICS_X_DQ at time 1185824467 to 1185824607.0.
00:13:13 loaddata.py (get_time_series) INFO: Channel successfully extracted: H1:PEM-CS_MAG_LVEA_OUTPUTOPTICS_Y_DQ at time 1185824467 to 1185824607.0.
00:13:18 loaddata.py (get_time_series) INFO: Channel successfully extracted: H1:PEM-CS_MAG_LVEA_OUTPUTOPTICS_Z_DQ at time 1185824467 to 1185824607.0.
00:13:18 preprocess.py (convert_to_ASD) INFO: Channel converted to ASD: H1:PEM-CS_MAG_LVEA_OUTPUTOPTICS_X with FFT time 25.0 and overlap time 12.5
00:13:18 preprocess.py (convert_to_ASD) INFO: Channel converted to ASD: H1:PEM-CS_MAG_LVEA_OUTPUTOPTICS_Y with FFT time 25.0 and overlap time 12.5
00:13:18 preprocess.py (convert_to_ASD) INFO: Channel converted to ASD: H1:PEM-CS_MAG_LVEA_OUTPUTOPTICS_Z with FFT time 25.0 and overlap time 12.5
00:13:19 preprocess.py (convert_to_ASD) INFO: Channel converted to ASD: H1:PEM-CS_MAG_LVEA_OUTPUTOPTICS_X with FFT time 25.0 and overlap time 12.5
00:13:19 preprocess.py (convert_to_ASD) INFO: Channel converted to ASD: H1:PEM-CS_MAG_LVEA_OUTPUTOPTICS_Y with FFT time 25.0 and overlap time 12.5
00:13:19 preprocess.py (convert_to_ASD) INFO: Channel converted to ASD: H1:PEM-CS_MAG_LVEA_OUTPUTOPTICS_Z with FFT time 25.0 and overlap time 12.5
00:13:19 preprocess.py (get_calibration_factors) INFO: Parsing calibration data for channel H1:PEM-CS_MAG_LVEA_OUTPUTOPTICS_X.
00:13:19 preprocess.py (get_calibration_factors) INFO: Calibration factor acquired for channel H1:PEM-CS_MAG_LVEA_OUTPUTOPTICS_X.
00:13:19 preprocess.py (get_calibration_factors) INFO: Parsing calibration data for channel H1:PEM-CS_MAG_LVEA_OUTPUTOPTICS_Y.
00:13:19 preprocess.py (get_calibration_factors) INFO: Calibration factor acquired for channel H1:PEM-CS_MAG_LVEA_OUTPUTOPTICS_Y.
00:13:19 preprocess.py (get_calibration_factors) INFO: Parsing calibration data for channel H1:PEM-CS_MAG_LVEA_OUTPUTOPTICS_Z.
00:13:19 preprocess.py (get_calibration_factors) INFO: Calibration factor acquired for channel H1:PEM-CS_MAG_LVEA_OUTPUTOPTICS_Z.
00:13:19 preprocess.py (calibrate_sensors) INFO: Channel calibrated: H1:PEM-CS_MAG_LVEA_OUTPUTOPTICS_X.
00:13:19 preprocess.py (calibrate_sensors) INFO: Channel calibrated: H1:PEM-CS_MAG_LVEA_OUTPUTOPTICS_Y.
00:13:19 preprocess.py (calibrate_sensors) INFO: Channel calibrated: H1:PEM-CS_MAG_LVEA_OUTPUTOPTICS_Z.
00:13:19 preprocess.py (get_calibration_factors) INFO: Parsing calibration data for channel H1:PEM-CS_MAG_LVEA_OUTPUTOPTICS_X.
00:13:19 preprocess.py (get_calibration_factors) INFO: Calibration factor acquired for channel H1:PEM-CS_MAG_LVEA_OUTPUTOPTICS_X.
00:13:19 preprocess.py (get_calibration_factors) INFO: Parsing calibration data for channel H1:PEM-CS_MAG_LVEA_OUTPUTOPTICS_Y.
00:13:19 preprocess.py (get_calibration_factors) INFO: Calibration factor acquired for channel H1:PEM-CS_MAG_LVEA_OUTPUTOPTICS_Y.
00:13:19 preprocess.py (get_calibration_factors) INFO: Parsing calibration data for channel H1:PEM-CS_MAG_LVEA_OUTPUTOPTICS_Z.
00:13:19 preprocess.py (get_calibration_factors) INFO: Calibration factor acquired for channel H1:PEM-CS_MAG_LVEA_OUTPUTOPTICS_Z.
00:13:19 preprocess.py (calibrate_sensors) INFO: Channel calibrated: H1:PEM-CS_MAG_LVEA_OUTPUTOPTICS_X.
00:13:19 preprocess.py (calibrate_sensors) INFO: Channel calibrated: H1:PEM-CS_MAG_LVEA_OUTPUTOPTICS_Y.
00:13:19 preprocess.py (calibrate_sensors) INFO: Channel calibrated: H1:PEM-CS_MAG_LVEA_OUTPUTOPTICS_Z.
00:13:19 preprocess.py (quad_sum_ASD) INFO: Generating quad sum ASD for H1:PEM-CS_MAG_LVEA_OUTPUTOPTICS_XYZ.
00:13:19 preprocess.py (quad_sum_ASD) INFO: Generating quad sum ASD for H1:PEM-CS_MAG_LVEA_OUTPUTOPTICS_XYZ.
00:13:37 PEMcoupling.py (<module>) INFO: Cropping ASDs to match frequencies: H1:PEM-CS_MAG_LVEA_OUTPUTOPTICS_X.
00:13:37 PEMcoupling.py (<module>) INFO: Cropping ASDs to match frequencies: H1:PEM-CS_MAG_LVEA_OUTPUTOPTICS_XYZ.
00:13:37 PEMcoupling.py (<module>) INFO: Cropping ASDs to match frequencies: H1:PEM-CS_MAG_LVEA_OUTPUTOPTICS_Y.
00:13:37 PEMcoupling.py (<module>) INFO: Cropping ASDs to match frequencies: H1:PEM-CS_MAG_LVEA_OUTPUTOPTICS_Z.
00:13:37 PEMcoupling.py (<module>) INFO: Acquiring smoothing parameters for channel H1:PEM-CS_MAG_LVEA_OUTPUTOPTICS_X.
00:13:37 PEMcoupling.py (<module>) INFO: Acquiring smoothing parameters for channel H1:PEM-CS_MAG_LVEA_OUTPUTOPTICS_XYZ.
00:13:37 PEMcoupling.py (<module>) INFO: Acquiring smoothing parameters for channel H1:PEM-CS_MAG_LVEA_OUTPUTOPTICS_Y.
00:13:37 PEMcoupling.py (<module>) INFO: Acquiring smoothing parameters for channel H1:PEM-CS_MAG_LVEA_OUTPUTOPTICS_Z.
00:13:39 PEMcoupling.py (<module>) INFO: Coupling function complete: H1:PEM-CS_MAG_LVEA_OUTPUTOPTICS_X.
00:13:41 PEMcoupling.py (<module>) INFO: Coupling function complete: H1:PEM-CS_MAG_LVEA_OUTPUTOPTICS_XYZ.
00:13:43 PEMcoupling.py (<module>) INFO: Coupling function complete: H1:PEM-CS_MAG_LVEA_OUTPUTOPTICS_Y.
00:13:45 PEMcoupling.py (<module>) INFO: Coupling function complete: H1:PEM-CS_MAG_LVEA_OUTPUTOPTICS_Z.
00:14:06 PEMcoupling.py (<module>) INFO: Coupling functions saved for injection 028CSmagEbayFlatCoil51Hzramp.
00:14:06 PEMcoupling.py (<module>) INFO: Subidrectory /home/philippe.nguyen/public_html/test/LHO/CS/CSmag/028CSmagEbayLSC7Hzramp created.
00:14:06 PEMcoupling.py (<module>) INFO: Searching for fundamental frequency if applicable.
00:14:06 getparams.py (freq_search) INFO: Fundamental frequency found: 7 Hz.
00:14:06 PEMcoupling.py (<module>) INFO: Being picky about channels.
00:14:06 loaddata.py (get_time_series) INFO: Channel successfully extracted: H1:PEM-CS_MAG_LVEA_OUTPUTOPTICS_X_DQ at time 1185815495 to 1185815635.0.
00:14:07 loaddata.py (get_time_series) INFO: Channel successfully extracted: H1:PEM-CS_MAG_LVEA_OUTPUTOPTICS_Y_DQ at time 1185815495 to 1185815635.0.
00:14:07 loaddata.py (get_time_series) INFO: Channel successfully extracted: H1:PEM-CS_MAG_LVEA_OUTPUTOPTICS_Z_DQ at time 1185815495 to 1185815635.0.
00:14:12 loaddata.py (get_time_series) INFO: Channel successfully extracted: H1:PEM-CS_MAG_LVEA_OUTPUTOPTICS_X_DQ at time 1185824928 to 1185825068.0.
00:14:26 loaddata.py (get_time_series) INFO: Channel successfully extracted: H1:PEM-CS_MAG_LVEA_OUTPUTOPTICS_Y_DQ at time 1185824928 to 1185825068.0.
00:14:42 loaddata.py (get_time_series) INFO: Channel successfully extracted: H1:PEM-CS_MAG_LVEA_OUTPUTOPTICS_Z_DQ at time 1185824928 to 1185825068.0.
00:14:42 preprocess.py (convert_to_ASD) INFO: Channel converted to ASD: H1:PEM-CS_MAG_LVEA_OUTPUTOPTICS_X with FFT time 25.0 and overlap time 12.5
00:14:42 preprocess.py (convert_to_ASD) INFO: Channel converted to ASD: H1:PEM-CS_MAG_LVEA_OUTPUTOPTICS_Y with FFT time 25.0 and overlap time 12.5
00:14:42 preprocess.py (convert_to_ASD) INFO: Channel converted to ASD: H1:PEM-CS_MAG_LVEA_OUTPUTOPTICS_Z with FFT time 25.0 and overlap time 12.5
00:14:42 preprocess.py (convert_to_ASD) INFO: Channel converted to ASD: H1:PEM-CS_MAG_LVEA_OUTPUTOPTICS_X with FFT time 25.0 and overlap time 12.5
00:14:42 preprocess.py (convert_to_ASD) INFO: Channel converted to ASD: H1:PEM-CS_MAG_LVEA_OUTPUTOPTICS_Y with FFT time 25.0 and overlap time 12.5
00:14:42 preprocess.py (convert_to_ASD) INFO: Channel converted to ASD: H1:PEM-CS_MAG_LVEA_OUTPUTOPTICS_Z with FFT time 25.0 and overlap time 12.5
00:14:42 preprocess.py (get_calibration_factors) INFO: Parsing calibration data for channel H1:PEM-CS_MAG_LVEA_OUTPUTOPTICS_X.
00:14:42 preprocess.py (get_calibration_factors) INFO: Calibration factor acquired for channel H1:PEM-CS_MAG_LVEA_OUTPUTOPTICS_X.
00:14:42 preprocess.py (get_calibration_factors) INFO: Parsing calibration data for channel H1:PEM-CS_MAG_LVEA_OUTPUTOPTICS_Y.
00:14:42 preprocess.py (get_calibration_factors) INFO: Calibration factor acquired for channel H1:PEM-CS_MAG_LVEA_OUTPUTOPTICS_Y.
00:14:42 preprocess.py (get_calibration_factors) INFO: Parsing calibration data for channel H1:PEM-CS_MAG_LVEA_OUTPUTOPTICS_Z.
00:14:42 preprocess.py (get_calibration_factors) INFO: Calibration factor acquired for channel H1:PEM-CS_MAG_LVEA_OUTPUTOPTICS_Z.
00:14:42 preprocess.py (calibrate_sensors) INFO: Channel calibrated: H1:PEM-CS_MAG_LVEA_OUTPUTOPTICS_X.
00:14:42 preprocess.py (calibrate_sensors) INFO: Channel calibrated: H1:PEM-CS_MAG_LVEA_OUTPUTOPTICS_Y.
00:14:42 preprocess.py (calibrate_sensors) INFO: Channel calibrated: H1:PEM-CS_MAG_LVEA_OUTPUTOPTICS_Z.
00:14:42 preprocess.py (get_calibration_factors) INFO: Parsing calibration data for channel H1:PEM-CS_MAG_LVEA_OUTPUTOPTICS_X.
00:14:42 preprocess.py (get_calibration_factors) INFO: Calibration factor acquired for channel H1:PEM-CS_MAG_LVEA_OUTPUTOPTICS_X.
00:14:42 preprocess.py (get_calibration_factors) INFO: Parsing calibration data for channel H1:PEM-CS_MAG_LVEA_OUTPUTOPTICS_Y.
00:14:42 preprocess.py (get_calibration_factors) INFO: Calibration factor acquired for channel H1:PEM-CS_MAG_LVEA_OUTPUTOPTICS_Y.
00:14:42 preprocess.py (get_calibration_factors) INFO: Parsing calibration data for channel H1:PEM-CS_MAG_LVEA_OUTPUTOPTICS_Z.
00:14:42 preprocess.py (get_calibration_factors) INFO: Calibration factor acquired for channel H1:PEM-CS_MAG_LVEA_OUTPUTOPTICS_Z.
00:14:42 preprocess.py (calibrate_sensors) INFO: Channel calibrated: H1:PEM-CS_MAG_LVEA_OUTPUTOPTICS_X.
00:14:42 preprocess.py (calibrate_sensors) INFO: Channel calibrated: H1:PEM-CS_MAG_LVEA_OUTPUTOPTICS_Y.
00:14:42 preprocess.py (calibrate_sensors) INFO: Channel calibrated: H1:PEM-CS_MAG_LVEA_OUTPUTOPTICS_Z.
00:14:42 preprocess.py (quad_sum_ASD) INFO: Generating quad sum ASD for H1:PEM-CS_MAG_LVEA_OUTPUTOPTICS_XYZ.
00:14:42 preprocess.py (quad_sum_ASD) INFO: Generating quad sum ASD for H1:PEM-CS_MAG_LVEA_OUTPUTOPTICS_XYZ.
00:14:55 PEMcoupling.py (<module>) INFO: Cropping ASDs to match frequencies: H1:PEM-CS_MAG_LVEA_OUTPUTOPTICS_X.
00:14:55 PEMcoupling.py (<module>) INFO: Cropping ASDs to match frequencies: H1:PEM-CS_MAG_LVEA_OUTPUTOPTICS_XYZ.
00:14:55 PEMcoupling.py (<module>) INFO: Cropping ASDs to match frequencies: H1:PEM-CS_MAG_LVEA_OUTPUTOPTICS_Y.
00:14:55 PEMcoupling.py (<module>) INFO: Cropping ASDs to match frequencies: H1:PEM-CS_MAG_LVEA_OUTPUTOPTICS_Z.
00:14:55 PEMcoupling.py (<module>) INFO: Acquiring smoothing parameters for channel H1:PEM-CS_MAG_LVEA_OUTPUTOPTICS_X.
00:14:55 PEMcoupling.py (<module>) INFO: Acquiring smoothing parameters for channel H1:PEM-CS_MAG_LVEA_OUTPUTOPTICS_XYZ.
00:14:55 PEMcoupling.py (<module>) INFO: Acquiring smoothing parameters for channel H1:PEM-CS_MAG_LVEA_OUTPUTOPTICS_Y.
00:14:55 PEMcoupling.py (<module>) INFO: Acquiring smoothing parameters for channel H1:PEM-CS_MAG_LVEA_OUTPUTOPTICS_Z.
00:14:57 PEMcoupling.py (<module>) INFO: Coupling function complete: H1:PEM-CS_MAG_LVEA_OUTPUTOPTICS_X.
00:14:59 PEMcoupling.py (<module>) INFO: Coupling function complete: H1:PEM-CS_MAG_LVEA_OUTPUTOPTICS_XYZ.
00:15:01 PEMcoupling.py (<module>) INFO: Coupling function complete: H1:PEM-CS_MAG_LVEA_OUTPUTOPTICS_Y.
00:15:03 PEMcoupling.py (<module>) INFO: Coupling function complete: H1:PEM-CS_MAG_LVEA_OUTPUTOPTICS_Z.
00:15:26 PEMcoupling.py (<module>) INFO: Coupling functions saved for injection 028CSmagEbayLSC7Hzramp.
00:15:26 PEMcoupling.py (<module>) INFO: Subidrectory /home/philippe.nguyen/public_html/test/LHO/CS/CSmag/029CSmagEbayLSC51Hzramp created.
00:15:26 PEMcoupling.py (<module>) INFO: Searching for fundamental frequency if applicable.
00:15:26 getparams.py (freq_search) INFO: Fundamental frequency found: 51 Hz.
00:15:26 PEMcoupling.py (<module>) INFO: Being picky about channels.
00:15:26 loaddata.py (get_time_series) INFO: Channel successfully extracted: H1:PEM-CS_MAG_LVEA_OUTPUTOPTICS_X_DQ at time 1185815495 to 1185815635.0.
00:15:27 loaddata.py (get_time_series) INFO: Channel successfully extracted: H1:PEM-CS_MAG_LVEA_OUTPUTOPTICS_Y_DQ at time 1185815495 to 1185815635.0.
00:15:27 loaddata.py (get_time_series) INFO: Channel successfully extracted: H1:PEM-CS_MAG_LVEA_OUTPUTOPTICS_Z_DQ at time 1185815495 to 1185815635.0.
00:15:57 loaddata.py (get_time_series) INFO: Channel successfully extracted: H1:PEM-CS_MAG_LVEA_OUTPUTOPTICS_X_DQ at time 1185825121 to 1185825261.0.
00:16:10 loaddata.py (get_time_series) INFO: Channel successfully extracted: H1:PEM-CS_MAG_LVEA_OUTPUTOPTICS_Y_DQ at time 1185825121 to 1185825261.0.
00:16:13 loaddata.py (get_time_series) INFO: Channel successfully extracted: H1:PEM-CS_MAG_LVEA_OUTPUTOPTICS_Z_DQ at time 1185825121 to 1185825261.0.
00:16:13 preprocess.py (convert_to_ASD) INFO: Channel converted to ASD: H1:PEM-CS_MAG_LVEA_OUTPUTOPTICS_X with FFT time 25.0 and overlap time 12.5
00:16:13 preprocess.py (convert_to_ASD) INFO: Channel converted to ASD: H1:PEM-CS_MAG_LVEA_OUTPUTOPTICS_Y with FFT time 25.0 and overlap time 12.5
00:16:13 preprocess.py (convert_to_ASD) INFO: Channel converted to ASD: H1:PEM-CS_MAG_LVEA_OUTPUTOPTICS_Z with FFT time 25.0 and overlap time 12.5
00:16:13 preprocess.py (convert_to_ASD) INFO: Channel converted to ASD: H1:PEM-CS_MAG_LVEA_OUTPUTOPTICS_X with FFT time 25.0 and overlap time 12.5
00:16:14 preprocess.py (convert_to_ASD) INFO: Channel converted to ASD: H1:PEM-CS_MAG_LVEA_OUTPUTOPTICS_Y with FFT time 25.0 and overlap time 12.5
00:16:14 preprocess.py (convert_to_ASD) INFO: Channel converted to ASD: H1:PEM-CS_MAG_LVEA_OUTPUTOPTICS_Z with FFT time 25.0 and overlap time 12.5
00:16:14 preprocess.py (get_calibration_factors) INFO: Parsing calibration data for channel H1:PEM-CS_MAG_LVEA_OUTPUTOPTICS_X.
00:16:14 preprocess.py (get_calibration_factors) INFO: Calibration factor acquired for channel H1:PEM-CS_MAG_LVEA_OUTPUTOPTICS_X.
00:16:14 preprocess.py (get_calibration_factors) INFO: Parsing calibration data for channel H1:PEM-CS_MAG_LVEA_OUTPUTOPTICS_Y.
00:16:14 preprocess.py (get_calibration_factors) INFO: Calibration factor acquired for channel H1:PEM-CS_MAG_LVEA_OUTPUTOPTICS_Y.
00:16:14 preprocess.py (get_calibration_factors) INFO: Parsing calibration data for channel H1:PEM-CS_MAG_LVEA_OUTPUTOPTICS_Z.
00:16:14 preprocess.py (get_calibration_factors) INFO: Calibration factor acquired for channel H1:PEM-CS_MAG_LVEA_OUTPUTOPTICS_Z.
00:16:14 preprocess.py (calibrate_sensors) INFO: Channel calibrated: H1:PEM-CS_MAG_LVEA_OUTPUTOPTICS_X.
00:16:14 preprocess.py (calibrate_sensors) INFO: Channel calibrated: H1:PEM-CS_MAG_LVEA_OUTPUTOPTICS_Y.
00:16:14 preprocess.py (calibrate_sensors) INFO: Channel calibrated: H1:PEM-CS_MAG_LVEA_OUTPUTOPTICS_Z.
00:16:14 preprocess.py (get_calibration_factors) INFO: Parsing calibration data for channel H1:PEM-CS_MAG_LVEA_OUTPUTOPTICS_X.
00:16:14 preprocess.py (get_calibration_factors) INFO: Calibration factor acquired for channel H1:PEM-CS_MAG_LVEA_OUTPUTOPTICS_X.
00:16:14 preprocess.py (get_calibration_factors) INFO: Parsing calibration data for channel H1:PEM-CS_MAG_LVEA_OUTPUTOPTICS_Y.
00:16:14 preprocess.py (get_calibration_factors) INFO: Calibration factor acquired for channel H1:PEM-CS_MAG_LVEA_OUTPUTOPTICS_Y.
00:16:14 preprocess.py (get_calibration_factors) INFO: Parsing calibration data for channel H1:PEM-CS_MAG_LVEA_OUTPUTOPTICS_Z.
00:16:14 preprocess.py (get_calibration_factors) INFO: Calibration factor acquired for channel H1:PEM-CS_MAG_LVEA_OUTPUTOPTICS_Z.
00:16:14 preprocess.py (calibrate_sensors) INFO: Channel calibrated: H1:PEM-CS_MAG_LVEA_OUTPUTOPTICS_X.
00:16:14 preprocess.py (calibrate_sensors) INFO: Channel calibrated: H1:PEM-CS_MAG_LVEA_OUTPUTOPTICS_Y.
00:16:14 preprocess.py (calibrate_sensors) INFO: Channel calibrated: H1:PEM-CS_MAG_LVEA_OUTPUTOPTICS_Z.
00:16:14 preprocess.py (quad_sum_ASD) INFO: Generating quad sum ASD for H1:PEM-CS_MAG_LVEA_OUTPUTOPTICS_XYZ.
00:16:14 preprocess.py (quad_sum_ASD) INFO: Generating quad sum ASD for H1:PEM-CS_MAG_LVEA_OUTPUTOPTICS_XYZ.
00:16:21 PEMcoupling.py (<module>) INFO: Cropping ASDs to match frequencies: H1:PEM-CS_MAG_LVEA_OUTPUTOPTICS_X.
00:16:21 PEMcoupling.py (<module>) INFO: Cropping ASDs to match frequencies: H1:PEM-CS_MAG_LVEA_OUTPUTOPTICS_XYZ.
00:16:21 PEMcoupling.py (<module>) INFO: Cropping ASDs to match frequencies: H1:PEM-CS_MAG_LVEA_OUTPUTOPTICS_Y.
00:16:21 PEMcoupling.py (<module>) INFO: Cropping ASDs to match frequencies: H1:PEM-CS_MAG_LVEA_OUTPUTOPTICS_Z.
00:16:21 PEMcoupling.py (<module>) INFO: Acquiring smoothing parameters for channel H1:PEM-CS_MAG_LVEA_OUTPUTOPTICS_X.
00:16:21 PEMcoupling.py (<module>) INFO: Acquiring smoothing parameters for channel H1:PEM-CS_MAG_LVEA_OUTPUTOPTICS_XYZ.
00:16:21 PEMcoupling.py (<module>) INFO: Acquiring smoothing parameters for channel H1:PEM-CS_MAG_LVEA_OUTPUTOPTICS_Y.
00:16:21 PEMcoupling.py (<module>) INFO: Acquiring smoothing parameters for channel H1:PEM-CS_MAG_LVEA_OUTPUTOPTICS_Z.
00:16:23 PEMcoupling.py (<module>) INFO: Coupling function complete: H1:PEM-CS_MAG_LVEA_OUTPUTOPTICS_X.
00:16:25 PEMcoupling.py (<module>) INFO: Coupling function complete: H1:PEM-CS_MAG_LVEA_OUTPUTOPTICS_XYZ.
00:16:27 PEMcoupling.py (<module>) INFO: Coupling function complete: H1:PEM-CS_MAG_LVEA_OUTPUTOPTICS_Y.
00:16:28 PEMcoupling.py (<module>) INFO: Coupling function complete: H1:PEM-CS_MAG_LVEA_OUTPUTOPTICS_Z.
00:16:50 PEMcoupling.py (<module>) INFO: Coupling functions saved for injection 029CSmagEbayLSC51Hzramp.
00:16:50 loaddata.py (get_gwinc) INFO: Importing GWINC data.
00:16:50 loaddata.py (get_gwinc) INFO: Successfully imported GWINC data.
