15:02:44 PEMcoupling.py (<module>) INFO: Importing PEM coupling packages.
15:02:47 getparams.py (get_arg_params) INFO: Parsing arguments.
15:02:47 getparams.py (get_config_params) INFO: Opening config file.
15:02:47 getparams.py (get_config_params) INFO: Checking if missing/empty config file.
15:02:47 getparams.py (get_config_params) INFO: Parsing numerical and boolean config options.
15:02:47 PEMcoupling.py (<module>) INFO: Separating config dictionary by section.
15:02:47 PEMcoupling.py (<module>) INFO: Handling conflicts between config options and command line options.
15:02:47 PEMcoupling.py (<module>) INFO: Reading in channel list given in config file.
15:02:47 getparams.py (get_channel_names) INFO: Opening channel list file.
15:02:47 PEMcoupling.py (<module>) INFO: Creating injection table.
15:02:47 getparams.py (get_times) INFO: Getting DTT files from command line input.
15:02:47 getparams.py (get_times) INFO: List of DTT files created.
15:02:47 getparams.py (get_times_DTT) INFO: Reading DTT files for times.
15:02:51 getparams.py (get_times_DTT) INFO: Finished reading DTTs.
15:02:51 PEMcoupling.py (<module>) INFO: Reporting injection results.
15:02:51 PEMcoupling.py (<module>) INFO: Calculating FFT parameters.
15:02:51 getparams.py (get_FFT_params) INFO: Duration given; determining overlap time and bandwidth.
15:02:51 getparams.py (get_FFT_params) INFO: FFT parameters acquired.
15:02:51 PEMcoupling.py (<module>) INFO: Converting smoothing parameters to frequency bins based on bandwidth.
15:02:51 PEMcoupling.py (<module>) INFO: Beginning to loop over injections.
15:02:51 PEMcoupling.py (<module>) INFO: Searching for fundamental frequency if applicable.
15:02:51 getparams.py (freq_search) INFO: Fundamental frequency found: 7 Hz.
15:02:51 PEMcoupling.py (<module>) INFO: Being picky about channels.
15:03:05 loaddata.py (get_time_series) INFO: Channel successfully extracted: H1:PEM-CS_MAG_LVEA_INPUTOPTICS_X_DQ at time 1185815495 to 1185815635.0.
15:03:17 loaddata.py (get_time_series) INFO: Channel successfully extracted: H1:PEM-CS_MAG_LVEA_INPUTOPTICS_Y_DQ at time 1185815495 to 1185815635.0.
15:03:19 loaddata.py (get_time_series) INFO: Channel successfully extracted: H1:PEM-CS_MAG_LVEA_INPUTOPTICS_Z_DQ at time 1185815495 to 1185815635.0.
15:03:26 loaddata.py (get_time_series) INFO: Channel successfully extracted: H1:PEM-CS_MAG_LVEA_OUTPUTOPTICS_X_DQ at time 1185815495 to 1185815635.0.
