11:37:44 PEMcoupling.py (<module>) INFO: Importing PEM coupling packages.
11:37:47 getparams.py (get_arg_params) INFO: Parsing arguments.
11:37:47 getparams.py (get_config_params) INFO: Opening config file.
11:37:47 getparams.py (get_config_params) INFO: Checking if missing/empty config file.
11:37:47 getparams.py (get_config_params) INFO: Parsing numerical and boolean config options.
11:37:47 PEMcoupling.py (<module>) INFO: Separating config dictionary by section.
11:37:47 PEMcoupling.py (<module>) INFO: Handling conflicts between config options and command line options.
11:37:47 PEMcoupling.py (<module>) INFO: Reading in channel list given in config file.
11:37:47 getparams.py (get_channel_names) INFO: Opening channel list file.
11:37:47 getparams.py (get_channel_list) INFO: Performing channel search.
11:37:47 PEMcoupling.py (<module>) INFO: Creating injection table.
11:37:47 getparams.py (get_times) INFO: Getting DTT files from command line input.
11:37:47 getparams.py (get_times) INFO: List of DTT files created.
11:37:47 getparams.py (get_times_DTT) INFO: Reading DTT files for times.
11:37:51 getparams.py (get_times_DTT) INFO: Finished reading DTTs.
11:37:51 PEMcoupling.py (<module>) INFO: Reporting injection results.
11:37:51 PEMcoupling.py (<module>) INFO: Calculating FFT parameters.
11:37:51 getparams.py (get_FFT_params) INFO: Duration given; determining overlap time and bandwidth.
11:37:51 getparams.py (get_FFT_params) INFO: FFT parameters acquired.
11:37:51 PEMcoupling.py (<module>) INFO: Converting smoothing parameters to frequency bins based on bandwidth.
11:37:51 PEMcoupling.py (<module>) INFO: Beginning to loop over injections.
11:37:51 PEMcoupling.py (<module>) INFO: Searching for fundamental frequency if applicable.
11:37:51 PEMcoupling.py (<module>) INFO: Being picky about channels.
11:37:52 loaddata.py (get_time_series) INFO: Channel successfully extracted: H1:PEM-CS_ACC_BEAMTUBE_MCTUBE_Y_DQ at time 1185727588 to 1185727638.0.
11:37:53 loaddata.py (get_time_series) INFO: Channel successfully extracted: H1:PEM-CS_ACC_BEAMTUBE_MCTUBE_Y_DQ at time 1185732574 to 1185732624.0.
11:37:53 preprocess.py (reject_saturated) INFO: Channel rejected due to saturation: H1:PEM-CS_ACC_BEAMTUBE_MCTUBE_Y_DQ
11:37:53 PEMcoupling.py (<module>) INFO: Searching for fundamental frequency if applicable.
11:37:53 PEMcoupling.py (<module>) INFO: Being picky about channels.
11:37:53 loaddata.py (get_time_series) INFO: Channel successfully extracted: H1:PEM-CS_ACC_BEAMTUBE_MCTUBE_Y_DQ at time 1185727588 to 1185727638.0.
11:37:54 loaddata.py (get_time_series) INFO: Channel successfully extracted: H1:PEM-CS_ACC_BEAMTUBE_MCTUBE_Y_DQ at time 1185737302 to 1185737352.0.
11:37:54 preprocess.py (convert_to_ASD) INFO: Channel converted to ASD: H1:PEM-CS_ACC_BEAMTUBE_MCTUBE_Y with FFT time 9.0 and overlap time 4.5
11:37:54 preprocess.py (convert_to_ASD) INFO: Channel converted to ASD: H1:PEM-CS_ACC_BEAMTUBE_MCTUBE_Y with FFT time 9.0 and overlap time 4.5
11:37:54 preprocess.py (get_calibration_factors) INFO: Parsing calibration data for channel H1:PEM-CS_ACC_BEAMTUBE_MCTUBE_Y.
11:37:54 preprocess.py (get_calibration_factors) INFO: Calibration factor acquired for channel H1:PEM-CS_ACC_BEAMTUBE_MCTUBE_Y.
11:37:54 preprocess.py (calibrate_sensors) INFO: Channel calibrated: H1:PEM-CS_ACC_BEAMTUBE_MCTUBE_Y.
11:37:54 preprocess.py (get_calibration_factors) INFO: Parsing calibration data for channel H1:PEM-CS_ACC_BEAMTUBE_MCTUBE_Y.
11:37:54 preprocess.py (get_calibration_factors) INFO: Calibration factor acquired for channel H1:PEM-CS_ACC_BEAMTUBE_MCTUBE_Y.
11:37:54 preprocess.py (calibrate_sensors) INFO: Channel calibrated: H1:PEM-CS_ACC_BEAMTUBE_MCTUBE_Y.
11:37:56 PEMcoupling.py (<module>) INFO: Cropping ASDs to match frequencies: H1:PEM-CS_ACC_BEAMTUBE_MCTUBE_Y.
11:37:56 PEMcoupling.py (<module>) INFO: Acquiring smoothing parameters for channel H1:PEM-CS_ACC_BEAMTUBE_MCTUBE_Y.
11:38:01 PEMcoupling.py (<module>) INFO: Coupling function complete: H1:PEM-CS_ACC_BEAMTUBE_MCTUBE_Y.
11:38:08 PEMcoupling.py (<module>) INFO: Coupling functions saved for injection 007CSacousticFarOutputOptics700to1200.
11:38:08 PEMcoupling.py (<module>) INFO: Searching for fundamental frequency if applicable.
11:38:08 PEMcoupling.py (<module>) INFO: Being picky about channels.
11:38:08 loaddata.py (get_time_series) INFO: Channel successfully extracted: H1:PEM-CS_ACC_BEAMTUBE_MCTUBE_Y_DQ at time 1185727588 to 1185727638.0.
11:38:09 loaddata.py (get_time_series) INFO: Channel successfully extracted: H1:PEM-CS_ACC_BEAMTUBE_MCTUBE_Y_DQ at time 1185737487 to 1185737537.0.
11:38:09 preprocess.py (convert_to_ASD) INFO: Channel converted to ASD: H1:PEM-CS_ACC_BEAMTUBE_MCTUBE_Y with FFT time 9.0 and overlap time 4.5
11:38:09 preprocess.py (convert_to_ASD) INFO: Channel converted to ASD: H1:PEM-CS_ACC_BEAMTUBE_MCTUBE_Y with FFT time 9.0 and overlap time 4.5
11:38:09 preprocess.py (get_calibration_factors) INFO: Parsing calibration data for channel H1:PEM-CS_ACC_BEAMTUBE_MCTUBE_Y.
11:38:09 preprocess.py (get_calibration_factors) INFO: Calibration factor acquired for channel H1:PEM-CS_ACC_BEAMTUBE_MCTUBE_Y.
11:38:09 preprocess.py (calibrate_sensors) INFO: Channel calibrated: H1:PEM-CS_ACC_BEAMTUBE_MCTUBE_Y.
11:38:09 preprocess.py (get_calibration_factors) INFO: Parsing calibration data for channel H1:PEM-CS_ACC_BEAMTUBE_MCTUBE_Y.
11:38:09 preprocess.py (get_calibration_factors) INFO: Calibration factor acquired for channel H1:PEM-CS_ACC_BEAMTUBE_MCTUBE_Y.
11:38:09 preprocess.py (calibrate_sensors) INFO: Channel calibrated: H1:PEM-CS_ACC_BEAMTUBE_MCTUBE_Y.
11:38:11 PEMcoupling.py (<module>) INFO: Cropping ASDs to match frequencies: H1:PEM-CS_ACC_BEAMTUBE_MCTUBE_Y.
11:38:11 PEMcoupling.py (<module>) INFO: Acquiring smoothing parameters for channel H1:PEM-CS_ACC_BEAMTUBE_MCTUBE_Y.
11:38:16 PEMcoupling.py (<module>) INFO: Coupling function complete: H1:PEM-CS_ACC_BEAMTUBE_MCTUBE_Y.
11:38:23 PEMcoupling.py (<module>) INFO: Coupling functions saved for injection 008CSacousticFarOutputOptics700to1200louder.
11:38:23 PEMcoupling.py (<module>) INFO: Searching for fundamental frequency if applicable.
11:38:23 PEMcoupling.py (<module>) INFO: Being picky about channels.
11:38:23 loaddata.py (get_time_series) INFO: Channel successfully extracted: H1:PEM-CS_ACC_BEAMTUBE_MCTUBE_Y_DQ at time 1185727588 to 1185727638.0.
11:38:24 loaddata.py (get_time_series) INFO: Channel successfully extracted: H1:PEM-CS_ACC_BEAMTUBE_MCTUBE_Y_DQ at time 1185738546 to 1185738596.0.
11:38:24 preprocess.py (convert_to_ASD) INFO: Channel converted to ASD: H1:PEM-CS_ACC_BEAMTUBE_MCTUBE_Y with FFT time 9.0 and overlap time 4.5
11:38:24 preprocess.py (convert_to_ASD) INFO: Channel converted to ASD: H1:PEM-CS_ACC_BEAMTUBE_MCTUBE_Y with FFT time 9.0 and overlap time 4.5
11:38:24 preprocess.py (get_calibration_factors) INFO: Parsing calibration data for channel H1:PEM-CS_ACC_BEAMTUBE_MCTUBE_Y.
11:38:24 preprocess.py (get_calibration_factors) INFO: Calibration factor acquired for channel H1:PEM-CS_ACC_BEAMTUBE_MCTUBE_Y.
11:38:24 preprocess.py (calibrate_sensors) INFO: Channel calibrated: H1:PEM-CS_ACC_BEAMTUBE_MCTUBE_Y.
11:38:24 preprocess.py (get_calibration_factors) INFO: Parsing calibration data for channel H1:PEM-CS_ACC_BEAMTUBE_MCTUBE_Y.
11:38:24 preprocess.py (get_calibration_factors) INFO: Calibration factor acquired for channel H1:PEM-CS_ACC_BEAMTUBE_MCTUBE_Y.
11:38:24 preprocess.py (calibrate_sensors) INFO: Channel calibrated: H1:PEM-CS_ACC_BEAMTUBE_MCTUBE_Y.
11:38:26 PEMcoupling.py (<module>) INFO: Cropping ASDs to match frequencies: H1:PEM-CS_ACC_BEAMTUBE_MCTUBE_Y.
11:38:26 PEMcoupling.py (<module>) INFO: Acquiring smoothing parameters for channel H1:PEM-CS_ACC_BEAMTUBE_MCTUBE_Y.
11:38:30 PEMcoupling.py (<module>) INFO: Coupling function complete: H1:PEM-CS_ACC_BEAMTUBE_MCTUBE_Y.
11:38:37 PEMcoupling.py (<module>) INFO: Coupling functions saved for injection 009CSacousticFarOutputOptics20to130.
11:38:37 PEMcoupling.py (<module>) INFO: Searching for fundamental frequency if applicable.
11:38:37 PEMcoupling.py (<module>) INFO: Being picky about channels.
11:38:38 loaddata.py (get_time_series) INFO: Channel successfully extracted: H1:PEM-CS_ACC_BEAMTUBE_MCTUBE_Y_DQ at time 1185727588 to 1185727638.0.
11:38:38 loaddata.py (get_time_series) INFO: Channel successfully extracted: H1:PEM-CS_ACC_BEAMTUBE_MCTUBE_Y_DQ at time 1185739050 to 1185739100.0.
11:38:38 preprocess.py (convert_to_ASD) INFO: Channel converted to ASD: H1:PEM-CS_ACC_BEAMTUBE_MCTUBE_Y with FFT time 9.0 and overlap time 4.5
11:38:38 preprocess.py (convert_to_ASD) INFO: Channel converted to ASD: H1:PEM-CS_ACC_BEAMTUBE_MCTUBE_Y with FFT time 9.0 and overlap time 4.5
11:38:38 preprocess.py (get_calibration_factors) INFO: Parsing calibration data for channel H1:PEM-CS_ACC_BEAMTUBE_MCTUBE_Y.
11:38:38 preprocess.py (get_calibration_factors) INFO: Calibration factor acquired for channel H1:PEM-CS_ACC_BEAMTUBE_MCTUBE_Y.
11:38:38 preprocess.py (calibrate_sensors) INFO: Channel calibrated: H1:PEM-CS_ACC_BEAMTUBE_MCTUBE_Y.
11:38:38 preprocess.py (get_calibration_factors) INFO: Parsing calibration data for channel H1:PEM-CS_ACC_BEAMTUBE_MCTUBE_Y.
11:38:38 preprocess.py (get_calibration_factors) INFO: Calibration factor acquired for channel H1:PEM-CS_ACC_BEAMTUBE_MCTUBE_Y.
11:38:38 preprocess.py (calibrate_sensors) INFO: Channel calibrated: H1:PEM-CS_ACC_BEAMTUBE_MCTUBE_Y.
11:38:40 PEMcoupling.py (<module>) INFO: Cropping ASDs to match frequencies: H1:PEM-CS_ACC_BEAMTUBE_MCTUBE_Y.
11:38:40 PEMcoupling.py (<module>) INFO: Acquiring smoothing parameters for channel H1:PEM-CS_ACC_BEAMTUBE_MCTUBE_Y.
11:38:44 PEMcoupling.py (<module>) INFO: Coupling function complete: H1:PEM-CS_ACC_BEAMTUBE_MCTUBE_Y.
11:38:51 PEMcoupling.py (<module>) INFO: Coupling functions saved for injection 010CSacousticHAM5OutputOptics20to130.
11:38:51 PEMcoupling.py (<module>) INFO: Searching for fundamental frequency if applicable.
11:38:51 PEMcoupling.py (<module>) INFO: Being picky about channels.
11:38:52 loaddata.py (get_time_series) INFO: Channel successfully extracted: H1:PEM-CS_ACC_BEAMTUBE_MCTUBE_Y_DQ at time 1185727588 to 1185727638.0.
11:38:52 loaddata.py (get_time_series) INFO: Channel successfully extracted: H1:PEM-CS_ACC_BEAMTUBE_MCTUBE_Y_DQ at time 1185739382 to 1185739432.0.
11:38:52 preprocess.py (convert_to_ASD) INFO: Channel converted to ASD: H1:PEM-CS_ACC_BEAMTUBE_MCTUBE_Y with FFT time 9.0 and overlap time 4.5
11:38:52 preprocess.py (convert_to_ASD) INFO: Channel converted to ASD: H1:PEM-CS_ACC_BEAMTUBE_MCTUBE_Y with FFT time 9.0 and overlap time 4.5
11:38:52 preprocess.py (get_calibration_factors) INFO: Parsing calibration data for channel H1:PEM-CS_ACC_BEAMTUBE_MCTUBE_Y.
11:38:52 preprocess.py (get_calibration_factors) INFO: Calibration factor acquired for channel H1:PEM-CS_ACC_BEAMTUBE_MCTUBE_Y.
11:38:52 preprocess.py (calibrate_sensors) INFO: Channel calibrated: H1:PEM-CS_ACC_BEAMTUBE_MCTUBE_Y.
11:38:52 preprocess.py (get_calibration_factors) INFO: Parsing calibration data for channel H1:PEM-CS_ACC_BEAMTUBE_MCTUBE_Y.
11:38:52 preprocess.py (get_calibration_factors) INFO: Calibration factor acquired for channel H1:PEM-CS_ACC_BEAMTUBE_MCTUBE_Y.
11:38:52 preprocess.py (calibrate_sensors) INFO: Channel calibrated: H1:PEM-CS_ACC_BEAMTUBE_MCTUBE_Y.
11:38:54 PEMcoupling.py (<module>) INFO: Cropping ASDs to match frequencies: H1:PEM-CS_ACC_BEAMTUBE_MCTUBE_Y.
11:38:54 PEMcoupling.py (<module>) INFO: Acquiring smoothing parameters for channel H1:PEM-CS_ACC_BEAMTUBE_MCTUBE_Y.
11:38:58 PEMcoupling.py (<module>) INFO: Coupling function complete: H1:PEM-CS_ACC_BEAMTUBE_MCTUBE_Y.
11:39:06 PEMcoupling.py (<module>) INFO: Coupling functions saved for injection 011CSacousticHAM5OutputOptics700to1200.
11:39:06 PEMcoupling.py (<module>) INFO: Searching for fundamental frequency if applicable.
11:39:06 PEMcoupling.py (<module>) INFO: Being picky about channels.
