23:34:39 PEMcoupling.py (<module>) INFO: Importing PEM coupling packages.
23:34:42 getparams.py (get_arg_params) INFO: Parsing arguments.
23:34:42 getparams.py (get_config_params) INFO: Opening config file.
23:34:42 getparams.py (get_config_params) INFO: Checking if missing/empty config file.
23:34:42 getparams.py (get_config_params) INFO: Parsing numerical and boolean config options.
23:34:42 PEMcoupling.py (<module>) INFO: Separating config dictionary by section.
23:34:42 PEMcoupling.py (<module>) INFO: Handling conflicts between config options and command line options.
23:34:42 PEMcoupling.py (<module>) INFO: Reading in channel list given in config file.
23:34:42 getparams.py (get_channel_names) INFO: Opening channel list file.
23:34:42 getparams.py (get_channel_list) INFO: Performing channel search.
23:34:42 PEMcoupling.py (<module>) INFO: Creating injection table.
23:34:42 getparams.py (get_times) INFO: Getting DTT files from command line input.
23:34:42 getparams.py (get_times) INFO: List of DTT files created.
23:34:42 getparams.py (get_times_DTT) INFO: Reading DTT files for times.
23:34:44 getparams.py (get_times_DTT) INFO: Finished reading DTTs.
23:34:44 PEMcoupling.py (<module>) INFO: Reporting injection results.
23:34:44 PEMcoupling.py (<module>) INFO: Calculating FFT parameters.
23:34:44 getparams.py (get_FFT_params) INFO: Duration given; determining overlap time and bandwidth.
23:34:44 getparams.py (get_FFT_params) INFO: FFT parameters acquired.
23:34:44 PEMcoupling.py (<module>) INFO: Converting smoothing parameters to frequency bins based on bandwidth.
23:34:44 PEMcoupling.py (<module>) INFO: Beginning to loop over injections.
23:34:44 PEMcoupling.py (<module>) INFO: Searching for fundamental frequency if applicable.
23:34:44 getparams.py (freq_search) INFO: Fundamental frequency found: 7 Hz.
23:34:44 PEMcoupling.py (<module>) INFO: Being picky about channels.
23:34:50 loaddata.py (get_time_series) INFO: Channel successfully extracted: H1:PEM-CS_MAG_LVEA_OUTPUTOPTICS_X_DQ at time 1185815495 to 1185815635.0.
23:34:53 loaddata.py (get_time_series) INFO: Channel successfully extracted: H1:PEM-CS_MAG_LVEA_OUTPUTOPTICS_Y_DQ at time 1185815495 to 1185815635.0.
23:35:10 loaddata.py (get_time_series) INFO: Channel successfully extracted: H1:PEM-CS_MAG_LVEA_OUTPUTOPTICS_Z_DQ at time 1185815495 to 1185815635.0.
23:35:41 loaddata.py (get_time_series) INFO: Channel successfully extracted: H1:PEM-CS_MAG_LVEA_OUTPUTOPTICS_X_DQ at time 1185816671 to 1185816811.0.
23:35:46 loaddata.py (get_time_series) INFO: Channel successfully extracted: H1:PEM-CS_MAG_LVEA_OUTPUTOPTICS_Y_DQ at time 1185816671 to 1185816811.0.
23:35:51 loaddata.py (get_time_series) INFO: Channel successfully extracted: H1:PEM-CS_MAG_LVEA_OUTPUTOPTICS_Z_DQ at time 1185816671 to 1185816811.0.
23:35:51 preprocess.py (convert_to_ASD) INFO: Channel converted to ASD: H1:PEM-CS_MAG_LVEA_OUTPUTOPTICS_X with FFT time 25.0 and overlap time 12.5
23:35:51 preprocess.py (convert_to_ASD) INFO: Channel converted to ASD: H1:PEM-CS_MAG_LVEA_OUTPUTOPTICS_Y with FFT time 25.0 and overlap time 12.5
23:35:51 preprocess.py (convert_to_ASD) INFO: Channel converted to ASD: H1:PEM-CS_MAG_LVEA_OUTPUTOPTICS_Z with FFT time 25.0 and overlap time 12.5
23:35:51 preprocess.py (convert_to_ASD) INFO: Channel converted to ASD: H1:PEM-CS_MAG_LVEA_OUTPUTOPTICS_X with FFT time 25.0 and overlap time 12.5
23:35:51 preprocess.py (convert_to_ASD) INFO: Channel converted to ASD: H1:PEM-CS_MAG_LVEA_OUTPUTOPTICS_Y with FFT time 25.0 and overlap time 12.5
23:35:51 preprocess.py (convert_to_ASD) INFO: Channel converted to ASD: H1:PEM-CS_MAG_LVEA_OUTPUTOPTICS_Z with FFT time 25.0 and overlap time 12.5
23:35:51 preprocess.py (get_calibration_factors) INFO: Parsing calibration data for channel H1:PEM-CS_MAG_LVEA_OUTPUTOPTICS_X.
23:35:51 preprocess.py (get_calibration_factors) INFO: Calibration factor acquired for channel H1:PEM-CS_MAG_LVEA_OUTPUTOPTICS_X.
23:35:51 preprocess.py (get_calibration_factors) INFO: Parsing calibration data for channel H1:PEM-CS_MAG_LVEA_OUTPUTOPTICS_Y.
23:35:51 preprocess.py (get_calibration_factors) INFO: Calibration factor acquired for channel H1:PEM-CS_MAG_LVEA_OUTPUTOPTICS_Y.
23:35:51 preprocess.py (get_calibration_factors) INFO: Parsing calibration data for channel H1:PEM-CS_MAG_LVEA_OUTPUTOPTICS_Z.
23:35:51 preprocess.py (get_calibration_factors) INFO: Calibration factor acquired for channel H1:PEM-CS_MAG_LVEA_OUTPUTOPTICS_Z.
23:35:51 preprocess.py (calibrate_sensors) INFO: Channel calibrated: H1:PEM-CS_MAG_LVEA_OUTPUTOPTICS_X.
23:35:51 preprocess.py (calibrate_sensors) INFO: Channel calibrated: H1:PEM-CS_MAG_LVEA_OUTPUTOPTICS_Y.
23:35:51 preprocess.py (calibrate_sensors) INFO: Channel calibrated: H1:PEM-CS_MAG_LVEA_OUTPUTOPTICS_Z.
23:35:51 preprocess.py (get_calibration_factors) INFO: Parsing calibration data for channel H1:PEM-CS_MAG_LVEA_OUTPUTOPTICS_X.
23:35:51 preprocess.py (get_calibration_factors) INFO: Calibration factor acquired for channel H1:PEM-CS_MAG_LVEA_OUTPUTOPTICS_X.
23:35:51 preprocess.py (get_calibration_factors) INFO: Parsing calibration data for channel H1:PEM-CS_MAG_LVEA_OUTPUTOPTICS_Y.
23:35:51 preprocess.py (get_calibration_factors) INFO: Calibration factor acquired for channel H1:PEM-CS_MAG_LVEA_OUTPUTOPTICS_Y.
23:35:51 preprocess.py (get_calibration_factors) INFO: Parsing calibration data for channel H1:PEM-CS_MAG_LVEA_OUTPUTOPTICS_Z.
23:35:51 preprocess.py (get_calibration_factors) INFO: Calibration factor acquired for channel H1:PEM-CS_MAG_LVEA_OUTPUTOPTICS_Z.
23:35:51 preprocess.py (calibrate_sensors) INFO: Channel calibrated: H1:PEM-CS_MAG_LVEA_OUTPUTOPTICS_X.
23:35:51 preprocess.py (calibrate_sensors) INFO: Channel calibrated: H1:PEM-CS_MAG_LVEA_OUTPUTOPTICS_Y.
23:35:51 preprocess.py (calibrate_sensors) INFO: Channel calibrated: H1:PEM-CS_MAG_LVEA_OUTPUTOPTICS_Z.
23:35:51 preprocess.py (quad_sum_ASD) INFO: Generating quad sum ASD for H1:PEM-CS_MAG_LVEA_OUTPUTOPTICS_XYZ.
23:35:51 preprocess.py (quad_sum_ASD) INFO: Generating quad sum ASD for H1:PEM-CS_MAG_LVEA_OUTPUTOPTICS_XYZ.
23:36:06 PEMcoupling.py (<module>) INFO: Cropping ASDs to match frequencies: H1:PEM-CS_MAG_LVEA_OUTPUTOPTICS_X.
23:36:06 PEMcoupling.py (<module>) INFO: Cropping ASDs to match frequencies: H1:PEM-CS_MAG_LVEA_OUTPUTOPTICS_XYZ.
23:36:06 PEMcoupling.py (<module>) INFO: Cropping ASDs to match frequencies: H1:PEM-CS_MAG_LVEA_OUTPUTOPTICS_Y.
23:36:06 PEMcoupling.py (<module>) INFO: Cropping ASDs to match frequencies: H1:PEM-CS_MAG_LVEA_OUTPUTOPTICS_Z.
23:36:06 PEMcoupling.py (<module>) INFO: Acquiring smoothing parameters for channel H1:PEM-CS_MAG_LVEA_OUTPUTOPTICS_X.
23:36:06 PEMcoupling.py (<module>) INFO: Acquiring smoothing parameters for channel H1:PEM-CS_MAG_LVEA_OUTPUTOPTICS_XYZ.
23:36:06 PEMcoupling.py (<module>) INFO: Acquiring smoothing parameters for channel H1:PEM-CS_MAG_LVEA_OUTPUTOPTICS_Y.
23:36:06 PEMcoupling.py (<module>) INFO: Acquiring smoothing parameters for channel H1:PEM-CS_MAG_LVEA_OUTPUTOPTICS_Z.
23:36:08 PEMcoupling.py (<module>) INFO: Coupling function complete: H1:PEM-CS_MAG_LVEA_OUTPUTOPTICS_X.
23:36:10 PEMcoupling.py (<module>) INFO: Coupling function complete: H1:PEM-CS_MAG_LVEA_OUTPUTOPTICS_XYZ.
23:36:12 PEMcoupling.py (<module>) INFO: Coupling function complete: H1:PEM-CS_MAG_LVEA_OUTPUTOPTICS_Y.
23:36:14 PEMcoupling.py (<module>) INFO: Coupling function complete: H1:PEM-CS_MAG_LVEA_OUTPUTOPTICS_Z.
