15:01:44 PEMcoupling.py (<module>) INFO: Importing PEM coupling packages.
15:01:46 getparams.py (get_arg_params) INFO: Parsing arguments.
15:01:46 getparams.py (get_config_params) INFO: Opening config file.
15:01:46 getparams.py (get_config_params) INFO: Checking if missing/empty config file.
15:01:46 getparams.py (get_config_params) INFO: Parsing numerical and boolean config options.
15:01:46 PEMcoupling.py (<module>) INFO: Separating config dictionary by section.
15:01:46 PEMcoupling.py (<module>) INFO: Handling conflicts between config options and command line options.
15:01:46 PEMcoupling.py (<module>) INFO: Reading in channel list given in config file.
15:01:46 getparams.py (get_channel_names) INFO: Opening channel list file.
15:01:46 PEMcoupling.py (<module>) INFO: Creating injection table.
15:01:46 getparams.py (get_times_config) INFO: Reading injection times config file.
15:01:46 PEMcoupling.py (<module>) INFO: Reporting injection results.
15:01:46 PEMcoupling.py (<module>) INFO: Calculating FFT parameters.
15:01:46 getparams.py (get_FFT_params) INFO: Duration given; determining overlap time and bandwidth.
15:01:46 getparams.py (get_FFT_params) INFO: FFT parameters acquired.
15:01:46 PEMcoupling.py (<module>) INFO: Converting smoothing parameters to frequency bins based on bandwidth.
15:01:46 PEMcoupling.py (<module>) INFO: Beginning to loop over injections.
15:01:46 PEMcoupling.py (<module>) INFO: Subidrectory /home/philippe.nguyen/public_html/test/LHO/EX/EXvibrational/061EXacousticNearDoor created.
15:01:46 PEMcoupling.py (<module>) INFO: Searching for fundamental frequency if applicable.
15:01:46 PEMcoupling.py (<module>) INFO: Being picky about channels.
15:01:48 loaddata.py (get_time_series) INFO: Channel successfully extracted: H1:PEM-EX_ACC_BSC9_ETMX_X_DQ at time 1186334486 to 1186334536.0.
15:01:53 loaddata.py (get_time_series) INFO: Channel successfully extracted: H1:PEM-EX_ACC_BSC9_ETMX_Y_DQ at time 1186334486 to 1186334536.0.
15:01:55 loaddata.py (get_time_series) INFO: Channel successfully extracted: H1:PEM-EX_ACC_BSC9_ETMX_Z_DQ at time 1186334486 to 1186334536.0.
15:01:56 loaddata.py (get_time_series) INFO: Channel successfully extracted: H1:PEM-EX_ACC_EBAY_FLOOR_Z_DQ at time 1186334486 to 1186334536.0.
