13:11:38 PEMcoupling.py (<module>) INFO: Importing PEM coupling packages.
13:11:40 getparams.py (get_arg_params) INFO: Parsing arguments.
13:11:40 getparams.py (get_config_params) INFO: Opening config file.
13:11:40 getparams.py (get_config_params) INFO: Checking if missing/empty config file.
13:11:40 getparams.py (get_config_params) INFO: Parsing numerical and boolean config options.
13:11:40 PEMcoupling.py (<module>) INFO: Separating config dictionary by section.
13:11:40 PEMcoupling.py (<module>) INFO: Handling conflicts between config options and command line options.
13:11:40 PEMcoupling.py (<module>) INFO: Reading in channel list given in config file.
13:11:40 getparams.py (get_channel_names) INFO: Opening channel list file.
13:11:40 getparams.py (get_channel_list) INFO: Performing channel search.
13:11:40 PEMcoupling.py (<module>) INFO: Creating injection table.
13:11:40 getparams.py (get_times) INFO: Getting DTT files from command line input.
13:11:40 getparams.py (get_times) INFO: List of DTT files created.
13:11:40 getparams.py (get_times_DTT) INFO: Reading DTT files for times.
13:11:44 getparams.py (get_times_DTT) INFO: Finished reading DTTs.
13:11:45 PEMcoupling.py (<module>) INFO: Reporting injection results.
13:11:45 PEMcoupling.py (<module>) INFO: Calculating FFT parameters.
13:11:45 getparams.py (get_FFT_params) INFO: Duration given; determining overlap time and bandwidth.
13:11:45 getparams.py (get_FFT_params) INFO: FFT parameters acquired.
13:11:45 PEMcoupling.py (<module>) INFO: Converting smoothing parameters to frequency bins based on bandwidth.
13:11:45 PEMcoupling.py (<module>) INFO: Beginning to loop over injections.
13:11:45 PEMcoupling.py (<module>) INFO: Searching for fundamental frequency if applicable.
13:11:45 PEMcoupling.py (<module>) INFO: Being picky about channels.
13:11:46 loaddata.py (get_time_series) INFO: Channel successfully extracted: H1:PEM-CS_ACC_BEAMTUBE_MCTUBE_Y_DQ at time 1185727588 to 1185727638.0.
13:11:46 loaddata.py (get_time_series) INFO: Channel successfully extracted: H1:PEM-CS_ACC_BEAMTUBE_MCTUBE_Y_DQ at time 1185732574 to 1185732624.0.
13:11:46 preprocess.py (reject_saturated) INFO: Channel rejected due to saturation: H1:PEM-CS_ACC_BEAMTUBE_MCTUBE_Y_DQ
13:11:46 PEMcoupling.py (<module>) INFO: Searching for fundamental frequency if applicable.
13:11:46 PEMcoupling.py (<module>) INFO: Being picky about channels.
13:11:47 loaddata.py (get_time_series) INFO: Channel successfully extracted: H1:PEM-CS_ACC_BEAMTUBE_MCTUBE_Y_DQ at time 1185727588 to 1185727638.0.
13:11:48 loaddata.py (get_time_series) INFO: Channel successfully extracted: H1:PEM-CS_ACC_BEAMTUBE_MCTUBE_Y_DQ at time 1185737302 to 1185737352.0.
13:11:48 preprocess.py (convert_to_ASD) INFO: Channel converted to ASD: H1:PEM-CS_ACC_BEAMTUBE_MCTUBE_Y with FFT time 9.0 and overlap time 4.5
13:11:48 preprocess.py (convert_to_ASD) INFO: Channel converted to ASD: H1:PEM-CS_ACC_BEAMTUBE_MCTUBE_Y with FFT time 9.0 and overlap time 4.5
13:11:48 preprocess.py (get_calibration_factors) INFO: Parsing calibration data for channel H1:PEM-CS_ACC_BEAMTUBE_MCTUBE_Y.
13:11:48 preprocess.py (get_calibration_factors) INFO: Calibration factor acquired for channel H1:PEM-CS_ACC_BEAMTUBE_MCTUBE_Y.
13:11:48 preprocess.py (calibrate_sensors) INFO: Channel calibrated: H1:PEM-CS_ACC_BEAMTUBE_MCTUBE_Y.
13:11:48 preprocess.py (get_calibration_factors) INFO: Parsing calibration data for channel H1:PEM-CS_ACC_BEAMTUBE_MCTUBE_Y.
13:11:48 preprocess.py (get_calibration_factors) INFO: Calibration factor acquired for channel H1:PEM-CS_ACC_BEAMTUBE_MCTUBE_Y.
13:11:48 preprocess.py (calibrate_sensors) INFO: Channel calibrated: H1:PEM-CS_ACC_BEAMTUBE_MCTUBE_Y.
13:11:49 PEMcoupling.py (<module>) INFO: Cropping ASDs to match frequencies: H1:PEM-CS_ACC_BEAMTUBE_MCTUBE_Y.
13:11:49 PEMcoupling.py (<module>) INFO: Acquiring smoothing parameters for channel H1:PEM-CS_ACC_BEAMTUBE_MCTUBE_Y.
13:11:54 PEMcoupling.py (<module>) INFO: Coupling function complete: H1:PEM-CS_ACC_BEAMTUBE_MCTUBE_Y.
13:12:01 PEMcoupling.py (<module>) INFO: Coupling functions saved for injection 007CSacousticFarOutputOptics700to1200.
13:12:01 PEMcoupling.py (<module>) INFO: Searching for fundamental frequency if applicable.
13:12:01 PEMcoupling.py (<module>) INFO: Being picky about channels.
13:12:02 loaddata.py (get_time_series) INFO: Channel successfully extracted: H1:PEM-CS_ACC_BEAMTUBE_MCTUBE_Y_DQ at time 1185727588 to 1185727638.0.
13:12:09 loaddata.py (get_time_series) INFO: Channel successfully extracted: H1:PEM-CS_ACC_BEAMTUBE_MCTUBE_Y_DQ at time 1185737487 to 1185737537.0.
13:12:09 preprocess.py (convert_to_ASD) INFO: Channel converted to ASD: H1:PEM-CS_ACC_BEAMTUBE_MCTUBE_Y with FFT time 9.0 and overlap time 4.5
13:12:09 preprocess.py (convert_to_ASD) INFO: Channel converted to ASD: H1:PEM-CS_ACC_BEAMTUBE_MCTUBE_Y with FFT time 9.0 and overlap time 4.5
13:12:09 preprocess.py (get_calibration_factors) INFO: Parsing calibration data for channel H1:PEM-CS_ACC_BEAMTUBE_MCTUBE_Y.
13:12:09 preprocess.py (get_calibration_factors) INFO: Calibration factor acquired for channel H1:PEM-CS_ACC_BEAMTUBE_MCTUBE_Y.
13:12:09 preprocess.py (calibrate_sensors) INFO: Channel calibrated: H1:PEM-CS_ACC_BEAMTUBE_MCTUBE_Y.
13:12:09 preprocess.py (get_calibration_factors) INFO: Parsing calibration data for channel H1:PEM-CS_ACC_BEAMTUBE_MCTUBE_Y.
13:12:09 preprocess.py (get_calibration_factors) INFO: Calibration factor acquired for channel H1:PEM-CS_ACC_BEAMTUBE_MCTUBE_Y.
13:12:09 preprocess.py (calibrate_sensors) INFO: Channel calibrated: H1:PEM-CS_ACC_BEAMTUBE_MCTUBE_Y.
13:12:13 PEMcoupling.py (<module>) INFO: Cropping ASDs to match frequencies: H1:PEM-CS_ACC_BEAMTUBE_MCTUBE_Y.
13:12:13 PEMcoupling.py (<module>) INFO: Acquiring smoothing parameters for channel H1:PEM-CS_ACC_BEAMTUBE_MCTUBE_Y.
13:12:18 PEMcoupling.py (<module>) INFO: Coupling function complete: H1:PEM-CS_ACC_BEAMTUBE_MCTUBE_Y.
13:12:25 PEMcoupling.py (<module>) INFO: Coupling functions saved for injection 008CSacousticFarOutputOptics700to1200louder.
13:12:25 PEMcoupling.py (<module>) INFO: Searching for fundamental frequency if applicable.
13:12:25 PEMcoupling.py (<module>) INFO: Being picky about channels.
13:12:25 loaddata.py (get_time_series) INFO: Channel successfully extracted: H1:PEM-CS_ACC_BEAMTUBE_MCTUBE_Y_DQ at time 1185727588 to 1185727638.0.
