17:49:51 PEMcoupling.py (<module>) INFO: Importing PEM coupling packages.
17:49:53 getparams.py (get_arg_params) INFO: Parsing arguments.
17:49:53 getparams.py (get_config_params) INFO: Opening config file.
17:49:53 getparams.py (get_config_params) INFO: Checking if missing/empty config file.
17:49:53 getparams.py (get_config_params) INFO: Parsing numerical and boolean config options.
17:49:53 PEMcoupling.py (<module>) INFO: Separating config dictionary by section.
17:49:53 PEMcoupling.py (<module>) INFO: Handling conflicts between config options and command line options.
17:49:53 PEMcoupling.py (<module>) INFO: Reading in channel list given in config file.
17:49:53 getparams.py (get_channel_names) INFO: Opening channel list file.
17:49:53 PEMcoupling.py (<module>) INFO: Creating injection table.
17:49:53 getparams.py (get_times_config) INFO: Reading injection times config file.
17:49:53 getparams.py (search_injections) INFO: Searching injection table for search entry 035/036.
17:49:53 getparams.py (search_injections) INFO: Finished searching injection table.
17:49:53 PEMcoupling.py (<module>) INFO: Reporting injection results.
17:49:53 PEMcoupling.py (<module>) INFO: Calculating FFT parameters.
17:49:53 getparams.py (get_FFT_params) INFO: Duration given; determining overlap time and bandwidth.
17:49:53 getparams.py (get_FFT_params) INFO: FFT parameters acquired.
17:49:53 PEMcoupling.py (<module>) INFO: Converting smoothing parameters to frequency bins based on bandwidth.
17:49:53 PEMcoupling.py (<module>) INFO: Beginning to loop over injections.
17:49:53 PEMcoupling.py (<module>) INFO: Searching for fundamental frequency if applicable.
17:49:53 PEMcoupling.py (<module>) INFO: Being picky about channels.
17:49:54 loaddata.py (get_time_series) INFO: Channel successfully extracted: L1:PEM-EY_ACC_EBAY_FLOOR_Z_DQ at time 1185821207 to 1185821257.0.
17:49:55 loaddata.py (get_time_series) INFO: Channel successfully extracted: L1:PEM-EY_MIC_EBAY_RACKS_DQ at time 1185821207 to 1185821257.0.
17:49:55 loaddata.py (get_time_series) INFO: Channel successfully extracted: L1:PEM-EY_ACC_EBAY_FLOOR_Z_DQ at time 1185826402 to 1185826452.0.
17:49:56 loaddata.py (get_time_series) INFO: Channel successfully extracted: L1:PEM-EY_MIC_EBAY_RACKS_DQ at time 1185826402 to 1185826452.0.
17:49:56 preprocess.py (convert_to_ASD) INFO: Channel converted to ASD: L1:PEM-EY_ACC_EBAY_FLOOR_Z with FFT time 9.0 and overlap time 4.5
17:49:56 preprocess.py (convert_to_ASD) INFO: Channel converted to ASD: L1:PEM-EY_MIC_EBAY_RACKS with FFT time 9.0 and overlap time 4.5
17:49:56 preprocess.py (convert_to_ASD) INFO: Channel converted to ASD: L1:PEM-EY_ACC_EBAY_FLOOR_Z with FFT time 9.0 and overlap time 4.5
17:49:56 preprocess.py (convert_to_ASD) INFO: Channel converted to ASD: L1:PEM-EY_MIC_EBAY_RACKS with FFT time 9.0 and overlap time 4.5
17:49:56 preprocess.py (get_calibration_factors) INFO: Parsing calibration data for channel L1:PEM-EY_ACC_EBAY_FLOOR_Z.
17:49:56 preprocess.py (get_calibration_factors) INFO: Calibration factor acquired for channel L1:PEM-EY_ACC_EBAY_FLOOR_Z.
17:49:56 preprocess.py (get_calibration_factors) INFO: Parsing calibration data for channel L1:PEM-EY_MIC_EBAY_RACKS.
17:49:56 preprocess.py (get_calibration_factors) INFO: Calibration factor acquired for channel L1:PEM-EY_MIC_EBAY_RACKS.
17:49:56 preprocess.py (calibrate_sensors) INFO: Channel calibrated: L1:PEM-EY_ACC_EBAY_FLOOR_Z.
17:49:56 preprocess.py (calibrate_sensors) INFO: Channel calibrated: L1:PEM-EY_MIC_EBAY_RACKS.
17:49:56 preprocess.py (get_calibration_factors) INFO: Parsing calibration data for channel L1:PEM-EY_ACC_EBAY_FLOOR_Z.
17:49:56 preprocess.py (get_calibration_factors) INFO: Calibration factor acquired for channel L1:PEM-EY_ACC_EBAY_FLOOR_Z.
17:49:56 preprocess.py (get_calibration_factors) INFO: Parsing calibration data for channel L1:PEM-EY_MIC_EBAY_RACKS.
17:49:56 preprocess.py (get_calibration_factors) INFO: Calibration factor acquired for channel L1:PEM-EY_MIC_EBAY_RACKS.
17:49:56 preprocess.py (calibrate_sensors) INFO: Channel calibrated: L1:PEM-EY_ACC_EBAY_FLOOR_Z.
17:49:56 preprocess.py (calibrate_sensors) INFO: Channel calibrated: L1:PEM-EY_MIC_EBAY_RACKS.
17:49:57 PEMcoupling.py (<module>) INFO: Cropping ASDs to match frequencies: L1:PEM-EY_ACC_EBAY_FLOOR_Z.
17:49:57 PEMcoupling.py (<module>) INFO: Cropping ASDs to match frequencies: L1:PEM-EY_MIC_EBAY_RACKS.
17:49:57 PEMcoupling.py (<module>) INFO: Acquiring smoothing parameters for channel L1:PEM-EY_ACC_EBAY_FLOOR_Z.
17:49:57 PEMcoupling.py (<module>) INFO: Acquiring smoothing parameters for channel L1:PEM-EY_MIC_EBAY_RACKS.
17:49:59 PEMcoupling.py (<module>) INFO: Coupling function complete: L1:PEM-EY_ACC_EBAY_FLOOR_Z.
17:50:06 PEMcoupling.py (<module>) INFO: Coupling function complete: L1:PEM-EY_MIC_EBAY_RACKS.
17:50:19 PEMcoupling.py (<module>) INFO: Coupling functions saved for injection 035-EYebay_Acou30to2k_x3.
17:50:19 PEMcoupling.py (<module>) INFO: Subidrectory /home/philippe.nguyen/public_html/test/LLO/EY/EYvib/036-EYebay_Acou100to2k created.
17:50:19 PEMcoupling.py (<module>) INFO: Searching for fundamental frequency if applicable.
17:50:19 PEMcoupling.py (<module>) INFO: Being picky about channels.
17:50:19 loaddata.py (get_time_series) INFO: Channel successfully extracted: L1:PEM-EY_ACC_EBAY_FLOOR_Z_DQ at time 1185821207 to 1185821257.0.
17:50:20 loaddata.py (get_time_series) INFO: Channel successfully extracted: L1:PEM-EY_MIC_EBAY_RACKS_DQ at time 1185821207 to 1185821257.0.
17:50:23 loaddata.py (get_time_series) INFO: Channel successfully extracted: L1:PEM-EY_ACC_EBAY_FLOOR_Z_DQ at time 1185826607 to 1185826657.0.
17:50:25 loaddata.py (get_time_series) INFO: Channel successfully extracted: L1:PEM-EY_MIC_EBAY_RACKS_DQ at time 1185826607 to 1185826657.0.
17:50:25 preprocess.py (convert_to_ASD) INFO: Channel converted to ASD: L1:PEM-EY_ACC_EBAY_FLOOR_Z with FFT time 9.0 and overlap time 4.5
17:50:25 preprocess.py (convert_to_ASD) INFO: Channel converted to ASD: L1:PEM-EY_MIC_EBAY_RACKS with FFT time 9.0 and overlap time 4.5
17:50:25 preprocess.py (convert_to_ASD) INFO: Channel converted to ASD: L1:PEM-EY_ACC_EBAY_FLOOR_Z with FFT time 9.0 and overlap time 4.5
17:50:25 preprocess.py (convert_to_ASD) INFO: Channel converted to ASD: L1:PEM-EY_MIC_EBAY_RACKS with FFT time 9.0 and overlap time 4.5
17:50:25 preprocess.py (get_calibration_factors) INFO: Parsing calibration data for channel L1:PEM-EY_ACC_EBAY_FLOOR_Z.
17:50:25 preprocess.py (get_calibration_factors) INFO: Calibration factor acquired for channel L1:PEM-EY_ACC_EBAY_FLOOR_Z.
17:50:25 preprocess.py (get_calibration_factors) INFO: Parsing calibration data for channel L1:PEM-EY_MIC_EBAY_RACKS.
17:50:25 preprocess.py (get_calibration_factors) INFO: Calibration factor acquired for channel L1:PEM-EY_MIC_EBAY_RACKS.
17:50:25 preprocess.py (calibrate_sensors) INFO: Channel calibrated: L1:PEM-EY_ACC_EBAY_FLOOR_Z.
17:50:25 preprocess.py (calibrate_sensors) INFO: Channel calibrated: L1:PEM-EY_MIC_EBAY_RACKS.
17:50:25 preprocess.py (get_calibration_factors) INFO: Parsing calibration data for channel L1:PEM-EY_ACC_EBAY_FLOOR_Z.
17:50:25 preprocess.py (get_calibration_factors) INFO: Calibration factor acquired for channel L1:PEM-EY_ACC_EBAY_FLOOR_Z.
17:50:25 preprocess.py (get_calibration_factors) INFO: Parsing calibration data for channel L1:PEM-EY_MIC_EBAY_RACKS.
17:50:25 preprocess.py (get_calibration_factors) INFO: Calibration factor acquired for channel L1:PEM-EY_MIC_EBAY_RACKS.
17:50:25 preprocess.py (calibrate_sensors) INFO: Channel calibrated: L1:PEM-EY_ACC_EBAY_FLOOR_Z.
17:50:25 preprocess.py (calibrate_sensors) INFO: Channel calibrated: L1:PEM-EY_MIC_EBAY_RACKS.
17:50:28 PEMcoupling.py (<module>) INFO: Cropping ASDs to match frequencies: L1:PEM-EY_ACC_EBAY_FLOOR_Z.
17:50:28 PEMcoupling.py (<module>) INFO: Cropping ASDs to match frequencies: L1:PEM-EY_MIC_EBAY_RACKS.
17:50:28 PEMcoupling.py (<module>) INFO: Acquiring smoothing parameters for channel L1:PEM-EY_ACC_EBAY_FLOOR_Z.
17:50:28 PEMcoupling.py (<module>) INFO: Acquiring smoothing parameters for channel L1:PEM-EY_MIC_EBAY_RACKS.
17:50:30 PEMcoupling.py (<module>) INFO: Coupling function complete: L1:PEM-EY_ACC_EBAY_FLOOR_Z.
17:50:37 PEMcoupling.py (<module>) INFO: Coupling function complete: L1:PEM-EY_MIC_EBAY_RACKS.
17:50:49 PEMcoupling.py (<module>) INFO: Coupling functions saved for injection 036-EYebay_Acou100to2k.
17:50:49 loaddata.py (get_gwinc) INFO: Importing GWINC data.
17:50:49 loaddata.py (get_gwinc) INFO: Successfully imported GWINC data.
