15:00:42 PEMcoupling.py (<module>) INFO: Importing PEM coupling packages.
15:00:45 getparams.py (get_arg_params) INFO: Parsing arguments.
15:00:45 getparams.py (get_config_params) INFO: Opening config file.
15:00:45 getparams.py (get_config_params) INFO: Checking if missing/empty config file.
15:00:45 getparams.py (get_config_params) INFO: Parsing numerical and boolean config options.
15:00:45 PEMcoupling.py (<module>) INFO: Separating config dictionary by section.
15:00:45 PEMcoupling.py (<module>) INFO: Handling conflicts between config options and command line options.
15:00:45 PEMcoupling.py (<module>) INFO: Reading in channel list given in config file.
15:00:45 getparams.py (get_channel_names) INFO: Opening channel list file.
15:00:45 PEMcoupling.py (<module>) INFO: Creating injection table.
15:00:45 getparams.py (get_times_config) INFO: Reading injection times config file.
15:00:45 PEMcoupling.py (<module>) INFO: Reporting injection results.
15:00:45 PEMcoupling.py (<module>) INFO: Calculating FFT parameters.
15:00:45 getparams.py (get_FFT_params) INFO: Duration given; determining overlap time and bandwidth.
15:00:45 getparams.py (get_FFT_params) INFO: FFT parameters acquired.
15:00:45 PEMcoupling.py (<module>) INFO: Converting smoothing parameters to frequency bins based on bandwidth.
15:00:45 PEMcoupling.py (<module>) INFO: Beginning to loop over injections.
15:00:45 PEMcoupling.py (<module>) INFO: Subidrectory /home/philippe.nguyen/test/LHO/CS/CSmag/013CSmagYman7Hzramp created.
15:00:45 PEMcoupling.py (<module>) INFO: Searching for fundamental frequency if applicable.
15:00:45 getparams.py (freq_search) INFO: Fundamental frequency found: 7 Hz.
15:00:45 PEMcoupling.py (<module>) INFO: Being picky about channels.
15:00:51 loaddata.py (get_time_series) INFO: Channel successfully extracted: H1:PEM-CS_MAG_LVEA_INPUTOPTICS_X_DQ at time 1185815495 to 1185815635.0.
15:00:57 loaddata.py (get_time_series) INFO: Channel successfully extracted: H1:PEM-CS_MAG_LVEA_INPUTOPTICS_Y_DQ at time 1185815495 to 1185815635.0.
15:01:00 loaddata.py (get_time_series) INFO: Channel successfully extracted: H1:PEM-CS_MAG_LVEA_INPUTOPTICS_Z_DQ at time 1185815495 to 1185815635.0.
15:01:02 loaddata.py (get_time_series) INFO: Channel successfully extracted: H1:PEM-CS_MAG_LVEA_OUTPUTOPTICS_X_DQ at time 1185815495 to 1185815635.0.
15:01:05 loaddata.py (get_time_series) INFO: Channel successfully extracted: H1:PEM-CS_MAG_LVEA_OUTPUTOPTICS_Y_DQ at time 1185815495 to 1185815635.0.
15:01:07 loaddata.py (get_time_series) INFO: Channel successfully extracted: H1:PEM-CS_MAG_LVEA_OUTPUTOPTICS_Z_DQ at time 1185815495 to 1185815635.0.
15:01:08 loaddata.py (get_time_series) INFO: Channel successfully extracted: H1:PEM-CS_MAG_LVEA_VERTEX_X_DQ at time 1185815495 to 1185815635.0.
15:01:11 loaddata.py (get_time_series) INFO: Channel successfully extracted: H1:PEM-CS_MAG_LVEA_VERTEX_Y_DQ at time 1185815495 to 1185815635.0.
15:01:13 loaddata.py (get_time_series) INFO: Channel successfully extracted: H1:PEM-CS_MAG_LVEA_VERTEX_Z_DQ at time 1185815495 to 1185815635.0.
15:01:19 loaddata.py (get_time_series) INFO: Channel successfully extracted: H1:PEM-CS_MAG_LVEA_INPUTOPTICS_X_DQ at time 1185816671 to 1185816811.0.
15:01:24 loaddata.py (get_time_series) INFO: Channel successfully extracted: H1:PEM-CS_MAG_LVEA_INPUTOPTICS_Y_DQ at time 1185816671 to 1185816811.0.
15:01:27 loaddata.py (get_time_series) INFO: Channel successfully extracted: H1:PEM-CS_MAG_LVEA_INPUTOPTICS_Z_DQ at time 1185816671 to 1185816811.0.
15:01:29 loaddata.py (get_time_series) INFO: Channel successfully extracted: H1:PEM-CS_MAG_LVEA_OUTPUTOPTICS_X_DQ at time 1185816671 to 1185816811.0.
15:01:31 loaddata.py (get_time_series) INFO: Channel successfully extracted: H1:PEM-CS_MAG_LVEA_OUTPUTOPTICS_Y_DQ at time 1185816671 to 1185816811.0.
15:01:33 loaddata.py (get_time_series) INFO: Channel successfully extracted: H1:PEM-CS_MAG_LVEA_OUTPUTOPTICS_Z_DQ at time 1185816671 to 1185816811.0.
15:01:35 loaddata.py (get_time_series) INFO: Channel successfully extracted: H1:PEM-CS_MAG_LVEA_VERTEX_X_DQ at time 1185816671 to 1185816811.0.
15:01:37 loaddata.py (get_time_series) INFO: Channel successfully extracted: H1:PEM-CS_MAG_LVEA_VERTEX_Y_DQ at time 1185816671 to 1185816811.0.
15:01:38 loaddata.py (get_time_series) INFO: Channel successfully extracted: H1:PEM-CS_MAG_LVEA_VERTEX_Z_DQ at time 1185816671 to 1185816811.0.
15:01:38 preprocess.py (convert_to_ASD) INFO: Channel converted to ASD: H1:PEM-CS_MAG_LVEA_INPUTOPTICS_X with FFT time 25.0 and overlap time 12.5
15:01:38 preprocess.py (convert_to_ASD) INFO: Channel converted to ASD: H1:PEM-CS_MAG_LVEA_INPUTOPTICS_Y with FFT time 25.0 and overlap time 12.5
15:01:39 preprocess.py (convert_to_ASD) INFO: Channel converted to ASD: H1:PEM-CS_MAG_LVEA_INPUTOPTICS_Z with FFT time 25.0 and overlap time 12.5
15:01:39 preprocess.py (convert_to_ASD) INFO: Channel converted to ASD: H1:PEM-CS_MAG_LVEA_OUTPUTOPTICS_X with FFT time 25.0 and overlap time 12.5
15:01:39 preprocess.py (convert_to_ASD) INFO: Channel converted to ASD: H1:PEM-CS_MAG_LVEA_OUTPUTOPTICS_Y with FFT time 25.0 and overlap time 12.5
15:01:39 preprocess.py (convert_to_ASD) INFO: Channel converted to ASD: H1:PEM-CS_MAG_LVEA_OUTPUTOPTICS_Z with FFT time 25.0 and overlap time 12.5
15:01:39 preprocess.py (convert_to_ASD) INFO: Channel converted to ASD: H1:PEM-CS_MAG_LVEA_VERTEX_X with FFT time 25.0 and overlap time 12.5
15:01:39 preprocess.py (convert_to_ASD) INFO: Channel converted to ASD: H1:PEM-CS_MAG_LVEA_VERTEX_Y with FFT time 25.0 and overlap time 12.5
15:01:39 preprocess.py (convert_to_ASD) INFO: Channel converted to ASD: H1:PEM-CS_MAG_LVEA_VERTEX_Z with FFT time 25.0 and overlap time 12.5
15:01:39 preprocess.py (convert_to_ASD) INFO: Channel converted to ASD: H1:PEM-CS_MAG_LVEA_INPUTOPTICS_X with FFT time 25.0 and overlap time 12.5
15:01:40 preprocess.py (convert_to_ASD) INFO: Channel converted to ASD: H1:PEM-CS_MAG_LVEA_INPUTOPTICS_Y with FFT time 25.0 and overlap time 12.5
15:01:40 preprocess.py (convert_to_ASD) INFO: Channel converted to ASD: H1:PEM-CS_MAG_LVEA_INPUTOPTICS_Z with FFT time 25.0 and overlap time 12.5
15:01:40 preprocess.py (convert_to_ASD) INFO: Channel converted to ASD: H1:PEM-CS_MAG_LVEA_OUTPUTOPTICS_X with FFT time 25.0 and overlap time 12.5
15:01:40 preprocess.py (convert_to_ASD) INFO: Channel converted to ASD: H1:PEM-CS_MAG_LVEA_OUTPUTOPTICS_Y with FFT time 25.0 and overlap time 12.5
15:01:40 preprocess.py (convert_to_ASD) INFO: Channel converted to ASD: H1:PEM-CS_MAG_LVEA_OUTPUTOPTICS_Z with FFT time 25.0 and overlap time 12.5
15:01:40 preprocess.py (convert_to_ASD) INFO: Channel converted to ASD: H1:PEM-CS_MAG_LVEA_VERTEX_X with FFT time 25.0 and overlap time 12.5
15:01:40 preprocess.py (convert_to_ASD) INFO: Channel converted to ASD: H1:PEM-CS_MAG_LVEA_VERTEX_Y with FFT time 25.0 and overlap time 12.5
15:01:40 preprocess.py (convert_to_ASD) INFO: Channel converted to ASD: H1:PEM-CS_MAG_LVEA_VERTEX_Z with FFT time 25.0 and overlap time 12.5
15:01:41 preprocess.py (get_calibration_factors) INFO: Parsing calibration data for channel H1:PEM-CS_MAG_LVEA_INPUTOPTICS_X.
15:01:41 preprocess.py (get_calibration_factors) INFO: Calibration factor acquired for channel H1:PEM-CS_MAG_LVEA_INPUTOPTICS_X.
15:01:41 preprocess.py (get_calibration_factors) INFO: Parsing calibration data for channel H1:PEM-CS_MAG_LVEA_OUTPUTOPTICS_X.
15:01:41 preprocess.py (get_calibration_factors) INFO: Calibration factor acquired for channel H1:PEM-CS_MAG_LVEA_OUTPUTOPTICS_X.
15:01:41 preprocess.py (get_calibration_factors) INFO: Parsing calibration data for channel H1:PEM-CS_MAG_LVEA_OUTPUTOPTICS_Y.
15:01:41 preprocess.py (get_calibration_factors) INFO: Calibration factor acquired for channel H1:PEM-CS_MAG_LVEA_OUTPUTOPTICS_Y.
15:01:41 preprocess.py (get_calibration_factors) INFO: Parsing calibration data for channel H1:PEM-CS_MAG_LVEA_INPUTOPTICS_Y.
15:01:41 preprocess.py (get_calibration_factors) INFO: Calibration factor acquired for channel H1:PEM-CS_MAG_LVEA_INPUTOPTICS_Y.
15:01:41 preprocess.py (get_calibration_factors) INFO: Parsing calibration data for channel H1:PEM-CS_MAG_LVEA_OUTPUTOPTICS_Z.
15:01:41 preprocess.py (get_calibration_factors) INFO: Calibration factor acquired for channel H1:PEM-CS_MAG_LVEA_OUTPUTOPTICS_Z.
15:01:41 preprocess.py (get_calibration_factors) INFO: Parsing calibration data for channel H1:PEM-CS_MAG_LVEA_INPUTOPTICS_Z.
15:01:41 preprocess.py (get_calibration_factors) INFO: Calibration factor acquired for channel H1:PEM-CS_MAG_LVEA_INPUTOPTICS_Z.
15:01:41 preprocess.py (get_calibration_factors) INFO: Parsing calibration data for channel H1:PEM-CS_MAG_LVEA_VERTEX_X.
15:01:41 preprocess.py (get_calibration_factors) INFO: Calibration factor acquired for channel H1:PEM-CS_MAG_LVEA_VERTEX_X.
15:01:41 preprocess.py (get_calibration_factors) INFO: Parsing calibration data for channel H1:PEM-CS_MAG_LVEA_VERTEX_Y.
15:01:41 preprocess.py (get_calibration_factors) INFO: Calibration factor acquired for channel H1:PEM-CS_MAG_LVEA_VERTEX_Y.
15:01:41 preprocess.py (get_calibration_factors) INFO: Parsing calibration data for channel H1:PEM-CS_MAG_LVEA_VERTEX_Z.
15:01:41 preprocess.py (get_calibration_factors) INFO: Calibration factor acquired for channel H1:PEM-CS_MAG_LVEA_VERTEX_Z.
15:01:41 preprocess.py (calibrate_sensors) INFO: Channel calibrated: H1:PEM-CS_MAG_LVEA_INPUTOPTICS_X.
15:01:41 preprocess.py (calibrate_sensors) INFO: Channel calibrated: H1:PEM-CS_MAG_LVEA_INPUTOPTICS_Y.
15:01:41 preprocess.py (calibrate_sensors) INFO: Channel calibrated: H1:PEM-CS_MAG_LVEA_INPUTOPTICS_Z.
15:01:41 preprocess.py (calibrate_sensors) INFO: Channel calibrated: H1:PEM-CS_MAG_LVEA_OUTPUTOPTICS_X.
15:01:41 preprocess.py (calibrate_sensors) INFO: Channel calibrated: H1:PEM-CS_MAG_LVEA_OUTPUTOPTICS_Y.
15:01:41 preprocess.py (calibrate_sensors) INFO: Channel calibrated: H1:PEM-CS_MAG_LVEA_OUTPUTOPTICS_Z.
15:01:41 preprocess.py (calibrate_sensors) INFO: Channel calibrated: H1:PEM-CS_MAG_LVEA_VERTEX_X.
15:01:41 preprocess.py (calibrate_sensors) INFO: Channel calibrated: H1:PEM-CS_MAG_LVEA_VERTEX_Y.
15:01:41 preprocess.py (calibrate_sensors) INFO: Channel calibrated: H1:PEM-CS_MAG_LVEA_VERTEX_Z.
15:01:41 preprocess.py (get_calibration_factors) INFO: Parsing calibration data for channel H1:PEM-CS_MAG_LVEA_INPUTOPTICS_X.
15:01:41 preprocess.py (get_calibration_factors) INFO: Calibration factor acquired for channel H1:PEM-CS_MAG_LVEA_INPUTOPTICS_X.
15:01:41 preprocess.py (get_calibration_factors) INFO: Parsing calibration data for channel H1:PEM-CS_MAG_LVEA_OUTPUTOPTICS_X.
15:01:41 preprocess.py (get_calibration_factors) INFO: Calibration factor acquired for channel H1:PEM-CS_MAG_LVEA_OUTPUTOPTICS_X.
15:01:41 preprocess.py (get_calibration_factors) INFO: Parsing calibration data for channel H1:PEM-CS_MAG_LVEA_OUTPUTOPTICS_Y.
15:01:41 preprocess.py (get_calibration_factors) INFO: Calibration factor acquired for channel H1:PEM-CS_MAG_LVEA_OUTPUTOPTICS_Y.
15:01:41 preprocess.py (get_calibration_factors) INFO: Parsing calibration data for channel H1:PEM-CS_MAG_LVEA_INPUTOPTICS_Y.
15:01:41 preprocess.py (get_calibration_factors) INFO: Calibration factor acquired for channel H1:PEM-CS_MAG_LVEA_INPUTOPTICS_Y.
15:01:41 preprocess.py (get_calibration_factors) INFO: Parsing calibration data for channel H1:PEM-CS_MAG_LVEA_OUTPUTOPTICS_Z.
15:01:41 preprocess.py (get_calibration_factors) INFO: Calibration factor acquired for channel H1:PEM-CS_MAG_LVEA_OUTPUTOPTICS_Z.
15:01:41 preprocess.py (get_calibration_factors) INFO: Parsing calibration data for channel H1:PEM-CS_MAG_LVEA_INPUTOPTICS_Z.
15:01:41 preprocess.py (get_calibration_factors) INFO: Calibration factor acquired for channel H1:PEM-CS_MAG_LVEA_INPUTOPTICS_Z.
15:01:41 preprocess.py (get_calibration_factors) INFO: Parsing calibration data for channel H1:PEM-CS_MAG_LVEA_VERTEX_X.
15:01:41 preprocess.py (get_calibration_factors) INFO: Calibration factor acquired for channel H1:PEM-CS_MAG_LVEA_VERTEX_X.
15:01:41 preprocess.py (get_calibration_factors) INFO: Parsing calibration data for channel H1:PEM-CS_MAG_LVEA_VERTEX_Y.
15:01:41 preprocess.py (get_calibration_factors) INFO: Calibration factor acquired for channel H1:PEM-CS_MAG_LVEA_VERTEX_Y.
15:01:41 preprocess.py (get_calibration_factors) INFO: Parsing calibration data for channel H1:PEM-CS_MAG_LVEA_VERTEX_Z.
15:01:41 preprocess.py (get_calibration_factors) INFO: Calibration factor acquired for channel H1:PEM-CS_MAG_LVEA_VERTEX_Z.
15:01:41 preprocess.py (calibrate_sensors) INFO: Channel calibrated: H1:PEM-CS_MAG_LVEA_INPUTOPTICS_X.
15:01:41 preprocess.py (calibrate_sensors) INFO: Channel calibrated: H1:PEM-CS_MAG_LVEA_INPUTOPTICS_Y.
15:01:41 preprocess.py (calibrate_sensors) INFO: Channel calibrated: H1:PEM-CS_MAG_LVEA_INPUTOPTICS_Z.
15:01:41 preprocess.py (calibrate_sensors) INFO: Channel calibrated: H1:PEM-CS_MAG_LVEA_OUTPUTOPTICS_X.
15:01:41 preprocess.py (calibrate_sensors) INFO: Channel calibrated: H1:PEM-CS_MAG_LVEA_OUTPUTOPTICS_Y.
15:01:41 preprocess.py (calibrate_sensors) INFO: Channel calibrated: H1:PEM-CS_MAG_LVEA_OUTPUTOPTICS_Z.
15:01:41 preprocess.py (calibrate_sensors) INFO: Channel calibrated: H1:PEM-CS_MAG_LVEA_VERTEX_X.
15:01:41 preprocess.py (calibrate_sensors) INFO: Channel calibrated: H1:PEM-CS_MAG_LVEA_VERTEX_Y.
15:01:41 preprocess.py (calibrate_sensors) INFO: Channel calibrated: H1:PEM-CS_MAG_LVEA_VERTEX_Z.
15:01:41 preprocess.py (quad_sum_ASD) INFO: Generating quad sum ASD for H1:PEM-CS_MAG_LVEA_INPUTOPTICS_XYZ.
15:01:41 preprocess.py (quad_sum_ASD) INFO: Generating quad sum ASD for H1:PEM-CS_MAG_LVEA_OUTPUTOPTICS_XYZ.
15:01:41 preprocess.py (quad_sum_ASD) INFO: Generating quad sum ASD for H1:PEM-CS_MAG_LVEA_VERTEX_XYZ.
15:01:41 preprocess.py (quad_sum_ASD) INFO: Generating quad sum ASD for H1:PEM-CS_MAG_LVEA_INPUTOPTICS_XYZ.
15:01:41 preprocess.py (quad_sum_ASD) INFO: Generating quad sum ASD for H1:PEM-CS_MAG_LVEA_OUTPUTOPTICS_XYZ.
15:01:41 preprocess.py (quad_sum_ASD) INFO: Generating quad sum ASD for H1:PEM-CS_MAG_LVEA_VERTEX_XYZ.
15:01:47 PEMcoupling.py (<module>) INFO: Cropping ASDs to match frequencies: H1:PEM-CS_MAG_LVEA_INPUTOPTICS_X.
15:01:47 PEMcoupling.py (<module>) INFO: Cropping ASDs to match frequencies: H1:PEM-CS_MAG_LVEA_INPUTOPTICS_XYZ.
15:01:47 PEMcoupling.py (<module>) INFO: Cropping ASDs to match frequencies: H1:PEM-CS_MAG_LVEA_INPUTOPTICS_Y.
15:01:47 PEMcoupling.py (<module>) INFO: Cropping ASDs to match frequencies: H1:PEM-CS_MAG_LVEA_INPUTOPTICS_Z.
15:01:47 PEMcoupling.py (<module>) INFO: Cropping ASDs to match frequencies: H1:PEM-CS_MAG_LVEA_OUTPUTOPTICS_X.
15:01:47 PEMcoupling.py (<module>) INFO: Cropping ASDs to match frequencies: H1:PEM-CS_MAG_LVEA_OUTPUTOPTICS_XYZ.
15:01:47 PEMcoupling.py (<module>) INFO: Cropping ASDs to match frequencies: H1:PEM-CS_MAG_LVEA_OUTPUTOPTICS_Y.
15:01:47 PEMcoupling.py (<module>) INFO: Cropping ASDs to match frequencies: H1:PEM-CS_MAG_LVEA_OUTPUTOPTICS_Z.
15:01:47 PEMcoupling.py (<module>) INFO: Cropping ASDs to match frequencies: H1:PEM-CS_MAG_LVEA_VERTEX_X.
15:01:47 PEMcoupling.py (<module>) INFO: Cropping ASDs to match frequencies: H1:PEM-CS_MAG_LVEA_VERTEX_XYZ.
15:01:47 PEMcoupling.py (<module>) INFO: Cropping ASDs to match frequencies: H1:PEM-CS_MAG_LVEA_VERTEX_Y.
15:01:47 PEMcoupling.py (<module>) INFO: Cropping ASDs to match frequencies: H1:PEM-CS_MAG_LVEA_VERTEX_Z.
15:01:47 PEMcoupling.py (<module>) INFO: Acquiring smoothing parameters for channel H1:PEM-CS_MAG_LVEA_INPUTOPTICS_X.
15:01:47 PEMcoupling.py (<module>) INFO: Acquiring smoothing parameters for channel H1:PEM-CS_MAG_LVEA_INPUTOPTICS_XYZ.
15:01:47 PEMcoupling.py (<module>) INFO: Acquiring smoothing parameters for channel H1:PEM-CS_MAG_LVEA_INPUTOPTICS_Y.
15:01:47 PEMcoupling.py (<module>) INFO: Acquiring smoothing parameters for channel H1:PEM-CS_MAG_LVEA_INPUTOPTICS_Z.
15:01:47 PEMcoupling.py (<module>) INFO: Acquiring smoothing parameters for channel H1:PEM-CS_MAG_LVEA_OUTPUTOPTICS_X.
15:01:47 PEMcoupling.py (<module>) INFO: Acquiring smoothing parameters for channel H1:PEM-CS_MAG_LVEA_OUTPUTOPTICS_XYZ.
15:01:47 PEMcoupling.py (<module>) INFO: Acquiring smoothing parameters for channel H1:PEM-CS_MAG_LVEA_OUTPUTOPTICS_Y.
15:01:47 PEMcoupling.py (<module>) INFO: Acquiring smoothing parameters for channel H1:PEM-CS_MAG_LVEA_OUTPUTOPTICS_Z.
15:01:47 PEMcoupling.py (<module>) INFO: Acquiring smoothing parameters for channel H1:PEM-CS_MAG_LVEA_VERTEX_X.
15:01:47 PEMcoupling.py (<module>) INFO: Acquiring smoothing parameters for channel H1:PEM-CS_MAG_LVEA_VERTEX_XYZ.
15:01:47 PEMcoupling.py (<module>) INFO: Acquiring smoothing parameters for channel H1:PEM-CS_MAG_LVEA_VERTEX_Y.
15:01:47 PEMcoupling.py (<module>) INFO: Acquiring smoothing parameters for channel H1:PEM-CS_MAG_LVEA_VERTEX_Z.
15:01:49 PEMcoupling.py (<module>) INFO: Coupling function complete: H1:PEM-CS_MAG_LVEA_INPUTOPTICS_X.
15:01:50 PEMcoupling.py (<module>) INFO: Coupling function complete: H1:PEM-CS_MAG_LVEA_INPUTOPTICS_XYZ.
15:01:52 PEMcoupling.py (<module>) INFO: Coupling function complete: H1:PEM-CS_MAG_LVEA_INPUTOPTICS_Y.
15:01:54 PEMcoupling.py (<module>) INFO: Coupling function complete: H1:PEM-CS_MAG_LVEA_INPUTOPTICS_Z.
15:01:55 PEMcoupling.py (<module>) INFO: Coupling function complete: H1:PEM-CS_MAG_LVEA_OUTPUTOPTICS_X.
15:01:57 PEMcoupling.py (<module>) INFO: Coupling function complete: H1:PEM-CS_MAG_LVEA_OUTPUTOPTICS_XYZ.
15:01:59 PEMcoupling.py (<module>) INFO: Coupling function complete: H1:PEM-CS_MAG_LVEA_OUTPUTOPTICS_Y.
15:02:00 PEMcoupling.py (<module>) INFO: Coupling function complete: H1:PEM-CS_MAG_LVEA_OUTPUTOPTICS_Z.
15:02:02 PEMcoupling.py (<module>) INFO: Coupling function complete: H1:PEM-CS_MAG_LVEA_VERTEX_X.
15:02:04 PEMcoupling.py (<module>) INFO: Coupling function complete: H1:PEM-CS_MAG_LVEA_VERTEX_XYZ.
15:02:06 PEMcoupling.py (<module>) INFO: Coupling function complete: H1:PEM-CS_MAG_LVEA_VERTEX_Y.
15:02:07 PEMcoupling.py (<module>) INFO: Coupling function complete: H1:PEM-CS_MAG_LVEA_VERTEX_Z.
15:03:09 PEMcoupling.py (<module>) INFO: Coupling functions saved for injection 013CSmagYman7Hzramp.
15:03:09 PEMcoupling.py (<module>) INFO: Subidrectory /home/philippe.nguyen/test/LHO/CS/CSmag/017CSmagPSL51Hzramp created.
15:03:09 PEMcoupling.py (<module>) INFO: Searching for fundamental frequency if applicable.
15:03:09 getparams.py (freq_search) INFO: Fundamental frequency found: 51 Hz.
15:03:09 PEMcoupling.py (<module>) INFO: Being picky about channels.
15:03:10 loaddata.py (get_time_series) INFO: Channel successfully extracted: H1:PEM-CS_MAG_LVEA_INPUTOPTICS_X_DQ at time 1185815495 to 1185815635.0.
15:03:11 loaddata.py (get_time_series) INFO: Channel successfully extracted: H1:PEM-CS_MAG_LVEA_INPUTOPTICS_Y_DQ at time 1185815495 to 1185815635.0.
15:03:11 loaddata.py (get_time_series) INFO: Channel successfully extracted: H1:PEM-CS_MAG_LVEA_INPUTOPTICS_Z_DQ at time 1185815495 to 1185815635.0.
15:03:12 loaddata.py (get_time_series) INFO: Channel successfully extracted: H1:PEM-CS_MAG_LVEA_OUTPUTOPTICS_X_DQ at time 1185815495 to 1185815635.0.
15:03:12 loaddata.py (get_time_series) INFO: Channel successfully extracted: H1:PEM-CS_MAG_LVEA_OUTPUTOPTICS_Y_DQ at time 1185815495 to 1185815635.0.
15:03:13 loaddata.py (get_time_series) INFO: Channel successfully extracted: H1:PEM-CS_MAG_LVEA_OUTPUTOPTICS_Z_DQ at time 1185815495 to 1185815635.0.
15:03:14 loaddata.py (get_time_series) INFO: Channel successfully extracted: H1:PEM-CS_MAG_LVEA_VERTEX_X_DQ at time 1185815495 to 1185815635.0.
15:03:14 loaddata.py (get_time_series) INFO: Channel successfully extracted: H1:PEM-CS_MAG_LVEA_VERTEX_Y_DQ at time 1185815495 to 1185815635.0.
15:03:15 loaddata.py (get_time_series) INFO: Channel successfully extracted: H1:PEM-CS_MAG_LVEA_VERTEX_Z_DQ at time 1185815495 to 1185815635.0.
15:03:20 loaddata.py (get_time_series) INFO: Channel successfully extracted: H1:PEM-CS_MAG_LVEA_INPUTOPTICS_X_DQ at time 1185820417 to 1185820557.0.
