15:02:23 PEMcoupling.py (<module>) INFO: Importing PEM coupling packages.
15:02:25 getparams.py (get_arg_params) INFO: Parsing arguments.
15:02:25 getparams.py (get_config_params) INFO: Opening config file.
15:02:25 getparams.py (get_config_params) INFO: Checking if missing/empty config file.
15:02:25 getparams.py (get_config_params) INFO: Parsing numerical and boolean config options.
15:02:25 PEMcoupling.py (<module>) INFO: Separating config dictionary by section.
15:02:25 PEMcoupling.py (<module>) INFO: Handling conflicts between config options and command line options.
15:02:25 PEMcoupling.py (<module>) INFO: Reading in channel list given in config file.
15:02:25 getparams.py (get_channel_names) INFO: Opening channel list file.
15:02:25 PEMcoupling.py (<module>) INFO: Creating injection table.
15:02:25 getparams.py (get_times_config) INFO: Reading injection times config file.
15:02:25 PEMcoupling.py (<module>) INFO: Reporting injection results.
15:02:25 PEMcoupling.py (<module>) INFO: Calculating FFT parameters.
15:02:25 getparams.py (get_FFT_params) INFO: Duration given; determining overlap time and bandwidth.
15:02:25 getparams.py (get_FFT_params) INFO: FFT parameters acquired.
15:02:25 PEMcoupling.py (<module>) INFO: Converting smoothing parameters to frequency bins based on bandwidth.
15:02:25 PEMcoupling.py (<module>) INFO: Beginning to loop over injections.
15:02:25 PEMcoupling.py (<module>) INFO: Searching for fundamental frequency if applicable.
15:02:25 PEMcoupling.py (<module>) INFO: Being picky about channels.
15:02:26 loaddata.py (get_time_series) INFO: Channel successfully extracted: H1:PEM-EX_ACC_BSC9_ETMX_X_DQ at time 1186334486 to 1186334536.0.
15:02:26 loaddata.py (get_time_series) INFO: Channel successfully extracted: H1:PEM-EX_ACC_BSC9_ETMX_Y_DQ at time 1186334486 to 1186334536.0.
15:02:27 loaddata.py (get_time_series) INFO: Channel successfully extracted: H1:PEM-EX_ACC_BSC9_ETMX_Z_DQ at time 1186334486 to 1186334536.0.
15:02:28 loaddata.py (get_time_series) INFO: Channel successfully extracted: H1:PEM-EX_ACC_EBAY_FLOOR_Z_DQ at time 1186334486 to 1186334536.0.
15:02:28 loaddata.py (get_time_series) INFO: Channel successfully extracted: H1:PEM-EX_ACC_ISCTEX_TRANS_X_DQ at time 1186334486 to 1186334536.0.
15:02:30 loaddata.py (get_time_series) INFO: Channel successfully extracted: H1:PEM-EX_ACC_OPLEV_ETMX_Y_DQ at time 1186334486 to 1186334536.0.
15:02:31 loaddata.py (get_time_series) INFO: Channel successfully extracted: H1:PEM-EX_ACC_VEA_FLOOR_Z_DQ at time 1186334486 to 1186334536.0.
15:02:34 loaddata.py (get_time_series) INFO: Channel successfully extracted: H1:PEM-EX_MIC_EBAY_RACKS_DQ at time 1186334486 to 1186334536.0.
15:02:36 loaddata.py (get_time_series) INFO: Channel successfully extracted: H1:PEM-EX_MIC_VEA_MINUSX_DQ at time 1186334486 to 1186334536.0.
15:02:37 loaddata.py (get_time_series) INFO: Channel successfully extracted: H1:PEM-EX_MIC_VEA_PLUSX_DQ at time 1186334486 to 1186334536.0.
15:02:42 loaddata.py (get_time_series) INFO: Channel successfully extracted: H1:PEM-EX_ACC_BSC9_ETMX_X_DQ at time 1186336361 to 1186336411.0.
15:02:45 loaddata.py (get_time_series) INFO: Channel successfully extracted: H1:PEM-EX_ACC_BSC9_ETMX_Y_DQ at time 1186336361 to 1186336411.0.
15:02:47 loaddata.py (get_time_series) INFO: Channel successfully extracted: H1:PEM-EX_ACC_BSC9_ETMX_Z_DQ at time 1186336361 to 1186336411.0.
15:02:50 loaddata.py (get_time_series) INFO: Channel successfully extracted: H1:PEM-EX_ACC_EBAY_FLOOR_Z_DQ at time 1186336361 to 1186336411.0.
15:02:52 loaddata.py (get_time_series) INFO: Channel successfully extracted: H1:PEM-EX_ACC_ISCTEX_TRANS_X_DQ at time 1186336361 to 1186336411.0.
15:02:53 loaddata.py (get_time_series) INFO: Channel successfully extracted: H1:PEM-EX_ACC_OPLEV_ETMX_Y_DQ at time 1186336361 to 1186336411.0.
15:02:55 loaddata.py (get_time_series) INFO: Channel successfully extracted: H1:PEM-EX_ACC_VEA_FLOOR_Z_DQ at time 1186336361 to 1186336411.0.
15:02:58 loaddata.py (get_time_series) INFO: Channel successfully extracted: H1:PEM-EX_MIC_EBAY_RACKS_DQ at time 1186336361 to 1186336411.0.
15:02:59 loaddata.py (get_time_series) INFO: Channel successfully extracted: H1:PEM-EX_MIC_VEA_MINUSX_DQ at time 1186336361 to 1186336411.0.
15:03:02 loaddata.py (get_time_series) INFO: Channel successfully extracted: H1:PEM-EX_MIC_VEA_PLUSX_DQ at time 1186336361 to 1186336411.0.
15:03:02 preprocess.py (reject_saturated) INFO: Channel rejected due to saturation: H1:PEM-EX_ACC_BSC9_ETMX_Y_DQ
15:03:02 preprocess.py (convert_to_ASD) INFO: Channel converted to ASD: H1:PEM-EX_ACC_BSC9_ETMX_X with FFT time 9.0 and overlap time 4.5
15:03:02 preprocess.py (convert_to_ASD) INFO: Channel converted to ASD: H1:PEM-EX_ACC_BSC9_ETMX_Z with FFT time 9.0 and overlap time 4.5
15:03:02 preprocess.py (convert_to_ASD) INFO: Channel converted to ASD: H1:PEM-EX_ACC_EBAY_FLOOR_Z with FFT time 9.0 and overlap time 4.5
15:03:02 preprocess.py (convert_to_ASD) INFO: Channel converted to ASD: H1:PEM-EX_ACC_ISCTEX_TRANS_X with FFT time 9.0 and overlap time 4.5
15:03:02 preprocess.py (convert_to_ASD) INFO: Channel converted to ASD: H1:PEM-EX_ACC_OPLEV_ETMX_Y with FFT time 9.0 and overlap time 4.5
15:03:02 preprocess.py (convert_to_ASD) INFO: Channel converted to ASD: H1:PEM-EX_ACC_VEA_FLOOR_Z with FFT time 9.0 and overlap time 4.5
15:03:02 preprocess.py (convert_to_ASD) INFO: Channel converted to ASD: H1:PEM-EX_MIC_EBAY_RACKS with FFT time 9.0 and overlap time 4.5
15:03:02 preprocess.py (convert_to_ASD) INFO: Channel converted to ASD: H1:PEM-EX_MIC_VEA_MINUSX with FFT time 9.0 and overlap time 4.5
15:03:03 preprocess.py (convert_to_ASD) INFO: Channel converted to ASD: H1:PEM-EX_MIC_VEA_PLUSX with FFT time 9.0 and overlap time 4.5
15:03:03 preprocess.py (convert_to_ASD) INFO: Channel converted to ASD: H1:PEM-EX_ACC_BSC9_ETMX_X with FFT time 9.0 and overlap time 4.5
15:03:03 preprocess.py (convert_to_ASD) INFO: Channel converted to ASD: H1:PEM-EX_ACC_BSC9_ETMX_Z with FFT time 9.0 and overlap time 4.5
15:03:03 preprocess.py (convert_to_ASD) INFO: Channel converted to ASD: H1:PEM-EX_ACC_EBAY_FLOOR_Z with FFT time 9.0 and overlap time 4.5
15:03:03 preprocess.py (convert_to_ASD) INFO: Channel converted to ASD: H1:PEM-EX_ACC_ISCTEX_TRANS_X with FFT time 9.0 and overlap time 4.5
15:03:03 preprocess.py (convert_to_ASD) INFO: Channel converted to ASD: H1:PEM-EX_ACC_OPLEV_ETMX_Y with FFT time 9.0 and overlap time 4.5
15:03:03 preprocess.py (convert_to_ASD) INFO: Channel converted to ASD: H1:PEM-EX_ACC_VEA_FLOOR_Z with FFT time 9.0 and overlap time 4.5
15:03:03 preprocess.py (convert_to_ASD) INFO: Channel converted to ASD: H1:PEM-EX_MIC_EBAY_RACKS with FFT time 9.0 and overlap time 4.5
15:03:03 preprocess.py (convert_to_ASD) INFO: Channel converted to ASD: H1:PEM-EX_MIC_VEA_MINUSX with FFT time 9.0 and overlap time 4.5
15:03:03 preprocess.py (convert_to_ASD) INFO: Channel converted to ASD: H1:PEM-EX_MIC_VEA_PLUSX with FFT time 9.0 and overlap time 4.5
15:03:03 preprocess.py (get_calibration_factors) INFO: Parsing calibration data for channel H1:PEM-EX_MIC_VEA_MINUSX.
15:03:03 preprocess.py (get_calibration_factors) INFO: Calibration factor acquired for channel H1:PEM-EX_MIC_VEA_MINUSX.
15:03:03 preprocess.py (get_calibration_factors) INFO: Parsing calibration data for channel H1:PEM-EX_ACC_OPLEV_ETMX_Y.
15:03:03 preprocess.py (get_calibration_factors) INFO: Calibration factor acquired for channel H1:PEM-EX_ACC_OPLEV_ETMX_Y.
15:03:03 preprocess.py (get_calibration_factors) INFO: Parsing calibration data for channel H1:PEM-EX_ACC_BSC9_ETMX_Z.
15:03:03 preprocess.py (get_calibration_factors) INFO: Calibration factor acquired for channel H1:PEM-EX_ACC_BSC9_ETMX_Z.
15:03:03 preprocess.py (get_calibration_factors) INFO: Parsing calibration data for channel H1:PEM-EX_ACC_BSC9_ETMX_X.
15:03:03 preprocess.py (get_calibration_factors) INFO: Calibration factor acquired for channel H1:PEM-EX_ACC_BSC9_ETMX_X.
15:03:03 preprocess.py (get_calibration_factors) INFO: Parsing calibration data for channel H1:PEM-EX_MIC_VEA_PLUSX.
15:03:03 preprocess.py (get_calibration_factors) INFO: Calibration factor acquired for channel H1:PEM-EX_MIC_VEA_PLUSX.
15:03:03 preprocess.py (get_calibration_factors) INFO: Parsing calibration data for channel H1:PEM-EX_ACC_VEA_FLOOR_Z.
15:03:03 preprocess.py (get_calibration_factors) INFO: Calibration factor acquired for channel H1:PEM-EX_ACC_VEA_FLOOR_Z.
15:03:03 preprocess.py (get_calibration_factors) INFO: Parsing calibration data for channel H1:PEM-EX_MIC_EBAY_RACKS.
15:03:03 preprocess.py (get_calibration_factors) INFO: Calibration factor acquired for channel H1:PEM-EX_MIC_EBAY_RACKS.
15:03:03 preprocess.py (get_calibration_factors) INFO: Parsing calibration data for channel H1:PEM-EX_ACC_EBAY_FLOOR_Z.
15:03:03 preprocess.py (get_calibration_factors) INFO: Calibration factor acquired for channel H1:PEM-EX_ACC_EBAY_FLOOR_Z.
15:03:03 preprocess.py (get_calibration_factors) INFO: No calibration factor acquired for channel H1:PEM-EX_MIC_VEA_PLUSX.
15:03:03 preprocess.py (calibrate_sensors) INFO: Channel calibrated: H1:PEM-EX_ACC_BSC9_ETMX_X.
15:03:03 preprocess.py (calibrate_sensors) INFO: Channel calibrated: H1:PEM-EX_ACC_BSC9_ETMX_Z.
15:03:03 preprocess.py (calibrate_sensors) INFO: Channel calibrated: H1:PEM-EX_ACC_EBAY_FLOOR_Z.
15:03:03 preprocess.py (calibrate_sensors) INFO: Channel calibrated: H1:PEM-EX_ACC_OPLEV_ETMX_Y.
15:03:03 preprocess.py (calibrate_sensors) INFO: Channel calibrated: H1:PEM-EX_ACC_VEA_FLOOR_Z.
15:03:03 preprocess.py (calibrate_sensors) INFO: Channel calibrated: H1:PEM-EX_MIC_EBAY_RACKS.
15:03:03 preprocess.py (calibrate_sensors) INFO: Channel calibrated: H1:PEM-EX_MIC_VEA_MINUSX.
15:03:03 preprocess.py (calibrate_sensors) INFO: Channel calibrated: H1:PEM-EX_MIC_VEA_PLUSX.
15:03:03 preprocess.py (get_calibration_factors) INFO: Parsing calibration data for channel H1:PEM-EX_MIC_VEA_MINUSX.
15:03:03 preprocess.py (get_calibration_factors) INFO: Calibration factor acquired for channel H1:PEM-EX_MIC_VEA_MINUSX.
15:03:03 preprocess.py (get_calibration_factors) INFO: Parsing calibration data for channel H1:PEM-EX_ACC_OPLEV_ETMX_Y.
15:03:03 preprocess.py (get_calibration_factors) INFO: Calibration factor acquired for channel H1:PEM-EX_ACC_OPLEV_ETMX_Y.
15:03:03 preprocess.py (get_calibration_factors) INFO: Parsing calibration data for channel H1:PEM-EX_ACC_BSC9_ETMX_Z.
15:03:03 preprocess.py (get_calibration_factors) INFO: Calibration factor acquired for channel H1:PEM-EX_ACC_BSC9_ETMX_Z.
15:03:03 preprocess.py (get_calibration_factors) INFO: Parsing calibration data for channel H1:PEM-EX_ACC_BSC9_ETMX_X.
15:03:03 preprocess.py (get_calibration_factors) INFO: Calibration factor acquired for channel H1:PEM-EX_ACC_BSC9_ETMX_X.
15:03:03 preprocess.py (get_calibration_factors) INFO: Parsing calibration data for channel H1:PEM-EX_MIC_VEA_PLUSX.
15:03:03 preprocess.py (get_calibration_factors) INFO: Calibration factor acquired for channel H1:PEM-EX_MIC_VEA_PLUSX.
15:03:03 preprocess.py (get_calibration_factors) INFO: Parsing calibration data for channel H1:PEM-EX_ACC_VEA_FLOOR_Z.
15:03:03 preprocess.py (get_calibration_factors) INFO: Calibration factor acquired for channel H1:PEM-EX_ACC_VEA_FLOOR_Z.
15:03:03 preprocess.py (get_calibration_factors) INFO: Parsing calibration data for channel H1:PEM-EX_MIC_EBAY_RACKS.
15:03:03 preprocess.py (get_calibration_factors) INFO: Calibration factor acquired for channel H1:PEM-EX_MIC_EBAY_RACKS.
15:03:03 preprocess.py (get_calibration_factors) INFO: Parsing calibration data for channel H1:PEM-EX_ACC_EBAY_FLOOR_Z.
15:03:03 preprocess.py (get_calibration_factors) INFO: Calibration factor acquired for channel H1:PEM-EX_ACC_EBAY_FLOOR_Z.
15:03:03 preprocess.py (get_calibration_factors) INFO: No calibration factor acquired for channel H1:PEM-EX_MIC_VEA_PLUSX.
15:03:03 preprocess.py (calibrate_sensors) INFO: Channel calibrated: H1:PEM-EX_ACC_BSC9_ETMX_X.
15:03:03 preprocess.py (calibrate_sensors) INFO: Channel calibrated: H1:PEM-EX_ACC_BSC9_ETMX_Z.
15:03:03 preprocess.py (calibrate_sensors) INFO: Channel calibrated: H1:PEM-EX_ACC_EBAY_FLOOR_Z.
15:03:03 preprocess.py (calibrate_sensors) INFO: Channel calibrated: H1:PEM-EX_ACC_OPLEV_ETMX_Y.
15:03:03 preprocess.py (calibrate_sensors) INFO: Channel calibrated: H1:PEM-EX_ACC_VEA_FLOOR_Z.
15:03:03 preprocess.py (calibrate_sensors) INFO: Channel calibrated: H1:PEM-EX_MIC_EBAY_RACKS.
15:03:03 preprocess.py (calibrate_sensors) INFO: Channel calibrated: H1:PEM-EX_MIC_VEA_MINUSX.
15:03:03 preprocess.py (calibrate_sensors) INFO: Channel calibrated: H1:PEM-EX_MIC_VEA_PLUSX.
15:03:03 PEMcoupling.py (<module>) INFO: Channel not calibrated: H1:PEM-EX_ACC_ISCTEX_TRANS_X
15:03:10 PEMcoupling.py (<module>) INFO: Cropping ASDs to match frequencies: H1:PEM-EX_ACC_BSC9_ETMX_X.
15:03:10 PEMcoupling.py (<module>) INFO: Cropping ASDs to match frequencies: H1:PEM-EX_ACC_BSC9_ETMX_Z.
15:03:10 PEMcoupling.py (<module>) INFO: Cropping ASDs to match frequencies: H1:PEM-EX_ACC_EBAY_FLOOR_Z.
15:03:10 PEMcoupling.py (<module>) INFO: Cropping ASDs to match frequencies: H1:PEM-EX_ACC_ISCTEX_TRANS_X.
15:03:10 PEMcoupling.py (<module>) INFO: Cropping ASDs to match frequencies: H1:PEM-EX_ACC_OPLEV_ETMX_Y.
15:03:10 PEMcoupling.py (<module>) INFO: Cropping ASDs to match frequencies: H1:PEM-EX_ACC_VEA_FLOOR_Z.
15:03:10 PEMcoupling.py (<module>) INFO: Cropping ASDs to match frequencies: H1:PEM-EX_MIC_EBAY_RACKS.
15:03:10 PEMcoupling.py (<module>) INFO: Cropping ASDs to match frequencies: H1:PEM-EX_MIC_VEA_MINUSX.
15:03:10 PEMcoupling.py (<module>) INFO: Cropping ASDs to match frequencies: H1:PEM-EX_MIC_VEA_PLUSX.
15:03:10 PEMcoupling.py (<module>) INFO: Acquiring smoothing parameters for channel H1:PEM-EX_ACC_BSC9_ETMX_X.
15:03:10 PEMcoupling.py (<module>) INFO: Acquiring smoothing parameters for channel H1:PEM-EX_ACC_BSC9_ETMX_Z.
15:03:10 PEMcoupling.py (<module>) INFO: Acquiring smoothing parameters for channel H1:PEM-EX_ACC_EBAY_FLOOR_Z.
15:03:10 PEMcoupling.py (<module>) INFO: Acquiring smoothing parameters for channel H1:PEM-EX_ACC_ISCTEX_TRANS_X.
15:03:10 PEMcoupling.py (<module>) INFO: Acquiring smoothing parameters for channel H1:PEM-EX_ACC_OPLEV_ETMX_Y.
15:03:10 PEMcoupling.py (<module>) INFO: Acquiring smoothing parameters for channel H1:PEM-EX_ACC_VEA_FLOOR_Z.
15:03:10 PEMcoupling.py (<module>) INFO: Acquiring smoothing parameters for channel H1:PEM-EX_MIC_EBAY_RACKS.
15:03:10 PEMcoupling.py (<module>) INFO: Acquiring smoothing parameters for channel H1:PEM-EX_MIC_VEA_MINUSX.
15:03:10 PEMcoupling.py (<module>) INFO: Acquiring smoothing parameters for channel H1:PEM-EX_MIC_VEA_PLUSX.
15:03:12 PEMcoupling.py (<module>) INFO: Coupling function complete: H1:PEM-EX_ACC_BSC9_ETMX_X.
15:03:14 PEMcoupling.py (<module>) INFO: Coupling function complete: H1:PEM-EX_ACC_BSC9_ETMX_Z.
15:03:15 PEMcoupling.py (<module>) INFO: Coupling function complete: H1:PEM-EX_ACC_EBAY_FLOOR_Z.
15:03:17 PEMcoupling.py (<module>) INFO: Coupling function complete: H1:PEM-EX_ACC_ISCTEX_TRANS_X.
15:03:19 PEMcoupling.py (<module>) INFO: Coupling function complete: H1:PEM-EX_ACC_OPLEV_ETMX_Y.
15:03:21 PEMcoupling.py (<module>) INFO: Coupling function complete: H1:PEM-EX_ACC_VEA_FLOOR_Z.
15:03:24 PEMcoupling.py (<module>) INFO: Coupling function complete: H1:PEM-EX_MIC_EBAY_RACKS.
15:03:32 PEMcoupling.py (<module>) INFO: Coupling function complete: H1:PEM-EX_MIC_VEA_MINUSX.
15:03:39 PEMcoupling.py (<module>) INFO: Coupling function complete: H1:PEM-EX_MIC_VEA_PLUSX.
15:04:37 PEMcoupling.py (<module>) INFO: Coupling functions saved for injection 061EXacousticNearDoor.
15:04:37 PEMcoupling.py (<module>) INFO: Searching for fundamental frequency if applicable.
15:04:37 PEMcoupling.py (<module>) INFO: Being picky about channels.
15:04:37 loaddata.py (get_time_series) INFO: Channel successfully extracted: H1:PEM-EX_ACC_BSC9_ETMX_X_DQ at time 1186334486 to 1186334536.0.
15:04:38 loaddata.py (get_time_series) INFO: Channel successfully extracted: H1:PEM-EX_ACC_BSC9_ETMX_Y_DQ at time 1186334486 to 1186334536.0.
15:04:38 loaddata.py (get_time_series) INFO: Channel successfully extracted: H1:PEM-EX_ACC_BSC9_ETMX_Z_DQ at time 1186334486 to 1186334536.0.
15:04:39 loaddata.py (get_time_series) INFO: Channel successfully extracted: H1:PEM-EX_ACC_EBAY_FLOOR_Z_DQ at time 1186334486 to 1186334536.0.
15:04:39 loaddata.py (get_time_series) INFO: Channel successfully extracted: H1:PEM-EX_ACC_ISCTEX_TRANS_X_DQ at time 1186334486 to 1186334536.0.
15:04:40 loaddata.py (get_time_series) INFO: Channel successfully extracted: H1:PEM-EX_ACC_OPLEV_ETMX_Y_DQ at time 1186334486 to 1186334536.0.
15:04:41 loaddata.py (get_time_series) INFO: Channel successfully extracted: H1:PEM-EX_ACC_VEA_FLOOR_Z_DQ at time 1186334486 to 1186334536.0.
15:04:41 loaddata.py (get_time_series) INFO: Channel successfully extracted: H1:PEM-EX_MIC_EBAY_RACKS_DQ at time 1186334486 to 1186334536.0.
15:04:42 loaddata.py (get_time_series) INFO: Channel successfully extracted: H1:PEM-EX_MIC_VEA_MINUSX_DQ at time 1186334486 to 1186334536.0.
15:04:42 loaddata.py (get_time_series) INFO: Channel successfully extracted: H1:PEM-EX_MIC_VEA_PLUSX_DQ at time 1186334486 to 1186334536.0.
15:04:45 loaddata.py (get_time_series) INFO: Channel successfully extracted: H1:PEM-EX_ACC_BSC9_ETMX_X_DQ at time 1186336773 to 1186336823.0.
15:04:47 loaddata.py (get_time_series) INFO: Channel successfully extracted: H1:PEM-EX_ACC_BSC9_ETMX_Y_DQ at time 1186336773 to 1186336823.0.
15:04:48 loaddata.py (get_time_series) INFO: Channel successfully extracted: H1:PEM-EX_ACC_BSC9_ETMX_Z_DQ at time 1186336773 to 1186336823.0.
15:04:49 loaddata.py (get_time_series) INFO: Channel successfully extracted: H1:PEM-EX_ACC_EBAY_FLOOR_Z_DQ at time 1186336773 to 1186336823.0.
15:04:50 loaddata.py (get_time_series) INFO: Channel successfully extracted: H1:PEM-EX_ACC_ISCTEX_TRANS_X_DQ at time 1186336773 to 1186336823.0.
15:04:51 loaddata.py (get_time_series) INFO: Channel successfully extracted: H1:PEM-EX_ACC_OPLEV_ETMX_Y_DQ at time 1186336773 to 1186336823.0.
15:04:52 loaddata.py (get_time_series) INFO: Channel successfully extracted: H1:PEM-EX_ACC_VEA_FLOOR_Z_DQ at time 1186336773 to 1186336823.0.
15:04:53 loaddata.py (get_time_series) INFO: Channel successfully extracted: H1:PEM-EX_MIC_EBAY_RACKS_DQ at time 1186336773 to 1186336823.0.
15:04:54 loaddata.py (get_time_series) INFO: Channel successfully extracted: H1:PEM-EX_MIC_VEA_MINUSX_DQ at time 1186336773 to 1186336823.0.
15:04:56 loaddata.py (get_time_series) INFO: Channel successfully extracted: H1:PEM-EX_MIC_VEA_PLUSX_DQ at time 1186336773 to 1186336823.0.
15:04:56 preprocess.py (reject_saturated) INFO: Channel rejected due to saturation: H1:PEM-EX_ACC_BSC9_ETMX_Y_DQ
15:04:56 preprocess.py (reject_saturated) INFO: Channel rejected due to saturation: H1:PEM-EX_ACC_BSC9_ETMX_Z_DQ
15:04:56 preprocess.py (reject_saturated) INFO: Channel rejected due to saturation: H1:PEM-EX_ACC_OPLEV_ETMX_Y_DQ
15:04:56 preprocess.py (convert_to_ASD) INFO: Channel converted to ASD: H1:PEM-EX_ACC_BSC9_ETMX_X with FFT time 9.0 and overlap time 4.5
15:04:56 preprocess.py (convert_to_ASD) INFO: Channel converted to ASD: H1:PEM-EX_ACC_EBAY_FLOOR_Z with FFT time 9.0 and overlap time 4.5
15:04:56 preprocess.py (convert_to_ASD) INFO: Channel converted to ASD: H1:PEM-EX_ACC_ISCTEX_TRANS_X with FFT time 9.0 and overlap time 4.5
15:04:56 preprocess.py (convert_to_ASD) INFO: Channel converted to ASD: H1:PEM-EX_ACC_VEA_FLOOR_Z with FFT time 9.0 and overlap time 4.5
15:04:57 preprocess.py (convert_to_ASD) INFO: Channel converted to ASD: H1:PEM-EX_MIC_EBAY_RACKS with FFT time 9.0 and overlap time 4.5
15:04:57 preprocess.py (convert_to_ASD) INFO: Channel converted to ASD: H1:PEM-EX_MIC_VEA_MINUSX with FFT time 9.0 and overlap time 4.5
15:04:57 preprocess.py (convert_to_ASD) INFO: Channel converted to ASD: H1:PEM-EX_MIC_VEA_PLUSX with FFT time 9.0 and overlap time 4.5
15:04:57 preprocess.py (convert_to_ASD) INFO: Channel converted to ASD: H1:PEM-EX_ACC_BSC9_ETMX_X with FFT time 9.0 and overlap time 4.5
15:04:57 preprocess.py (convert_to_ASD) INFO: Channel converted to ASD: H1:PEM-EX_ACC_EBAY_FLOOR_Z with FFT time 9.0 and overlap time 4.5
15:04:57 preprocess.py (convert_to_ASD) INFO: Channel converted to ASD: H1:PEM-EX_ACC_ISCTEX_TRANS_X with FFT time 9.0 and overlap time 4.5
15:04:57 preprocess.py (convert_to_ASD) INFO: Channel converted to ASD: H1:PEM-EX_ACC_VEA_FLOOR_Z with FFT time 9.0 and overlap time 4.5
15:04:57 preprocess.py (convert_to_ASD) INFO: Channel converted to ASD: H1:PEM-EX_MIC_EBAY_RACKS with FFT time 9.0 and overlap time 4.5
15:04:57 preprocess.py (convert_to_ASD) INFO: Channel converted to ASD: H1:PEM-EX_MIC_VEA_MINUSX with FFT time 9.0 and overlap time 4.5
15:04:57 preprocess.py (convert_to_ASD) INFO: Channel converted to ASD: H1:PEM-EX_MIC_VEA_PLUSX with FFT time 9.0 and overlap time 4.5
15:04:57 preprocess.py (get_calibration_factors) INFO: Parsing calibration data for channel H1:PEM-EX_MIC_VEA_MINUSX.
15:04:57 preprocess.py (get_calibration_factors) INFO: Calibration factor acquired for channel H1:PEM-EX_MIC_VEA_MINUSX.
15:04:57 preprocess.py (get_calibration_factors) INFO: Parsing calibration data for channel H1:PEM-EX_ACC_BSC9_ETMX_X.
15:04:57 preprocess.py (get_calibration_factors) INFO: Calibration factor acquired for channel H1:PEM-EX_ACC_BSC9_ETMX_X.
15:04:57 preprocess.py (get_calibration_factors) INFO: Parsing calibration data for channel H1:PEM-EX_MIC_VEA_PLUSX.
15:04:57 preprocess.py (get_calibration_factors) INFO: Calibration factor acquired for channel H1:PEM-EX_MIC_VEA_PLUSX.
15:04:57 preprocess.py (get_calibration_factors) INFO: Parsing calibration data for channel H1:PEM-EX_ACC_VEA_FLOOR_Z.
15:04:57 preprocess.py (get_calibration_factors) INFO: Calibration factor acquired for channel H1:PEM-EX_ACC_VEA_FLOOR_Z.
15:04:57 preprocess.py (get_calibration_factors) INFO: Parsing calibration data for channel H1:PEM-EX_MIC_EBAY_RACKS.
15:04:57 preprocess.py (get_calibration_factors) INFO: Calibration factor acquired for channel H1:PEM-EX_MIC_EBAY_RACKS.
15:04:57 preprocess.py (get_calibration_factors) INFO: Parsing calibration data for channel H1:PEM-EX_ACC_EBAY_FLOOR_Z.
15:04:57 preprocess.py (get_calibration_factors) INFO: Calibration factor acquired for channel H1:PEM-EX_ACC_EBAY_FLOOR_Z.
15:04:57 preprocess.py (get_calibration_factors) INFO: No calibration factor acquired for channel H1:PEM-EX_MIC_VEA_PLUSX.
15:04:57 preprocess.py (calibrate_sensors) INFO: Channel calibrated: H1:PEM-EX_ACC_BSC9_ETMX_X.
15:04:57 preprocess.py (calibrate_sensors) INFO: Channel calibrated: H1:PEM-EX_ACC_EBAY_FLOOR_Z.
15:04:57 preprocess.py (calibrate_sensors) INFO: Channel calibrated: H1:PEM-EX_ACC_VEA_FLOOR_Z.
15:04:57 preprocess.py (calibrate_sensors) INFO: Channel calibrated: H1:PEM-EX_MIC_EBAY_RACKS.
15:04:57 preprocess.py (calibrate_sensors) INFO: Channel calibrated: H1:PEM-EX_MIC_VEA_MINUSX.
15:04:57 preprocess.py (calibrate_sensors) INFO: Channel calibrated: H1:PEM-EX_MIC_VEA_PLUSX.
15:04:57 preprocess.py (get_calibration_factors) INFO: Parsing calibration data for channel H1:PEM-EX_MIC_VEA_MINUSX.
15:04:57 preprocess.py (get_calibration_factors) INFO: Calibration factor acquired for channel H1:PEM-EX_MIC_VEA_MINUSX.
15:04:57 preprocess.py (get_calibration_factors) INFO: Parsing calibration data for channel H1:PEM-EX_ACC_BSC9_ETMX_X.
15:04:57 preprocess.py (get_calibration_factors) INFO: Calibration factor acquired for channel H1:PEM-EX_ACC_BSC9_ETMX_X.
15:04:57 preprocess.py (get_calibration_factors) INFO: Parsing calibration data for channel H1:PEM-EX_MIC_VEA_PLUSX.
15:04:57 preprocess.py (get_calibration_factors) INFO: Calibration factor acquired for channel H1:PEM-EX_MIC_VEA_PLUSX.
15:04:57 preprocess.py (get_calibration_factors) INFO: Parsing calibration data for channel H1:PEM-EX_ACC_VEA_FLOOR_Z.
15:04:57 preprocess.py (get_calibration_factors) INFO: Calibration factor acquired for channel H1:PEM-EX_ACC_VEA_FLOOR_Z.
15:04:57 preprocess.py (get_calibration_factors) INFO: Parsing calibration data for channel H1:PEM-EX_MIC_EBAY_RACKS.
15:04:57 preprocess.py (get_calibration_factors) INFO: Calibration factor acquired for channel H1:PEM-EX_MIC_EBAY_RACKS.
15:04:57 preprocess.py (get_calibration_factors) INFO: Parsing calibration data for channel H1:PEM-EX_ACC_EBAY_FLOOR_Z.
15:04:57 preprocess.py (get_calibration_factors) INFO: Calibration factor acquired for channel H1:PEM-EX_ACC_EBAY_FLOOR_Z.
15:04:57 preprocess.py (get_calibration_factors) INFO: No calibration factor acquired for channel H1:PEM-EX_MIC_VEA_PLUSX.
15:04:57 preprocess.py (calibrate_sensors) INFO: Channel calibrated: H1:PEM-EX_ACC_BSC9_ETMX_X.
15:04:57 preprocess.py (calibrate_sensors) INFO: Channel calibrated: H1:PEM-EX_ACC_EBAY_FLOOR_Z.
15:04:57 preprocess.py (calibrate_sensors) INFO: Channel calibrated: H1:PEM-EX_ACC_VEA_FLOOR_Z.
15:04:57 preprocess.py (calibrate_sensors) INFO: Channel calibrated: H1:PEM-EX_MIC_EBAY_RACKS.
15:04:57 preprocess.py (calibrate_sensors) INFO: Channel calibrated: H1:PEM-EX_MIC_VEA_MINUSX.
15:04:57 preprocess.py (calibrate_sensors) INFO: Channel calibrated: H1:PEM-EX_MIC_VEA_PLUSX.
15:04:57 PEMcoupling.py (<module>) INFO: Channel not calibrated: H1:PEM-EX_ACC_ISCTEX_TRANS_X
15:04:59 PEMcoupling.py (<module>) INFO: Cropping ASDs to match frequencies: H1:PEM-EX_ACC_BSC9_ETMX_X.
15:04:59 PEMcoupling.py (<module>) INFO: Cropping ASDs to match frequencies: H1:PEM-EX_ACC_EBAY_FLOOR_Z.
15:04:59 PEMcoupling.py (<module>) INFO: Cropping ASDs to match frequencies: H1:PEM-EX_ACC_ISCTEX_TRANS_X.
15:04:59 PEMcoupling.py (<module>) INFO: Cropping ASDs to match frequencies: H1:PEM-EX_ACC_VEA_FLOOR_Z.
15:04:59 PEMcoupling.py (<module>) INFO: Cropping ASDs to match frequencies: H1:PEM-EX_MIC_EBAY_RACKS.
15:04:59 PEMcoupling.py (<module>) INFO: Cropping ASDs to match frequencies: H1:PEM-EX_MIC_VEA_MINUSX.
15:04:59 PEMcoupling.py (<module>) INFO: Cropping ASDs to match frequencies: H1:PEM-EX_MIC_VEA_PLUSX.
15:04:59 PEMcoupling.py (<module>) INFO: Acquiring smoothing parameters for channel H1:PEM-EX_ACC_BSC9_ETMX_X.
15:04:59 PEMcoupling.py (<module>) INFO: Acquiring smoothing parameters for channel H1:PEM-EX_ACC_EBAY_FLOOR_Z.
15:04:59 PEMcoupling.py (<module>) INFO: Acquiring smoothing parameters for channel H1:PEM-EX_ACC_ISCTEX_TRANS_X.
15:04:59 PEMcoupling.py (<module>) INFO: Acquiring smoothing parameters for channel H1:PEM-EX_ACC_VEA_FLOOR_Z.
15:04:59 PEMcoupling.py (<module>) INFO: Acquiring smoothing parameters for channel H1:PEM-EX_MIC_EBAY_RACKS.
15:04:59 PEMcoupling.py (<module>) INFO: Acquiring smoothing parameters for channel H1:PEM-EX_MIC_VEA_MINUSX.
15:04:59 PEMcoupling.py (<module>) INFO: Acquiring smoothing parameters for channel H1:PEM-EX_MIC_VEA_PLUSX.
15:05:01 PEMcoupling.py (<module>) INFO: Coupling function complete: H1:PEM-EX_ACC_BSC9_ETMX_X.
15:05:02 PEMcoupling.py (<module>) INFO: Coupling function complete: H1:PEM-EX_ACC_EBAY_FLOOR_Z.
15:05:04 PEMcoupling.py (<module>) INFO: Coupling function complete: H1:PEM-EX_ACC_ISCTEX_TRANS_X.
15:05:06 PEMcoupling.py (<module>) INFO: Coupling function complete: H1:PEM-EX_ACC_VEA_FLOOR_Z.
15:05:10 PEMcoupling.py (<module>) INFO: Coupling function complete: H1:PEM-EX_MIC_EBAY_RACKS.
15:05:17 PEMcoupling.py (<module>) INFO: Coupling function complete: H1:PEM-EX_MIC_VEA_MINUSX.
15:05:24 PEMcoupling.py (<module>) INFO: Coupling function complete: H1:PEM-EX_MIC_VEA_PLUSX.
15:06:08 PEMcoupling.py (<module>) INFO: Coupling functions saved for injection 062EXacousticNearDoorLoud.
15:06:08 PEMcoupling.py (<module>) INFO: Searching for fundamental frequency if applicable.
15:06:08 PEMcoupling.py (<module>) INFO: Being picky about channels.
15:06:08 loaddata.py (get_time_series) INFO: Channel successfully extracted: H1:PEM-EX_ACC_BSC9_ETMX_X_DQ at time 1186334486 to 1186334536.0.
15:06:09 loaddata.py (get_time_series) INFO: Channel successfully extracted: H1:PEM-EX_ACC_BSC9_ETMX_Y_DQ at time 1186334486 to 1186334536.0.
15:06:09 loaddata.py (get_time_series) INFO: Channel successfully extracted: H1:PEM-EX_ACC_BSC9_ETMX_Z_DQ at time 1186334486 to 1186334536.0.
15:06:10 loaddata.py (get_time_series) INFO: Channel successfully extracted: H1:PEM-EX_ACC_EBAY_FLOOR_Z_DQ at time 1186334486 to 1186334536.0.
15:06:11 loaddata.py (get_time_series) INFO: Channel successfully extracted: H1:PEM-EX_ACC_ISCTEX_TRANS_X_DQ at time 1186334486 to 1186334536.0.
15:06:11 loaddata.py (get_time_series) INFO: Channel successfully extracted: H1:PEM-EX_ACC_OPLEV_ETMX_Y_DQ at time 1186334486 to 1186334536.0.
15:06:12 loaddata.py (get_time_series) INFO: Channel successfully extracted: H1:PEM-EX_ACC_VEA_FLOOR_Z_DQ at time 1186334486 to 1186334536.0.
15:06:12 loaddata.py (get_time_series) INFO: Channel successfully extracted: H1:PEM-EX_MIC_EBAY_RACKS_DQ at time 1186334486 to 1186334536.0.
15:06:13 loaddata.py (get_time_series) INFO: Channel successfully extracted: H1:PEM-EX_MIC_VEA_MINUSX_DQ at time 1186334486 to 1186334536.0.
15:06:13 loaddata.py (get_time_series) INFO: Channel successfully extracted: H1:PEM-EX_MIC_VEA_PLUSX_DQ at time 1186334486 to 1186334536.0.
15:06:15 loaddata.py (get_time_series) INFO: Channel successfully extracted: H1:PEM-EX_ACC_BSC9_ETMX_X_DQ at time 1186337229 to 1186337279.0.
15:06:17 loaddata.py (get_time_series) INFO: Channel successfully extracted: H1:PEM-EX_ACC_BSC9_ETMX_Y_DQ at time 1186337229 to 1186337279.0.
15:06:18 loaddata.py (get_time_series) INFO: Channel successfully extracted: H1:PEM-EX_ACC_BSC9_ETMX_Z_DQ at time 1186337229 to 1186337279.0.
15:06:19 loaddata.py (get_time_series) INFO: Channel successfully extracted: H1:PEM-EX_ACC_EBAY_FLOOR_Z_DQ at time 1186337229 to 1186337279.0.
15:06:20 loaddata.py (get_time_series) INFO: Channel successfully extracted: H1:PEM-EX_ACC_ISCTEX_TRANS_X_DQ at time 1186337229 to 1186337279.0.
15:06:21 loaddata.py (get_time_series) INFO: Channel successfully extracted: H1:PEM-EX_ACC_OPLEV_ETMX_Y_DQ at time 1186337229 to 1186337279.0.
15:06:21 loaddata.py (get_time_series) INFO: Channel successfully extracted: H1:PEM-EX_ACC_VEA_FLOOR_Z_DQ at time 1186337229 to 1186337279.0.
15:06:23 loaddata.py (get_time_series) INFO: Channel successfully extracted: H1:PEM-EX_MIC_EBAY_RACKS_DQ at time 1186337229 to 1186337279.0.
15:06:24 loaddata.py (get_time_series) INFO: Channel successfully extracted: H1:PEM-EX_MIC_VEA_MINUSX_DQ at time 1186337229 to 1186337279.0.
15:06:25 loaddata.py (get_time_series) INFO: Channel successfully extracted: H1:PEM-EX_MIC_VEA_PLUSX_DQ at time 1186337229 to 1186337279.0.
15:06:25 preprocess.py (reject_saturated) INFO: Channel rejected due to saturation: H1:PEM-EX_ACC_BSC9_ETMX_Y_DQ
15:06:25 preprocess.py (reject_saturated) INFO: Channel rejected due to saturation: H1:PEM-EX_ACC_BSC9_ETMX_Z_DQ
15:06:25 preprocess.py (reject_saturated) INFO: Channel rejected due to saturation: H1:PEM-EX_ACC_OPLEV_ETMX_Y_DQ
15:06:25 preprocess.py (convert_to_ASD) INFO: Channel converted to ASD: H1:PEM-EX_ACC_BSC9_ETMX_X with FFT time 9.0 and overlap time 4.5
15:06:25 preprocess.py (convert_to_ASD) INFO: Channel converted to ASD: H1:PEM-EX_ACC_EBAY_FLOOR_Z with FFT time 9.0 and overlap time 4.5
15:06:25 preprocess.py (convert_to_ASD) INFO: Channel converted to ASD: H1:PEM-EX_ACC_ISCTEX_TRANS_X with FFT time 9.0 and overlap time 4.5
15:06:25 preprocess.py (convert_to_ASD) INFO: Channel converted to ASD: H1:PEM-EX_ACC_VEA_FLOOR_Z with FFT time 9.0 and overlap time 4.5
15:06:25 preprocess.py (convert_to_ASD) INFO: Channel converted to ASD: H1:PEM-EX_MIC_EBAY_RACKS with FFT time 9.0 and overlap time 4.5
15:06:25 preprocess.py (convert_to_ASD) INFO: Channel converted to ASD: H1:PEM-EX_MIC_VEA_MINUSX with FFT time 9.0 and overlap time 4.5
15:06:26 preprocess.py (convert_to_ASD) INFO: Channel converted to ASD: H1:PEM-EX_MIC_VEA_PLUSX with FFT time 9.0 and overlap time 4.5
15:06:26 preprocess.py (convert_to_ASD) INFO: Channel converted to ASD: H1:PEM-EX_ACC_BSC9_ETMX_X with FFT time 9.0 and overlap time 4.5
15:06:26 preprocess.py (convert_to_ASD) INFO: Channel converted to ASD: H1:PEM-EX_ACC_EBAY_FLOOR_Z with FFT time 9.0 and overlap time 4.5
15:06:26 preprocess.py (convert_to_ASD) INFO: Channel converted to ASD: H1:PEM-EX_ACC_ISCTEX_TRANS_X with FFT time 9.0 and overlap time 4.5
15:06:26 preprocess.py (convert_to_ASD) INFO: Channel converted to ASD: H1:PEM-EX_ACC_VEA_FLOOR_Z with FFT time 9.0 and overlap time 4.5
15:06:26 preprocess.py (convert_to_ASD) INFO: Channel converted to ASD: H1:PEM-EX_MIC_EBAY_RACKS with FFT time 9.0 and overlap time 4.5
15:06:26 preprocess.py (convert_to_ASD) INFO: Channel converted to ASD: H1:PEM-EX_MIC_VEA_MINUSX with FFT time 9.0 and overlap time 4.5
15:06:26 preprocess.py (convert_to_ASD) INFO: Channel converted to ASD: H1:PEM-EX_MIC_VEA_PLUSX with FFT time 9.0 and overlap time 4.5
15:06:26 preprocess.py (get_calibration_factors) INFO: Parsing calibration data for channel H1:PEM-EX_MIC_VEA_MINUSX.
15:06:26 preprocess.py (get_calibration_factors) INFO: Calibration factor acquired for channel H1:PEM-EX_MIC_VEA_MINUSX.
15:06:26 preprocess.py (get_calibration_factors) INFO: Parsing calibration data for channel H1:PEM-EX_ACC_BSC9_ETMX_X.
15:06:26 preprocess.py (get_calibration_factors) INFO: Calibration factor acquired for channel H1:PEM-EX_ACC_BSC9_ETMX_X.
15:06:26 preprocess.py (get_calibration_factors) INFO: Parsing calibration data for channel H1:PEM-EX_MIC_VEA_PLUSX.
15:06:26 preprocess.py (get_calibration_factors) INFO: Calibration factor acquired for channel H1:PEM-EX_MIC_VEA_PLUSX.
15:06:26 preprocess.py (get_calibration_factors) INFO: Parsing calibration data for channel H1:PEM-EX_ACC_VEA_FLOOR_Z.
15:06:26 preprocess.py (get_calibration_factors) INFO: Calibration factor acquired for channel H1:PEM-EX_ACC_VEA_FLOOR_Z.
15:06:26 preprocess.py (get_calibration_factors) INFO: Parsing calibration data for channel H1:PEM-EX_MIC_EBAY_RACKS.
15:06:26 preprocess.py (get_calibration_factors) INFO: Calibration factor acquired for channel H1:PEM-EX_MIC_EBAY_RACKS.
15:06:26 preprocess.py (get_calibration_factors) INFO: Parsing calibration data for channel H1:PEM-EX_ACC_EBAY_FLOOR_Z.
15:06:26 preprocess.py (get_calibration_factors) INFO: Calibration factor acquired for channel H1:PEM-EX_ACC_EBAY_FLOOR_Z.
15:06:26 preprocess.py (get_calibration_factors) INFO: No calibration factor acquired for channel H1:PEM-EX_MIC_VEA_PLUSX.
15:06:26 preprocess.py (calibrate_sensors) INFO: Channel calibrated: H1:PEM-EX_ACC_BSC9_ETMX_X.
15:06:26 preprocess.py (calibrate_sensors) INFO: Channel calibrated: H1:PEM-EX_ACC_EBAY_FLOOR_Z.
15:06:26 preprocess.py (calibrate_sensors) INFO: Channel calibrated: H1:PEM-EX_ACC_VEA_FLOOR_Z.
15:06:26 preprocess.py (calibrate_sensors) INFO: Channel calibrated: H1:PEM-EX_MIC_EBAY_RACKS.
15:06:26 preprocess.py (calibrate_sensors) INFO: Channel calibrated: H1:PEM-EX_MIC_VEA_MINUSX.
15:06:26 preprocess.py (calibrate_sensors) INFO: Channel calibrated: H1:PEM-EX_MIC_VEA_PLUSX.
15:06:26 preprocess.py (get_calibration_factors) INFO: Parsing calibration data for channel H1:PEM-EX_MIC_VEA_MINUSX.
15:06:26 preprocess.py (get_calibration_factors) INFO: Calibration factor acquired for channel H1:PEM-EX_MIC_VEA_MINUSX.
15:06:26 preprocess.py (get_calibration_factors) INFO: Parsing calibration data for channel H1:PEM-EX_ACC_BSC9_ETMX_X.
15:06:26 preprocess.py (get_calibration_factors) INFO: Calibration factor acquired for channel H1:PEM-EX_ACC_BSC9_ETMX_X.
15:06:26 preprocess.py (get_calibration_factors) INFO: Parsing calibration data for channel H1:PEM-EX_MIC_VEA_PLUSX.
15:06:26 preprocess.py (get_calibration_factors) INFO: Calibration factor acquired for channel H1:PEM-EX_MIC_VEA_PLUSX.
15:06:26 preprocess.py (get_calibration_factors) INFO: Parsing calibration data for channel H1:PEM-EX_ACC_VEA_FLOOR_Z.
15:06:26 preprocess.py (get_calibration_factors) INFO: Calibration factor acquired for channel H1:PEM-EX_ACC_VEA_FLOOR_Z.
15:06:26 preprocess.py (get_calibration_factors) INFO: Parsing calibration data for channel H1:PEM-EX_MIC_EBAY_RACKS.
15:06:26 preprocess.py (get_calibration_factors) INFO: Calibration factor acquired for channel H1:PEM-EX_MIC_EBAY_RACKS.
15:06:26 preprocess.py (get_calibration_factors) INFO: Parsing calibration data for channel H1:PEM-EX_ACC_EBAY_FLOOR_Z.
15:06:26 preprocess.py (get_calibration_factors) INFO: Calibration factor acquired for channel H1:PEM-EX_ACC_EBAY_FLOOR_Z.
15:06:26 preprocess.py (get_calibration_factors) INFO: No calibration factor acquired for channel H1:PEM-EX_MIC_VEA_PLUSX.
15:06:26 preprocess.py (calibrate_sensors) INFO: Channel calibrated: H1:PEM-EX_ACC_BSC9_ETMX_X.
15:06:26 preprocess.py (calibrate_sensors) INFO: Channel calibrated: H1:PEM-EX_ACC_EBAY_FLOOR_Z.
15:06:26 preprocess.py (calibrate_sensors) INFO: Channel calibrated: H1:PEM-EX_ACC_VEA_FLOOR_Z.
15:06:26 preprocess.py (calibrate_sensors) INFO: Channel calibrated: H1:PEM-EX_MIC_EBAY_RACKS.
15:06:26 preprocess.py (calibrate_sensors) INFO: Channel calibrated: H1:PEM-EX_MIC_VEA_MINUSX.
15:06:26 preprocess.py (calibrate_sensors) INFO: Channel calibrated: H1:PEM-EX_MIC_VEA_PLUSX.
15:06:26 PEMcoupling.py (<module>) INFO: Channel not calibrated: H1:PEM-EX_ACC_ISCTEX_TRANS_X
15:06:29 PEMcoupling.py (<module>) INFO: Cropping ASDs to match frequencies: H1:PEM-EX_ACC_BSC9_ETMX_X.
15:06:29 PEMcoupling.py (<module>) INFO: Cropping ASDs to match frequencies: H1:PEM-EX_ACC_EBAY_FLOOR_Z.
15:06:29 PEMcoupling.py (<module>) INFO: Cropping ASDs to match frequencies: H1:PEM-EX_ACC_ISCTEX_TRANS_X.
15:06:29 PEMcoupling.py (<module>) INFO: Cropping ASDs to match frequencies: H1:PEM-EX_ACC_VEA_FLOOR_Z.
15:06:29 PEMcoupling.py (<module>) INFO: Cropping ASDs to match frequencies: H1:PEM-EX_MIC_EBAY_RACKS.
15:06:29 PEMcoupling.py (<module>) INFO: Cropping ASDs to match frequencies: H1:PEM-EX_MIC_VEA_MINUSX.
15:06:29 PEMcoupling.py (<module>) INFO: Cropping ASDs to match frequencies: H1:PEM-EX_MIC_VEA_PLUSX.
15:06:29 PEMcoupling.py (<module>) INFO: Acquiring smoothing parameters for channel H1:PEM-EX_ACC_BSC9_ETMX_X.
15:06:29 PEMcoupling.py (<module>) INFO: Acquiring smoothing parameters for channel H1:PEM-EX_ACC_EBAY_FLOOR_Z.
15:06:29 PEMcoupling.py (<module>) INFO: Acquiring smoothing parameters for channel H1:PEM-EX_ACC_ISCTEX_TRANS_X.
15:06:29 PEMcoupling.py (<module>) INFO: Acquiring smoothing parameters for channel H1:PEM-EX_ACC_VEA_FLOOR_Z.
15:06:29 PEMcoupling.py (<module>) INFO: Acquiring smoothing parameters for channel H1:PEM-EX_MIC_EBAY_RACKS.
15:06:29 PEMcoupling.py (<module>) INFO: Acquiring smoothing parameters for channel H1:PEM-EX_MIC_VEA_MINUSX.
15:06:29 PEMcoupling.py (<module>) INFO: Acquiring smoothing parameters for channel H1:PEM-EX_MIC_VEA_PLUSX.
15:06:31 PEMcoupling.py (<module>) INFO: Coupling function complete: H1:PEM-EX_ACC_BSC9_ETMX_X.
15:06:32 PEMcoupling.py (<module>) INFO: Coupling function complete: H1:PEM-EX_ACC_EBAY_FLOOR_Z.
15:06:34 PEMcoupling.py (<module>) INFO: Coupling function complete: H1:PEM-EX_ACC_ISCTEX_TRANS_X.
15:06:36 PEMcoupling.py (<module>) INFO: Coupling function complete: H1:PEM-EX_ACC_VEA_FLOOR_Z.
15:06:39 PEMcoupling.py (<module>) INFO: Coupling function complete: H1:PEM-EX_MIC_EBAY_RACKS.
15:06:47 PEMcoupling.py (<module>) INFO: Coupling function complete: H1:PEM-EX_MIC_VEA_MINUSX.
15:06:54 PEMcoupling.py (<module>) INFO: Coupling function complete: H1:PEM-EX_MIC_VEA_PLUSX.
15:07:37 PEMcoupling.py (<module>) INFO: Coupling functions saved for injection 063EXacousticMechDoorLoud.
15:07:37 PEMcoupling.py (<module>) INFO: Searching for fundamental frequency if applicable.
15:07:37 PEMcoupling.py (<module>) INFO: Being picky about channels.
15:07:38 loaddata.py (get_time_series) INFO: Channel successfully extracted: H1:PEM-EX_ACC_BSC9_ETMX_X_DQ at time 1186334486 to 1186334536.0.
15:07:39 loaddata.py (get_time_series) INFO: Channel successfully extracted: H1:PEM-EX_ACC_BSC9_ETMX_Y_DQ at time 1186334486 to 1186334536.0.
15:07:39 loaddata.py (get_time_series) INFO: Channel successfully extracted: H1:PEM-EX_ACC_BSC9_ETMX_Z_DQ at time 1186334486 to 1186334536.0.
15:07:40 loaddata.py (get_time_series) INFO: Channel successfully extracted: H1:PEM-EX_ACC_EBAY_FLOOR_Z_DQ at time 1186334486 to 1186334536.0.
15:07:40 loaddata.py (get_time_series) INFO: Channel successfully extracted: H1:PEM-EX_ACC_ISCTEX_TRANS_X_DQ at time 1186334486 to 1186334536.0.
15:07:41 loaddata.py (get_time_series) INFO: Channel successfully extracted: H1:PEM-EX_ACC_OPLEV_ETMX_Y_DQ at time 1186334486 to 1186334536.0.
15:07:41 loaddata.py (get_time_series) INFO: Channel successfully extracted: H1:PEM-EX_ACC_VEA_FLOOR_Z_DQ at time 1186334486 to 1186334536.0.
15:07:42 loaddata.py (get_time_series) INFO: Channel successfully extracted: H1:PEM-EX_MIC_EBAY_RACKS_DQ at time 1186334486 to 1186334536.0.
15:07:43 loaddata.py (get_time_series) INFO: Channel successfully extracted: H1:PEM-EX_MIC_VEA_MINUSX_DQ at time 1186334486 to 1186334536.0.
15:07:43 loaddata.py (get_time_series) INFO: Channel successfully extracted: H1:PEM-EX_MIC_VEA_PLUSX_DQ at time 1186334486 to 1186334536.0.
15:07:50 loaddata.py (get_time_series) INFO: Channel successfully extracted: H1:PEM-EX_ACC_BSC9_ETMX_X_DQ at time 1186337378 to 1186337428.0.
15:07:52 loaddata.py (get_time_series) INFO: Channel successfully extracted: H1:PEM-EX_ACC_BSC9_ETMX_Y_DQ at time 1186337378 to 1186337428.0.
15:07:53 loaddata.py (get_time_series) INFO: Channel successfully extracted: H1:PEM-EX_ACC_BSC9_ETMX_Z_DQ at time 1186337378 to 1186337428.0.
15:07:55 loaddata.py (get_time_series) INFO: Channel successfully extracted: H1:PEM-EX_ACC_EBAY_FLOOR_Z_DQ at time 1186337378 to 1186337428.0.
15:07:56 loaddata.py (get_time_series) INFO: Channel successfully extracted: H1:PEM-EX_ACC_ISCTEX_TRANS_X_DQ at time 1186337378 to 1186337428.0.
15:07:57 loaddata.py (get_time_series) INFO: Channel successfully extracted: H1:PEM-EX_ACC_OPLEV_ETMX_Y_DQ at time 1186337378 to 1186337428.0.
15:07:58 loaddata.py (get_time_series) INFO: Channel successfully extracted: H1:PEM-EX_ACC_VEA_FLOOR_Z_DQ at time 1186337378 to 1186337428.0.
15:08:00 loaddata.py (get_time_series) INFO: Channel successfully extracted: H1:PEM-EX_MIC_EBAY_RACKS_DQ at time 1186337378 to 1186337428.0.
15:08:02 loaddata.py (get_time_series) INFO: Channel successfully extracted: H1:PEM-EX_MIC_VEA_MINUSX_DQ at time 1186337378 to 1186337428.0.
15:08:04 loaddata.py (get_time_series) INFO: Channel successfully extracted: H1:PEM-EX_MIC_VEA_PLUSX_DQ at time 1186337378 to 1186337428.0.
15:08:04 preprocess.py (reject_saturated) INFO: Channel rejected due to saturation: H1:PEM-EX_ACC_BSC9_ETMX_Y_DQ
15:08:04 preprocess.py (reject_saturated) INFO: Channel rejected due to saturation: H1:PEM-EX_ACC_BSC9_ETMX_Z_DQ
15:08:04 preprocess.py (reject_saturated) INFO: Channel rejected due to saturation: H1:PEM-EX_ACC_OPLEV_ETMX_Y_DQ
15:08:04 preprocess.py (convert_to_ASD) INFO: Channel converted to ASD: H1:PEM-EX_ACC_BSC9_ETMX_X with FFT time 9.0 and overlap time 4.5
15:08:04 preprocess.py (convert_to_ASD) INFO: Channel converted to ASD: H1:PEM-EX_ACC_EBAY_FLOOR_Z with FFT time 9.0 and overlap time 4.5
15:08:04 preprocess.py (convert_to_ASD) INFO: Channel converted to ASD: H1:PEM-EX_ACC_ISCTEX_TRANS_X with FFT time 9.0 and overlap time 4.5
15:08:04 preprocess.py (convert_to_ASD) INFO: Channel converted to ASD: H1:PEM-EX_ACC_VEA_FLOOR_Z with FFT time 9.0 and overlap time 4.5
15:08:04 preprocess.py (convert_to_ASD) INFO: Channel converted to ASD: H1:PEM-EX_MIC_EBAY_RACKS with FFT time 9.0 and overlap time 4.5
15:08:04 preprocess.py (convert_to_ASD) INFO: Channel converted to ASD: H1:PEM-EX_MIC_VEA_MINUSX with FFT time 9.0 and overlap time 4.5
15:08:04 preprocess.py (convert_to_ASD) INFO: Channel converted to ASD: H1:PEM-EX_MIC_VEA_PLUSX with FFT time 9.0 and overlap time 4.5
15:08:04 preprocess.py (convert_to_ASD) INFO: Channel converted to ASD: H1:PEM-EX_ACC_BSC9_ETMX_X with FFT time 9.0 and overlap time 4.5
15:08:04 preprocess.py (convert_to_ASD) INFO: Channel converted to ASD: H1:PEM-EX_ACC_EBAY_FLOOR_Z with FFT time 9.0 and overlap time 4.5
15:08:04 preprocess.py (convert_to_ASD) INFO: Channel converted to ASD: H1:PEM-EX_ACC_ISCTEX_TRANS_X with FFT time 9.0 and overlap time 4.5
15:08:04 preprocess.py (convert_to_ASD) INFO: Channel converted to ASD: H1:PEM-EX_ACC_VEA_FLOOR_Z with FFT time 9.0 and overlap time 4.5
15:08:04 preprocess.py (convert_to_ASD) INFO: Channel converted to ASD: H1:PEM-EX_MIC_EBAY_RACKS with FFT time 9.0 and overlap time 4.5
15:08:04 preprocess.py (convert_to_ASD) INFO: Channel converted to ASD: H1:PEM-EX_MIC_VEA_MINUSX with FFT time 9.0 and overlap time 4.5
15:08:04 preprocess.py (convert_to_ASD) INFO: Channel converted to ASD: H1:PEM-EX_MIC_VEA_PLUSX with FFT time 9.0 and overlap time 4.5
15:08:04 preprocess.py (get_calibration_factors) INFO: Parsing calibration data for channel H1:PEM-EX_MIC_VEA_MINUSX.
15:08:04 preprocess.py (get_calibration_factors) INFO: Calibration factor acquired for channel H1:PEM-EX_MIC_VEA_MINUSX.
15:08:04 preprocess.py (get_calibration_factors) INFO: Parsing calibration data for channel H1:PEM-EX_ACC_BSC9_ETMX_X.
15:08:04 preprocess.py (get_calibration_factors) INFO: Calibration factor acquired for channel H1:PEM-EX_ACC_BSC9_ETMX_X.
15:08:04 preprocess.py (get_calibration_factors) INFO: Parsing calibration data for channel H1:PEM-EX_MIC_VEA_PLUSX.
15:08:04 preprocess.py (get_calibration_factors) INFO: Calibration factor acquired for channel H1:PEM-EX_MIC_VEA_PLUSX.
15:08:04 preprocess.py (get_calibration_factors) INFO: Parsing calibration data for channel H1:PEM-EX_ACC_VEA_FLOOR_Z.
15:08:04 preprocess.py (get_calibration_factors) INFO: Calibration factor acquired for channel H1:PEM-EX_ACC_VEA_FLOOR_Z.
15:08:04 preprocess.py (get_calibration_factors) INFO: Parsing calibration data for channel H1:PEM-EX_MIC_EBAY_RACKS.
15:08:04 preprocess.py (get_calibration_factors) INFO: Calibration factor acquired for channel H1:PEM-EX_MIC_EBAY_RACKS.
15:08:04 preprocess.py (get_calibration_factors) INFO: Parsing calibration data for channel H1:PEM-EX_ACC_EBAY_FLOOR_Z.
15:08:04 preprocess.py (get_calibration_factors) INFO: Calibration factor acquired for channel H1:PEM-EX_ACC_EBAY_FLOOR_Z.
15:08:04 preprocess.py (get_calibration_factors) INFO: No calibration factor acquired for channel H1:PEM-EX_MIC_VEA_PLUSX.
15:08:04 preprocess.py (calibrate_sensors) INFO: Channel calibrated: H1:PEM-EX_ACC_BSC9_ETMX_X.
15:08:04 preprocess.py (calibrate_sensors) INFO: Channel calibrated: H1:PEM-EX_ACC_EBAY_FLOOR_Z.
15:08:04 preprocess.py (calibrate_sensors) INFO: Channel calibrated: H1:PEM-EX_ACC_VEA_FLOOR_Z.
15:08:04 preprocess.py (calibrate_sensors) INFO: Channel calibrated: H1:PEM-EX_MIC_EBAY_RACKS.
15:08:04 preprocess.py (calibrate_sensors) INFO: Channel calibrated: H1:PEM-EX_MIC_VEA_MINUSX.
15:08:04 preprocess.py (calibrate_sensors) INFO: Channel calibrated: H1:PEM-EX_MIC_VEA_PLUSX.
15:08:04 preprocess.py (get_calibration_factors) INFO: Parsing calibration data for channel H1:PEM-EX_MIC_VEA_MINUSX.
15:08:04 preprocess.py (get_calibration_factors) INFO: Calibration factor acquired for channel H1:PEM-EX_MIC_VEA_MINUSX.
15:08:04 preprocess.py (get_calibration_factors) INFO: Parsing calibration data for channel H1:PEM-EX_ACC_BSC9_ETMX_X.
15:08:04 preprocess.py (get_calibration_factors) INFO: Calibration factor acquired for channel H1:PEM-EX_ACC_BSC9_ETMX_X.
15:08:04 preprocess.py (get_calibration_factors) INFO: Parsing calibration data for channel H1:PEM-EX_MIC_VEA_PLUSX.
15:08:04 preprocess.py (get_calibration_factors) INFO: Calibration factor acquired for channel H1:PEM-EX_MIC_VEA_PLUSX.
15:08:04 preprocess.py (get_calibration_factors) INFO: Parsing calibration data for channel H1:PEM-EX_ACC_VEA_FLOOR_Z.
15:08:04 preprocess.py (get_calibration_factors) INFO: Calibration factor acquired for channel H1:PEM-EX_ACC_VEA_FLOOR_Z.
15:08:04 preprocess.py (get_calibration_factors) INFO: Parsing calibration data for channel H1:PEM-EX_MIC_EBAY_RACKS.
15:08:04 preprocess.py (get_calibration_factors) INFO: Calibration factor acquired for channel H1:PEM-EX_MIC_EBAY_RACKS.
15:08:04 preprocess.py (get_calibration_factors) INFO: Parsing calibration data for channel H1:PEM-EX_ACC_EBAY_FLOOR_Z.
15:08:04 preprocess.py (get_calibration_factors) INFO: Calibration factor acquired for channel H1:PEM-EX_ACC_EBAY_FLOOR_Z.
15:08:04 preprocess.py (get_calibration_factors) INFO: No calibration factor acquired for channel H1:PEM-EX_MIC_VEA_PLUSX.
15:08:04 preprocess.py (calibrate_sensors) INFO: Channel calibrated: H1:PEM-EX_ACC_BSC9_ETMX_X.
15:08:04 preprocess.py (calibrate_sensors) INFO: Channel calibrated: H1:PEM-EX_ACC_EBAY_FLOOR_Z.
15:08:04 preprocess.py (calibrate_sensors) INFO: Channel calibrated: H1:PEM-EX_ACC_VEA_FLOOR_Z.
15:08:04 preprocess.py (calibrate_sensors) INFO: Channel calibrated: H1:PEM-EX_MIC_EBAY_RACKS.
15:08:04 preprocess.py (calibrate_sensors) INFO: Channel calibrated: H1:PEM-EX_MIC_VEA_MINUSX.
15:08:04 preprocess.py (calibrate_sensors) INFO: Channel calibrated: H1:PEM-EX_MIC_VEA_PLUSX.
15:08:04 PEMcoupling.py (<module>) INFO: Channel not calibrated: H1:PEM-EX_ACC_ISCTEX_TRANS_X
15:08:09 PEMcoupling.py (<module>) INFO: Cropping ASDs to match frequencies: H1:PEM-EX_ACC_BSC9_ETMX_X.
15:08:09 PEMcoupling.py (<module>) INFO: Cropping ASDs to match frequencies: H1:PEM-EX_ACC_EBAY_FLOOR_Z.
15:08:09 PEMcoupling.py (<module>) INFO: Cropping ASDs to match frequencies: H1:PEM-EX_ACC_ISCTEX_TRANS_X.
15:08:09 PEMcoupling.py (<module>) INFO: Cropping ASDs to match frequencies: H1:PEM-EX_ACC_VEA_FLOOR_Z.
15:08:09 PEMcoupling.py (<module>) INFO: Cropping ASDs to match frequencies: H1:PEM-EX_MIC_EBAY_RACKS.
15:08:09 PEMcoupling.py (<module>) INFO: Cropping ASDs to match frequencies: H1:PEM-EX_MIC_VEA_MINUSX.
15:08:09 PEMcoupling.py (<module>) INFO: Cropping ASDs to match frequencies: H1:PEM-EX_MIC_VEA_PLUSX.
15:08:09 PEMcoupling.py (<module>) INFO: Acquiring smoothing parameters for channel H1:PEM-EX_ACC_BSC9_ETMX_X.
15:08:09 PEMcoupling.py (<module>) INFO: Acquiring smoothing parameters for channel H1:PEM-EX_ACC_EBAY_FLOOR_Z.
15:08:09 PEMcoupling.py (<module>) INFO: Acquiring smoothing parameters for channel H1:PEM-EX_ACC_ISCTEX_TRANS_X.
15:08:09 PEMcoupling.py (<module>) INFO: Acquiring smoothing parameters for channel H1:PEM-EX_ACC_VEA_FLOOR_Z.
15:08:09 PEMcoupling.py (<module>) INFO: Acquiring smoothing parameters for channel H1:PEM-EX_MIC_EBAY_RACKS.
15:08:09 PEMcoupling.py (<module>) INFO: Acquiring smoothing parameters for channel H1:PEM-EX_MIC_VEA_MINUSX.
15:08:09 PEMcoupling.py (<module>) INFO: Acquiring smoothing parameters for channel H1:PEM-EX_MIC_VEA_PLUSX.
15:08:10 PEMcoupling.py (<module>) INFO: Coupling function complete: H1:PEM-EX_ACC_BSC9_ETMX_X.
15:08:12 PEMcoupling.py (<module>) INFO: Coupling function complete: H1:PEM-EX_ACC_EBAY_FLOOR_Z.
15:08:14 PEMcoupling.py (<module>) INFO: Coupling function complete: H1:PEM-EX_ACC_ISCTEX_TRANS_X.
15:08:15 PEMcoupling.py (<module>) INFO: Coupling function complete: H1:PEM-EX_ACC_VEA_FLOOR_Z.
15:08:19 PEMcoupling.py (<module>) INFO: Coupling function complete: H1:PEM-EX_MIC_EBAY_RACKS.
15:08:26 PEMcoupling.py (<module>) INFO: Coupling function complete: H1:PEM-EX_MIC_VEA_MINUSX.
15:08:33 PEMcoupling.py (<module>) INFO: Coupling function complete: H1:PEM-EX_MIC_VEA_PLUSX.
15:09:16 PEMcoupling.py (<module>) INFO: Coupling functions saved for injection 064EXacousticMechDoor.
15:09:16 PEMcoupling.py (<module>) INFO: Searching for fundamental frequency if applicable.
15:09:16 PEMcoupling.py (<module>) INFO: Being picky about channels.
15:09:17 loaddata.py (get_time_series) INFO: Channel successfully extracted: H1:PEM-EX_ACC_EBAY_FLOOR_Z_DQ at time 1186334486 to 1186334536.0.
15:09:17 loaddata.py (get_time_series) INFO: Channel successfully extracted: H1:PEM-EX_MIC_EBAY_RACKS_DQ at time 1186334486 to 1186334536.0.
15:09:19 loaddata.py (get_time_series) INFO: Channel successfully extracted: H1:PEM-EX_ACC_EBAY_FLOOR_Z_DQ at time 1186339657 to 1186339707.0.
15:09:21 loaddata.py (get_time_series) INFO: Channel successfully extracted: H1:PEM-EX_MIC_EBAY_RACKS_DQ at time 1186339657 to 1186339707.0.
15:09:21 preprocess.py (convert_to_ASD) INFO: Channel converted to ASD: H1:PEM-EX_ACC_EBAY_FLOOR_Z with FFT time 9.0 and overlap time 4.5
15:09:21 preprocess.py (convert_to_ASD) INFO: Channel converted to ASD: H1:PEM-EX_MIC_EBAY_RACKS with FFT time 9.0 and overlap time 4.5
15:09:21 preprocess.py (convert_to_ASD) INFO: Channel converted to ASD: H1:PEM-EX_ACC_EBAY_FLOOR_Z with FFT time 9.0 and overlap time 4.5
15:09:21 preprocess.py (convert_to_ASD) INFO: Channel converted to ASD: H1:PEM-EX_MIC_EBAY_RACKS with FFT time 9.0 and overlap time 4.5
15:09:21 preprocess.py (get_calibration_factors) INFO: Parsing calibration data for channel H1:PEM-EX_MIC_EBAY_RACKS.
15:09:21 preprocess.py (get_calibration_factors) INFO: Calibration factor acquired for channel H1:PEM-EX_MIC_EBAY_RACKS.
15:09:21 preprocess.py (get_calibration_factors) INFO: Parsing calibration data for channel H1:PEM-EX_ACC_EBAY_FLOOR_Z.
15:09:21 preprocess.py (get_calibration_factors) INFO: Calibration factor acquired for channel H1:PEM-EX_ACC_EBAY_FLOOR_Z.
15:09:21 preprocess.py (calibrate_sensors) INFO: Channel calibrated: H1:PEM-EX_ACC_EBAY_FLOOR_Z.
15:09:21 preprocess.py (calibrate_sensors) INFO: Channel calibrated: H1:PEM-EX_MIC_EBAY_RACKS.
15:09:21 preprocess.py (get_calibration_factors) INFO: Parsing calibration data for channel H1:PEM-EX_MIC_EBAY_RACKS.
15:09:21 preprocess.py (get_calibration_factors) INFO: Calibration factor acquired for channel H1:PEM-EX_MIC_EBAY_RACKS.
15:09:21 preprocess.py (get_calibration_factors) INFO: Parsing calibration data for channel H1:PEM-EX_ACC_EBAY_FLOOR_Z.
15:09:21 preprocess.py (get_calibration_factors) INFO: Calibration factor acquired for channel H1:PEM-EX_ACC_EBAY_FLOOR_Z.
15:09:21 preprocess.py (calibrate_sensors) INFO: Channel calibrated: H1:PEM-EX_ACC_EBAY_FLOOR_Z.
15:09:21 preprocess.py (calibrate_sensors) INFO: Channel calibrated: H1:PEM-EX_MIC_EBAY_RACKS.
15:09:25 PEMcoupling.py (<module>) INFO: Cropping ASDs to match frequencies: H1:PEM-EX_ACC_EBAY_FLOOR_Z.
15:09:25 PEMcoupling.py (<module>) INFO: Cropping ASDs to match frequencies: H1:PEM-EX_MIC_EBAY_RACKS.
15:09:25 PEMcoupling.py (<module>) INFO: Acquiring smoothing parameters for channel H1:PEM-EX_ACC_EBAY_FLOOR_Z.
15:09:25 PEMcoupling.py (<module>) INFO: Acquiring smoothing parameters for channel H1:PEM-EX_MIC_EBAY_RACKS.
15:09:26 PEMcoupling.py (<module>) INFO: Coupling function complete: H1:PEM-EX_ACC_EBAY_FLOOR_Z.
15:09:34 PEMcoupling.py (<module>) INFO: Coupling function complete: H1:PEM-EX_MIC_EBAY_RACKS.
15:09:46 PEMcoupling.py (<module>) INFO: Coupling functions saved for injection 068EXacousticEbay20to1k.
15:09:46 loaddata.py (get_gwinc) INFO: Importing GWINC data.
15:09:46 loaddata.py (get_gwinc) INFO: Successfully imported GWINC data.
