14:15:19 PEMcoupling.py (<module>) INFO: Importing packages.
14:15:22 getparams.py (get_arg_params) INFO: Parsing arguments.
14:15:22 getparams.py (get_config_params) INFO: Opening config file.
14:15:22 getparams.py (get_config_params) INFO: Checking if missing/empty config file.
14:15:22 getparams.py (get_config_params) INFO: Parsing numerical and boolean config options.
14:15:22 PEMcoupling.py (<module>) INFO: Separating config dictionary by section.
14:15:22 PEMcoupling.py (<module>) INFO: Handling conflicts between config options and command line options.
14:15:22 PEMcoupling.py (<module>) INFO: Reading in channel list given in config file.
14:15:22 getparams.py (get_channel_names) INFO: Opening channel list file.
14:15:22 PEMcoupling.py (<module>) INFO: Creating injection table.
14:15:22 getparams.py (get_times) INFO: Getting DTT files from command line input.
14:15:22 getparams.py (get_times) INFO: List of DTT files created.
14:15:22 getparams.py (get_times_DTT) INFO: Reading DTT files for times.
14:15:26 getparams.py (get_times_DTT) INFO: Finished reading DTTs.
14:15:26 PEMcoupling.py (<module>) INFO: Reporting injection results.
14:15:26 PEMcoupling.py (<module>) INFO: Calculating FFT parameters.
14:15:26 getparams.py (get_FFT_params) INFO: Duration given; determining overlap time and bandwidth.
14:15:26 getparams.py (get_FFT_params) INFO: FFT parameters acquired.
14:15:26 PEMcoupling.py (<module>) INFO: Converting smoothing parameters to frequency bins based on bandwidth.
14:15:26 PEMcoupling.py (<module>) INFO: Beginning to loop over injections.
14:15:26 PEMcoupling.py (<module>) INFO: Searching for fundamental frequency if applicable.
14:15:26 PEMcoupling.py (<module>) INFO: Being picky about channels.
